#
# There is insufficient memory for the Java Runtime Environment to continue.
# Native memory allocation (malloc) failed to allocate 848256 bytes for Chunk::new
# Possible reasons:
#   The system is out of physical RAM or swap space
#   The process is running with CompressedOops enabled, and the Java Heap may be blocking the growth of the native heap
# Possible solutions:
#   Reduce memory load on the system
#   Increase physical memory or swap space
#   Check if swap backing store is full
#   Decrease Java heap size (-Xmx/-Xms)
#   Decrease number of Java threads
#   Decrease Java thread stack sizes (-Xss)
#   Set larger code cache with -XX:ReservedCodeCacheSize=
#   JVM is running with Unscaled Compressed Oops mode in which the Java heap is
#     placed in the first 4GB address space. The Java Heap base address is the
#     maximum limit for the native heap growth. Please use -XX:HeapBaseMinAddress
#     to set the Java Heap base and to place the Java Heap above 4GB virtual address.
# This output file may be truncated or incomplete.
#
#  Out of Memory Error (allocation.cpp:389), pid=1756, tid=0x0000000000002f9c
#
# JRE version: OpenJDK Runtime Environment (8.0_242-b01) (build 1.8.0_242-release-1644-b01)
# Java VM: OpenJDK 64-Bit Server VM (25.242-b01 mixed mode windows-amd64 compressed oops)
# Failed to write core dump. Minidumps are not enabled by default on client versions of Windows
#

---------------  T H R E A D  ---------------

Current thread (0x0000000017d48800):  JavaThread "C2 CompilerThread0" daemon [_thread_in_native, id=12188, stack(0x00000000193a0000,0x00000000194a0000)]

Stack: [0x00000000193a0000,0x00000000194a0000]
[error occurred during error reporting (printing stack bounds), id 0xc0000005]

Native frames: (J=compiled Java code, j=interpreted, Vv=VM code, C=native code)


Current CompileTask:
C2:   4946 2561       4       org.objectweb.asm.Frame::execute (2318 bytes)


---------------  P R O C E S S  ---------------

Java Threads: ( => current thread )
  0x000000001b8d3800 JavaThread "Cache worker for file content cache (C:\Users\user\.gradle\caches\6.5\fileContent)" [_thread_blocked, id=10196, stack(0x0000000023a90000,0x0000000023b90000)]
  0x000000001b8ce000 JavaThread "Cache worker for execution history cache (C:\Users\user\.gradle\caches\6.5\executionHistory)" [_thread_blocked, id=9856, stack(0x0000000023590000,0x0000000023690000)]
  0x000000001b10d800 JavaThread "Cache worker for cache directory md-rule (C:\Users\user\.gradle\caches\6.5\md-rule)" [_thread_blocked, id=1348, stack(0x0000000023290000,0x0000000023390000)]
  0x000000001b10c000 JavaThread "Cache worker for cache directory md-supplier (C:\Users\user\.gradle\caches\6.5\md-supplier)" [_thread_blocked, id=2084, stack(0x0000000023190000,0x0000000023290000)]
  0x000000001b10d000 JavaThread "Cache worker for checksums cache (C:\Users\user\AndroidStudioProjects\ContactList\.gradle\checksums)" [_thread_blocked, id=3296, stack(0x0000000023090000,0x0000000023190000)]
  0x000000001b10b800 JavaThread "jar transforms Thread 25" [_thread_blocked, id=8456, stack(0x0000000022f90000,0x0000000023090000)]
  0x000000001b10f000 JavaThread "jar transforms Thread 24" [_thread_blocked, id=10248, stack(0x0000000022e90000,0x0000000022f90000)]
  0x000000001b10e800 JavaThread "jar transforms Thread 23" [_thread_blocked, id=7900, stack(0x0000000022d90000,0x0000000022e90000)]
  0x000000001b10a800 JavaThread "jar transforms Thread 22" [_thread_blocked, id=3572, stack(0x0000000022c90000,0x0000000022d90000)]
  0x000000001b110800 JavaThread "jar transforms Thread 21" [_thread_blocked, id=6704, stack(0x0000000022b90000,0x0000000022c90000)]
  0x000000001b110000 JavaThread "jar transforms Thread 20" [_thread_blocked, id=8508, stack(0x0000000022a90000,0x0000000022b90000)]
  0x000000001b104800 JavaThread "jar transforms Thread 19" [_thread_blocked, id=7552, stack(0x0000000022990000,0x0000000022a90000)]
  0x000000001b103000 JavaThread "jar transforms Thread 18" [_thread_blocked, id=10548, stack(0x0000000022890000,0x0000000022990000)]
  0x000000001b107800 JavaThread "jar transforms Thread 17" [_thread_blocked, id=8732, stack(0x0000000022790000,0x0000000022890000)]
  0x000000001b109000 JavaThread "jar transforms Thread 16" [_thread_blocked, id=3512, stack(0x0000000022690000,0x0000000022790000)]
  0x000000001b10a000 JavaThread "jar transforms Thread 15" [_thread_blocked, id=12036, stack(0x0000000022590000,0x0000000022690000)]
  0x000000001b105800 JavaThread "jar transforms Thread 14" [_thread_blocked, id=10908, stack(0x0000000022490000,0x0000000022590000)]
  0x000000001b101800 JavaThread "jar transforms Thread 13" [_thread_blocked, id=6416, stack(0x0000000022390000,0x0000000022490000)]
  0x000000001b108800 JavaThread "jar transforms Thread 12" [_thread_blocked, id=2596, stack(0x0000000022290000,0x0000000022390000)]
  0x000000001b104000 JavaThread "jar transforms Thread 11" [_thread_blocked, id=6480, stack(0x0000000022190000,0x0000000022290000)]
  0x000000001b107000 JavaThread "jar transforms Thread 10" [_thread_blocked, id=4648, stack(0x0000000022090000,0x0000000022190000)]
  0x000000001b106000 JavaThread "jar transforms Thread 9" [_thread_blocked, id=11404, stack(0x0000000021f90000,0x0000000022090000)]
  0x000000001b102800 JavaThread "jar transforms Thread 8" [_thread_blocked, id=8468, stack(0x0000000021e90000,0x0000000021f90000)]
  0x000000001ba33800 JavaThread "jar transforms Thread 7" [_thread_blocked, id=5544, stack(0x0000000021d90000,0x0000000021e90000)]
  0x000000001ba38000 JavaThread "jar transforms Thread 6" [_thread_blocked, id=12032, stack(0x0000000021c90000,0x0000000021d90000)]
  0x000000001ba39800 JavaThread "jar transforms Thread 5" [_thread_blocked, id=9544, stack(0x0000000021b90000,0x0000000021c90000)]
  0x000000001ba33000 JavaThread "jar transforms Thread 4" [_thread_blocked, id=3808, stack(0x0000000021a90000,0x0000000021b90000)]
  0x000000001ba37800 JavaThread "jar transforms Thread 3" [_thread_blocked, id=10008, stack(0x0000000021990000,0x0000000021a90000)]
  0x000000001ba36000 JavaThread "jar transforms Thread 2" [_thread_blocked, id=12040, stack(0x0000000021890000,0x0000000021990000)]
  0x000000001ba39000 JavaThread "jar transforms" [_thread_blocked, id=10580, stack(0x0000000021790000,0x0000000021890000)]
  0x000000001ba36800 JavaThread "Cache worker for file hash cache (C:\Users\user\AndroidStudioProjects\ContactList\.gradle\6.5\fileHashes)" [_thread_blocked, id=11040, stack(0x000000001ff60000,0x0000000020060000)]
  0x000000001ba35000 JavaThread "Cache worker for file hash cache (C:\Users\user\.gradle\caches\6.5\fileHashes)" [_thread_blocked, id=11464, stack(0x000000001dcc0000,0x000000001ddc0000)]
  0x000000001ba34800 JavaThread "File lock request listener" [_thread_in_native, id=3972, stack(0x000000001dbc0000,0x000000001dcc0000)]
  0x000000001ba1b800 JavaThread "Cache worker for journal cache (C:\Users\user\.gradle\caches\journal-1)" [_thread_blocked, id=7524, stack(0x000000001d9c0000,0x000000001dac0000)]
  0x000000001b6f7000 JavaThread "Thread-9" [_thread_blocked, id=5396, stack(0x000000001d6c0000,0x000000001d7c0000)]
  0x0000000019d64000 JavaThread "Stdin handler" [_thread_blocked, id=10576, stack(0x000000001d5c0000,0x000000001d6c0000)]
  0x0000000019d5f800 JavaThread "Asynchronous log dispatcher for DefaultDaemonConnection: socket connection from /127.0.0.1:52632 to /127.0.0.1:52633" [_thread_blocked, id=7992, stack(0x000000001d4c0000,0x000000001d5c0000)]
  0x0000000019d5c800 JavaThread "Daemon worker" [_thread_in_vm, id=1220, stack(0x000000001d3c0000,0x000000001d4c0000)]
  0x000000001b71a000 JavaThread "Cancel handler" [_thread_blocked, id=9064, stack(0x000000001d2c0000,0x000000001d3c0000)]
  0x0000000019ffc000 JavaThread "Handler for socket connection from /127.0.0.1:52632 to /127.0.0.1:52633" [_thread_in_native, id=8476, stack(0x000000001d1c0000,0x000000001d2c0000)]
  0x000000001b756800 JavaThread "Daemon" [_thread_blocked, id=10936, stack(0x000000001cec0000,0x000000001cfc0000)]
  0x000000001b753800 JavaThread "Daemon periodic checks" [_thread_blocked, id=3304, stack(0x000000001cdc0000,0x000000001cec0000)]
  0x000000001b761000 JavaThread "Incoming local TCP Connector on port 52632" [_thread_in_native, id=740, stack(0x000000001cb80000,0x000000001cc80000)]
  0x000000001b649800 JavaThread "Daemon health stats" [_thread_blocked, id=7224, stack(0x000000001c640000,0x000000001c740000)]
  0x00000000196d0800 JavaThread "Service Thread" daemon [_thread_blocked, id=8108, stack(0x0000000019aa0000,0x0000000019ba0000)]
  0x0000000017d59000 JavaThread "C1 CompilerThread2" daemon [_thread_blocked, id=9768, stack(0x00000000195a0000,0x00000000196a0000)]
  0x0000000017d4b800 JavaThread "C2 CompilerThread1" daemon [_thread_in_native, id=12200, stack(0x00000000194a0000,0x00000000195a0000)]
=>0x0000000017d48800 JavaThread "C2 CompilerThread0" daemon [_thread_in_native, id=12188, stack(0x00000000193a0000,0x00000000194a0000)]
  0x0000000017d46000 JavaThread "Attach Listener" daemon [_thread_blocked, id=10192, stack(0x00000000192a0000,0x00000000193a0000)]
  0x0000000017d43000 JavaThread "Signal Dispatcher" daemon [_thread_blocked, id=11488, stack(0x00000000191a0000,0x00000000192a0000)]
  0x000000000311d000 JavaThread "Finalizer" daemon [_thread_blocked, id=9300, stack(0x0000000018fb0000,0x00000000190b0000)]
  0x0000000017d29000 JavaThread "Reference Handler" daemon [_thread_blocked, id=384, stack(0x0000000018eb0000,0x0000000018fb0000)]
  0x000000000159e000 JavaThread "main" [_thread_blocked, id=784, stack(0x0000000002e70000,0x0000000002f70000)]

Other Threads:
  0x0000000017d06800 VMThread [stack: 0x0000000018db0000,0x0000000018eb0000] [id=6768]
  0x00000000196d1000 WatcherThread [stack: 0x0000000019ba0000,0x0000000019ca0000] [id=2212]

VM state:not at safepoint (normal execution)

VM Mutex/Monitor currently owned by a thread: None

heap address: 0x0000000080000000, size: 2048 MB, Compressed Oops mode: 32-bit
Narrow klass base: 0x0000000000000000, Narrow klass shift: 3
Compressed class space size: 1073741824 Address: 0x0000000100000000

Heap:
 PSYoungGen      total 72704K, used 60752K [0x00000000d5580000, 0x00000000dd580000, 0x0000000100000000)
  eden space 62976K, 87% used [0x00000000d5580000,0x00000000d8b423e0,0x00000000d9300000)
  from space 9728K, 58% used [0x00000000d9d00000,0x00000000da291da0,0x00000000da680000)
  to   space 10240K, 0% used [0x00000000d9300000,0x00000000d9300000,0x00000000d9d00000)
 ParOldGen       total 48640K, used 6911K [0x0000000080000000, 0x0000000082f80000, 0x00000000d5580000)
  object space 48640K, 14% used [0x0000000080000000,0x00000000806bfc80,0x0000000082f80000)
 Metaspace       used 31853K, capacity 32940K, committed 33152K, reserved 1077248K
  class space    used 4312K, capacity 4619K, committed 4736K, reserved 1048576K

Card table byte_map: [0x00000000124e0000,0x00000000128f0000] byte_map_base: 0x00000000120e0000

Marking Bits: (ParMarkBitMap*) 0x00000000601ff030
 Begin Bits: [0x0000000012fa0000, 0x0000000014fa0000)
 End Bits:   [0x0000000014fa0000, 0x0000000016fa0000)

Polling page: 0x0000000001570000

CodeCache: size=245760Kb used=9961Kb max_used=9961Kb free=235798Kb
 bounds [0x0000000003120000, 0x0000000003ae0000, 0x0000000012120000]
 total_blobs=3287 nmethods=2604 adapters=596
 compilation: enabled

Compilation events (10 events):
Event: 4.933 Thread 0x0000000017d59000 2603       3       java.nio.ByteBuffer::<init> (45 bytes)
Event: 4.934 Thread 0x0000000017d59000 nmethod 2603 0x0000000003ad3b50 code [0x0000000003ad3cc0, 0x0000000003ad3f08]
Event: 4.934 Thread 0x0000000017d59000 2605   !   3       java.util.regex.Pattern::<init> (98 bytes)
Event: 4.934 Thread 0x0000000017d59000 nmethod 2605 0x0000000003ada5d0 code [0x0000000003ada7c0, 0x0000000003adb168]
Event: 4.934 Thread 0x0000000017d59000 2604       3       java.util.regex.Pattern::compile (10 bytes)
Event: 4.935 Thread 0x0000000017d59000 nmethod 2604 0x0000000003ad3750 code [0x0000000003ad38c0, 0x0000000003ad3aa8]
Event: 4.936 Thread 0x0000000017d59000 2606       3       java.lang.invoke.DirectMethodHandle::shouldBeInitialized (123 bytes)
Event: 4.937 Thread 0x0000000017d59000 nmethod 2606 0x0000000003adb650 code [0x0000000003adb820, 0x0000000003adbf68]
Event: 4.937 Thread 0x0000000017d59000 2607       3       sun.invoke.util.VerifyAccess::isMemberAccessible (261 bytes)
Event: 4.938 Thread 0x0000000017d59000 nmethod 2607 0x0000000003adc0d0 code [0x0000000003adc3a0, 0x0000000003add958]

GC Heap History (10 events):
Event: 3.178 GC heap before
{Heap before GC invocations=5 (full 0):
 PSYoungGen      total 36864K, used 36832K [0x00000000d5580000, 0x00000000d9d80000, 0x0000000100000000)
  eden space 31744K, 100% used [0x00000000d5580000,0x00000000d7480000,0x00000000d7480000)
  from space 5120K, 99% used [0x00000000d7980000,0x00000000d7e78020,0x00000000d7e80000)
  to   space 5120K, 0% used [0x00000000d7480000,0x00000000d7480000,0x00000000d7980000)
 ParOldGen       total 84992K, used 2693K [0x0000000080000000, 0x0000000085300000, 0x00000000d5580000)
  object space 84992K, 3% used [0x0000000080000000,0x00000000802a1748,0x0000000085300000)
 Metaspace       used 17220K, capacity 17890K, committed 18176K, reserved 1064960K
  class space    used 2345K, capacity 2541K, committed 2560K, reserved 1048576K
Event: 3.191 GC heap after
Heap after GC invocations=5 (full 0):
 PSYoungGen      total 36864K, used 5104K [0x00000000d5580000, 0x00000000da680000, 0x0000000100000000)
  eden space 31744K, 0% used [0x00000000d5580000,0x00000000d5580000,0x00000000d7480000)
  from space 5120K, 99% used [0x00000000d7480000,0x00000000d797c030,0x00000000d7980000)
  to   space 9728K, 0% used [0x00000000d9d00000,0x00000000d9d00000,0x00000000da680000)
 ParOldGen       total 84992K, used 5204K [0x0000000080000000, 0x0000000085300000, 0x00000000d5580000)
  object space 84992K, 6% used [0x0000000080000000,0x00000000805152c8,0x0000000085300000)
 Metaspace       used 17220K, capacity 17890K, committed 18176K, reserved 1064960K
  class space    used 2345K, capacity 2541K, committed 2560K, reserved 1048576K
}
Event: 3.613 GC heap before
{Heap before GC invocations=6 (full 0):
 PSYoungGen      total 36864K, used 36848K [0x00000000d5580000, 0x00000000da680000, 0x0000000100000000)
  eden space 31744K, 100% used [0x00000000d5580000,0x00000000d7480000,0x00000000d7480000)
  from space 5120K, 99% used [0x00000000d7480000,0x00000000d797c030,0x00000000d7980000)
  to   space 9728K, 0% used [0x00000000d9d00000,0x00000000d9d00000,0x00000000da680000)
 ParOldGen       total 84992K, used 5204K [0x0000000080000000, 0x0000000085300000, 0x00000000d5580000)
  object space 84992K, 6% used [0x0000000080000000,0x00000000805152c8,0x0000000085300000)
 Metaspace       used 20108K, capacity 20840K, committed 20992K, reserved 1067008K
  class space    used 2808K, capacity 2996K, committed 3072K, reserved 1048576K
Event: 3.626 GC heap after
Heap after GC invocations=6 (full 0):
 PSYoungGen      total 72192K, used 8928K [0x00000000d5580000, 0x00000000da880000, 0x0000000100000000)
  eden space 62464K, 0% used [0x00000000d5580000,0x00000000d5580000,0x00000000d9280000)
  from space 9728K, 91% used [0x00000000d9d00000,0x00000000da5b8328,0x00000000da680000)
  to   space 10752K, 0% used [0x00000000d9280000,0x00000000d9280000,0x00000000d9d00000)
 ParOldGen       total 84992K, used 5212K [0x0000000080000000, 0x0000000085300000, 0x00000000d5580000)
  object space 84992K, 6% used [0x0000000080000000,0x00000000805172c8,0x0000000085300000)
 Metaspace       used 20108K, capacity 20840K, committed 20992K, reserved 1067008K
  class space    used 2808K, capacity 2996K, committed 3072K, reserved 1048576K
}
Event: 3.698 GC heap before
{Heap before GC invocations=7 (full 0):
 PSYoungGen      total 72192K, used 13060K [0x00000000d5580000, 0x00000000da880000, 0x0000000100000000)
  eden space 62464K, 6% used [0x00000000d5580000,0x00000000d5988de0,0x00000000d9280000)
  from space 9728K, 91% used [0x00000000d9d00000,0x00000000da5b8328,0x00000000da680000)
  to   space 10752K, 0% used [0x00000000d9280000,0x00000000d9280000,0x00000000d9d00000)
 ParOldGen       total 84992K, used 5212K [0x0000000080000000, 0x0000000085300000, 0x00000000d5580000)
  object space 84992K, 6% used [0x0000000080000000,0x00000000805172c8,0x0000000085300000)
 Metaspace       used 20454K, capacity 21154K, committed 21248K, reserved 1067008K
  class space    used 2856K, capacity 3035K, committed 3072K, reserved 1048576K
Event: 3.713 GC heap after
Heap after GC invocations=7 (full 0):
 PSYoungGen      total 73216K, used 4292K [0x00000000d5580000, 0x00000000da880000, 0x0000000100000000)
  eden space 62464K, 0% used [0x00000000d5580000,0x00000000d5580000,0x00000000d9280000)
  from space 10752K, 39% used [0x00000000d9280000,0x00000000d96b1050,0x00000000d9d00000)
  to   space 9728K, 0% used [0x00000000d9d00000,0x00000000d9d00000,0x00000000da680000)
 ParOldGen       total 84992K, used 7592K [0x0000000080000000, 0x0000000085300000, 0x00000000d5580000)
  object space 84992K, 8% used [0x0000000080000000,0x000000008076a328,0x0000000085300000)
 Metaspace       used 20454K, capacity 21154K, committed 21248K, reserved 1067008K
  class space    used 2856K, capacity 3035K, committed 3072K, reserved 1048576K
}
Event: 3.713 GC heap before
{Heap before GC invocations=8 (full 1):
 PSYoungGen      total 73216K, used 4292K [0x00000000d5580000, 0x00000000da880000, 0x0000000100000000)
  eden space 62464K, 0% used [0x00000000d5580000,0x00000000d5580000,0x00000000d9280000)
  from space 10752K, 39% used [0x00000000d9280000,0x00000000d96b1050,0x00000000d9d00000)
  to   space 9728K, 0% used [0x00000000d9d00000,0x00000000d9d00000,0x00000000da680000)
 ParOldGen       total 84992K, used 7592K [0x0000000080000000, 0x0000000085300000, 0x00000000d5580000)
  object space 84992K, 8% used [0x0000000080000000,0x000000008076a328,0x0000000085300000)
 Metaspace       used 20454K, capacity 21154K, committed 21248K, reserved 1067008K
  class space    used 2856K, capacity 3035K, committed 3072K, reserved 1048576K
Event: 3.765 GC heap after
Heap after GC invocations=8 (full 1):
 PSYoungGen      total 73216K, used 0K [0x00000000d5580000, 0x00000000da880000, 0x0000000100000000)
  eden space 62464K, 0% used [0x00000000d5580000,0x00000000d5580000,0x00000000d9280000)
  from space 10752K, 0% used [0x00000000d9280000,0x00000000d9280000,0x00000000d9d00000)
  to   space 9728K, 0% used [0x00000000d9d00000,0x00000000d9d00000,0x00000000da680000)
 ParOldGen       total 48640K, used 6903K [0x0000000080000000, 0x0000000082f80000, 0x00000000d5580000)
  object space 48640K, 14% used [0x0000000080000000,0x00000000806bdc80,0x0000000082f80000)
 Metaspace       used 20454K, capacity 21154K, committed 21248K, reserved 1067008K
  class space    used 2856K, capacity 3035K, committed 3072K, reserved 1048576K
}
Event: 4.362 GC heap before
{Heap before GC invocations=9 (full 1):
 PSYoungGen      total 73216K, used 62464K [0x00000000d5580000, 0x00000000da880000, 0x0000000100000000)
  eden space 62464K, 100% used [0x00000000d5580000,0x00000000d9280000,0x00000000d9280000)
  from space 10752K, 0% used [0x00000000d9280000,0x00000000d9280000,0x00000000d9d00000)
  to   space 9728K, 0% used [0x00000000d9d00000,0x00000000d9d00000,0x00000000da680000)
 ParOldGen       total 48640K, used 6903K [0x0000000080000000, 0x0000000082f80000, 0x00000000d5580000)
  object space 48640K, 14% used [0x0000000080000000,0x00000000806bdc80,0x0000000082f80000)
 Metaspace       used 24224K, capacity 25280K, committed 25600K, reserved 1071104K
  class space    used 3457K, capacity 3730K, committed 3840K, reserved 1048576K
Event: 4.366 GC heap after
Heap after GC invocations=9 (full 1):
 PSYoungGen      total 72704K, used 5703K [0x00000000d5580000, 0x00000000dd580000, 0x0000000100000000)
  eden space 62976K, 0% used [0x00000000d5580000,0x00000000d5580000,0x00000000d9300000)
  from space 9728K, 58% used [0x00000000d9d00000,0x00000000da291da0,0x00000000da680000)
  to   space 10240K, 0% used [0x00000000d9300000,0x00000000d9300000,0x00000000d9d00000)
 ParOldGen       total 48640K, used 6911K [0x0000000080000000, 0x0000000082f80000, 0x00000000d5580000)
  object space 48640K, 14% used [0x0000000080000000,0x00000000806bfc80,0x0000000082f80000)
 Metaspace       used 24224K, capacity 25280K, committed 25600K, reserved 1071104K
  class space    used 3457K, capacity 3730K, committed 3840K, reserved 1048576K
}

Deoptimization events (10 events):
Event: 3.833 Thread 0x0000000019d5c800 Uncommon trap: reason=unstable_if action=reinterpret pc=0x000000000375fa6c method=java.net.URLClassLoader.getAndVerifyPackage(Ljava/lang/String;Ljava/util/jar/Manifest;Ljava/net/URL;)Ljava/lang/Package; @ 62
Event: 4.014 Thread 0x0000000019d5c800 Uncommon trap: reason=unstable_if action=reinterpret pc=0x00000000036f1b60 method=java.util.HashMap.hash(Ljava/lang/Object;)I @ 1
Event: 4.039 Thread 0x0000000019d5c800 Uncommon trap: reason=unstable_if action=reinterpret pc=0x000000000366597c method=jdk.internal.org.objectweb.asm.Type.getArgumentsAndReturnSizes(Ljava/lang/String;)I @ 88
Event: 4.113 Thread 0x0000000019d5c800 Uncommon trap: reason=unstable_if action=reinterpret pc=0x000000000341bc0c method=java.io.WinNTFileSystem.resolve(Ljava/lang/String;Ljava/lang/String;)Ljava/lang/String; @ 49
Event: 4.428 Thread 0x0000000019d5c800 Uncommon trap: reason=unstable_if action=reinterpret pc=0x00000000037acd8c method=java.lang.ClassLoader.getClassLoadingLock(Ljava/lang/String;)Ljava/lang/Object; @ 6
Event: 4.429 Thread 0x0000000019d5c800 Uncommon trap: reason=unstable_if action=reinterpret pc=0x000000000379827c method=java.lang.ClassLoader.getClassLoadingLock(Ljava/lang/String;)Ljava/lang/Object; @ 6
Event: 4.451 Thread 0x0000000019d5c800 Uncommon trap: reason=bimorphic action=maybe_recompile pc=0x000000000377a704 method=java.io.BufferedInputStream.read([BII)I @ 101
Event: 4.451 Thread 0x0000000019d5c800 Uncommon trap: reason=bimorphic action=maybe_recompile pc=0x000000000377a704 method=java.io.BufferedInputStream.read([BII)I @ 101
Event: 4.451 Thread 0x0000000019d5c800 Uncommon trap: reason=bimorphic action=maybe_recompile pc=0x000000000377a704 method=java.io.BufferedInputStream.read([BII)I @ 101
Event: 4.452 Thread 0x0000000019d5c800 Uncommon trap: reason=bimorphic action=maybe_recompile pc=0x000000000377a704 method=java.io.BufferedInputStream.read([BII)I @ 101

Classes redefined (0 events):
No events

Internal exceptions (10 events):
Event: 4.690 Thread 0x0000000019d5c800 Exception <a 'java/lang/ClassNotFoundException': groovy/lang/Closure$1Customizer> (0x00000000d6f2a390) thrown at [C:\src\AOSP-openjdk-git\hotspot\src\share\vm\classfile\systemDictionary.cpp, line 210]
Event: 4.772 Thread 0x0000000019d5c800 Exception <a 'java/lang/ClassNotFoundException': org/gradle/internal/metaobject/ConfigureDelegateBeanInfo> (0x00000000d75ea318) thrown at [C:\src\AOSP-openjdk-git\hotspot\src\share\vm\classfile\systemDictionary.cpp, line 210]
Event: 4.773 Thread 0x0000000019d5c800 Exception <a 'java/lang/ClassNotFoundException': org/gradle/internal/metaobject/ConfigureDelegateCustomizer> (0x00000000d7617de0) thrown at [C:\src\AOSP-openjdk-git\hotspot\src\share\vm\classfile\systemDictionary.cpp, line 210]
Event: 4.776 Thread 0x0000000019d5c800 Exception <a 'java/lang/ClassNotFoundException': org/gradle/api/internal/initialization/DefaultScriptHandlerBeanInfo> (0x00000000d769b260) thrown at [C:\src\AOSP-openjdk-git\hotspot\src\share\vm\classfile\systemDictionary.cpp, line 210]
Event: 4.777 Thread 0x0000000019d5c800 Exception <a 'java/lang/ClassNotFoundException': org/gradle/api/internal/initialization/DefaultScriptHandlerCustomizer> (0x00000000d76d11e8) thrown at [C:\src\AOSP-openjdk-git\hotspot\src\share\vm\classfile\systemDictionary.cpp, line 210]
Event: 4.851 Thread 0x0000000019d5c800 Exception <a 'java/lang/ClassNotFoundException': org/gradle/api/internal/artifacts/dsl/dependencies/DefaultDependencyHandler_DecoratedBeanInfo> (0x00000000d80182e8) thrown at [C:\src\AOSP-openjdk-git\hotspot\src\share\vm\classfile\systemDictionary.cpp, li
Event: 4.852 Thread 0x0000000019d5c800 Exception <a 'java/lang/ClassNotFoundException': org/gradle/api/internal/artifacts/dsl/dependencies/DefaultDependencyHandlerBeanInfo> (0x00000000d8070e38) thrown at [C:\src\AOSP-openjdk-git\hotspot\src\share\vm\classfile\systemDictionary.cpp, line 210]
Event: 4.853 Thread 0x0000000019d5c800 Exception <a 'java/lang/ClassNotFoundException': org/gradle/api/internal/artifacts/dsl/dependencies/DefaultDependencyHandlerCustomizer> (0x00000000d80ca870) thrown at [C:\src\AOSP-openjdk-git\hotspot\src\share\vm\classfile\systemDictionary.cpp, line 210]
Event: 4.856 Thread 0x0000000019d5c800 Exception <a 'java/lang/ClassNotFoundException': org/gradle/api/internal/artifacts/dsl/dependencies/DefaultDependencyHandler_DecoratedCustomizer> (0x00000000d81555c0) thrown at [C:\src\AOSP-openjdk-git\hotspot\src\share\vm\classfile\systemDictionary.cpp, 
Event: 4.937 Thread 0x0000000019d5c800 Exception <a 'java/lang/NoSuchMethodError': java.lang.Object.lambda$static$0(Lorg/gradle/api/internal/artifacts/configurations/MutationValidator$MutationType;)V> (0x00000000d8897fc0) thrown at [C:\src\AOSP-openjdk-git\hotspot\src\share\vm\interpreter\link

Events (10 events):
Event: 4.942 loading class org/gradle/api/artifacts/result/ComponentSelectionReason
Event: 4.942 loading class org/gradle/api/artifacts/result/ComponentSelectionReason done
Event: 4.943 loading class org/gradle/api/internal/artifacts/ivyservice/resolveengine/result/ComponentSelectionReasonInternal
Event: 4.943 loading class org/gradle/api/internal/artifacts/ivyservice/resolveengine/result/ComponentSelectionReasonInternal done
Event: 4.943 loading class org/gradle/api/internal/artifacts/ivyservice/resolveengine/result/DefaultComponentSelectionDescriptor
Event: 4.943 loading class org/gradle/api/internal/artifacts/ivyservice/resolveengine/result/DefaultComponentSelectionDescriptor done
Event: 4.943 loading class org/gradle/api/artifacts/result/ComponentSelectionCause
Event: 4.943 loading class org/gradle/api/artifacts/result/ComponentSelectionCause done
Event: 4.944 loading class org/gradle/api/internal/artifacts/ivyservice/dependencysubstitution/ModuleSelectorStringNotationConverter
Event: 4.944 loading class org/gradle/api/internal/artifacts/ivyservice/dependencysubstitution/ModuleSelectorStringNotationConverter done


Dynamic libraries:
0x00007ff725200000 - 0x00007ff725231000 	C:\Program Files\Android\Android Studio\jre\bin\java.exe
0x00007ffe4bc40000 - 0x00007ffe4be21000 	C:\Windows\SYSTEM32\ntdll.dll
0x00007ffe4b5b0000 - 0x00007ffe4b662000 	C:\Windows\System32\KERNEL32.DLL
0x00007ffe48850000 - 0x00007ffe48ac3000 	C:\Windows\System32\KERNELBASE.dll
0x00007ffe4b670000 - 0x00007ffe4b711000 	C:\Windows\System32\ADVAPI32.dll
0x00007ffe4b730000 - 0x00007ffe4b7ce000 	C:\Windows\System32\msvcrt.dll
0x00007ffe4b2c0000 - 0x00007ffe4b31b000 	C:\Windows\System32\sechost.dll
0x00007ffe4bae0000 - 0x00007ffe4bc04000 	C:\Windows\System32\RPCRT4.dll
0x00007ffe4b0d0000 - 0x00007ffe4b260000 	C:\Windows\System32\USER32.dll
0x00007ffe48f10000 - 0x00007ffe48f30000 	C:\Windows\System32\win32u.dll
0x00007ffe4b580000 - 0x00007ffe4b5a8000 	C:\Windows\System32\GDI32.dll
0x00007ffe48f30000 - 0x00007ffe490c2000 	C:\Windows\System32\gdi32full.dll
0x00007ffe48e20000 - 0x00007ffe48ebf000 	C:\Windows\System32\msvcp_win.dll
0x00007ffe48d20000 - 0x00007ffe48e1a000 	C:\Windows\System32\ucrtbase.dll
0x00007ffe38ac0000 - 0x00007ffe38d29000 	C:\Windows\WinSxS\amd64_microsoft.windows.common-controls_6595b64144ccf1df_6.0.17134.112_none_fb3f961b30681c12\COMCTL32.dll
0x00007ffe4a6d0000 - 0x00007ffe4a9f3000 	C:\Windows\System32\combase.dll
0x00007ffe48010000 - 0x00007ffe4808a000 	C:\Windows\System32\bcryptPrimitives.dll
0x00007ffe491b0000 - 0x00007ffe491dd000 	C:\Windows\System32\IMM32.DLL
0x000000005f950000 - 0x000000005fa22000 	C:\Program Files\Android\Android Studio\jre\jre\bin\msvcr100.dll
0x000000005fa30000 - 0x000000006027b000 	C:\Program Files\Android\Android Studio\jre\jre\bin\server\jvm.dll
0x00007ffe4b720000 - 0x00007ffe4b728000 	C:\Windows\System32\PSAPI.DLL
0x00007ffe341c0000 - 0x00007ffe341c9000 	C:\Windows\SYSTEM32\WSOCK32.dll
0x00007ffe435b0000 - 0x00007ffe435d3000 	C:\Windows\SYSTEM32\WINMM.dll
0x00007ffe4ac00000 - 0x00007ffe4ac6c000 	C:\Windows\System32\WS2_32.dll
0x00007ffe35090000 - 0x00007ffe3509a000 	C:\Windows\SYSTEM32\VERSION.dll
0x00007ffe43580000 - 0x00007ffe435aa000 	C:\Windows\SYSTEM32\WINMMBASE.dll
0x00007ffe48ec0000 - 0x00007ffe48f09000 	C:\Windows\System32\cfgmgr32.dll
0x00007ffe444e0000 - 0x00007ffe444ef000 	C:\Program Files\Android\Android Studio\jre\jre\bin\verify.dll
0x00007ffe42530000 - 0x00007ffe42559000 	C:\Program Files\Android\Android Studio\jre\jre\bin\java.dll
0x00007ffe42dd0000 - 0x00007ffe42de6000 	C:\Program Files\Android\Android Studio\jre\jre\bin\zip.dll
0x00007ffe491e0000 - 0x00007ffe4a620000 	C:\Windows\System32\SHELL32.dll
0x00007ffe4a620000 - 0x00007ffe4a6c9000 	C:\Windows\System32\shcore.dll
0x00007ffe48140000 - 0x00007ffe4884d000 	C:\Windows\System32\windows.storage.dll
0x00007ffe4b520000 - 0x00007ffe4b571000 	C:\Windows\System32\shlwapi.dll
0x00007ffe47fa0000 - 0x00007ffe47fb1000 	C:\Windows\System32\kernel.appcore.dll
0x00007ffe47f60000 - 0x00007ffe47f7f000 	C:\Windows\System32\profapi.dll
0x00007ffe47fc0000 - 0x00007ffe4800c000 	C:\Windows\System32\powrprof.dll
0x00007ffe47f50000 - 0x00007ffe47f5a000 	C:\Windows\System32\FLTLIB.DLL
0x00007ffe42470000 - 0x00007ffe4248a000 	C:\Program Files\Android\Android Studio\jre\jre\bin\net.dll
0x00007ffe477d0000 - 0x00007ffe47836000 	C:\Windows\system32\mswsock.dll
0x00007ffe42370000 - 0x00007ffe42383000 	C:\Program Files\Android\Android Studio\jre\jre\bin\nio.dll
0x00007ffe395c0000 - 0x00007ffe395e7000 	C:\Users\user\.gradle\native\f6784746aeab05261644944871eae4fe03e0ef1612fff0a4a95f87b438bc6780\windows-amd64\native-platform.dll
0x00007ffe424a0000 - 0x00007ffe424ad000 	C:\Program Files\Android\Android Studio\jre\jre\bin\management.dll
0x00007ffe47980000 - 0x00007ffe47997000 	C:\Windows\SYSTEM32\CRYPTSP.dll
0x00007ffe473b0000 - 0x00007ffe473e3000 	C:\Windows\system32\rsaenh.dll
0x00007ffe47ab0000 - 0x00007ffe47ad5000 	C:\Windows\SYSTEM32\bcrypt.dll
0x00007ffe47e50000 - 0x00007ffe47e78000 	C:\Windows\SYSTEM32\USERENV.dll
0x00007ffe479a0000 - 0x00007ffe479ab000 	C:\Windows\SYSTEM32\CRYPTBASE.dll
0x00007ffe47550000 - 0x00007ffe47588000 	C:\Windows\SYSTEM32\IPHLPAPI.DLL
0x00007ffe4b0c0000 - 0x00007ffe4b0c8000 	C:\Windows\System32\NSI.dll
0x00007ffe3d0e0000 - 0x00007ffe3d0f6000 	C:\Windows\SYSTEM32\dhcpcsvc6.DLL
0x00007ffe3f0d0000 - 0x00007ffe3f0ea000 	C:\Windows\SYSTEM32\dhcpcsvc.DLL
0x00007ffe3f060000 - 0x00007ffe3f06b000 	C:\Windows\SYSTEM32\WINNSI.DLL

VM Arguments:
jvm_args: -Xmx2048m -Dfile.encoding=UTF-8 -Duser.country=US -Duser.language=en -Duser.variant 
java_command: org.gradle.launcher.daemon.bootstrap.GradleDaemon 6.5
java_class_path (initial): C:\Users\user\.gradle\wrapper\dists\gradle-6.5-bin\6nifqtx7604sqp1q6g8wikw7p\gradle-6.5\lib\gradle-launcher-6.5.jar
Launcher Type: SUN_STANDARD

Environment Variables:
PATH=C:\Program Files (x86)\Common Files\Oracle\Java\javapath;C:\ProgramData\Oracle\Java\javapath;C:\Windows\system32;C:\Windows;C:\Windows\System32\Wbem;C:\Windows\System32\WindowsPowerShell\v1.0\;C:\Windows\System32\OpenSSH\;C:\Program Files\Microsoft\Web Platform Installer\;C:\Program Files (x86)\Microsoft ASP.NET\ASP.NET Web Pages\v1.0\;C:\Program Files\Microsoft SQL Server\110\Tools\Binn\;c:\Program Files (x86)\Microsoft SQL Server\100\Tools\Binn\;c:\Program Files\Microsoft SQL Server\100\Tools\Binn\;c:\Program Files\Microsoft SQL Server\100\DTS\Binn\;C:\Program Files\Java\jre1.8.0_271\bin;C:\Program Files\Git\cmd;C:\Program Files\nodejs\;C:\Users\user\AppData\Local\Programs\Python\Python38\Scripts\;C:\Users\user\AppData\Local\Programs\Python\Python38\;C:\Users\user\AppData\Local\Microsoft\WindowsApps;C:\Program Files\JetBrains\PyCharm Community Edition 2019.2.5\bin;C:\source\flutter\flutter\bin;C:\Program Files\heroku\bin;C:\Program Files (x86)\Common Files\Java;C:\Users\user\IntelliJ IDEA Community Edition 2020.2.3\bin;C:\Users\user\AppData\Local\Programs\Microsoft VS Code\bin;C:\Users\user\AppData\Roaming\npm;C:\Users\user\AppData\Local\hyper\app-3.0.2\resources\bin;C:\MinGW\bin;
USERNAME=Osemudiamen-Itua
OS=Windows_NT
PROCESSOR_IDENTIFIER=Intel64 Family 6 Model 61 Stepping 4, GenuineIntel



---------------  S Y S T E M  ---------------

OS: Windows 10.0 , 64 bit Build 17134 (10.0.17134.1)

CPU:total 4 (initial active 4) (2 cores per cpu, 2 threads per core) family 6 model 61 stepping 4, cmov, cx8, fxsr, mmx, sse, sse2, sse3, ssse3, sse4.1, sse4.2, popcnt, avx, avx2, aes, clmul, erms, rtm, 3dnowpref, lzcnt, ht, tsc, tscinvbit, bmi1, bmi2, adx

Memory: 4k page, physical 8077532k(1047936k free), swap 8077532k(5912k free)

vm_info: OpenJDK 64-Bit Server VM (25.242-b01) for windows-amd64 JRE (1.8.0_242-release-1644-b01), built by "builder" with MS VC++ 10.0 (VS2010)

time: Wed May 19 16:13:58 2021
timezone: W. Central Africa Standard Time
elapsed time: 4 seconds (0d 0h 0m 4s)

