#
# There is insufficient memory for the Java Runtime Environment to continue.
# Native memory allocation (malloc) failed to allocate 1831216 bytes for Chunk::new
# Possible reasons:
#   The system is out of physical RAM or swap space
#   The process is running with CompressedOops enabled, and the Java Heap may be blocking the growth of the native heap
# Possible solutions:
#   Reduce memory load on the system
#   Increase physical memory or swap space
#   Check if swap backing store is full
#   Decrease Java heap size (-Xmx/-Xms)
#   Decrease number of Java threads
#   Decrease Java thread stack sizes (-Xss)
#   Set larger code cache with -XX:ReservedCodeCacheSize=
#   JVM is running with Unscaled Compressed Oops mode in which the Java heap is
#     placed in the first 4GB address space. The Java Heap base address is the
#     maximum limit for the native heap growth. Please use -XX:HeapBaseMinAddress
#     to set the Java Heap base and to place the Java Heap above 4GB virtual address.
# This output file may be truncated or incomplete.
#
#  Out of Memory Error (allocation.cpp:389), pid=4004, tid=0x00000000000004a8
#
# JRE version: OpenJDK Runtime Environment (8.0_242-b01) (build 1.8.0_242-release-1644-b01)
# Java VM: OpenJDK 64-Bit Server VM (25.242-b01 mixed mode windows-amd64 compressed oops)
# Failed to write core dump. Minidumps are not enabled by default on client versions of Windows
#

---------------  T H R E A D  ---------------

Current thread (0x00000000171aa800):  JavaThread "C2 CompilerThread0" daemon [_thread_in_native, id=1192, stack(0x00000000187e0000,0x00000000188e0000)]

Stack: [0x00000000187e0000,0x00000000188e0000]
[error occurred during error reporting (printing stack bounds), id 0xc0000005]

Native frames: (J=compiled Java code, j=interpreted, Vv=VM code, C=native code)


Current CompileTask:
C2:   3040 1460   !   4       java.net.URLClassLoader$1::run (63 bytes)


---------------  P R O C E S S  ---------------

Java Threads: ( => current thread )
  0x000000001aca2800 JavaThread "Cache worker for file hash cache (C:\Users\user\.gradle\caches\6.5\fileHashes)" [_thread_blocked, id=6244, stack(0x000000001e0d0000,0x000000001e1d0000)]
  0x000000001aca0000 JavaThread "File lock request listener" [_thread_in_native, id=700, stack(0x000000001d000000,0x000000001d100000)]
  0x000000001aba6800 JavaThread "Cache worker for journal cache (C:\Users\user\.gradle\caches\journal-1)" [_thread_blocked, id=11268, stack(0x000000001ce00000,0x000000001cf00000)]
  0x00000000193fe800 JavaThread "Thread-9" [_thread_blocked, id=6400, stack(0x000000001cb00000,0x000000001cc00000)]
  0x00000000193d8800 JavaThread "Stdin handler" [_thread_blocked, id=2084, stack(0x000000001ca00000,0x000000001cb00000)]
  0x0000000019305800 JavaThread "Asynchronous log dispatcher for DefaultDaemonConnection: socket connection from /127.0.0.1:52701 to /127.0.0.1:52702" [_thread_blocked, id=11872, stack(0x000000001c900000,0x000000001ca00000)]
  0x00000000193cb000 JavaThread "Daemon worker" [_thread_in_native, id=10332, stack(0x000000001c800000,0x000000001c900000)]
  0x0000000019304800 JavaThread "Cancel handler" [_thread_blocked, id=7108, stack(0x000000001c700000,0x000000001c800000)]
  0x000000001ac17000 JavaThread "Handler for socket connection from /127.0.0.1:52701 to /127.0.0.1:52702" [_thread_in_native, id=9212, stack(0x000000001c600000,0x000000001c700000)]
  0x000000001ac16800 JavaThread "Daemon" [_thread_blocked, id=3320, stack(0x000000001c300000,0x000000001c400000)]
  0x000000001ac14800 JavaThread "Daemon periodic checks" [_thread_blocked, id=9716, stack(0x000000001c200000,0x000000001c300000)]
  0x000000001ab3d000 JavaThread "Incoming local TCP Connector on port 52701" [_thread_in_native, id=10892, stack(0x000000001bfc0000,0x000000001c0c0000)]
  0x000000001aafc000 JavaThread "Daemon health stats" [_thread_blocked, id=9780, stack(0x000000001ba80000,0x000000001bb80000)]
  0x0000000018b02000 JavaThread "Service Thread" daemon [_thread_blocked, id=2300, stack(0x0000000018ee0000,0x0000000018fe0000)]
  0x00000000171b6000 JavaThread "C1 CompilerThread2" daemon [_thread_blocked, id=6388, stack(0x00000000189e0000,0x0000000018ae0000)]
  0x00000000171ad800 JavaThread "C2 CompilerThread1" daemon [_thread_in_native, id=7576, stack(0x00000000188e0000,0x00000000189e0000)]
=>0x00000000171aa800 JavaThread "C2 CompilerThread0" daemon [_thread_in_native, id=1192, stack(0x00000000187e0000,0x00000000188e0000)]
  0x00000000171a8800 JavaThread "Attach Listener" daemon [_thread_blocked, id=11728, stack(0x00000000186e0000,0x00000000187e0000)]
  0x00000000171a3000 JavaThread "Signal Dispatcher" daemon [_thread_blocked, id=6956, stack(0x00000000185e0000,0x00000000186e0000)]
  0x000000000257c000 JavaThread "Finalizer" daemon [_thread_blocked, id=2684, stack(0x00000000183f0000,0x00000000184f0000)]
  0x0000000017189000 JavaThread "Reference Handler" daemon [_thread_blocked, id=10944, stack(0x00000000182f0000,0x00000000183f0000)]
  0x000000000247e000 JavaThread "main" [_thread_blocked, id=9732, stack(0x0000000002290000,0x0000000002390000)]

Other Threads:
  0x0000000017166800 VMThread [stack: 0x00000000181f0000,0x00000000182f0000] [id=11836]
  0x0000000018b2a800 WatcherThread [stack: 0x0000000018fe0000,0x00000000190e0000] [id=11544]

VM state:not at safepoint (normal execution)

VM Mutex/Monitor currently owned by a thread: None

heap address: 0x0000000080000000, size: 2048 MB, Compressed Oops mode: 32-bit
Narrow klass base: 0x0000000000000000, Narrow klass shift: 3
Compressed class space size: 1073741824 Address: 0x0000000100000000

Heap:
 PSYoungGen      total 36864K, used 18314K [0x00000000d5580000, 0x00000000da580000, 0x0000000100000000)
  eden space 31744K, 41% used [0x00000000d5580000,0x00000000d6266aa8,0x00000000d7480000)
  from space 5120K, 99% used [0x00000000d7480000,0x00000000d797c030,0x00000000d7980000)
  to   space 9216K, 0% used [0x00000000d9c80000,0x00000000d9c80000,0x00000000da580000)
 ParOldGen       total 84992K, used 5153K [0x0000000080000000, 0x0000000085300000, 0x00000000d5580000)
  object space 84992K, 6% used [0x0000000080000000,0x0000000080508720,0x0000000085300000)
 Metaspace       used 18485K, capacity 19162K, committed 19456K, reserved 1067008K
  class space    used 2533K, capacity 2737K, committed 2816K, reserved 1048576K

Card table byte_map: [0x0000000011940000,0x0000000011d50000] byte_map_base: 0x0000000011540000

Marking Bits: (ParMarkBitMap*) 0x00000000601ff030
 Begin Bits: [0x0000000012400000, 0x0000000014400000)
 End Bits:   [0x0000000014400000, 0x0000000016400000)

Polling page: 0x0000000002220000

CodeCache: size=245760Kb used=5569Kb max_used=5569Kb free=240190Kb
 bounds [0x0000000002580000, 0x0000000002b00000, 0x0000000011580000]
 total_blobs=2019 nmethods=1608 adapters=324
 compilation: enabled

Compilation events (10 events):
Event: 3.024 Thread 0x00000000171b6000 1615       3       org.objectweb.asm.SymbolTable::get (13 bytes)
Event: 3.025 Thread 0x00000000171b6000 nmethod 1615 0x0000000002af0e50 code [0x0000000002af0fa0, 0x0000000002af1130]
Event: 3.025 Thread 0x00000000171b6000 1616       1       java.lang.invoke.InnerClassLambdaMetafactory::access$300 (5 bytes)
Event: 3.025 Thread 0x00000000171b6000 nmethod 1616 0x0000000002af1210 code [0x0000000002af1360, 0x0000000002af1450]
Event: 3.025 Thread 0x00000000171b6000 1617       3       java.lang.invoke.LambdaForm::uncustomize (58 bytes)
Event: 3.025 Thread 0x00000000171b6000 nmethod 1617 0x0000000002af14d0 code [0x0000000002af1640, 0x0000000002af18f0]
Event: 3.026 Thread 0x00000000171b6000 1618       3       org.objectweb.asm.SymbolTable::hash (10 bytes)
Event: 3.026 Thread 0x00000000171b6000 nmethod 1618 0x0000000002af1990 code [0x0000000002af1b00, 0x0000000002af1d08]
Event: 3.031 Thread 0x00000000171b6000 1619       3       org.objectweb.asm.ByteVector::putShort (52 bytes)
Event: 3.031 Thread 0x00000000171b6000 nmethod 1619 0x0000000002af1dd0 code [0x0000000002af1f40, 0x0000000002af2188]

GC Heap History (10 events):
Event: 0.955 GC heap before
{Heap before GC invocations=1 (full 0):
 PSYoungGen      total 36864K, used 31744K [0x00000000d5580000, 0x00000000d7e80000, 0x0000000100000000)
  eden space 31744K, 100% used [0x00000000d5580000,0x00000000d7480000,0x00000000d7480000)
  from space 5120K, 0% used [0x00000000d7980000,0x00000000d7980000,0x00000000d7e80000)
  to   space 5120K, 0% used [0x00000000d7480000,0x00000000d7480000,0x00000000d7980000)
 ParOldGen       total 84992K, used 0K [0x0000000080000000, 0x0000000085300000, 0x00000000d5580000)
  object space 84992K, 0% used [0x0000000080000000,0x0000000080000000,0x0000000085300000)
 Metaspace       used 7191K, capacity 7442K, committed 7680K, reserved 1056768K
  class space    used 890K, capacity 973K, committed 1024K, reserved 1048576K
Event: 0.961 GC heap after
Heap after GC invocations=1 (full 0):
 PSYoungGen      total 36864K, used 4277K [0x00000000d5580000, 0x00000000d7e80000, 0x0000000100000000)
  eden space 31744K, 0% used [0x00000000d5580000,0x00000000d5580000,0x00000000d7480000)
  from space 5120K, 83% used [0x00000000d7480000,0x00000000d78ad4e0,0x00000000d7980000)
  to   space 5120K, 0% used [0x00000000d7980000,0x00000000d7980000,0x00000000d7e80000)
 ParOldGen       total 84992K, used 8K [0x0000000080000000, 0x0000000085300000, 0x00000000d5580000)
  object space 84992K, 0% used [0x0000000080000000,0x0000000080002000,0x0000000085300000)
 Metaspace       used 7191K, capacity 7442K, committed 7680K, reserved 1056768K
  class space    used 890K, capacity 973K, committed 1024K, reserved 1048576K
}
Event: 1.493 GC heap before
{Heap before GC invocations=2 (full 0):
 PSYoungGen      total 36864K, used 36021K [0x00000000d5580000, 0x00000000d7e80000, 0x0000000100000000)
  eden space 31744K, 100% used [0x00000000d5580000,0x00000000d7480000,0x00000000d7480000)
  from space 5120K, 83% used [0x00000000d7480000,0x00000000d78ad4e0,0x00000000d7980000)
  to   space 5120K, 0% used [0x00000000d7980000,0x00000000d7980000,0x00000000d7e80000)
 ParOldGen       total 84992K, used 8K [0x0000000080000000, 0x0000000085300000, 0x00000000d5580000)
  object space 84992K, 0% used [0x0000000080000000,0x0000000080002000,0x0000000085300000)
 Metaspace       used 7408K, capacity 7634K, committed 7936K, reserved 1056768K
  class space    used 902K, capacity 973K, committed 1024K, reserved 1048576K
Event: 1.498 GC heap after
Heap after GC invocations=2 (full 0):
 PSYoungGen      total 36864K, used 3121K [0x00000000d5580000, 0x00000000d7e80000, 0x0000000100000000)
  eden space 31744K, 0% used [0x00000000d5580000,0x00000000d5580000,0x00000000d7480000)
  from space 5120K, 60% used [0x00000000d7980000,0x00000000d7c8c5f8,0x00000000d7e80000)
  to   space 5120K, 0% used [0x00000000d7480000,0x00000000d7480000,0x00000000d7980000)
 ParOldGen       total 84992K, used 16K [0x0000000080000000, 0x0000000085300000, 0x00000000d5580000)
  object space 84992K, 0% used [0x0000000080000000,0x0000000080004000,0x0000000085300000)
 Metaspace       used 7408K, capacity 7634K, committed 7936K, reserved 1056768K
  class space    used 902K, capacity 973K, committed 1024K, reserved 1048576K
}
Event: 2.240 GC heap before
{Heap before GC invocations=3 (full 0):
 PSYoungGen      total 36864K, used 34865K [0x00000000d5580000, 0x00000000d7e80000, 0x0000000100000000)
  eden space 31744K, 100% used [0x00000000d5580000,0x00000000d7480000,0x00000000d7480000)
  from space 5120K, 60% used [0x00000000d7980000,0x00000000d7c8c5f8,0x00000000d7e80000)
  to   space 5120K, 0% used [0x00000000d7480000,0x00000000d7480000,0x00000000d7980000)
 ParOldGen       total 84992K, used 16K [0x0000000080000000, 0x0000000085300000, 0x00000000d5580000)
  object space 84992K, 0% used [0x0000000080000000,0x0000000080004000,0x0000000085300000)
 Metaspace       used 11290K, capacity 11582K, committed 11904K, reserved 1058816K
  class space    used 1494K, capacity 1607K, committed 1664K, reserved 1048576K
Event: 2.246 GC heap after
Heap after GC invocations=3 (full 0):
 PSYoungGen      total 36864K, used 5088K [0x00000000d5580000, 0x00000000d7e80000, 0x0000000100000000)
  eden space 31744K, 0% used [0x00000000d5580000,0x00000000d5580000,0x00000000d7480000)
  from space 5120K, 99% used [0x00000000d7480000,0x00000000d7978020,0x00000000d7980000)
  to   space 5120K, 0% used [0x00000000d7980000,0x00000000d7980000,0x00000000d7e80000)
 ParOldGen       total 84992K, used 680K [0x0000000080000000, 0x0000000085300000, 0x00000000d5580000)
  object space 84992K, 0% used [0x0000000080000000,0x00000000800aa180,0x0000000085300000)
 Metaspace       used 11290K, capacity 11582K, committed 11904K, reserved 1058816K
  class space    used 1494K, capacity 1607K, committed 1664K, reserved 1048576K
}
Event: 2.544 GC heap before
{Heap before GC invocations=4 (full 0):
 PSYoungGen      total 36864K, used 36832K [0x00000000d5580000, 0x00000000d7e80000, 0x0000000100000000)
  eden space 31744K, 100% used [0x00000000d5580000,0x00000000d7480000,0x00000000d7480000)
  from space 5120K, 99% used [0x00000000d7480000,0x00000000d7978020,0x00000000d7980000)
  to   space 5120K, 0% used [0x00000000d7980000,0x00000000d7980000,0x00000000d7e80000)
 ParOldGen       total 84992K, used 680K [0x0000000080000000, 0x0000000085300000, 0x00000000d5580000)
  object space 84992K, 0% used [0x0000000080000000,0x00000000800aa180,0x0000000085300000)
 Metaspace       used 14353K, capacity 14858K, committed 14976K, reserved 1062912K
  class space    used 1970K, capacity 2121K, committed 2176K, reserved 1048576K
Event: 2.551 GC heap after
Heap after GC invocations=4 (full 0):
 PSYoungGen      total 36864K, used 5109K [0x00000000d5580000, 0x00000000d9d80000, 0x0000000100000000)
  eden space 31744K, 0% used [0x00000000d5580000,0x00000000d5580000,0x00000000d7480000)
  from space 5120K, 99% used [0x00000000d7980000,0x00000000d7e7d770,0x00000000d7e80000)
  to   space 5120K, 0% used [0x00000000d7480000,0x00000000d7480000,0x00000000d7980000)
 ParOldGen       total 84992K, used 2720K [0x0000000080000000, 0x0000000085300000, 0x00000000d5580000)
  object space 84992K, 3% used [0x0000000080000000,0x00000000802a8180,0x0000000085300000)
 Metaspace       used 14353K, capacity 14858K, committed 14976K, reserved 1062912K
  class space    used 1970K, capacity 2121K, committed 2176K, reserved 1048576K
}
Event: 2.869 GC heap before
{Heap before GC invocations=5 (full 0):
 PSYoungGen      total 36864K, used 36853K [0x00000000d5580000, 0x00000000d9d80000, 0x0000000100000000)
  eden space 31744K, 100% used [0x00000000d5580000,0x00000000d7480000,0x00000000d7480000)
  from space 5120K, 99% used [0x00000000d7980000,0x00000000d7e7d770,0x00000000d7e80000)
  to   space 5120K, 0% used [0x00000000d7480000,0x00000000d7480000,0x00000000d7980000)
 ParOldGen       total 84992K, used 2720K [0x0000000080000000, 0x0000000085300000, 0x00000000d5580000)
  object space 84992K, 3% used [0x0000000080000000,0x00000000802a8180,0x0000000085300000)
 Metaspace       used 17196K, capacity 17816K, committed 17920K, reserved 1064960K
  class space    used 2345K, capacity 2532K, committed 2560K, reserved 1048576K
Event: 2.882 GC heap after
Heap after GC invocations=5 (full 0):
 PSYoungGen      total 36864K, used 5104K [0x00000000d5580000, 0x00000000da580000, 0x0000000100000000)
  eden space 31744K, 0% used [0x00000000d5580000,0x00000000d5580000,0x00000000d7480000)
  from space 5120K, 99% used [0x00000000d7480000,0x00000000d797c030,0x00000000d7980000)
  to   space 9216K, 0% used [0x00000000d9c80000,0x00000000d9c80000,0x00000000da580000)
 ParOldGen       total 84992K, used 5153K [0x0000000080000000, 0x0000000085300000, 0x00000000d5580000)
  object space 84992K, 6% used [0x0000000080000000,0x0000000080508720,0x0000000085300000)
 Metaspace       used 17196K, capacity 17816K, committed 17920K, reserved 1064960K
  class space    used 2345K, capacity 2532K, committed 2560K, reserved 1048576K
}

Deoptimization events (10 events):
Event: 2.532 Thread 0x00000000193cb000 Uncommon trap: reason=bimorphic action=maybe_recompile pc=0x0000000002a711b4 method=java.util.regex.Matcher.match(II)Z @ 86
Event: 2.540 Thread 0x00000000193cb000 Uncommon trap: reason=bimorphic action=maybe_recompile pc=0x0000000002a711b4 method=java.util.regex.Matcher.match(II)Z @ 86
Event: 2.575 Thread 0x00000000193cb000 Uncommon trap: reason=bimorphic action=maybe_recompile pc=0x0000000002a711b4 method=java.util.regex.Matcher.match(II)Z @ 86
Event: 2.627 Thread 0x00000000193cb000 Uncommon trap: reason=unstable_if action=reinterpret pc=0x00000000028a92dc method=java.io.File.getName()Ljava/lang/String; @ 16
Event: 2.627 Thread 0x00000000193cb000 Uncommon trap: reason=unstable_if action=reinterpret pc=0x00000000028a6f14 method=java.lang.String.substring(I)Ljava/lang/String; @ 35
Event: 2.830 Thread 0x00000000193cb000 Uncommon trap: reason=unstable_if action=reinterpret pc=0x0000000002892230 method=java.util.LinkedHashMap.afterNodeInsertion(Z)V @ 1
Event: 2.830 Thread 0x00000000193cb000 Uncommon trap: reason=unstable_if action=reinterpret pc=0x00000000027f5984 method=java.util.HashMap.getNode(ILjava/lang/Object;)Ljava/util/HashMap$Node; @ 129
Event: 2.830 Thread 0x00000000193cb000 Uncommon trap: reason=bimorphic action=maybe_recompile pc=0x0000000002a30668 method=java.util.HashMap.putVal(ILjava/lang/Object;Ljava/lang/Object;ZZ)Ljava/lang/Object; @ 203
Event: 2.833 Thread 0x00000000193cb000 Uncommon trap: reason=unstable_if action=reinterpret pc=0x00000000027ddf10 method=java.util.HashMap.getNode(ILjava/lang/Object;)Ljava/util/HashMap$Node; @ 129
Event: 2.833 Thread 0x00000000193cb000 Uncommon trap: reason=bimorphic action=maybe_recompile pc=0x0000000002a30668 method=java.util.HashMap.putVal(ILjava/lang/Object;Ljava/lang/Object;ZZ)Ljava/lang/Object; @ 203

Classes redefined (0 events):
No events

Internal exceptions (10 events):
Event: 2.269 Thread 0x000000001ac17000 Exception <a 'java/lang/NoSuchMethodError': <clinit>> (0x00000000d572a578) thrown at [C:\src\AOSP-openjdk-git\hotspot\src\share\vm\prims\jni.cpp, line 1615]
Event: 2.271 Thread 0x000000001ac17000 Exception <a 'java/lang/NoSuchMethodError': <clinit>> (0x00000000d5760440) thrown at [C:\src\AOSP-openjdk-git\hotspot\src\share\vm\prims\jni.cpp, line 1615]
Event: 2.280 Thread 0x000000001ac17000 Exception <a 'java/lang/NoSuchMethodError': <clinit>> (0x00000000d57cd000) thrown at [C:\src\AOSP-openjdk-git\hotspot\src\share\vm\prims\jni.cpp, line 1615]
Event: 2.285 Thread 0x000000001ac17000 Exception <a 'java/lang/NoSuchMethodError': <clinit>> (0x00000000d5807568) thrown at [C:\src\AOSP-openjdk-git\hotspot\src\share\vm\prims\jni.cpp, line 1615]
Event: 2.291 Thread 0x000000001ac17000 Exception <a 'java/lang/NoSuchMethodError': <clinit>> (0x00000000d583d150) thrown at [C:\src\AOSP-openjdk-git\hotspot\src\share\vm\prims\jni.cpp, line 1615]
Event: 2.292 Thread 0x000000001ac17000 Exception <a 'java/lang/NoSuchMethodError': <clinit>> (0x00000000d5849680) thrown at [C:\src\AOSP-openjdk-git\hotspot\src\share\vm\prims\jni.cpp, line 1615]
Event: 2.668 Thread 0x00000000193cb000 Exception <a 'java/lang/NoSuchMethodError': java.lang.Object.lambda$and$0(Ljava/util/function/Predicate;Ljava/lang/Object;)Z> (0x00000000d5cad5a0) thrown at [C:\src\AOSP-openjdk-git\hotspot\src\share\vm\interpreter\linkResolver.cpp, line 620]
Event: 2.673 Thread 0x00000000193cb000 Exception <a 'java/lang/IncompatibleClassChangeError': Found class java.lang.Object, but interface was expected> (0x00000000d5cbd898) thrown at [C:\src\AOSP-openjdk-git\hotspot\src\share\vm\interpreter\linkResolver.cpp, line 653]
Event: 2.676 Thread 0x00000000193cb000 Exception <a 'java/lang/NoSuchMethodError': java.lang.Object.lambda$or$2(Ljava/util/function/Predicate;Ljava/lang/Object;)Z> (0x00000000d5cc23e8) thrown at [C:\src\AOSP-openjdk-git\hotspot\src\share\vm\interpreter\linkResolver.cpp, line 620]
Event: 2.869 Thread 0x00000000193cb000 Exception <a 'java/lang/NoSuchMethodError': java.lang.Object.lambda$static$0(Lorg/gradle/internal/state/ModelObject;)Ljava/lang/String;> (0x00000000d7477c10) thrown at [C:\src\AOSP-openjdk-git\hotspot\src\share\vm\interpreter\linkResolver.cpp, line 620]

Events (10 events):
Event: 3.037 loading class org/gradle/internal/exceptions/LocationAwareException
Event: 3.037 loading class org/gradle/internal/exceptions/LocationAwareException done
Event: 3.037 loading class org/gradle/internal/exceptions/FailureResolutionAware
Event: 3.037 loading class org/gradle/internal/exceptions/FailureResolutionAware done
Event: 3.038 loading class org/gradle/internal/exceptions/ContextAwareException
Event: 3.038 loading class org/gradle/internal/exceptions/ContextAwareException done
Event: 3.038 loading class org/gradle/api/plugins/UnknownPluginException
Event: 3.038 loading class org/gradle/api/plugins/UnknownPluginException done
Event: 3.038 loading class org/gradle/plugin/use/internal/PluginDependencyResolutionServices$2
Event: 3.038 loading class org/gradle/plugin/use/internal/PluginDependencyResolutionServices$2 done


Dynamic libraries:
0x00007ff725200000 - 0x00007ff725231000 	C:\Program Files\Android\Android Studio\jre\bin\java.exe
0x00007ffe4bc40000 - 0x00007ffe4be21000 	C:\Windows\SYSTEM32\ntdll.dll
0x00007ffe4b5b0000 - 0x00007ffe4b662000 	C:\Windows\System32\KERNEL32.DLL
0x00007ffe48850000 - 0x00007ffe48ac3000 	C:\Windows\System32\KERNELBASE.dll
0x00007ffe4b670000 - 0x00007ffe4b711000 	C:\Windows\System32\ADVAPI32.dll
0x00007ffe4b730000 - 0x00007ffe4b7ce000 	C:\Windows\System32\msvcrt.dll
0x00007ffe4b2c0000 - 0x00007ffe4b31b000 	C:\Windows\System32\sechost.dll
0x00007ffe4bae0000 - 0x00007ffe4bc04000 	C:\Windows\System32\RPCRT4.dll
0x00007ffe4b0d0000 - 0x00007ffe4b260000 	C:\Windows\System32\USER32.dll
0x00007ffe48f10000 - 0x00007ffe48f30000 	C:\Windows\System32\win32u.dll
0x00007ffe4b580000 - 0x00007ffe4b5a8000 	C:\Windows\System32\GDI32.dll
0x00007ffe48f30000 - 0x00007ffe490c2000 	C:\Windows\System32\gdi32full.dll
0x00007ffe48e20000 - 0x00007ffe48ebf000 	C:\Windows\System32\msvcp_win.dll
0x00007ffe48d20000 - 0x00007ffe48e1a000 	C:\Windows\System32\ucrtbase.dll
0x00007ffe38ac0000 - 0x00007ffe38d29000 	C:\Windows\WinSxS\amd64_microsoft.windows.common-controls_6595b64144ccf1df_6.0.17134.112_none_fb3f961b30681c12\COMCTL32.dll
0x00007ffe4a6d0000 - 0x00007ffe4a9f3000 	C:\Windows\System32\combase.dll
0x00007ffe48010000 - 0x00007ffe4808a000 	C:\Windows\System32\bcryptPrimitives.dll
0x00007ffe491b0000 - 0x00007ffe491dd000 	C:\Windows\System32\IMM32.DLL
0x000000005f950000 - 0x000000005fa22000 	C:\Program Files\Android\Android Studio\jre\jre\bin\msvcr100.dll
0x000000005fa30000 - 0x000000006027b000 	C:\Program Files\Android\Android Studio\jre\jre\bin\server\jvm.dll
0x00007ffe4b720000 - 0x00007ffe4b728000 	C:\Windows\System32\PSAPI.DLL
0x00007ffe341c0000 - 0x00007ffe341c9000 	C:\Windows\SYSTEM32\WSOCK32.dll
0x00007ffe435b0000 - 0x00007ffe435d3000 	C:\Windows\SYSTEM32\WINMM.dll
0x00007ffe4ac00000 - 0x00007ffe4ac6c000 	C:\Windows\System32\WS2_32.dll
0x00007ffe35090000 - 0x00007ffe3509a000 	C:\Windows\SYSTEM32\VERSION.dll
0x00007ffe43580000 - 0x00007ffe435aa000 	C:\Windows\SYSTEM32\WINMMBASE.dll
0x00007ffe48ec0000 - 0x00007ffe48f09000 	C:\Windows\System32\cfgmgr32.dll
0x00007ffe444e0000 - 0x00007ffe444ef000 	C:\Program Files\Android\Android Studio\jre\jre\bin\verify.dll
0x00007ffe42530000 - 0x00007ffe42559000 	C:\Program Files\Android\Android Studio\jre\jre\bin\java.dll
0x00007ffe42dd0000 - 0x00007ffe42de6000 	C:\Program Files\Android\Android Studio\jre\jre\bin\zip.dll
0x00007ffe491e0000 - 0x00007ffe4a620000 	C:\Windows\System32\SHELL32.dll
0x00007ffe4a620000 - 0x00007ffe4a6c9000 	C:\Windows\System32\shcore.dll
0x00007ffe48140000 - 0x00007ffe4884d000 	C:\Windows\System32\windows.storage.dll
0x00007ffe4b520000 - 0x00007ffe4b571000 	C:\Windows\System32\shlwapi.dll
0x00007ffe47fa0000 - 0x00007ffe47fb1000 	C:\Windows\System32\kernel.appcore.dll
0x00007ffe47f60000 - 0x00007ffe47f7f000 	C:\Windows\System32\profapi.dll
0x00007ffe47fc0000 - 0x00007ffe4800c000 	C:\Windows\System32\powrprof.dll
0x00007ffe47f50000 - 0x00007ffe47f5a000 	C:\Windows\System32\FLTLIB.DLL
0x00007ffe42470000 - 0x00007ffe4248a000 	C:\Program Files\Android\Android Studio\jre\jre\bin\net.dll
0x00007ffe477d0000 - 0x00007ffe47836000 	C:\Windows\system32\mswsock.dll
0x00007ffe42370000 - 0x00007ffe42383000 	C:\Program Files\Android\Android Studio\jre\jre\bin\nio.dll
0x00007ffe395c0000 - 0x00007ffe395e7000 	C:\Users\user\.gradle\native\f6784746aeab05261644944871eae4fe03e0ef1612fff0a4a95f87b438bc6780\windows-amd64\native-platform.dll
0x00007ffe424a0000 - 0x00007ffe424ad000 	C:\Program Files\Android\Android Studio\jre\jre\bin\management.dll
0x00007ffe47980000 - 0x00007ffe47997000 	C:\Windows\SYSTEM32\CRYPTSP.dll
0x00007ffe473b0000 - 0x00007ffe473e3000 	C:\Windows\system32\rsaenh.dll
0x00007ffe47ab0000 - 0x00007ffe47ad5000 	C:\Windows\SYSTEM32\bcrypt.dll
0x00007ffe47e50000 - 0x00007ffe47e78000 	C:\Windows\SYSTEM32\USERENV.dll
0x00007ffe479a0000 - 0x00007ffe479ab000 	C:\Windows\SYSTEM32\CRYPTBASE.dll
0x00007ffe47550000 - 0x00007ffe47588000 	C:\Windows\SYSTEM32\IPHLPAPI.DLL
0x00007ffe4b0c0000 - 0x00007ffe4b0c8000 	C:\Windows\System32\NSI.dll
0x00007ffe3d0e0000 - 0x00007ffe3d0f6000 	C:\Windows\SYSTEM32\dhcpcsvc6.DLL
0x00007ffe3f0d0000 - 0x00007ffe3f0ea000 	C:\Windows\SYSTEM32\dhcpcsvc.DLL
0x00007ffe3f060000 - 0x00007ffe3f06b000 	C:\Windows\SYSTEM32\WINNSI.DLL

VM Arguments:
jvm_args: -Xmx2048m -Dfile.encoding=UTF-8 -Duser.country=US -Duser.language=en -Duser.variant 
java_command: org.gradle.launcher.daemon.bootstrap.GradleDaemon 6.5
java_class_path (initial): C:\Users\user\.gradle\wrapper\dists\gradle-6.5-bin\6nifqtx7604sqp1q6g8wikw7p\gradle-6.5\lib\gradle-launcher-6.5.jar
Launcher Type: SUN_STANDARD

Environment Variables:
PATH=C:\Program Files (x86)\Common Files\Oracle\Java\javapath;C:\ProgramData\Oracle\Java\javapath;C:\Windows\system32;C:\Windows;C:\Windows\System32\Wbem;C:\Windows\System32\WindowsPowerShell\v1.0\;C:\Windows\System32\OpenSSH\;C:\Program Files\Microsoft\Web Platform Installer\;C:\Program Files (x86)\Microsoft ASP.NET\ASP.NET Web Pages\v1.0\;C:\Program Files\Microsoft SQL Server\110\Tools\Binn\;c:\Program Files (x86)\Microsoft SQL Server\100\Tools\Binn\;c:\Program Files\Microsoft SQL Server\100\Tools\Binn\;c:\Program Files\Microsoft SQL Server\100\DTS\Binn\;C:\Program Files\Java\jre1.8.0_271\bin;C:\Program Files\Git\cmd;C:\Program Files\nodejs\;C:\Users\user\AppData\Local\Programs\Python\Python38\Scripts\;C:\Users\user\AppData\Local\Programs\Python\Python38\;C:\Users\user\AppData\Local\Microsoft\WindowsApps;C:\Program Files\JetBrains\PyCharm Community Edition 2019.2.5\bin;C:\source\flutter\flutter\bin;C:\Program Files\heroku\bin;C:\Program Files (x86)\Common Files\Java;C:\Users\user\IntelliJ IDEA Community Edition 2020.2.3\bin;C:\Users\user\AppData\Local\Programs\Microsoft VS Code\bin;C:\Users\user\AppData\Roaming\npm;C:\Users\user\AppData\Local\hyper\app-3.0.2\resources\bin;C:\MinGW\bin;
USERNAME=Osemudiamen-Itua
OS=Windows_NT
PROCESSOR_IDENTIFIER=Intel64 Family 6 Model 61 Stepping 4, GenuineIntel



---------------  S Y S T E M  ---------------

OS: Windows 10.0 , 64 bit Build 17134 (10.0.17134.1)

CPU:total 4 (initial active 4) (2 cores per cpu, 2 threads per core) family 6 model 61 stepping 4, cmov, cx8, fxsr, mmx, sse, sse2, sse3, ssse3, sse4.1, sse4.2, popcnt, avx, avx2, aes, clmul, erms, rtm, 3dnowpref, lzcnt, ht, tsc, tscinvbit, bmi1, bmi2, adx

Memory: 4k page, physical 8077532k(1035064k free), swap 8077532k(6440k free)

vm_info: OpenJDK 64-Bit Server VM (25.242-b01) for windows-amd64 JRE (1.8.0_242-release-1644-b01), built by "builder" with MS VC++ 10.0 (VS2010)

time: Wed May 19 16:24:29 2021
timezone: W. Central Africa Standard Time
elapsed time: 3 seconds (0d 0h 0m 3s)

