#
# There is insufficient memory for the Java Runtime Environment to continue.
# Native memory allocation (malloc) failed to allocate 32744 bytes for ChunkPool::allocate
# Possible reasons:
#   The system is out of physical RAM or swap space
#   The process is running with CompressedOops enabled, and the Java Heap may be blocking the growth of the native heap
# Possible solutions:
#   Reduce memory load on the system
#   Increase physical memory or swap space
#   Check if swap backing store is full
#   Decrease Java heap size (-Xmx/-Xms)
#   Decrease number of Java threads
#   Decrease Java thread stack sizes (-Xss)
#   Set larger code cache with -XX:ReservedCodeCacheSize=
#   JVM is running with Unscaled Compressed Oops mode in which the Java heap is
#     placed in the first 4GB address space. The Java Heap base address is the
#     maximum limit for the native heap growth. Please use -XX:HeapBaseMinAddress
#     to set the Java Heap base and to place the Java Heap above 4GB virtual address.
# This output file may be truncated or incomplete.
#
#  Out of Memory Error (allocation.cpp:272), pid=5112, tid=0x0000000000002328
#
# JRE version: OpenJDK Runtime Environment (8.0_242-b01) (build 1.8.0_242-release-1644-b01)
# Java VM: OpenJDK 64-Bit Server VM (25.242-b01 mixed mode windows-amd64 compressed oops)
# Failed to write core dump. Minidumps are not enabled by default on client versions of Windows
#

---------------  T H R E A D  ---------------

Current thread (0x0000000017e7d000):  JavaThread "C2 CompilerThread1" daemon [_thread_in_native, id=9000, stack(0x00000000195b0000,0x00000000196b0000)]

Stack: [0x00000000195b0000,0x00000000196b0000]
[error occurred during error reporting (printing stack bounds), id 0xc0000005]

Native frames: (J=compiled Java code, j=interpreted, Vv=VM code, C=native code)


Current CompileTask:
C2:   4970 1533   !   4       java.net.URLClassLoader$1::run (63 bytes)


---------------  P R O C E S S  ---------------

Java Threads: ( => current thread )
  0x000000001b894000 JavaThread "Cache worker for file hash cache (C:\Users\user\.gradle\caches\6.5\fileHashes)" [_thread_blocked, id=8176, stack(0x000000001ddd0000,0x000000001ded0000)]
  0x000000001b88e800 JavaThread "File lock request listener" [_thread_in_native, id=3136, stack(0x000000001dcd0000,0x000000001ddd0000)]
  0x000000001b9a8000 JavaThread "Cache worker for journal cache (C:\Users\user\.gradle\caches\journal-1)" [_thread_blocked, id=10136, stack(0x000000001dad0000,0x000000001dbd0000)]
  0x000000001b83a000 JavaThread "Thread-9" [_thread_blocked, id=7252, stack(0x000000001d7d0000,0x000000001d8d0000)]
  0x000000001b839800 JavaThread "Stdin handler" [_thread_blocked, id=12140, stack(0x000000001d6d0000,0x000000001d7d0000)]
  0x000000001b836000 JavaThread "Asynchronous log dispatcher for DefaultDaemonConnection: socket connection from /127.0.0.1:52542 to /127.0.0.1:52543" [_thread_blocked, id=12272, stack(0x000000001d5d0000,0x000000001d6d0000)]
  0x000000001b849800 JavaThread "Daemon worker" [_thread_in_vm, id=2832, stack(0x000000001d4d0000,0x000000001d5d0000)]
  0x000000001b848800 JavaThread "Cancel handler" [_thread_blocked, id=11904, stack(0x000000001d3d0000,0x000000001d4d0000)]
  0x0000000019fdb800 JavaThread "Handler for socket connection from /127.0.0.1:52542 to /127.0.0.1:52543" [_thread_in_native, id=11092, stack(0x000000001d2d0000,0x000000001d3d0000)]
  0x0000000019fd9000 JavaThread "Daemon" [_thread_blocked, id=4644, stack(0x000000001cfd0000,0x000000001d0d0000)]
  0x0000000019fce000 JavaThread "Daemon periodic checks" [_thread_blocked, id=2420, stack(0x000000001ced0000,0x000000001cfd0000)]
  0x000000001b7b4800 JavaThread "Incoming local TCP Connector on port 52542" [_thread_in_native, id=9176, stack(0x000000001cc90000,0x000000001cd90000)]
  0x000000001b67b000 JavaThread "Daemon health stats" [_thread_blocked, id=5324, stack(0x000000001c750000,0x000000001c850000)]
  0x00000000196d2000 JavaThread "Service Thread" daemon [_thread_blocked, id=11272, stack(0x0000000019bb0000,0x0000000019cb0000)]
  0x00000000196b8800 JavaThread "C1 CompilerThread2" daemon [_thread_blocked, id=2184, stack(0x0000000019ab0000,0x0000000019bb0000)]
=>0x0000000017e7d000 JavaThread "C2 CompilerThread1" daemon [_thread_in_native, id=9000, stack(0x00000000195b0000,0x00000000196b0000)]
  0x0000000017e7a000 JavaThread "C2 CompilerThread0" daemon [_thread_in_native, id=1068, stack(0x00000000194b0000,0x00000000195b0000)]
  0x0000000017e78000 JavaThread "Attach Listener" daemon [_thread_blocked, id=9284, stack(0x00000000193b0000,0x00000000194b0000)]
  0x0000000017e73000 JavaThread "Signal Dispatcher" daemon [_thread_blocked, id=9856, stack(0x00000000192b0000,0x00000000193b0000)]
  0x000000000324b800 JavaThread "Finalizer" daemon [_thread_blocked, id=9772, stack(0x00000000190c0000,0x00000000191c0000)]
  0x0000000017e59000 JavaThread "Reference Handler" daemon [_thread_blocked, id=10196, stack(0x0000000018fc0000,0x00000000190c0000)]
  0x000000000314e000 JavaThread "main" [_thread_blocked, id=6880, stack(0x0000000002ff0000,0x00000000030f0000)]

Other Threads:
  0x0000000017e36800 VMThread [stack: 0x0000000018ec0000,0x0000000018fc0000] [id=10260]
  0x00000000196fb000 WatcherThread [stack: 0x0000000019cb0000,0x0000000019db0000] [id=1556]

VM state:not at safepoint (normal execution)

VM Mutex/Monitor currently owned by a thread: None

heap address: 0x0000000080000000, size: 2048 MB, Compressed Oops mode: 32-bit
Narrow klass base: 0x0000000000000000, Narrow klass shift: 3
Compressed class space size: 1073741824 Address: 0x0000000100000000

Heap:
 PSYoungGen      total 36864K, used 9875K [0x00000000d5580000, 0x00000000da680000, 0x0000000100000000)
  eden space 31744K, 15% used [0x00000000d5580000,0x00000000d5a2cbf8,0x00000000d7480000)
  from space 5120K, 99% used [0x00000000d7480000,0x00000000d7978020,0x00000000d7980000)
  to   space 9728K, 0% used [0x00000000d9d00000,0x00000000d9d00000,0x00000000da680000)
 ParOldGen       total 84992K, used 5251K [0x0000000080000000, 0x0000000085300000, 0x00000000d5580000)
  object space 84992K, 6% used [0x0000000080000000,0x0000000080520c70,0x0000000085300000)
 Metaspace       used 17583K, capacity 18238K, committed 18560K, reserved 1064960K
  class space    used 2405K, capacity 2575K, committed 2688K, reserved 1048576K

Card table byte_map: [0x0000000012610000,0x0000000012a20000] byte_map_base: 0x0000000012210000

Marking Bits: (ParMarkBitMap*) 0x00000000601ff030
 Begin Bits: [0x00000000130d0000, 0x00000000150d0000)
 End Bits:   [0x00000000150d0000, 0x00000000170d0000)

Polling page: 0x0000000001300000

CodeCache: size=245760Kb used=5707Kb max_used=5707Kb free=240052Kb
 bounds [0x0000000003250000, 0x00000000037f0000, 0x0000000012250000]
 total_blobs=2022 nmethods=1620 adapters=315
 compilation: enabled

Compilation events (10 events):
Event: 4.896 Thread 0x00000000196b8800 1626       3       com.google.common.collect.Hashing::smear (19 bytes)
Event: 4.896 Thread 0x00000000196b8800 nmethod 1626 0x00000000037e2610 code [0x00000000037e2760, 0x00000000037e2930]
Event: 4.905 Thread 0x00000000196b8800 1627       2       java.util.HashMap::put (13 bytes)
Event: 4.906 Thread 0x00000000196b8800 nmethod 1627 0x00000000037e29d0 code [0x00000000037e2b40, 0x00000000037e2d38]
Event: 4.906 Thread 0x00000000196b8800 1628       3       java.util.HashMap::putVal (300 bytes)
Event: 4.907 Thread 0x00000000196b8800 nmethod 1628 0x00000000037e2e10 code [0x00000000037e3080, 0x00000000037e4338]
Event: 4.908 Thread 0x00000000196b8800 1629       3       sun.misc.ProxyGenerator::code_aload (11 bytes)
Event: 4.908 Thread 0x00000000196b8800 nmethod 1629 0x00000000037e4a10 code [0x00000000037e4b80, 0x00000000037e4d28]
Event: 4.908 Thread 0x00000000196b8800 1630       1       sun.misc.ProxyGenerator::access$800 (5 bytes)
Event: 4.908 Thread 0x00000000196b8800 nmethod 1630 0x00000000037e4dd0 code [0x00000000037e4f20, 0x00000000037e5010]

GC Heap History (10 events):
Event: 1.497 GC heap before
{Heap before GC invocations=1 (full 0):
 PSYoungGen      total 36864K, used 31744K [0x00000000d5580000, 0x00000000d7e80000, 0x0000000100000000)
  eden space 31744K, 100% used [0x00000000d5580000,0x00000000d7480000,0x00000000d7480000)
  from space 5120K, 0% used [0x00000000d7980000,0x00000000d7980000,0x00000000d7e80000)
  to   space 5120K, 0% used [0x00000000d7480000,0x00000000d7480000,0x00000000d7980000)
 ParOldGen       total 84992K, used 0K [0x0000000080000000, 0x0000000085300000, 0x00000000d5580000)
  object space 84992K, 0% used [0x0000000080000000,0x0000000080000000,0x0000000085300000)
 Metaspace       used 7225K, capacity 7446K, committed 7680K, reserved 1056768K
  class space    used 890K, capacity 973K, committed 1024K, reserved 1048576K
Event: 1.504 GC heap after
Heap after GC invocations=1 (full 0):
 PSYoungGen      total 36864K, used 4305K [0x00000000d5580000, 0x00000000d7e80000, 0x0000000100000000)
  eden space 31744K, 0% used [0x00000000d5580000,0x00000000d5580000,0x00000000d7480000)
  from space 5120K, 84% used [0x00000000d7480000,0x00000000d78b46b0,0x00000000d7980000)
  to   space 5120K, 0% used [0x00000000d7980000,0x00000000d7980000,0x00000000d7e80000)
 ParOldGen       total 84992K, used 8K [0x0000000080000000, 0x0000000085300000, 0x00000000d5580000)
  object space 84992K, 0% used [0x0000000080000000,0x0000000080002000,0x0000000085300000)
 Metaspace       used 7225K, capacity 7446K, committed 7680K, reserved 1056768K
  class space    used 890K, capacity 973K, committed 1024K, reserved 1048576K
}
Event: 2.473 GC heap before
{Heap before GC invocations=2 (full 0):
 PSYoungGen      total 36864K, used 36049K [0x00000000d5580000, 0x00000000d7e80000, 0x0000000100000000)
  eden space 31744K, 100% used [0x00000000d5580000,0x00000000d7480000,0x00000000d7480000)
  from space 5120K, 84% used [0x00000000d7480000,0x00000000d78b46b0,0x00000000d7980000)
  to   space 5120K, 0% used [0x00000000d7980000,0x00000000d7980000,0x00000000d7e80000)
 ParOldGen       total 84992K, used 8K [0x0000000080000000, 0x0000000085300000, 0x00000000d5580000)
  object space 84992K, 0% used [0x0000000080000000,0x0000000080002000,0x0000000085300000)
 Metaspace       used 7425K, capacity 7638K, committed 7936K, reserved 1056768K
  class space    used 902K, capacity 973K, committed 1024K, reserved 1048576K
Event: 2.479 GC heap after
Heap after GC invocations=2 (full 0):
 PSYoungGen      total 36864K, used 3089K [0x00000000d5580000, 0x00000000d7e80000, 0x0000000100000000)
  eden space 31744K, 0% used [0x00000000d5580000,0x00000000d5580000,0x00000000d7480000)
  from space 5120K, 60% used [0x00000000d7980000,0x00000000d7c845f8,0x00000000d7e80000)
  to   space 5120K, 0% used [0x00000000d7480000,0x00000000d7480000,0x00000000d7980000)
 ParOldGen       total 84992K, used 16K [0x0000000080000000, 0x0000000085300000, 0x00000000d5580000)
  object space 84992K, 0% used [0x0000000080000000,0x0000000080004000,0x0000000085300000)
 Metaspace       used 7425K, capacity 7638K, committed 7936K, reserved 1056768K
  class space    used 902K, capacity 973K, committed 1024K, reserved 1048576K
}
Event: 3.816 GC heap before
{Heap before GC invocations=3 (full 0):
 PSYoungGen      total 36864K, used 34833K [0x00000000d5580000, 0x00000000d7e80000, 0x0000000100000000)
  eden space 31744K, 100% used [0x00000000d5580000,0x00000000d7480000,0x00000000d7480000)
  from space 5120K, 60% used [0x00000000d7980000,0x00000000d7c845f8,0x00000000d7e80000)
  to   space 5120K, 0% used [0x00000000d7480000,0x00000000d7480000,0x00000000d7980000)
 ParOldGen       total 84992K, used 16K [0x0000000080000000, 0x0000000085300000, 0x00000000d5580000)
  object space 84992K, 0% used [0x0000000080000000,0x0000000080004000,0x0000000085300000)
 Metaspace       used 11259K, capacity 11586K, committed 11904K, reserved 1058816K
  class space    used 1489K, capacity 1607K, committed 1664K, reserved 1048576K
Event: 3.829 GC heap after
Heap after GC invocations=3 (full 0):
 PSYoungGen      total 36864K, used 5104K [0x00000000d5580000, 0x00000000d7e80000, 0x0000000100000000)
  eden space 31744K, 0% used [0x00000000d5580000,0x00000000d5580000,0x00000000d7480000)
  from space 5120K, 99% used [0x00000000d7480000,0x00000000d797c010,0x00000000d7980000)
  to   space 5120K, 0% used [0x00000000d7980000,0x00000000d7980000,0x00000000d7e80000)
 ParOldGen       total 84992K, used 592K [0x0000000080000000, 0x0000000085300000, 0x00000000d5580000)
  object space 84992K, 0% used [0x0000000080000000,0x0000000080094060,0x0000000085300000)
 Metaspace       used 11259K, capacity 11586K, committed 11904K, reserved 1058816K
  class space    used 1489K, capacity 1607K, committed 1664K, reserved 1048576K
}
Event: 4.314 GC heap before
{Heap before GC invocations=4 (full 0):
 PSYoungGen      total 36864K, used 36848K [0x00000000d5580000, 0x00000000d7e80000, 0x0000000100000000)
  eden space 31744K, 100% used [0x00000000d5580000,0x00000000d7480000,0x00000000d7480000)
  from space 5120K, 99% used [0x00000000d7480000,0x00000000d797c010,0x00000000d7980000)
  to   space 5120K, 0% used [0x00000000d7980000,0x00000000d7980000,0x00000000d7e80000)
 ParOldGen       total 84992K, used 592K [0x0000000080000000, 0x0000000085300000, 0x00000000d5580000)
  object space 84992K, 0% used [0x0000000080000000,0x0000000080094060,0x0000000085300000)
 Metaspace       used 14308K, capacity 14800K, committed 14976K, reserved 1062912K
  class space    used 1972K, capacity 2132K, committed 2176K, reserved 1048576K
Event: 4.323 GC heap after
Heap after GC invocations=4 (full 0):
 PSYoungGen      total 36864K, used 5111K [0x00000000d5580000, 0x00000000d7e80000, 0x0000000100000000)
  eden space 31744K, 0% used [0x00000000d5580000,0x00000000d5580000,0x00000000d7480000)
  from space 5120K, 99% used [0x00000000d7980000,0x00000000d7e7dd70,0x00000000d7e80000)
  to   space 5120K, 0% used [0x00000000d7480000,0x00000000d7480000,0x00000000d7980000)
 ParOldGen       total 84992K, used 2692K [0x0000000080000000, 0x0000000085300000, 0x00000000d5580000)
  object space 84992K, 3% used [0x0000000080000000,0x00000000802a1300,0x0000000085300000)
 Metaspace       used 14308K, capacity 14800K, committed 14976K, reserved 1062912K
  class space    used 1972K, capacity 2132K, committed 2176K, reserved 1048576K
}
Event: 4.781 GC heap before
{Heap before GC invocations=5 (full 0):
 PSYoungGen      total 36864K, used 36855K [0x00000000d5580000, 0x00000000d7e80000, 0x0000000100000000)
  eden space 31744K, 100% used [0x00000000d5580000,0x00000000d7480000,0x00000000d7480000)
  from space 5120K, 99% used [0x00000000d7980000,0x00000000d7e7dd70,0x00000000d7e80000)
  to   space 5120K, 0% used [0x00000000d7480000,0x00000000d7480000,0x00000000d7980000)
 ParOldGen       total 84992K, used 2692K [0x0000000080000000, 0x0000000085300000, 0x00000000d5580000)
  object space 84992K, 3% used [0x0000000080000000,0x00000000802a1300,0x0000000085300000)
 Metaspace       used 17204K, capacity 17786K, committed 17920K, reserved 1064960K
  class space    used 2342K, capacity 2509K, committed 2560K, reserved 1048576K
Event: 4.799 GC heap after
Heap after GC invocations=5 (full 0):
 PSYoungGen      total 36864K, used 5088K [0x00000000d5580000, 0x00000000da680000, 0x0000000100000000)
  eden space 31744K, 0% used [0x00000000d5580000,0x00000000d5580000,0x00000000d7480000)
  from space 5120K, 99% used [0x00000000d7480000,0x00000000d7978020,0x00000000d7980000)
  to   space 9728K, 0% used [0x00000000d9d00000,0x00000000d9d00000,0x00000000da680000)
 ParOldGen       total 84992K, used 5251K [0x0000000080000000, 0x0000000085300000, 0x00000000d5580000)
  object space 84992K, 6% used [0x0000000080000000,0x0000000080520c70,0x0000000085300000)
 Metaspace       used 17204K, capacity 17786K, committed 17920K, reserved 1064960K
  class space    used 2342K, capacity 2509K, committed 2560K, reserved 1048576K
}

Deoptimization events (10 events):
Event: 4.311 Thread 0x000000001b849800 Uncommon trap: reason=bimorphic action=maybe_recompile pc=0x000000000376f734 method=java.util.regex.Matcher.match(II)Z @ 86
Event: 4.333 Thread 0x000000001b849800 Uncommon trap: reason=bimorphic action=maybe_recompile pc=0x000000000376f734 method=java.util.regex.Matcher.match(II)Z @ 86
Event: 4.368 Thread 0x000000001b849800 Uncommon trap: reason=bimorphic action=maybe_recompile pc=0x000000000376f734 method=java.util.regex.Matcher.match(II)Z @ 86
Event: 4.424 Thread 0x000000001b849800 Uncommon trap: reason=unstable_if action=reinterpret pc=0x000000000359519c method=java.io.File.getName()Ljava/lang/String; @ 16
Event: 4.690 Thread 0x000000001b849800 Uncommon trap: reason=unstable_if action=reinterpret pc=0x0000000003590ab0 method=java.util.LinkedHashMap.afterNodeInsertion(Z)V @ 1
Event: 4.692 Thread 0x000000001b849800 Uncommon trap: reason=unstable_if action=reinterpret pc=0x00000000034be37c method=java.util.HashMap.getNode(ILjava/lang/Object;)Ljava/util/HashMap$Node; @ 129
Event: 4.693 Thread 0x000000001b849800 Uncommon trap: reason=bimorphic action=maybe_recompile pc=0x0000000003725f38 method=java.util.HashMap.putVal(ILjava/lang/Object;Ljava/lang/Object;ZZ)Ljava/lang/Object; @ 203
Event: 4.706 Thread 0x000000001b849800 Uncommon trap: reason=unstable_if action=reinterpret pc=0x00000000034bc590 method=java.util.HashMap.getNode(ILjava/lang/Object;)Ljava/util/HashMap$Node; @ 129
Event: 4.706 Thread 0x000000001b849800 Uncommon trap: reason=bimorphic action=maybe_recompile pc=0x0000000003725f38 method=java.util.HashMap.putVal(ILjava/lang/Object;Ljava/lang/Object;ZZ)Ljava/lang/Object; @ 203
Event: 4.710 Thread 0x000000001b849800 Uncommon trap: reason=bimorphic action=maybe_recompile pc=0x000000000371eec0 method=java.util.HashMap.putVal(ILjava/lang/Object;Ljava/lang/Object;ZZ)Ljava/lang/Object; @ 203

Classes redefined (0 events):
No events

Internal exceptions (10 events):
Event: 3.895 Thread 0x0000000019fdb800 Exception <a 'java/lang/NoSuchMethodError': <clinit>> (0x00000000d5811430) thrown at [C:\src\AOSP-openjdk-git\hotspot\src\share\vm\prims\jni.cpp, line 1615]
Event: 3.897 Thread 0x0000000019fdb800 Exception <a 'java/lang/NoSuchMethodError': <clinit>> (0x00000000d5827750) thrown at [C:\src\AOSP-openjdk-git\hotspot\src\share\vm\prims\jni.cpp, line 1615]
Event: 3.913 Thread 0x0000000019fdb800 Exception <a 'java/lang/NoSuchMethodError': <clinit>> (0x00000000d58a31a8) thrown at [C:\src\AOSP-openjdk-git\hotspot\src\share\vm\prims\jni.cpp, line 1615]
Event: 3.921 Thread 0x0000000019fdb800 Exception <a 'java/lang/NoSuchMethodError': <clinit>> (0x00000000d58d2898) thrown at [C:\src\AOSP-openjdk-git\hotspot\src\share\vm\prims\jni.cpp, line 1615]
Event: 3.928 Thread 0x0000000019fdb800 Exception <a 'java/lang/NoSuchMethodError': <clinit>> (0x00000000d5900e48) thrown at [C:\src\AOSP-openjdk-git\hotspot\src\share\vm\prims\jni.cpp, line 1615]
Event: 3.930 Thread 0x0000000019fdb800 Exception <a 'java/lang/NoSuchMethodError': <clinit>> (0x00000000d590d2c0) thrown at [C:\src\AOSP-openjdk-git\hotspot\src\share\vm\prims\jni.cpp, line 1615]
Event: 4.496 Thread 0x000000001b849800 Exception <a 'java/lang/NoSuchMethodError': java.lang.Object.lambda$and$0(Ljava/util/function/Predicate;Ljava/lang/Object;)Z> (0x00000000d5d7a810) thrown at [C:\src\AOSP-openjdk-git\hotspot\src\share\vm\interpreter\linkResolver.cpp, line 620]
Event: 4.501 Thread 0x000000001b849800 Exception <a 'java/lang/IncompatibleClassChangeError': Found class java.lang.Object, but interface was expected> (0x00000000d5d8ab08) thrown at [C:\src\AOSP-openjdk-git\hotspot\src\share\vm\interpreter\linkResolver.cpp, line 653]
Event: 4.503 Thread 0x000000001b849800 Exception <a 'java/lang/NoSuchMethodError': java.lang.Object.lambda$or$2(Ljava/util/function/Predicate;Ljava/lang/Object;)Z> (0x00000000d5d8f658) thrown at [C:\src\AOSP-openjdk-git\hotspot\src\share\vm\interpreter\linkResolver.cpp, line 620]
Event: 4.812 Thread 0x000000001b849800 Exception <a 'java/lang/NoSuchMethodError': java.lang.Object.lambda$static$0(Lorg/gradle/internal/state/ModelObject;)Ljava/lang/String;> (0x00000000d56120b8) thrown at [C:\src\AOSP-openjdk-git\hotspot\src\share\vm\interpreter\linkResolver.cpp, line 620]

Events (10 events):
Event: 4.903 loading class org/gradle/groovy/scripts/ScriptSource
Event: 4.903 loading class org/gradle/groovy/scripts/ScriptSource done
Event: 4.904 loading class org/gradle/groovy/scripts/internal/BuildOperationBackedScriptCompilationHandler
Event: 4.904 loading class org/gradle/groovy/scripts/internal/BuildOperationBackedScriptCompilationHandler done
Event: 4.904 loading class org/gradle/internal/scripts/CompileScriptBuildOperationType$Result
Event: 4.904 loading class org/gradle/internal/scripts/CompileScriptBuildOperationType$Result done
Event: 4.904 loading class org/gradle/internal/operations/RunnableBuildOperation
Event: 4.904 loading class org/gradle/internal/operations/RunnableBuildOperation done
Event: 4.905 loading class org/gradle/groovy/scripts/internal/BuildOperationBackedScriptCompilationHandler$1
Event: 4.905 loading class org/gradle/groovy/scripts/internal/BuildOperationBackedScriptCompilationHandler$1 done


Dynamic libraries:
0x00007ff725200000 - 0x00007ff725231000 	C:\Program Files\Android\Android Studio\jre\bin\java.exe
0x00007ffe4bc40000 - 0x00007ffe4be21000 	C:\Windows\SYSTEM32\ntdll.dll
0x00007ffe4b5b0000 - 0x00007ffe4b662000 	C:\Windows\System32\KERNEL32.DLL
0x00007ffe48850000 - 0x00007ffe48ac3000 	C:\Windows\System32\KERNELBASE.dll
0x00007ffe4b670000 - 0x00007ffe4b711000 	C:\Windows\System32\ADVAPI32.dll
0x00007ffe4b730000 - 0x00007ffe4b7ce000 	C:\Windows\System32\msvcrt.dll
0x00007ffe4b2c0000 - 0x00007ffe4b31b000 	C:\Windows\System32\sechost.dll
0x00007ffe4bae0000 - 0x00007ffe4bc04000 	C:\Windows\System32\RPCRT4.dll
0x00007ffe4b0d0000 - 0x00007ffe4b260000 	C:\Windows\System32\USER32.dll
0x00007ffe48f10000 - 0x00007ffe48f30000 	C:\Windows\System32\win32u.dll
0x00007ffe4b580000 - 0x00007ffe4b5a8000 	C:\Windows\System32\GDI32.dll
0x00007ffe48f30000 - 0x00007ffe490c2000 	C:\Windows\System32\gdi32full.dll
0x00007ffe48e20000 - 0x00007ffe48ebf000 	C:\Windows\System32\msvcp_win.dll
0x00007ffe48d20000 - 0x00007ffe48e1a000 	C:\Windows\System32\ucrtbase.dll
0x00007ffe38ac0000 - 0x00007ffe38d29000 	C:\Windows\WinSxS\amd64_microsoft.windows.common-controls_6595b64144ccf1df_6.0.17134.112_none_fb3f961b30681c12\COMCTL32.dll
0x00007ffe4a6d0000 - 0x00007ffe4a9f3000 	C:\Windows\System32\combase.dll
0x00007ffe48010000 - 0x00007ffe4808a000 	C:\Windows\System32\bcryptPrimitives.dll
0x00007ffe491b0000 - 0x00007ffe491dd000 	C:\Windows\System32\IMM32.DLL
0x000000005f950000 - 0x000000005fa22000 	C:\Program Files\Android\Android Studio\jre\jre\bin\msvcr100.dll
0x000000005fa30000 - 0x000000006027b000 	C:\Program Files\Android\Android Studio\jre\jre\bin\server\jvm.dll
0x00007ffe4b720000 - 0x00007ffe4b728000 	C:\Windows\System32\PSAPI.DLL
0x00007ffe341c0000 - 0x00007ffe341c9000 	C:\Windows\SYSTEM32\WSOCK32.dll
0x00007ffe4ac00000 - 0x00007ffe4ac6c000 	C:\Windows\System32\WS2_32.dll
0x00007ffe435b0000 - 0x00007ffe435d3000 	C:\Windows\SYSTEM32\WINMM.dll
0x00007ffe35090000 - 0x00007ffe3509a000 	C:\Windows\SYSTEM32\VERSION.dll
0x00007ffe43580000 - 0x00007ffe435aa000 	C:\Windows\SYSTEM32\WINMMBASE.dll
0x00007ffe48ec0000 - 0x00007ffe48f09000 	C:\Windows\System32\cfgmgr32.dll
0x00007ffe444e0000 - 0x00007ffe444ef000 	C:\Program Files\Android\Android Studio\jre\jre\bin\verify.dll
0x00007ffe42530000 - 0x00007ffe42559000 	C:\Program Files\Android\Android Studio\jre\jre\bin\java.dll
0x00007ffe42dd0000 - 0x00007ffe42de6000 	C:\Program Files\Android\Android Studio\jre\jre\bin\zip.dll
0x00007ffe491e0000 - 0x00007ffe4a620000 	C:\Windows\System32\SHELL32.dll
0x00007ffe4a620000 - 0x00007ffe4a6c9000 	C:\Windows\System32\shcore.dll
0x00007ffe48140000 - 0x00007ffe4884d000 	C:\Windows\System32\windows.storage.dll
0x00007ffe4b520000 - 0x00007ffe4b571000 	C:\Windows\System32\shlwapi.dll
0x00007ffe47fa0000 - 0x00007ffe47fb1000 	C:\Windows\System32\kernel.appcore.dll
0x00007ffe47f60000 - 0x00007ffe47f7f000 	C:\Windows\System32\profapi.dll
0x00007ffe47fc0000 - 0x00007ffe4800c000 	C:\Windows\System32\powrprof.dll
0x00007ffe47f50000 - 0x00007ffe47f5a000 	C:\Windows\System32\FLTLIB.DLL
0x00007ffe42470000 - 0x00007ffe4248a000 	C:\Program Files\Android\Android Studio\jre\jre\bin\net.dll
0x00007ffe477d0000 - 0x00007ffe47836000 	C:\Windows\system32\mswsock.dll
0x00007ffe42370000 - 0x00007ffe42383000 	C:\Program Files\Android\Android Studio\jre\jre\bin\nio.dll
0x00007ffe395c0000 - 0x00007ffe395e7000 	C:\Users\user\.gradle\native\f6784746aeab05261644944871eae4fe03e0ef1612fff0a4a95f87b438bc6780\windows-amd64\native-platform.dll
0x00007ffe424a0000 - 0x00007ffe424ad000 	C:\Program Files\Android\Android Studio\jre\jre\bin\management.dll
0x00007ffe47980000 - 0x00007ffe47997000 	C:\Windows\SYSTEM32\CRYPTSP.dll
0x00007ffe473b0000 - 0x00007ffe473e3000 	C:\Windows\system32\rsaenh.dll
0x00007ffe47ab0000 - 0x00007ffe47ad5000 	C:\Windows\SYSTEM32\bcrypt.dll
0x00007ffe47e50000 - 0x00007ffe47e78000 	C:\Windows\SYSTEM32\USERENV.dll
0x00007ffe479a0000 - 0x00007ffe479ab000 	C:\Windows\SYSTEM32\CRYPTBASE.dll
0x00007ffe47550000 - 0x00007ffe47588000 	C:\Windows\SYSTEM32\IPHLPAPI.DLL
0x00007ffe4b0c0000 - 0x00007ffe4b0c8000 	C:\Windows\System32\NSI.dll
0x00007ffe3d0e0000 - 0x00007ffe3d0f6000 	C:\Windows\SYSTEM32\dhcpcsvc6.DLL
0x00007ffe3f0d0000 - 0x00007ffe3f0ea000 	C:\Windows\SYSTEM32\dhcpcsvc.DLL
0x00007ffe3f060000 - 0x00007ffe3f06b000 	C:\Windows\SYSTEM32\WINNSI.DLL

VM Arguments:
jvm_args: -Xmx2048m -Dfile.encoding=UTF-8 -Duser.country=US -Duser.language=en -Duser.variant 
java_command: org.gradle.launcher.daemon.bootstrap.GradleDaemon 6.5
java_class_path (initial): C:\Users\user\.gradle\wrapper\dists\gradle-6.5-bin\6nifqtx7604sqp1q6g8wikw7p\gradle-6.5\lib\gradle-launcher-6.5.jar
Launcher Type: SUN_STANDARD

Environment Variables:
PATH=C:\Program Files (x86)\Common Files\Oracle\Java\javapath;C:\ProgramData\Oracle\Java\javapath;C:\Windows\system32;C:\Windows;C:\Windows\System32\Wbem;C:\Windows\System32\WindowsPowerShell\v1.0\;C:\Windows\System32\OpenSSH\;C:\Program Files\Microsoft\Web Platform Installer\;C:\Program Files (x86)\Microsoft ASP.NET\ASP.NET Web Pages\v1.0\;C:\Program Files\Microsoft SQL Server\110\Tools\Binn\;c:\Program Files (x86)\Microsoft SQL Server\100\Tools\Binn\;c:\Program Files\Microsoft SQL Server\100\Tools\Binn\;c:\Program Files\Microsoft SQL Server\100\DTS\Binn\;C:\Program Files\Java\jre1.8.0_271\bin;C:\Program Files\Git\cmd;C:\Program Files\nodejs\;C:\Users\user\AppData\Local\Programs\Python\Python38\Scripts\;C:\Users\user\AppData\Local\Programs\Python\Python38\;C:\Users\user\AppData\Local\Microsoft\WindowsApps;C:\Program Files\JetBrains\PyCharm Community Edition 2019.2.5\bin;C:\source\flutter\flutter\bin;C:\Program Files\heroku\bin;C:\Program Files (x86)\Common Files\Java;C:\Users\user\IntelliJ IDEA Community Edition 2020.2.3\bin;C:\Users\user\AppData\Local\Programs\Microsoft VS Code\bin;C:\Users\user\AppData\Roaming\npm;C:\Users\user\AppData\Local\hyper\app-3.0.2\resources\bin;C:\MinGW\bin;
USERNAME=Osemudiamen-Itua
OS=Windows_NT
PROCESSOR_IDENTIFIER=Intel64 Family 6 Model 61 Stepping 4, GenuineIntel



---------------  S Y S T E M  ---------------

OS: Windows 10.0 , 64 bit Build 17134 (10.0.17134.1)

CPU:total 4 (initial active 4) (2 cores per cpu, 2 threads per core) family 6 model 61 stepping 4, cmov, cx8, fxsr, mmx, sse, sse2, sse3, ssse3, sse4.1, sse4.2, popcnt, avx, avx2, aes, clmul, erms, rtm, 3dnowpref, lzcnt, ht, tsc, tscinvbit, bmi1, bmi2, adx

Memory: 4k page, physical 8077532k(1280180k free), swap 8077532k(5132k free)

vm_info: OpenJDK 64-Bit Server VM (25.242-b01) for windows-amd64 JRE (1.8.0_242-release-1644-b01), built by "builder" with MS VC++ 10.0 (VS2010)

time: Wed May 19 16:08:14 2021
timezone: W. Central Africa Standard Time
elapsed time: 4 seconds (0d 0h 0m 4s)

