#
# There is insufficient memory for the Java Runtime Environment to continue.
# Native memory allocation (malloc) failed to allocate 1766736 bytes for Chunk::new
# Possible reasons:
#   The system is out of physical RAM or swap space
#   The process is running with CompressedOops enabled, and the Java Heap may be blocking the growth of the native heap
# Possible solutions:
#   Reduce memory load on the system
#   Increase physical memory or swap space
#   Check if swap backing store is full
#   Decrease Java heap size (-Xmx/-Xms)
#   Decrease number of Java threads
#   Decrease Java thread stack sizes (-Xss)
#   Set larger code cache with -XX:ReservedCodeCacheSize=
#   JVM is running with Unscaled Compressed Oops mode in which the Java heap is
#     placed in the first 4GB address space. The Java Heap base address is the
#     maximum limit for the native heap growth. Please use -XX:HeapBaseMinAddress
#     to set the Java Heap base and to place the Java Heap above 4GB virtual address.
# This output file may be truncated or incomplete.
#
#  Out of Memory Error (allocation.cpp:389), pid=8508, tid=0x0000000000002b4c
#
# JRE version: OpenJDK Runtime Environment (8.0_242-b01) (build 1.8.0_242-release-1644-b01)
# Java VM: OpenJDK 64-Bit Server VM (25.242-b01 mixed mode windows-amd64 compressed oops)
# Failed to write core dump. Minidumps are not enabled by default on client versions of Windows
#

---------------  T H R E A D  ---------------

Current thread (0x0000000017a1a000):  JavaThread "C2 CompilerThread1" daemon [_thread_in_native, id=11084, stack(0x0000000019070000,0x0000000019170000)]

Stack: [0x0000000019070000,0x0000000019170000]
[error occurred during error reporting (printing stack bounds), id 0xc0000005]

Native frames: (J=compiled Java code, j=interpreted, Vv=VM code, C=native code)


Current CompileTask:
C2:  24092 13214 %     4       com.android.tools.r8.ir.regalloc.a::a @ 2118 (3992 bytes)


---------------  P R O C E S S  ---------------

Java Threads: ( => current thread )
  0x000000001eadb000 JavaThread "WorkerExecutor Queue" [_thread_blocked, id=7300, stack(0x000000002d230000,0x000000002d330000)]
  0x000000001ead2800 JavaThread "Cache worker for execution history cache (C:\Users\user\AndroidStudioProjects\ContactList\.gradle\6.5\executionHistory)" [_thread_blocked, id=9544, stack(0x000000002c930000,0x000000002ca30000)]
  0x000000001ead2000 JavaThread "Execution worker for ':' Thread 3" [_thread_blocked, id=8924, stack(0x000000002c830000,0x000000002c930000)]
  0x000000001ead1000 JavaThread "Execution worker for ':' Thread 2" [_thread_in_Java, id=11344, stack(0x000000002c730000,0x000000002c830000)]
  0x000000001eacf000 JavaThread "Execution worker for ':'" [_thread_blocked, id=9740, stack(0x000000002c630000,0x000000002c730000)]
  0x000000001eacf800 JavaThread "Cache worker for file content cache (C:\Users\user\AndroidStudioProjects\ContactList\.gradle\6.5\fileContent)" [_thread_blocked, id=1948, stack(0x000000002c130000,0x000000002c230000)]
  0x000000001ab87800 JavaThread "Memory manager" [_thread_blocked, id=612, stack(0x000000002c030000,0x000000002c130000)]
  0x000000001ab89000 JavaThread "Cache worker for Build Output Cleanup Cache (C:\Users\user\AndroidStudioProjects\ContactList\.gradle\buildOutputCleanup)" [_thread_blocked, id=9000, stack(0x000000002aca0000,0x000000002ada0000)]
  0x000000001ab85000 JavaThread "jar transforms Thread 113" [_thread_blocked, id=9176, stack(0x000000002aba0000,0x000000002aca0000)]
  0x000000001ab84800 JavaThread "jar transforms Thread 112" [_thread_blocked, id=9672, stack(0x000000002aaa0000,0x000000002aba0000)]
  0x000000001ab7c800 JavaThread "jar transforms Thread 111" [_thread_blocked, id=6668, stack(0x000000002a9a0000,0x000000002aaa0000)]
  0x000000001ab83800 JavaThread "jar transforms Thread 110" [_thread_blocked, id=10568, stack(0x000000002a8a0000,0x000000002a9a0000)]
  0x000000001ab7c000 JavaThread "jar transforms Thread 109" [_thread_blocked, id=6912, stack(0x000000002a7a0000,0x000000002a8a0000)]
  0x000000001ab83000 JavaThread "jar transforms Thread 108" [_thread_blocked, id=584, stack(0x000000002a6a0000,0x000000002a7a0000)]
  0x000000001ab7b000 JavaThread "jar transforms Thread 107" [_thread_blocked, id=7656, stack(0x000000002a5a0000,0x000000002a6a0000)]
  0x000000001ab7e000 JavaThread "jar transforms Thread 106" [_thread_blocked, id=10484, stack(0x000000002a4a0000,0x000000002a5a0000)]
  0x000000001ab82000 JavaThread "jar transforms Thread 105" [_thread_blocked, id=9076, stack(0x000000002a3a0000,0x000000002a4a0000)]
  0x000000001ab7a800 JavaThread "jar transforms Thread 104" [_thread_blocked, id=10696, stack(0x000000002a2a0000,0x000000002a3a0000)]
  0x000000001ab81000 JavaThread "jar transforms Thread 103" [_thread_blocked, id=7164, stack(0x000000002a1a0000,0x000000002a2a0000)]
  0x000000001ab80800 JavaThread "jar transforms Thread 102" [_thread_blocked, id=3580, stack(0x000000002a0a0000,0x000000002a1a0000)]
  0x000000001ab79800 JavaThread "jar transforms Thread 101" [_thread_blocked, id=2480, stack(0x0000000029fa0000,0x000000002a0a0000)]
  0x000000001ab7f800 JavaThread "jar transforms Thread 100" [_thread_blocked, id=5616, stack(0x0000000029ea0000,0x0000000029fa0000)]
  0x000000001ab7f000 JavaThread "jar transforms Thread 99" [_thread_blocked, id=9556, stack(0x0000000029da0000,0x0000000029ea0000)]
  0x000000001ab7d800 JavaThread "jar transforms Thread 98" [_thread_blocked, id=9860, stack(0x0000000029ca0000,0x0000000029da0000)]
  0x000000001a84a000 JavaThread "jar transforms Thread 97" [_thread_blocked, id=6468, stack(0x0000000029ba0000,0x0000000029ca0000)]
  0x000000001a848800 JavaThread "jar transforms Thread 96" [_thread_blocked, id=11376, stack(0x0000000029aa0000,0x0000000029ba0000)]
  0x000000001a84b800 JavaThread "jar transforms Thread 95" [_thread_blocked, id=4696, stack(0x00000000299a0000,0x0000000029aa0000)]
  0x000000001a848000 JavaThread "jar transforms Thread 94" [_thread_blocked, id=8964, stack(0x00000000298a0000,0x00000000299a0000)]
  0x000000001a84c800 JavaThread "jar transforms Thread 93" [_thread_blocked, id=1316, stack(0x00000000297a0000,0x00000000298a0000)]
  0x000000001a84b000 JavaThread "jar transforms Thread 92" [_thread_blocked, id=1312, stack(0x00000000296a0000,0x00000000297a0000)]
  0x000000001a847000 JavaThread "jar transforms Thread 91" [_thread_blocked, id=12056, stack(0x00000000295a0000,0x00000000296a0000)]
  0x000000001a849800 JavaThread "jar transforms Thread 90" [_thread_blocked, id=11432, stack(0x00000000294a0000,0x00000000295a0000)]
  0x000000001a83f800 JavaThread "jar transforms Thread 89" [_thread_blocked, id=7344, stack(0x00000000293a0000,0x00000000294a0000)]
  0x000000001a846800 JavaThread "jar transforms Thread 88" [_thread_blocked, id=1284, stack(0x00000000292a0000,0x00000000293a0000)]
  0x000000001a83f000 JavaThread "jar transforms Thread 87" [_thread_blocked, id=12092, stack(0x00000000291a0000,0x00000000292a0000)]
  0x000000001a845800 JavaThread "jar transforms Thread 86" [_thread_blocked, id=11052, stack(0x00000000290a0000,0x00000000291a0000)]
  0x000000001a83e000 JavaThread "jar transforms Thread 85" [_thread_blocked, id=2608, stack(0x0000000028fa0000,0x00000000290a0000)]
  0x000000001a845000 JavaThread "jar transforms Thread 84" [_thread_blocked, id=6360, stack(0x0000000028ea0000,0x0000000028fa0000)]
  0x000000001a841000 JavaThread "jar transforms Thread 83" [_thread_blocked, id=10736, stack(0x0000000028da0000,0x0000000028ea0000)]
  0x000000001a83d800 JavaThread "jar transforms Thread 82" [_thread_blocked, id=12032, stack(0x0000000028ca0000,0x0000000028da0000)]
  0x000000001a842800 JavaThread "jar transforms Thread 81" [_thread_blocked, id=3304, stack(0x0000000028ba0000,0x0000000028ca0000)]
  0x000000001a842000 JavaThread "jar transforms Thread 80" [_thread_blocked, id=10628, stack(0x0000000028aa0000,0x0000000028ba0000)]
  0x000000001a843800 JavaThread "jar transforms Thread 79" [_thread_blocked, id=11976, stack(0x00000000289a0000,0x0000000028aa0000)]
  0x000000001a840800 JavaThread "jar transforms Thread 78" [_thread_blocked, id=8704, stack(0x00000000288a0000,0x00000000289a0000)]
  0x000000001a844000 JavaThread "jar transforms Thread 77" [_thread_blocked, id=6400, stack(0x00000000287a0000,0x00000000288a0000)]
  0x000000001dee2000 JavaThread "jar transforms Thread 76" [_thread_blocked, id=2832, stack(0x00000000286a0000,0x00000000287a0000)]
  0x000000001dedd800 JavaThread "jar transforms Thread 75" [_thread_blocked, id=10404, stack(0x00000000285a0000,0x00000000286a0000)]
  0x000000001dedc800 JavaThread "jar transforms Thread 74" [_thread_blocked, id=11588, stack(0x00000000284a0000,0x00000000285a0000)]
  0x000000001dede000 JavaThread "jar transforms Thread 73" [_thread_blocked, id=9784, stack(0x00000000283a0000,0x00000000284a0000)]
  0x000000001dee0800 JavaThread "jar transforms Thread 72" [_thread_blocked, id=5112, stack(0x00000000282a0000,0x00000000283a0000)]
  0x000000001dedb800 JavaThread "jar transforms Thread 71" [_thread_blocked, id=11424, stack(0x00000000281a0000,0x00000000282a0000)]
  0x000000001dee1000 JavaThread "jar transforms Thread 70" [_thread_blocked, id=3180, stack(0x00000000280a0000,0x00000000281a0000)]
  0x000000001dedf800 JavaThread "jar transforms Thread 69" [_thread_blocked, id=1220, stack(0x0000000027fa0000,0x00000000280a0000)]
  0x000000001dedf000 JavaThread "jar transforms Thread 68" [_thread_blocked, id=11428, stack(0x0000000027ea0000,0x0000000027fa0000)]
  0x000000001ded4000 JavaThread "jar transforms Thread 67" [_thread_blocked, id=9092, stack(0x0000000027da0000,0x0000000027ea0000)]
  0x000000001dedb000 JavaThread "jar transforms Thread 66" [_thread_blocked, id=11856, stack(0x0000000027ca0000,0x0000000027da0000)]
  0x000000001deda000 JavaThread "jar transforms Thread 65" [_thread_blocked, id=1072, stack(0x0000000027ba0000,0x0000000027ca0000)]
  0x000000001ded2800 JavaThread "jar transforms Thread 64" [_thread_blocked, id=1068, stack(0x0000000027aa0000,0x0000000027ba0000)]
  0x000000001ded8800 JavaThread "jar transforms Thread 63" [_thread_blocked, id=5324, stack(0x00000000279a0000,0x0000000027aa0000)]
  0x000000001ded3800 JavaThread "jar transforms Thread 62" [_thread_blocked, id=9164, stack(0x00000000278a0000,0x00000000279a0000)]
  0x000000001ded7000 JavaThread "jar transforms Thread 61" [_thread_blocked, id=11824, stack(0x00000000277a0000,0x00000000278a0000)]
  0x000000001ded9800 JavaThread "jar transforms Thread 60" [_thread_blocked, id=12152, stack(0x00000000276a0000,0x00000000277a0000)]
  0x000000001ded8000 JavaThread "jar transforms Thread 59" [_thread_blocked, id=1616, stack(0x00000000275a0000,0x00000000276a0000)]
  0x000000001ded6800 JavaThread "jar transforms Thread 58" [_thread_blocked, id=9136, stack(0x00000000274a0000,0x00000000275a0000)]
  0x000000001ded5800 JavaThread "jar transforms Thread 57" [_thread_blocked, id=7944, stack(0x00000000273a0000,0x00000000274a0000)]
  0x000000001ded5000 JavaThread "jar transforms Thread 56" [_thread_blocked, id=5000, stack(0x00000000272a0000,0x00000000273a0000)]
  0x000000001defa000 JavaThread "jar transforms Thread 55" [_thread_blocked, id=10972, stack(0x00000000271a0000,0x00000000272a0000)]
  0x000000001def2000 JavaThread "jar transforms Thread 54" [_thread_blocked, id=11508, stack(0x00000000270a0000,0x00000000271a0000)]
  0x000000001def9000 JavaThread "jar transforms Thread 53" [_thread_blocked, id=2308, stack(0x0000000026fa0000,0x00000000270a0000)]
  0x000000001def7800 JavaThread "jar transforms Thread 52" [_thread_blocked, id=11656, stack(0x0000000026ea0000,0x0000000026fa0000)]
  0x000000001def1800 JavaThread "jar transforms Thread 51" [_thread_blocked, id=2420, stack(0x0000000026da0000,0x0000000026ea0000)]
  0x000000001def7000 JavaThread "jar transforms Thread 50" [_thread_blocked, id=2616, stack(0x0000000026ca0000,0x0000000026da0000)]
  0x000000001def4800 JavaThread "jar transforms Thread 49" [_thread_blocked, id=9432, stack(0x0000000026ba0000,0x0000000026ca0000)]
  0x000000001def6000 JavaThread "jar transforms Thread 48" [_thread_blocked, id=11848, stack(0x0000000026aa0000,0x0000000026ba0000)]
  0x000000001def3800 JavaThread "jar transforms Thread 47" [_thread_blocked, id=6232, stack(0x00000000269a0000,0x0000000026aa0000)]
  0x000000001def8800 JavaThread "jar transforms Thread 46" [_thread_blocked, id=6336, stack(0x00000000268a0000,0x00000000269a0000)]
  0x000000001def0800 JavaThread "jar transforms Thread 45" [_thread_blocked, id=9096, stack(0x00000000267a0000,0x00000000268a0000)]
  0x000000001def5800 JavaThread "jar transforms Thread 44" [_thread_blocked, id=11680, stack(0x00000000266a0000,0x00000000267a0000)]
  0x000000001def3000 JavaThread "jar transforms Thread 43" [_thread_blocked, id=11172, stack(0x00000000265a0000,0x00000000266a0000)]
  0x000000001deea800 JavaThread "jar transforms Thread 42" [_thread_blocked, id=664, stack(0x00000000264a0000,0x00000000265a0000)]
  0x000000001deee800 JavaThread "jar transforms Thread 41" [_thread_blocked, id=1556, stack(0x00000000263a0000,0x00000000264a0000)]
  0x000000001deed800 JavaThread "jar transforms Thread 40" [_thread_blocked, id=9852, stack(0x00000000262a0000,0x00000000263a0000)]
  0x000000001deed000 JavaThread "jar transforms Thread 39" [_thread_blocked, id=9824, stack(0x00000000261a0000,0x00000000262a0000)]
  0x000000001deeb800 JavaThread "jar transforms Thread 38" [_thread_blocked, id=11492, stack(0x00000000260a0000,0x00000000261a0000)]
  0x000000001def0000 JavaThread "jar transforms Thread 37" [_thread_blocked, id=6272, stack(0x0000000025fa0000,0x00000000260a0000)]
  0x000000001deef000 JavaThread "jar transforms Thread 36" [_thread_blocked, id=6704, stack(0x0000000025ea0000,0x0000000025fa0000)]
  0x000000001deec000 JavaThread "jar transforms Thread 35" [_thread_blocked, id=3808, stack(0x0000000025da0000,0x0000000025ea0000)]
  0x000000001a9c9800 JavaThread "jar transforms Thread 34" [_thread_blocked, id=6988, stack(0x0000000025ca0000,0x0000000025da0000)]
  0x000000001a9c8800 JavaThread "jar transforms Thread 33" [_thread_blocked, id=8624, stack(0x0000000025ba0000,0x0000000025ca0000)]
  0x000000001a9c8000 JavaThread "jar transforms Thread 32" [_thread_blocked, id=1040, stack(0x0000000025aa0000,0x0000000025ba0000)]
  0x000000001a9c7000 JavaThread "jar transforms Thread 31" [_thread_blocked, id=12224, stack(0x00000000259a0000,0x0000000025aa0000)]
  0x000000001a9c5800 JavaThread "jar transforms Thread 30" [_thread_blocked, id=6672, stack(0x00000000258a0000,0x00000000259a0000)]
  0x000000001a9c6800 JavaThread "jar transforms Thread 29" [_thread_blocked, id=10060, stack(0x00000000257a0000,0x00000000258a0000)]
  0x000000001a9be000 JavaThread "jar transforms Thread 28" [_thread_blocked, id=8776, stack(0x00000000256a0000,0x00000000257a0000)]
  0x000000001a9c5000 JavaThread "jar transforms Thread 27" [_thread_blocked, id=5544, stack(0x00000000255a0000,0x00000000256a0000)]
  0x000000001a9c4000 JavaThread "jar transforms Thread 26" [_thread_blocked, id=11776, stack(0x00000000254a0000,0x00000000255a0000)]
  0x000000001a9c3800 JavaThread "jar transforms Thread 25" [_thread_blocked, id=8884, stack(0x00000000253a0000,0x00000000254a0000)]
  0x000000001a9c2800 JavaThread "jar transforms Thread 24" [_thread_blocked, id=8004, stack(0x00000000252a0000,0x00000000253a0000)]
  0x000000001a9c2000 JavaThread "jar transforms Thread 23" [_thread_blocked, id=11740, stack(0x00000000251a0000,0x00000000252a0000)]
  0x000000001a9c0800 JavaThread "jar transforms Thread 22" [_thread_blocked, id=7772, stack(0x00000000250a0000,0x00000000251a0000)]
  0x000000001a9bf000 JavaThread "jar transforms Thread 21" [_thread_blocked, id=6328, stack(0x0000000024fa0000,0x00000000250a0000)]
  0x000000001a9ba000 JavaThread "jar transforms Thread 20" [_thread_blocked, id=1148, stack(0x0000000024ea0000,0x0000000024fa0000)]
  0x000000001a9bd800 JavaThread "jar transforms Thread 19" [_thread_blocked, id=8112, stack(0x0000000024da0000,0x0000000024ea0000)]
  0x000000001a9bb000 JavaThread "jar transforms Thread 18" [_thread_blocked, id=9840, stack(0x0000000024ca0000,0x0000000024da0000)]
  0x000000001a9c1000 JavaThread "jar transforms Thread 17" [_thread_blocked, id=3260, stack(0x0000000024ba0000,0x0000000024ca0000)]
  0x000000001a9bf800 JavaThread "jar transforms Thread 16" [_thread_blocked, id=9812, stack(0x0000000024aa0000,0x0000000024ba0000)]
  0x000000001a9bc800 JavaThread "jar transforms Thread 15" [_thread_blocked, id=9820, stack(0x00000000249a0000,0x0000000024aa0000)]
  0x000000001a9bb800 JavaThread "jar transforms Thread 14" [_thread_blocked, id=6808, stack(0x00000000248a0000,0x00000000249a0000)]
  0x000000001bec2000 JavaThread "jar transforms Thread 13" [_thread_blocked, id=3512, stack(0x00000000247a0000,0x00000000248a0000)]
  0x000000001bec0800 JavaThread "jar transforms Thread 12" [_thread_blocked, id=216, stack(0x00000000246a0000,0x00000000247a0000)]
  0x000000001bebf800 JavaThread "jar transforms Thread 11" [_thread_blocked, id=11760, stack(0x00000000245a0000,0x00000000246a0000)]
  0x000000001bec1000 JavaThread "jar transforms Thread 10" [_thread_blocked, id=4992, stack(0x0000000024330000,0x0000000024430000)]
  0x000000001bebe000 JavaThread "jar transforms Thread 9" [_thread_blocked, id=1996, stack(0x0000000024230000,0x0000000024330000)]
  0x000000001bebd800 JavaThread "jar transforms Thread 8" [_thread_blocked, id=11544, stack(0x0000000024130000,0x0000000024230000)]
  0x000000001bec2800 JavaThread "jar transforms Thread 7" [_thread_blocked, id=4052, stack(0x0000000024030000,0x0000000024130000)]
  0x000000001bebf000 JavaThread "jar transforms Thread 6" [_thread_blocked, id=9744, stack(0x0000000023f30000,0x0000000024030000)]
  0x000000001bec3800 JavaThread "jar transforms Thread 5" [_thread_blocked, id=6776, stack(0x0000000023e30000,0x0000000023f30000)]
  0x000000001beb5800 JavaThread "jar transforms Thread 4" [_thread_blocked, id=11304, stack(0x0000000023d30000,0x0000000023e30000)]
  0x000000001beb9800 JavaThread "jar transforms Thread 3" [_thread_blocked, id=6416, stack(0x0000000023c30000,0x0000000023d30000)]
  0x000000001beb8800 JavaThread "jar transforms Thread 2" [_thread_blocked, id=10956, stack(0x0000000023b30000,0x0000000023c30000)]
  0x000000001bebc800 JavaThread "Build operations Thread 4" [_thread_blocked, id=10328, stack(0x00000000236f0000,0x00000000237f0000)]
  0x000000001beb8000 JavaThread "Build operations Thread 3" [_thread_blocked, id=2948, stack(0x00000000235f0000,0x00000000236f0000)]
  0x000000001bebb000 JavaThread "Build operations Thread 2" [_thread_in_Java, id=1572, stack(0x00000000234f0000,0x00000000235f0000)]
  0x000000001beb7000 JavaThread "Build operations" [_thread_blocked, id=1144, stack(0x00000000233f0000,0x00000000234f0000)]
  0x000000001b283000 JavaThread "Cache worker for file content cache (C:\Users\user\.gradle\caches\6.5\fileContent)" [_thread_blocked, id=11448, stack(0x0000000021d20000,0x0000000021e20000)]
  0x000000001b282800 JavaThread "jar transforms" [_thread_blocked, id=9064, stack(0x0000000021c20000,0x0000000021d20000)]
  0x000000001b281800 JavaThread "Cache worker for execution history cache (C:\Users\user\.gradle\caches\6.5\executionHistory)" [_thread_blocked, id=384, stack(0x0000000021920000,0x0000000021a20000)]
  0x000000001b280000 JavaThread "Cache worker for cache directory md-rule (C:\Users\user\.gradle\caches\6.5\md-rule)" [_thread_blocked, id=11836, stack(0x0000000021820000,0x0000000021920000)]
  0x000000001b284000 JavaThread "Cache worker for cache directory md-supplier (C:\Users\user\.gradle\caches\6.5\md-supplier)" [_thread_blocked, id=12260, stack(0x0000000021720000,0x0000000021820000)]
  0x000000001b27f800 JavaThread "Cache worker for checksums cache (C:\Users\user\AndroidStudioProjects\ContactList\.gradle\checksums)" [_thread_blocked, id=11160, stack(0x0000000020580000,0x0000000020680000)]
  0x000000001b27e800 JavaThread "Cache worker for file hash cache (C:\Users\user\AndroidStudioProjects\ContactList\.gradle\6.5\fileHashes)" [_thread_blocked, id=3936, stack(0x0000000020480000,0x0000000020580000)]
  0x000000001b27e000 JavaThread "Cache worker for file hash cache (C:\Users\user\.gradle\caches\6.5\fileHashes)" [_thread_blocked, id=3488, stack(0x000000001d890000,0x000000001d990000)]
  0x000000001b281000 JavaThread "File lock request listener" [_thread_in_native, id=7580, stack(0x000000001d790000,0x000000001d890000)]
  0x000000001b3ec000 JavaThread "Cache worker for journal cache (C:\Users\user\.gradle\caches\journal-1)" [_thread_blocked, id=10916, stack(0x000000001d590000,0x000000001d690000)]
  0x000000001b302000 JavaThread "Thread-9" [_thread_blocked, id=11648, stack(0x000000001d290000,0x000000001d390000)]
  0x000000001b2fd800 JavaThread "Stdin handler" [_thread_blocked, id=11928, stack(0x000000001d190000,0x000000001d290000)]
  0x000000001b2fc000 JavaThread "Asynchronous log dispatcher for DefaultDaemonConnection: socket connection from /127.0.0.1:53105 to /127.0.0.1:53106" [_thread_blocked, id=3296, stack(0x000000001d090000,0x000000001d190000)]
  0x000000001a87c800 JavaThread "Daemon worker" [_thread_blocked, id=8896, stack(0x000000001cf90000,0x000000001d090000)]
  0x000000001b305000 JavaThread "Cancel handler" [_thread_blocked, id=11728, stack(0x000000001ce90000,0x000000001cf90000)]
  0x000000001a875800 JavaThread "Handler for socket connection from /127.0.0.1:53105 to /127.0.0.1:53106" [_thread_in_native, id=4316, stack(0x000000001cd90000,0x000000001ce90000)]
  0x000000001a36c800 JavaThread "Daemon" [_thread_blocked, id=9056, stack(0x000000001ca90000,0x000000001cb90000)]
  0x000000001b2fa000 JavaThread "Daemon periodic checks" [_thread_blocked, id=1528, stack(0x000000001c990000,0x000000001ca90000)]
  0x000000001b2d2800 JavaThread "Incoming local TCP Connector on port 53105" [_thread_in_native, id=11512, stack(0x000000001c750000,0x000000001c850000)]
  0x000000001b26c800 JavaThread "Daemon health stats" [_thread_blocked, id=11420, stack(0x000000001c210000,0x000000001c310000)]
  0x0000000017a6e800 JavaThread "Service Thread" daemon [_thread_blocked, id=8880, stack(0x0000000019670000,0x0000000019770000)]
  0x0000000017a2a800 JavaThread "C1 CompilerThread2" daemon [_thread_blocked, id=11784, stack(0x0000000019170000,0x0000000019270000)]
=>0x0000000017a1a000 JavaThread "C2 CompilerThread1" daemon [_thread_in_native, id=11084, stack(0x0000000019070000,0x0000000019170000)]
  0x0000000017a17800 JavaThread "C2 CompilerThread0" daemon [_thread_in_native, id=5228, stack(0x0000000018f70000,0x0000000019070000)]
  0x0000000017a15000 JavaThread "Attach Listener" daemon [_thread_blocked, id=9304, stack(0x0000000018e70000,0x0000000018f70000)]
  0x0000000017a12000 JavaThread "Signal Dispatcher" daemon [_thread_blocked, id=7472, stack(0x0000000018d70000,0x0000000018e70000)]
  0x0000000002deb800 JavaThread "Finalizer" daemon [_thread_blocked, id=7128, stack(0x0000000018c70000,0x0000000018d70000)]
  0x00000000179f9800 JavaThread "Reference Handler" daemon [_thread_blocked, id=3928, stack(0x0000000018b70000,0x0000000018c70000)]
  0x00000000009de000 JavaThread "main" [_thread_blocked, id=11204, stack(0x0000000002bf0000,0x0000000002cf0000)]

Other Threads:
  0x00000000179d6800 VMThread [stack: 0x0000000018a70000,0x0000000018b70000] [id=7416]
  0x00000000192a8800 WatcherThread [stack: 0x0000000019770000,0x0000000019870000] [id=9608]

VM state:not at safepoint (normal execution)

VM Mutex/Monitor currently owned by a thread: None

heap address: 0x0000000080000000, size: 2048 MB, Compressed Oops mode: 32-bit
Narrow klass base: 0x0000000000000000, Narrow klass shift: 3
Compressed class space size: 1073741824 Address: 0x0000000100000000

Heap:
 PSYoungGen      total 384512K, used 123073K [0x00000000d5580000, 0x00000000f1100000, 0x0000000100000000)
  eden space 346624K, 32% used [0x00000000d5580000,0x00000000dc3686c8,0x00000000ea800000)
  from space 37888K, 27% used [0x00000000ea800000,0x00000000eb248010,0x00000000ecd00000)
  to   space 35840K, 0% used [0x00000000eee00000,0x00000000eee00000,0x00000000f1100000)
 ParOldGen       total 120320K, used 91647K [0x0000000080000000, 0x0000000087580000, 0x00000000d5580000)
  object space 120320K, 76% used [0x0000000080000000,0x000000008597fce8,0x0000000087580000)
 Metaspace       used 83407K, capacity 87598K, committed 88344K, reserved 1126400K
  class space    used 11333K, capacity 12090K, committed 12320K, reserved 1048576K

Card table byte_map: [0x00000000121b0000,0x00000000125c0000] byte_map_base: 0x0000000011db0000

Marking Bits: (ParMarkBitMap*) 0x00000000601ff030
 Begin Bits: [0x0000000012c70000, 0x0000000014c70000)
 End Bits:   [0x0000000014c70000, 0x0000000016c70000)

Polling page: 0x0000000000d00000

CodeCache: size=245760Kb used=38404Kb max_used=38404Kb free=207355Kb
 bounds [0x0000000002df0000, 0x00000000053a0000, 0x0000000011df0000]
 total_blobs=12550 nmethods=11716 adapters=744
 compilation: enabled

Compilation events (10 events):
Event: 23.996 Thread 0x0000000017a2a800 13458       2       com.android.tools.r8.ir.regalloc.a::a (189 bytes)
Event: 23.998 Thread 0x0000000017a2a800 nmethod 13458 0x000000000538f190 code [0x000000000538f520, 0x00000000053902a8]
Event: 24.021 Thread 0x0000000017a2a800 13459       3       com.android.tools.r8.ir.optimize.l::b (158 bytes)
Event: 24.024 Thread 0x0000000017a2a800 nmethod 13459 0x0000000005390ed0 code [0x0000000005391360, 0x0000000005393dc8]
Event: 24.034 Thread 0x0000000017a2a800 13461       2       com.android.tools.r8.ir.regalloc.f::<init> (49 bytes)
Event: 24.034 Thread 0x0000000017a2a800 nmethod 13461 0x00000000053953d0 code [0x0000000005395520, 0x00000000053956b0]
Event: 24.036 Thread 0x0000000017a2a800 13462       2       com.android.tools.r8.q.a.a.a.D::a (130 bytes)
Event: 24.037 Thread 0x0000000017a2a800 nmethod 13462 0x0000000005395750 code [0x0000000005395980, 0x0000000005396428]
Event: 24.037 Thread 0x0000000017a2a800 13463       2       com.android.tools.r8.graph.Z::a (53 bytes)
Event: 24.038 Thread 0x0000000017a2a800 nmethod 13463 0x0000000005396ad0 code [0x0000000005396ce0, 0x0000000005397538]

GC Heap History (10 events):
Event: 18.762 GC heap before
{Heap before GC invocations=20 (full 4):
 PSYoungGen      total 356352K, used 4789K [0x00000000d5580000, 0x00000000ed980000, 0x0000000100000000)
  eden space 316416K, 0% used [0x00000000d5580000,0x00000000d5580000,0x00000000e8a80000)
  from space 39936K, 11% used [0x00000000eb280000,0x00000000eb72d6c8,0x00000000ed980000)
  to   space 40448K, 0% used [0x00000000e8a80000,0x00000000e8a80000,0x00000000eb200000)
 ParOldGen       total 120320K, used 108522K [0x0000000080000000, 0x0000000087580000, 0x00000000d5580000)
  object space 120320K, 90% used [0x0000000080000000,0x00000000869fab68,0x0000000087580000)
 Metaspace       used 83122K, capacity 87634K, committed 87704K, reserved 1124352K
  class space    used 11369K, capacity 12178K, committed 12192K, reserved 1048576K
Event: 19.115 GC heap after
Heap after GC invocations=20 (full 4):
 PSYoungGen      total 356352K, used 0K [0x00000000d5580000, 0x00000000ed980000, 0x0000000100000000)
  eden space 316416K, 0% used [0x00000000d5580000,0x00000000d5580000,0x00000000e8a80000)
  from space 39936K, 0% used [0x00000000eb280000,0x00000000eb280000,0x00000000ed980000)
  to   space 40448K, 0% used [0x00000000e8a80000,0x00000000e8a80000,0x00000000eb200000)
 ParOldGen       total 120320K, used 99159K [0x0000000080000000, 0x0000000087580000, 0x00000000d5580000)
  object space 120320K, 82% used [0x0000000080000000,0x00000000860d5ea8,0x0000000087580000)
 Metaspace       used 82887K, capacity 87016K, committed 87704K, reserved 1124352K
  class space    used 11288K, capacity 12033K, committed 12192K, reserved 1048576K
}
Event: 20.431 GC heap before
{Heap before GC invocations=21 (full 5):
 PSYoungGen      total 356352K, used 316416K [0x00000000d5580000, 0x00000000ed980000, 0x0000000100000000)
  eden space 316416K, 100% used [0x00000000d5580000,0x00000000e8a80000,0x00000000e8a80000)
  from space 39936K, 0% used [0x00000000eb280000,0x00000000eb280000,0x00000000ed980000)
  to   space 40448K, 0% used [0x00000000e8a80000,0x00000000e8a80000,0x00000000eb200000)
 ParOldGen       total 120320K, used 99159K [0x0000000080000000, 0x0000000087580000, 0x00000000d5580000)
  object space 120320K, 82% used [0x0000000080000000,0x00000000860d5ea8,0x0000000087580000)
 Metaspace       used 83240K, capacity 87448K, committed 88088K, reserved 1124352K
  class space    used 11325K, capacity 12089K, committed 12320K, reserved 1048576K
Event: 20.714 GC heap after
Heap after GC invocations=21 (full 5):
 PSYoungGen      total 356352K, used 0K [0x00000000d5580000, 0x00000000ed980000, 0x0000000100000000)
  eden space 316416K, 0% used [0x00000000d5580000,0x00000000d5580000,0x00000000e8a80000)
  from space 39936K, 0% used [0x00000000eb280000,0x00000000eb280000,0x00000000ed980000)
  to   space 40448K, 0% used [0x00000000e8a80000,0x00000000e8a80000,0x00000000eb200000)
 ParOldGen       total 120320K, used 91647K [0x0000000080000000, 0x0000000087580000, 0x00000000d5580000)
  object space 120320K, 76% used [0x0000000080000000,0x000000008597fce8,0x0000000087580000)
 Metaspace       used 83240K, capacity 87448K, committed 88088K, reserved 1124352K
  class space    used 11325K, capacity 12089K, committed 12320K, reserved 1048576K
}
Event: 22.018 GC heap before
{Heap before GC invocations=22 (full 5):
 PSYoungGen      total 356352K, used 316416K [0x00000000d5580000, 0x00000000ed980000, 0x0000000100000000)
  eden space 316416K, 100% used [0x00000000d5580000,0x00000000e8a80000,0x00000000e8a80000)
  from space 39936K, 0% used [0x00000000eb280000,0x00000000eb280000,0x00000000ed980000)
  to   space 40448K, 0% used [0x00000000e8a80000,0x00000000e8a80000,0x00000000eb200000)
 ParOldGen       total 120320K, used 91647K [0x0000000080000000, 0x0000000087580000, 0x00000000d5580000)
  object space 120320K, 76% used [0x0000000080000000,0x000000008597fce8,0x0000000087580000)
 Metaspace       used 83353K, capacity 87524K, committed 88344K, reserved 1126400K
  class space    used 11332K, capacity 12089K, committed 12320K, reserved 1048576K
Event: 22.038 GC heap after
Heap after GC invocations=22 (full 5):
 PSYoungGen      total 356864K, used 4480K [0x00000000d5580000, 0x00000000ef500000, 0x0000000100000000)
  eden space 316416K, 0% used [0x00000000d5580000,0x00000000d5580000,0x00000000e8a80000)
  from space 40448K, 11% used [0x00000000e8a80000,0x00000000e8ee0000,0x00000000eb200000)
  to   space 39424K, 0% used [0x00000000ece80000,0x00000000ece80000,0x00000000ef500000)
 ParOldGen       total 120320K, used 91647K [0x0000000080000000, 0x0000000087580000, 0x00000000d5580000)
  object space 120320K, 76% used [0x0000000080000000,0x000000008597fce8,0x0000000087580000)
 Metaspace       used 83353K, capacity 87524K, committed 88344K, reserved 1126400K
  class space    used 11332K, capacity 12089K, committed 12320K, reserved 1048576K
}
Event: 22.980 GC heap before
{Heap before GC invocations=23 (full 5):
 PSYoungGen      total 356864K, used 320896K [0x00000000d5580000, 0x00000000ef500000, 0x0000000100000000)
  eden space 316416K, 100% used [0x00000000d5580000,0x00000000e8a80000,0x00000000e8a80000)
  from space 40448K, 11% used [0x00000000e8a80000,0x00000000e8ee0000,0x00000000eb200000)
  to   space 39424K, 0% used [0x00000000ece80000,0x00000000ece80000,0x00000000ef500000)
 ParOldGen       total 120320K, used 91647K [0x0000000080000000, 0x0000000087580000, 0x00000000d5580000)
  object space 120320K, 76% used [0x0000000080000000,0x000000008597fce8,0x0000000087580000)
 Metaspace       used 83377K, capacity 87594K, committed 88344K, reserved 1126400K
  class space    used 11333K, capacity 12090K, committed 12320K, reserved 1048576K
Event: 23.001 GC heap after
Heap after GC invocations=23 (full 5):
 PSYoungGen      total 382976K, used 9312K [0x00000000d5580000, 0x00000000ef200000, 0x0000000100000000)
  eden space 346624K, 0% used [0x00000000d5580000,0x00000000d5580000,0x00000000ea800000)
  from space 36352K, 25% used [0x00000000ece80000,0x00000000ed798010,0x00000000ef200000)
  to   space 37888K, 0% used [0x00000000ea800000,0x00000000ea800000,0x00000000ecd00000)
 ParOldGen       total 120320K, used 91647K [0x0000000080000000, 0x0000000087580000, 0x00000000d5580000)
  object space 120320K, 76% used [0x0000000080000000,0x000000008597fce8,0x0000000087580000)
 Metaspace       used 83377K, capacity 87594K, committed 88344K, reserved 1126400K
  class space    used 11333K, capacity 12090K, committed 12320K, reserved 1048576K
}
Event: 23.823 GC heap before
{Heap before GC invocations=24 (full 5):
 PSYoungGen      total 382976K, used 355936K [0x00000000d5580000, 0x00000000ef200000, 0x0000000100000000)
  eden space 346624K, 100% used [0x00000000d5580000,0x00000000ea800000,0x00000000ea800000)
  from space 36352K, 25% used [0x00000000ece80000,0x00000000ed798010,0x00000000ef200000)
  to   space 37888K, 0% used [0x00000000ea800000,0x00000000ea800000,0x00000000ecd00000)
 ParOldGen       total 120320K, used 91647K [0x0000000080000000, 0x0000000087580000, 0x00000000d5580000)
  object space 120320K, 76% used [0x0000000080000000,0x000000008597fce8,0x0000000087580000)
 Metaspace       used 83401K, capacity 87598K, committed 88344K, reserved 1126400K
  class space    used 11333K, capacity 12090K, committed 12320K, reserved 1048576K
Event: 23.851 GC heap after
Heap after GC invocations=24 (full 5):
 PSYoungGen      total 384512K, used 10528K [0x00000000d5580000, 0x00000000f1100000, 0x0000000100000000)
  eden space 346624K, 0% used [0x00000000d5580000,0x00000000d5580000,0x00000000ea800000)
  from space 37888K, 27% used [0x00000000ea800000,0x00000000eb248010,0x00000000ecd00000)
  to   space 35840K, 0% used [0x00000000eee00000,0x00000000eee00000,0x00000000f1100000)
 ParOldGen       total 120320K, used 91647K [0x0000000080000000, 0x0000000087580000, 0x00000000d5580000)
  object space 120320K, 76% used [0x0000000080000000,0x000000008597fce8,0x0000000087580000)
 Metaspace       used 83401K, capacity 87598K, committed 88344K, reserved 1126400K
  class space    used 11333K, capacity 12090K, committed 12320K, reserved 1048576K
}

Deoptimization events (10 events):
Event: 21.705 Thread 0x000000001ead1000 Uncommon trap: reason=unstable_if action=reinterpret pc=0x00000000041ef5d4 method=com.android.tools.r8.ir.regalloc.h.a(ILcom/android/tools/r8/ir/regalloc/h$a;)Z @ 73
Event: 21.787 Thread 0x000000001bebb000 Uncommon trap: reason=array_check action=maybe_recompile pc=0x0000000005243114 method=java.util.TimSort.reverseRange([Ljava/lang/Object;II)V @ 27
Event: 21.900 Thread 0x000000001bebb000 Uncommon trap: reason=class_check action=maybe_recompile pc=0x0000000005227d68 method=com.android.tools.r8.ir.conversion.o.a(Lcom/android/tools/r8/ir/conversion/N;IZ)V @ 524
Event: 21.900 Thread 0x000000001bebb000 Uncommon trap: reason=class_check action=maybe_recompile pc=0x0000000005227d68 method=com.android.tools.r8.ir.conversion.o.a(Lcom/android/tools/r8/ir/conversion/N;IZ)V @ 524
Event: 21.901 Thread 0x000000001bebb000 Uncommon trap: reason=class_check action=maybe_recompile pc=0x0000000003c68014 method=com.android.tools.r8.s.a.h.e.b(Lcom/android/tools/r8/s/b/k0;)V @ 244
Event: 22.499 Thread 0x000000001ead1000 Uncommon trap: reason=class_check action=maybe_recompile pc=0x0000000003c68014 method=com.android.tools.r8.s.a.h.e.b(Lcom/android/tools/r8/s/b/k0;)V @ 244
Event: 22.684 Thread 0x000000001bebb000 Uncommon trap: reason=unstable_if action=reinterpret pc=0x0000000005309e1c method=com.android.tools.r8.s.b.q1.a(Lcom/android/tools/r8/graph/f;Lcom/android/tools/r8/s/b/X;Ljava/util/function/Predicate;Ljava/util/Set;)Z @ 184
Event: 22.725 Thread 0x000000001ead1000 Uncommon trap: reason=bimorphic action=maybe_recompile pc=0x0000000003c73860 method=java.util.stream.AbstractPipeline.copyIntoWithCancel(Ljava/util/stream/Sink;Ljava/util/Spliterator;)V @ 24
Event: 22.725 Thread 0x000000001ead1000 Uncommon trap: reason=bimorphic action=maybe_recompile pc=0x0000000003b932b8 method=java.util.stream.ReferencePipeline.forEachWithCancel(Ljava/util/Spliterator;Ljava/util/stream/Sink;)V @ 1
Event: 23.545 Thread 0x000000001ead1000 Uncommon trap: reason=unstable_if action=reinterpret pc=0x000000000531cadc method=com.android.tools.r8.t.a.a.a.f.X$e.contains(Ljava/lang/Object;)Z @ 176

Classes redefined (0 events):
No events

Internal exceptions (10 events):
Event: 18.165 Thread 0x000000001bebc800 Exception <a 'sun/nio/fs/WindowsException'> (0x00000000dc17d8d8) thrown at [C:\src\AOSP-openjdk-git\hotspot\src\share\vm\prims\jni.cpp, line 710]
Event: 18.531 Thread 0x000000001bebc800 Exception <a 'sun/nio/fs/WindowsException'> (0x00000000dfc6bb80) thrown at [C:\src\AOSP-openjdk-git\hotspot\src\share\vm\prims\jni.cpp, line 710]
Event: 18.595 Thread 0x000000001bebc800 Exception <a 'sun/nio/fs/WindowsException'> (0x00000000e22ce6f0) thrown at [C:\src\AOSP-openjdk-git\hotspot\src\share\vm\prims\jni.cpp, line 710]
Event: 19.252 Thread 0x000000001bebc800 Exception <a 'sun/nio/fs/WindowsException'> (0x00000000d7cb1b88) thrown at [C:\src\AOSP-openjdk-git\hotspot\src\share\vm\prims\jni.cpp, line 710]
Event: 19.480 Thread 0x000000001bebc800 Exception <a 'sun/nio/fs/WindowsException'> (0x00000000dad8eff0) thrown at [C:\src\AOSP-openjdk-git\hotspot\src\share\vm\prims\jni.cpp, line 710]
Event: 19.558 Thread 0x000000001beb8000 Exception <a 'sun/nio/fs/WindowsException'> (0x00000000dc006188) thrown at [C:\src\AOSP-openjdk-git\hotspot\src\share\vm\prims\jni.cpp, line 710]
Event: 19.615 Thread 0x000000001beb8000 Exception <a 'sun/nio/fs/WindowsException'> (0x00000000dcb57dd0) thrown at [C:\src\AOSP-openjdk-git\hotspot\src\share\vm\prims\jni.cpp, line 710]
Event: 19.780 Thread 0x000000001beb7000 Exception <a 'sun/nio/fs/WindowsException'> (0x00000000deef01d8) thrown at [C:\src\AOSP-openjdk-git\hotspot\src\share\vm\prims\jni.cpp, line 710]
Event: 19.973 Thread 0x000000001beb7000 Implicit null exception at 0x000000000490418f to 0x00000000049042f1
Event: 19.985 Thread 0x000000001beb7000 Exception <a 'sun/nio/fs/WindowsException'> (0x00000000e2121f50) thrown at [C:\src\AOSP-openjdk-git\hotspot\src\share\vm\prims\jni.cpp, line 710]

Events (10 events):
Event: 23.913 Thread 0x000000001bebb000 DEOPT PACKING pc=0x0000000004c6f2a5 sp=0x00000000235e9ed0
Event: 23.913 Thread 0x000000001bebb000 DEOPT UNPACKING pc=0x0000000002e375d0 sp=0x00000000235ea020 mode 0
Event: 23.986 Thread 0x000000001ead1000 DEOPT PACKING pc=0x0000000004cb7404 sp=0x000000002c827130
Event: 23.986 Thread 0x000000001ead1000 DEOPT UNPACKING pc=0x0000000002e375d0 sp=0x000000002c827180 mode 0
Event: 24.014 Thread 0x000000001bebb000 DEOPT PACKING pc=0x0000000004cb7404 sp=0x00000000235e9cb0
Event: 24.014 Thread 0x000000001bebb000 DEOPT UNPACKING pc=0x0000000002e375d0 sp=0x00000000235e9d00 mode 0
Event: 24.061 Thread 0x000000001ead1000 DEOPT PACKING pc=0x0000000004c6f2a5 sp=0x000000002c8275a0
Event: 24.061 Thread 0x000000001ead1000 DEOPT UNPACKING pc=0x0000000002e375d0 sp=0x000000002c8276f0 mode 0
Event: 24.083 Thread 0x000000001bebb000 DEOPT PACKING pc=0x0000000004c6f2a5 sp=0x00000000235e9ed0
Event: 24.083 Thread 0x000000001bebb000 DEOPT UNPACKING pc=0x0000000002e375d0 sp=0x00000000235ea020 mode 0


Dynamic libraries:
0x00007ff725200000 - 0x00007ff725231000 	C:\Program Files\Android\Android Studio\jre\bin\java.exe
0x00007ffe4bc40000 - 0x00007ffe4be21000 	C:\Windows\SYSTEM32\ntdll.dll
0x00007ffe4b5b0000 - 0x00007ffe4b662000 	C:\Windows\System32\KERNEL32.DLL
0x00007ffe48850000 - 0x00007ffe48ac3000 	C:\Windows\System32\KERNELBASE.dll
0x00007ffe4b670000 - 0x00007ffe4b711000 	C:\Windows\System32\ADVAPI32.dll
0x00007ffe4b730000 - 0x00007ffe4b7ce000 	C:\Windows\System32\msvcrt.dll
0x00007ffe4b2c0000 - 0x00007ffe4b31b000 	C:\Windows\System32\sechost.dll
0x00007ffe4bae0000 - 0x00007ffe4bc04000 	C:\Windows\System32\RPCRT4.dll
0x00007ffe4b0d0000 - 0x00007ffe4b260000 	C:\Windows\System32\USER32.dll
0x00007ffe48f10000 - 0x00007ffe48f30000 	C:\Windows\System32\win32u.dll
0x00007ffe4b580000 - 0x00007ffe4b5a8000 	C:\Windows\System32\GDI32.dll
0x00007ffe48f30000 - 0x00007ffe490c2000 	C:\Windows\System32\gdi32full.dll
0x00007ffe48e20000 - 0x00007ffe48ebf000 	C:\Windows\System32\msvcp_win.dll
0x00007ffe48d20000 - 0x00007ffe48e1a000 	C:\Windows\System32\ucrtbase.dll
0x00007ffe38ac0000 - 0x00007ffe38d29000 	C:\Windows\WinSxS\amd64_microsoft.windows.common-controls_6595b64144ccf1df_6.0.17134.112_none_fb3f961b30681c12\COMCTL32.dll
0x00007ffe4a6d0000 - 0x00007ffe4a9f3000 	C:\Windows\System32\combase.dll
0x00007ffe48010000 - 0x00007ffe4808a000 	C:\Windows\System32\bcryptPrimitives.dll
0x00007ffe491b0000 - 0x00007ffe491dd000 	C:\Windows\System32\IMM32.DLL
0x000000005f950000 - 0x000000005fa22000 	C:\Program Files\Android\Android Studio\jre\jre\bin\msvcr100.dll
0x000000005fa30000 - 0x000000006027b000 	C:\Program Files\Android\Android Studio\jre\jre\bin\server\jvm.dll
0x00007ffe4b720000 - 0x00007ffe4b728000 	C:\Windows\System32\PSAPI.DLL
0x00007ffe435b0000 - 0x00007ffe435d3000 	C:\Windows\SYSTEM32\WINMM.dll
0x00007ffe35090000 - 0x00007ffe3509a000 	C:\Windows\SYSTEM32\VERSION.dll
0x00007ffe341c0000 - 0x00007ffe341c9000 	C:\Windows\SYSTEM32\WSOCK32.dll
0x00007ffe4ac00000 - 0x00007ffe4ac6c000 	C:\Windows\System32\WS2_32.dll
0x00007ffe43580000 - 0x00007ffe435aa000 	C:\Windows\SYSTEM32\WINMMBASE.dll
0x00007ffe48ec0000 - 0x00007ffe48f09000 	C:\Windows\System32\cfgmgr32.dll
0x00007ffe444e0000 - 0x00007ffe444ef000 	C:\Program Files\Android\Android Studio\jre\jre\bin\verify.dll
0x00007ffe42530000 - 0x00007ffe42559000 	C:\Program Files\Android\Android Studio\jre\jre\bin\java.dll
0x00007ffe42dd0000 - 0x00007ffe42de6000 	C:\Program Files\Android\Android Studio\jre\jre\bin\zip.dll
0x00007ffe491e0000 - 0x00007ffe4a620000 	C:\Windows\System32\SHELL32.dll
0x00007ffe4a620000 - 0x00007ffe4a6c9000 	C:\Windows\System32\shcore.dll
0x00007ffe48140000 - 0x00007ffe4884d000 	C:\Windows\System32\windows.storage.dll
0x00007ffe4b520000 - 0x00007ffe4b571000 	C:\Windows\System32\shlwapi.dll
0x00007ffe47fa0000 - 0x00007ffe47fb1000 	C:\Windows\System32\kernel.appcore.dll
0x00007ffe47f60000 - 0x00007ffe47f7f000 	C:\Windows\System32\profapi.dll
0x00007ffe47fc0000 - 0x00007ffe4800c000 	C:\Windows\System32\powrprof.dll
0x00007ffe47f50000 - 0x00007ffe47f5a000 	C:\Windows\System32\FLTLIB.DLL
0x00007ffe42470000 - 0x00007ffe4248a000 	C:\Program Files\Android\Android Studio\jre\jre\bin\net.dll
0x00007ffe477d0000 - 0x00007ffe47836000 	C:\Windows\system32\mswsock.dll
0x00007ffe42370000 - 0x00007ffe42383000 	C:\Program Files\Android\Android Studio\jre\jre\bin\nio.dll
0x00007ffe39730000 - 0x00007ffe39757000 	C:\Users\user\.gradle\native\f6784746aeab05261644944871eae4fe03e0ef1612fff0a4a95f87b438bc6780\windows-amd64\native-platform.dll
0x00007ffe424a0000 - 0x00007ffe424ad000 	C:\Program Files\Android\Android Studio\jre\jre\bin\management.dll
0x00007ffe47980000 - 0x00007ffe47997000 	C:\Windows\SYSTEM32\CRYPTSP.dll
0x00007ffe473b0000 - 0x00007ffe473e3000 	C:\Windows\system32\rsaenh.dll
0x00007ffe47ab0000 - 0x00007ffe47ad5000 	C:\Windows\SYSTEM32\bcrypt.dll
0x00007ffe47e50000 - 0x00007ffe47e78000 	C:\Windows\SYSTEM32\USERENV.dll
0x00007ffe479a0000 - 0x00007ffe479ab000 	C:\Windows\SYSTEM32\CRYPTBASE.dll
0x00007ffe47550000 - 0x00007ffe47588000 	C:\Windows\SYSTEM32\IPHLPAPI.DLL
0x00007ffe4b0c0000 - 0x00007ffe4b0c8000 	C:\Windows\System32\NSI.dll
0x00007ffe3d0e0000 - 0x00007ffe3d0f6000 	C:\Windows\SYSTEM32\dhcpcsvc6.DLL
0x00007ffe3f0d0000 - 0x00007ffe3f0ea000 	C:\Windows\SYSTEM32\dhcpcsvc.DLL
0x00007ffe3f060000 - 0x00007ffe3f06b000 	C:\Windows\SYSTEM32\WINNSI.DLL

VM Arguments:
jvm_args: -Xmx2048m -Dfile.encoding=UTF-8 -Duser.country=US -Duser.language=en -Duser.variant 
java_command: org.gradle.launcher.daemon.bootstrap.GradleDaemon 6.5
java_class_path (initial): C:\Users\user\.gradle\wrapper\dists\gradle-6.5-bin\6nifqtx7604sqp1q6g8wikw7p\gradle-6.5\lib\gradle-launcher-6.5.jar
Launcher Type: SUN_STANDARD

Environment Variables:
PATH=C:\Program Files (x86)\Common Files\Oracle\Java\javapath;C:\ProgramData\Oracle\Java\javapath;C:\Windows\system32;C:\Windows;C:\Windows\System32\Wbem;C:\Windows\System32\WindowsPowerShell\v1.0\;C:\Windows\System32\OpenSSH\;C:\Program Files\Microsoft\Web Platform Installer\;C:\Program Files (x86)\Microsoft ASP.NET\ASP.NET Web Pages\v1.0\;C:\Program Files\Microsoft SQL Server\110\Tools\Binn\;c:\Program Files (x86)\Microsoft SQL Server\100\Tools\Binn\;c:\Program Files\Microsoft SQL Server\100\Tools\Binn\;c:\Program Files\Microsoft SQL Server\100\DTS\Binn\;C:\Program Files\Java\jre1.8.0_271\bin;C:\Program Files\Git\cmd;C:\Program Files\nodejs\;C:\Users\user\AppData\Local\Programs\Python\Python38\Scripts\;C:\Users\user\AppData\Local\Programs\Python\Python38\;C:\Users\user\AppData\Local\Microsoft\WindowsApps;C:\Program Files\JetBrains\PyCharm Community Edition 2019.2.5\bin;C:\source\flutter\flutter\bin;C:\Program Files\heroku\bin;C:\Program Files (x86)\Common Files\Java;C:\Users\user\IntelliJ IDEA Community Edition 2020.2.3\bin;C:\Users\user\AppData\Local\Programs\Microsoft VS Code\bin;C:\Users\user\AppData\Roaming\npm;C:\Users\user\AppData\Local\hyper\app-3.0.2\resources\bin;C:\MinGW\bin;
USERNAME=Osemudiamen-Itua
OS=Windows_NT
PROCESSOR_IDENTIFIER=Intel64 Family 6 Model 61 Stepping 4, GenuineIntel



---------------  S Y S T E M  ---------------

OS: Windows 10.0 , 64 bit Build 17134 (10.0.17134.1)

CPU:total 4 (initial active 4) (2 cores per cpu, 2 threads per core) family 6 model 61 stepping 4, cmov, cx8, fxsr, mmx, sse, sse2, sse3, ssse3, sse4.1, sse4.2, popcnt, avx, avx2, aes, clmul, erms, rtm, 3dnowpref, lzcnt, ht, tsc, tscinvbit, bmi1, bmi2, adx

Memory: 4k page, physical 8077532k(1034112k free), swap 8077532k(6084k free)

vm_info: OpenJDK 64-Bit Server VM (25.242-b01) for windows-amd64 JRE (1.8.0_242-release-1644-b01), built by "builder" with MS VC++ 10.0 (VS2010)

time: Wed May 19 16:36:47 2021
timezone: W. Central Africa Standard Time
elapsed time: 24 seconds (0d 0h 0m 24s)

