#
# There is insufficient memory for the Java Runtime Environment to continue.
# Native memory allocation (malloc) failed to allocate 475616 bytes for Chunk::new
# Possible reasons:
#   The system is out of physical RAM or swap space
#   The process is running with CompressedOops enabled, and the Java Heap may be blocking the growth of the native heap
# Possible solutions:
#   Reduce memory load on the system
#   Increase physical memory or swap space
#   Check if swap backing store is full
#   Decrease Java heap size (-Xmx/-Xms)
#   Decrease number of Java threads
#   Decrease Java thread stack sizes (-Xss)
#   Set larger code cache with -XX:ReservedCodeCacheSize=
#   JVM is running with Unscaled Compressed Oops mode in which the Java heap is
#     placed in the first 4GB address space. The Java Heap base address is the
#     maximum limit for the native heap growth. Please use -XX:HeapBaseMinAddress
#     to set the Java Heap base and to place the Java Heap above 4GB virtual address.
# This output file may be truncated or incomplete.
#
#  Out of Memory Error (allocation.cpp:389), pid=3692, tid=0x00000000000011e8
#
# JRE version: OpenJDK Runtime Environment (8.0_242-b01) (build 1.8.0_242-release-1644-b01)
# Java VM: OpenJDK 64-Bit Server VM (25.242-b01 mixed mode windows-amd64 compressed oops)
# Failed to write core dump. Minidumps are not enabled by default on client versions of Windows
#

---------------  T H R E A D  ---------------

Current thread (0x0000000017a2f800):  JavaThread "C2 CompilerThread1" daemon [_thread_in_native, id=4584, stack(0x0000000019180000,0x0000000019280000)]

Stack: [0x0000000019180000,0x0000000019280000]
[error occurred during error reporting (printing stack bounds), id 0xc0000005]

Native frames: (J=compiled Java code, j=interpreted, Vv=VM code, C=native code)


Current CompileTask:
C2:  34308 14390       4       com.android.tools.build.apkzlib.zip.FileUseMap::add (50 bytes)


---------------  P R O C E S S  ---------------

Java Threads: ( => current thread )
  0x000000001a62a800 JavaThread "Cache worker for Java compile cache (C:\Users\user\AndroidStudioProjects\ContactList\.gradle\6.5\javaCompile)" [_thread_blocked, id=7576, stack(0x000000002f620000,0x000000002f720000)]
  0x000000001a62a000 JavaThread "Cache worker for Java compile cache (C:\Users\user\.gradle\caches\6.5\javaCompile)" [_thread_blocked, id=2408, stack(0x000000002f520000,0x000000002f620000)]
  0x000000001a62f000 JavaThread "RMI TCP Connection(1)-127.0.0.1" daemon [_thread_in_native, id=2092, stack(0x000000002f420000,0x000000002f520000)]
  0x000000001a62e800 JavaThread "RMI Reaper" [_thread_blocked, id=3348, stack(0x000000002f120000,0x000000002f220000)]
  0x000000001a62d800 JavaThread "RMI TCP Accept-0" daemon [_thread_in_native, id=6768, stack(0x000000002f020000,0x000000002f120000)]
  0x000000001ab5d800 JavaThread "GC Daemon" daemon [_thread_blocked, id=11464, stack(0x000000002ef20000,0x000000002f020000)]
  0x000000001e6d2000 JavaThread "RMI Scheduler(0)" daemon [_thread_blocked, id=3188, stack(0x000000002ed20000,0x000000002ee20000)]
  0x000000001e6c5000 JavaThread "stdout" [_thread_in_native, id=10476, stack(0x000000002e420000,0x000000002e520000)]
  0x000000001e6cc000 JavaThread "stderr" [_thread_in_native, id=11528, stack(0x000000002e320000,0x000000002e420000)]
  0x000000001e6cb000 JavaThread "stdout" [_thread_in_native, id=9044, stack(0x000000002e220000,0x000000002e320000)]
  0x000000001e6c3800 JavaThread "stderr" [_thread_in_native, id=3644, stack(0x000000002e120000,0x000000002e220000)]
  0x000000001e6ca800 JavaThread "stdout" [_thread_in_native, id=752, stack(0x000000002e020000,0x000000002e120000)]
  0x000000001e6c9800 JavaThread "stderr" [_thread_in_native, id=6700, stack(0x000000002df20000,0x000000002e020000)]
  0x000000001e6c7800 JavaThread "stdout" [_thread_in_native, id=6868, stack(0x000000002de20000,0x000000002df20000)]
  0x000000001e6c6800 JavaThread "stderr" [_thread_in_native, id=8692, stack(0x000000002dd20000,0x000000002de20000)]
  0x000000001e6c8000 JavaThread "pool-2-thread-1" [_thread_blocked, id=1476, stack(0x000000002dc20000,0x000000002dd20000)]
  0x000000001e6c2800 JavaThread "WorkerExecutor Queue Thread 4" [_thread_blocked, id=9100, stack(0x000000002db20000,0x000000002dc20000)]
  0x000000001e6c9000 JavaThread "WorkerExecutor Queue Thread 3" [_thread_blocked, id=3924, stack(0x000000002da20000,0x000000002db20000)]
  0x000000001e6c5800 JavaThread "WorkerExecutor Queue Thread 2" [_thread_blocked, id=9764, stack(0x000000002d920000,0x000000002da20000)]
  0x000000001e6c4000 JavaThread "WorkerExecutor Queue" [_thread_in_native, id=11328, stack(0x000000002d620000,0x000000002d720000)]
  0x000000001ab5c800 JavaThread "Cache worker for execution history cache (C:\Users\user\AndroidStudioProjects\ContactList\.gradle\6.5\executionHistory)" [_thread_blocked, id=1028, stack(0x000000002d120000,0x000000002d220000)]
  0x000000001ab61000 JavaThread "Execution worker for ':' Thread 3" [_thread_blocked, id=9328, stack(0x000000002d020000,0x000000002d120000)]
  0x000000001ab5f800 JavaThread "Execution worker for ':' Thread 2" [_thread_blocked, id=6460, stack(0x000000002cf20000,0x000000002d020000)]
  0x000000001ab60800 JavaThread "Execution worker for ':'" [_thread_in_vm, id=3964, stack(0x000000002c930000,0x000000002ca30000)]
  0x000000001e899000 JavaThread "Cache worker for file content cache (C:\Users\user\AndroidStudioProjects\ContactList\.gradle\6.5\fileContent)" [_thread_blocked, id=11048, stack(0x000000002c5b0000,0x000000002c6b0000)]
  0x000000001e895000 JavaThread "Memory manager" [_thread_blocked, id=2224, stack(0x000000002c4b0000,0x000000002c5b0000)]
  0x000000001e898000 JavaThread "Cache worker for Build Output Cleanup Cache (C:\Users\user\AndroidStudioProjects\ContactList\.gradle\buildOutputCleanup)" [_thread_blocked, id=10888, stack(0x000000002a3a0000,0x000000002a4a0000)]
  0x000000001e896800 JavaThread "jar transforms Thread 113" [_thread_blocked, id=208, stack(0x0000000029ca0000,0x0000000029da0000)]
  0x000000001e893800 JavaThread "jar transforms Thread 112" [_thread_blocked, id=9284, stack(0x0000000029ba0000,0x0000000029ca0000)]
  0x000000001e897800 JavaThread "jar transforms Thread 111" [_thread_blocked, id=7888, stack(0x0000000029aa0000,0x0000000029ba0000)]
  0x000000001e899800 JavaThread "jar transforms Thread 110" [_thread_blocked, id=7696, stack(0x00000000299a0000,0x0000000029aa0000)]
  0x000000001e896000 JavaThread "jar transforms Thread 109" [_thread_blocked, id=1276, stack(0x00000000298a0000,0x00000000299a0000)]
  0x000000001e894800 JavaThread "jar transforms Thread 108" [_thread_blocked, id=7592, stack(0x00000000297a0000,0x00000000298a0000)]
  0x000000001e88b800 JavaThread "jar transforms Thread 107" [_thread_blocked, id=9252, stack(0x00000000296a0000,0x00000000297a0000)]
  0x000000001e892000 JavaThread "jar transforms Thread 106" [_thread_blocked, id=5016, stack(0x00000000295a0000,0x00000000296a0000)]
  0x000000001e890800 JavaThread "jar transforms Thread 105" [_thread_blocked, id=12216, stack(0x00000000294a0000,0x00000000295a0000)]
  0x000000001e891800 JavaThread "jar transforms Thread 104" [_thread_blocked, id=7184, stack(0x00000000293a0000,0x00000000294a0000)]
  0x000000001e88e800 JavaThread "jar transforms Thread 103" [_thread_blocked, id=7860, stack(0x00000000292a0000,0x00000000293a0000)]
  0x000000001e890000 JavaThread "jar transforms Thread 102" [_thread_blocked, id=7440, stack(0x00000000291a0000,0x00000000292a0000)]
  0x000000001e88d000 JavaThread "jar transforms Thread 101" [_thread_blocked, id=6844, stack(0x00000000290a0000,0x00000000291a0000)]
  0x000000001e88c000 JavaThread "jar transforms Thread 100" [_thread_blocked, id=2632, stack(0x0000000028fa0000,0x00000000290a0000)]
  0x000000001e88d800 JavaThread "jar transforms Thread 99" [_thread_blocked, id=8772, stack(0x0000000028ea0000,0x0000000028fa0000)]
  0x000000001e88a800 JavaThread "jar transforms Thread 98" [_thread_blocked, id=9244, stack(0x0000000028da0000,0x0000000028ea0000)]
  0x000000001e88f000 JavaThread "jar transforms Thread 97" [_thread_blocked, id=2464, stack(0x0000000028ca0000,0x0000000028da0000)]
  0x000000001df58000 JavaThread "jar transforms Thread 96" [_thread_blocked, id=516, stack(0x0000000028ba0000,0x0000000028ca0000)]
  0x000000001df5e000 JavaThread "jar transforms Thread 95" [_thread_blocked, id=12188, stack(0x0000000028aa0000,0x0000000028ba0000)]
  0x000000001df5b800 JavaThread "jar transforms Thread 94" [_thread_blocked, id=1328, stack(0x00000000289a0000,0x0000000028aa0000)]
  0x000000001df5b000 JavaThread "jar transforms Thread 93" [_thread_blocked, id=4768, stack(0x00000000288a0000,0x00000000289a0000)]
  0x000000001df5a000 JavaThread "jar transforms Thread 92" [_thread_blocked, id=7252, stack(0x00000000287a0000,0x00000000288a0000)]
  0x000000001df5c800 JavaThread "jar transforms Thread 91" [_thread_blocked, id=4952, stack(0x00000000286a0000,0x00000000287a0000)]
  0x000000001df5d000 JavaThread "jar transforms Thread 90" [_thread_blocked, id=11820, stack(0x00000000285a0000,0x00000000286a0000)]
  0x000000001df59800 JavaThread "jar transforms Thread 89" [_thread_blocked, id=5476, stack(0x00000000284a0000,0x00000000285a0000)]
  0x000000001df58800 JavaThread "jar transforms Thread 88" [_thread_blocked, id=3096, stack(0x00000000283a0000,0x00000000284a0000)]
  0x000000001df50800 JavaThread "jar transforms Thread 87" [_thread_blocked, id=10592, stack(0x00000000282a0000,0x00000000283a0000)]
  0x000000001df54000 JavaThread "jar transforms Thread 86" [_thread_blocked, id=9508, stack(0x00000000281a0000,0x00000000282a0000)]
  0x000000001df55000 JavaThread "jar transforms Thread 85" [_thread_blocked, id=5732, stack(0x00000000280a0000,0x00000000281a0000)]
  0x000000001df53800 JavaThread "jar transforms Thread 84" [_thread_blocked, id=12204, stack(0x0000000027fa0000,0x00000000280a0000)]
  0x000000001df57000 JavaThread "jar transforms Thread 83" [_thread_blocked, id=7824, stack(0x0000000027ea0000,0x0000000027fa0000)]
  0x000000001df52000 JavaThread "jar transforms Thread 82" [_thread_blocked, id=6248, stack(0x0000000027da0000,0x0000000027ea0000)]
  0x000000001df56800 JavaThread "jar transforms Thread 81" [_thread_blocked, id=6388, stack(0x0000000027ca0000,0x0000000027da0000)]
  0x000000001df52800 JavaThread "jar transforms Thread 80" [_thread_blocked, id=11560, stack(0x0000000027ba0000,0x0000000027ca0000)]
  0x000000001df4f800 JavaThread "jar transforms Thread 79" [_thread_blocked, id=10196, stack(0x0000000027aa0000,0x0000000027ba0000)]
  0x000000001df4f000 JavaThread "jar transforms Thread 78" [_thread_blocked, id=11488, stack(0x00000000279a0000,0x0000000027aa0000)]
  0x000000001df55800 JavaThread "jar transforms Thread 77" [_thread_blocked, id=12140, stack(0x00000000278a0000,0x00000000279a0000)]
  0x000000001df51000 JavaThread "jar transforms Thread 76" [_thread_blocked, id=10552, stack(0x00000000277a0000,0x00000000278a0000)]
  0x000000001a6b3800 JavaThread "jar transforms Thread 75" [_thread_blocked, id=5568, stack(0x00000000276a0000,0x00000000277a0000)]
  0x000000001a6b2800 JavaThread "jar transforms Thread 74" [_thread_blocked, id=1140, stack(0x00000000275a0000,0x00000000276a0000)]
  0x000000001a6ab000 JavaThread "jar transforms Thread 73" [_thread_blocked, id=11672, stack(0x00000000274a0000,0x00000000275a0000)]
  0x000000001a6b2000 JavaThread "jar transforms Thread 72" [_thread_blocked, id=10572, stack(0x00000000273a0000,0x00000000274a0000)]
  0x000000001a6b1000 JavaThread "jar transforms Thread 71" [_thread_blocked, id=9140, stack(0x00000000272a0000,0x00000000273a0000)]
  0x000000001a6b0800 JavaThread "jar transforms Thread 70" [_thread_blocked, id=7272, stack(0x00000000271a0000,0x00000000272a0000)]
  0x000000001a6af000 JavaThread "jar transforms Thread 69" [_thread_blocked, id=9468, stack(0x00000000270a0000,0x00000000271a0000)]
  0x000000001a6ae000 JavaThread "jar transforms Thread 68" [_thread_blocked, id=3080, stack(0x0000000026fa0000,0x00000000270a0000)]
  0x000000001a6ad800 JavaThread "jar transforms Thread 67" [_thread_blocked, id=4496, stack(0x0000000026ea0000,0x0000000026fa0000)]
  0x000000001a6af800 JavaThread "jar transforms Thread 66" [_thread_blocked, id=3136, stack(0x0000000026da0000,0x0000000026ea0000)]
  0x000000001a6ac800 JavaThread "jar transforms Thread 65" [_thread_blocked, id=11920, stack(0x0000000026ca0000,0x0000000026da0000)]
  0x000000001a6a5000 JavaThread "jar transforms Thread 64" [_thread_blocked, id=6532, stack(0x0000000026ba0000,0x0000000026ca0000)]
  0x000000001a6a9000 JavaThread "jar transforms Thread 63" [_thread_blocked, id=1060, stack(0x0000000026aa0000,0x0000000026ba0000)]
  0x000000001a6aa800 JavaThread "jar transforms Thread 62" [_thread_blocked, id=11148, stack(0x00000000269a0000,0x0000000026aa0000)]
  0x000000001a6a8000 JavaThread "jar transforms Thread 61" [_thread_blocked, id=1676, stack(0x00000000268a0000,0x00000000269a0000)]
  0x000000001a6a7800 JavaThread "jar transforms Thread 60" [_thread_blocked, id=1332, stack(0x00000000267a0000,0x00000000268a0000)]
  0x000000001a6a6800 JavaThread "jar transforms Thread 59" [_thread_blocked, id=7664, stack(0x00000000266a0000,0x00000000267a0000)]
  0x000000001a6a9800 JavaThread "jar transforms Thread 58" [_thread_blocked, id=8812, stack(0x00000000265a0000,0x00000000266a0000)]
  0x000000001a6ac000 JavaThread "jar transforms Thread 57" [_thread_blocked, id=2628, stack(0x00000000264a0000,0x00000000265a0000)]
  0x000000001a6a6000 JavaThread "jar transforms Thread 56" [_thread_blocked, id=5272, stack(0x00000000263a0000,0x00000000264a0000)]
  0x000000001a6a4800 JavaThread "jar transforms Thread 55" [_thread_blocked, id=11036, stack(0x00000000262a0000,0x00000000263a0000)]
  0x000000001fc34800 JavaThread "jar transforms Thread 54" [_thread_blocked, id=8828, stack(0x00000000261a0000,0x00000000262a0000)]
  0x000000001fc31000 JavaThread "jar transforms Thread 53" [_thread_blocked, id=212, stack(0x00000000260a0000,0x00000000261a0000)]
  0x000000001fc2f800 JavaThread "jar transforms Thread 52" [_thread_blocked, id=10560, stack(0x0000000025fa0000,0x00000000260a0000)]
  0x000000001fc34000 JavaThread "jar transforms Thread 51" [_thread_blocked, id=10236, stack(0x0000000025ea0000,0x0000000025fa0000)]
  0x000000001fc2e000 JavaThread "jar transforms Thread 50" [_thread_blocked, id=8976, stack(0x0000000025da0000,0x0000000025ea0000)]
  0x000000001fc33000 JavaThread "jar transforms Thread 49" [_thread_blocked, id=6300, stack(0x0000000025ca0000,0x0000000025da0000)]
  0x000000001fc30000 JavaThread "jar transforms Thread 48" [_thread_blocked, id=11040, stack(0x0000000025ba0000,0x0000000025ca0000)]
  0x000000001fc32800 JavaThread "jar transforms Thread 47" [_thread_blocked, id=11176, stack(0x0000000025aa0000,0x0000000025ba0000)]
  0x000000001fc31800 JavaThread "jar transforms Thread 46" [_thread_blocked, id=10320, stack(0x00000000259a0000,0x0000000025aa0000)]
  0x000000001fc2e800 JavaThread "jar transforms Thread 45" [_thread_blocked, id=7548, stack(0x00000000258a0000,0x00000000259a0000)]
  0x000000001fc27000 JavaThread "jar transforms Thread 44" [_thread_blocked, id=784, stack(0x00000000257a0000,0x00000000258a0000)]
  0x000000001fc26800 JavaThread "jar transforms Thread 43" [_thread_blocked, id=11932, stack(0x00000000256a0000,0x00000000257a0000)]
  0x000000001fc2d000 JavaThread "jar transforms Thread 42" [_thread_blocked, id=6396, stack(0x00000000255a0000,0x00000000256a0000)]
  0x000000001fc2c800 JavaThread "jar transforms Thread 41" [_thread_blocked, id=11516, stack(0x00000000254a0000,0x00000000255a0000)]
  0x000000001fc28800 JavaThread "jar transforms Thread 40" [_thread_blocked, id=8476, stack(0x00000000253a0000,0x00000000254a0000)]
  0x000000001fc28000 JavaThread "jar transforms Thread 39" [_thread_blocked, id=2520, stack(0x00000000252a0000,0x00000000253a0000)]
  0x000000001fc2b800 JavaThread "jar transforms Thread 38" [_thread_blocked, id=1536, stack(0x00000000251a0000,0x00000000252a0000)]
  0x000000001fc2b000 JavaThread "jar transforms Thread 37" [_thread_blocked, id=5024, stack(0x00000000250a0000,0x00000000251a0000)]
  0x000000001fc2a000 JavaThread "jar transforms Thread 36" [_thread_blocked, id=7064, stack(0x0000000024fa0000,0x00000000250a0000)]
  0x000000001fc25800 JavaThread "jar transforms Thread 35" [_thread_blocked, id=7684, stack(0x0000000024ea0000,0x0000000024fa0000)]
  0x000000001fc29800 JavaThread "jar transforms Thread 34" [_thread_blocked, id=6676, stack(0x0000000024da0000,0x0000000024ea0000)]
  0x000000001fc24000 JavaThread "jar transforms Thread 33" [_thread_blocked, id=3252, stack(0x0000000024ca0000,0x0000000024da0000)]
  0x000000001fc23000 JavaThread "jar transforms Thread 32" [_thread_blocked, id=4040, stack(0x0000000024ba0000,0x0000000024ca0000)]
  0x000000001fc21000 JavaThread "jar transforms Thread 31" [_thread_blocked, id=9732, stack(0x0000000024aa0000,0x0000000024ba0000)]
  0x000000001fc20000 JavaThread "jar transforms Thread 30" [_thread_blocked, id=9716, stack(0x00000000249a0000,0x0000000024aa0000)]
  0x000000001fc22800 JavaThread "jar transforms Thread 29" [_thread_blocked, id=9084, stack(0x00000000248a0000,0x00000000249a0000)]
  0x000000001fc1e800 JavaThread "jar transforms Thread 28" [_thread_blocked, id=11252, stack(0x00000000247a0000,0x00000000248a0000)]
  0x000000001fc1f800 JavaThread "jar transforms Thread 27" [_thread_blocked, id=9832, stack(0x00000000246a0000,0x00000000247a0000)]
  0x000000001fc24800 JavaThread "jar transforms Thread 26" [_thread_blocked, id=5972, stack(0x00000000245a0000,0x00000000246a0000)]
  0x000000001fc1e000 JavaThread "jar transforms Thread 25" [_thread_blocked, id=9184, stack(0x00000000244a0000,0x00000000245a0000)]
  0x000000001fc21800 JavaThread "jar transforms Thread 24" [_thread_blocked, id=3268, stack(0x00000000243a0000,0x00000000244a0000)]
  0x000000001fc16800 JavaThread "jar transforms Thread 23" [_thread_blocked, id=2864, stack(0x00000000242a0000,0x00000000243a0000)]
  0x000000001fc1a000 JavaThread "jar transforms Thread 22" [_thread_blocked, id=3032, stack(0x00000000241a0000,0x00000000242a0000)]
  0x000000001fc18800 JavaThread "jar transforms Thread 21" [_thread_blocked, id=8184, stack(0x00000000240a0000,0x00000000241a0000)]
  0x000000001fc1d000 JavaThread "jar transforms Thread 20" [_thread_blocked, id=11568, stack(0x0000000023fa0000,0x00000000240a0000)]
  0x000000001fc15800 JavaThread "jar transforms Thread 19" [_thread_blocked, id=6004, stack(0x0000000023ea0000,0x0000000023fa0000)]
  0x000000001fc1b800 JavaThread "jar transforms Thread 18" [_thread_blocked, id=9936, stack(0x0000000023da0000,0x0000000023ea0000)]
  0x000000001fc19800 JavaThread "jar transforms Thread 17" [_thread_blocked, id=11460, stack(0x0000000023ca0000,0x0000000023da0000)]
  0x000000001fc1c800 JavaThread "jar transforms Thread 16" [_thread_blocked, id=9696, stack(0x0000000023ba0000,0x0000000023ca0000)]
  0x000000001fc18000 JavaThread "jar transforms Thread 15" [_thread_blocked, id=10728, stack(0x0000000023aa0000,0x0000000023ba0000)]
  0x000000001fc17000 JavaThread "jar transforms Thread 14" [_thread_blocked, id=4168, stack(0x00000000239a0000,0x0000000023aa0000)]
  0x000000001fc1b000 JavaThread "jar transforms Thread 13" [_thread_blocked, id=8432, stack(0x00000000238a0000,0x00000000239a0000)]
  0x000000001decf800 JavaThread "jar transforms Thread 12" [_thread_blocked, id=288, stack(0x0000000023620000,0x0000000023720000)]
  0x000000001dec8800 JavaThread "jar transforms Thread 11" [_thread_blocked, id=4632, stack(0x0000000023520000,0x0000000023620000)]
  0x000000001dec7800 JavaThread "jar transforms Thread 10" [_thread_blocked, id=10264, stack(0x0000000023420000,0x0000000023520000)]
  0x000000001dec9800 JavaThread "jar transforms Thread 9" [_thread_blocked, id=2216, stack(0x0000000023320000,0x0000000023420000)]
  0x000000001dece800 JavaThread "jar transforms Thread 8" [_thread_blocked, id=12252, stack(0x0000000023220000,0x0000000023320000)]
  0x000000001decb800 JavaThread "jar transforms Thread 7" [_thread_blocked, id=620, stack(0x0000000023120000,0x0000000023220000)]
  0x000000001dece000 JavaThread "jar transforms Thread 6" [_thread_blocked, id=1132, stack(0x0000000023020000,0x0000000023120000)]
  0x000000001decb000 JavaThread "jar transforms Thread 5" [_thread_blocked, id=2996, stack(0x0000000022f20000,0x0000000023020000)]
  0x000000001deca000 JavaThread "jar transforms Thread 4" [_thread_blocked, id=3772, stack(0x0000000022e20000,0x0000000022f20000)]
  0x000000001decd000 JavaThread "jar transforms Thread 3" [_thread_blocked, id=624, stack(0x0000000022d20000,0x0000000022e20000)]
  0x000000001decc800 JavaThread "jar transforms Thread 2" [_thread_blocked, id=4508, stack(0x0000000022c20000,0x0000000022d20000)]
  0x000000001dec0000 JavaThread "Build operations Thread 4" [_thread_blocked, id=11564, stack(0x00000000229b0000,0x0000000022ab0000)]
  0x000000001dec7000 JavaThread "Build operations Thread 3" [_thread_blocked, id=9088, stack(0x00000000228b0000,0x00000000229b0000)]
  0x000000001dec5800 JavaThread "Build operations Thread 2" [_thread_blocked, id=8728, stack(0x00000000227b0000,0x00000000228b0000)]
  0x000000001dec3000 JavaThread "Build operations" [_thread_blocked, id=3452, stack(0x00000000226b0000,0x00000000227b0000)]
  0x000000001dec1800 JavaThread "Cache worker for file content cache (C:\Users\user\.gradle\caches\6.5\fileContent)" [_thread_blocked, id=12212, stack(0x0000000021ce0000,0x0000000021de0000)]
  0x0000000017a43800 JavaThread "jar transforms" [_thread_blocked, id=1184, stack(0x0000000021be0000,0x0000000021ce0000)]
  0x0000000017a43000 JavaThread "Cache worker for execution history cache (C:\Users\user\.gradle\caches\6.5\executionHistory)" [_thread_blocked, id=8492, stack(0x00000000214e0000,0x00000000215e0000)]
  0x0000000017a40800 JavaThread "Cache worker for cache directory md-rule (C:\Users\user\.gradle\caches\6.5\md-rule)" [_thread_blocked, id=10420, stack(0x00000000213e0000,0x00000000214e0000)]
  0x0000000017a40000 JavaThread "Cache worker for cache directory md-supplier (C:\Users\user\.gradle\caches\6.5\md-supplier)" [_thread_blocked, id=10500, stack(0x0000000020080000,0x0000000020180000)]
  0x0000000017a41800 JavaThread "Cache worker for checksums cache (C:\Users\user\AndroidStudioProjects\ContactList\.gradle\checksums)" [_thread_blocked, id=11272, stack(0x000000001ff80000,0x0000000020080000)]
  0x0000000017a3e800 JavaThread "Cache worker for file hash cache (C:\Users\user\AndroidStudioProjects\ContactList\.gradle\6.5\fileHashes)" [_thread_blocked, id=2300, stack(0x000000001daa0000,0x000000001dba0000)]
  0x0000000017a42000 JavaThread "Cache worker for file hash cache (C:\Users\user\.gradle\caches\6.5\fileHashes)" [_thread_blocked, id=944, stack(0x000000001d9a0000,0x000000001daa0000)]
  0x0000000017a3d800 JavaThread "File lock request listener" [_thread_in_native, id=12016, stack(0x000000001d8a0000,0x000000001d9a0000)]
  0x000000001b689000 JavaThread "Cache worker for journal cache (C:\Users\user\.gradle\caches\journal-1)" [_thread_blocked, id=772, stack(0x000000001d6a0000,0x000000001d7a0000)]
  0x0000000019a0a800 JavaThread "Thread-9" [_thread_blocked, id=1216, stack(0x000000001d3a0000,0x000000001d4a0000)]
  0x000000001af0d800 JavaThread "Stdin handler" [_thread_blocked, id=3380, stack(0x000000001d2a0000,0x000000001d3a0000)]
  0x000000001af0d000 JavaThread "Asynchronous log dispatcher for DefaultDaemonConnection: socket connection from /127.0.0.1:52973 to /127.0.0.1:52974" [_thread_blocked, id=4216, stack(0x000000001d1a0000,0x000000001d2a0000)]
  0x0000000019c87000 JavaThread "Daemon worker" [_thread_blocked, id=2128, stack(0x000000001d0a0000,0x000000001d1a0000)]
  0x0000000019c86000 JavaThread "Cancel handler" [_thread_blocked, id=2052, stack(0x000000001cfa0000,0x000000001d0a0000)]
  0x0000000019be5800 JavaThread "Handler for socket connection from /127.0.0.1:52973 to /127.0.0.1:52974" [_thread_in_native, id=6364, stack(0x000000001cea0000,0x000000001cfa0000)]
  0x0000000019be2000 JavaThread "Daemon" [_thread_blocked, id=10120, stack(0x000000001cba0000,0x000000001cca0000)]
  0x0000000019b22800 JavaThread "Daemon periodic checks" [_thread_blocked, id=3708, stack(0x000000001caa0000,0x000000001cba0000)]
  0x000000001b525800 JavaThread "Incoming local TCP Connector on port 52973" [_thread_in_native, id=7608, stack(0x000000001c860000,0x000000001c960000)]
  0x000000001972e800 JavaThread "Daemon health stats" [_thread_blocked, id=7332, stack(0x000000001c320000,0x000000001c420000)]
  0x00000000193c3800 JavaThread "Service Thread" daemon [_thread_blocked, id=6496, stack(0x0000000019780000,0x0000000019880000)]
  0x0000000017a3f000 JavaThread "C1 CompilerThread2" daemon [_thread_blocked, id=3884, stack(0x0000000019280000,0x0000000019380000)]
=>0x0000000017a2f800 JavaThread "C2 CompilerThread1" daemon [_thread_in_native, id=4584, stack(0x0000000019180000,0x0000000019280000)]
  0x0000000017a2a800 JavaThread "C2 CompilerThread0" daemon [_thread_in_native, id=12268, stack(0x0000000019080000,0x0000000019180000)]
  0x0000000017a28800 JavaThread "Attach Listener" daemon [_thread_blocked, id=2416, stack(0x0000000018f80000,0x0000000019080000)]
  0x0000000017a25000 JavaThread "Signal Dispatcher" daemon [_thread_blocked, id=204, stack(0x0000000018e80000,0x0000000018f80000)]
  0x0000000002dfd000 JavaThread "Finalizer" daemon [_thread_blocked, id=10396, stack(0x0000000018c90000,0x0000000018d90000)]
  0x0000000017a09000 JavaThread "Reference Handler" daemon [_thread_blocked, id=7028, stack(0x0000000018b90000,0x0000000018c90000)]
  0x000000000129e000 JavaThread "main" [_thread_blocked, id=6744, stack(0x0000000002b70000,0x0000000002c70000)]

Other Threads:
  0x00000000179e6800 VMThread [stack: 0x0000000018a90000,0x0000000018b90000] [id=2936]
  0x00000000193c4800 WatcherThread [stack: 0x0000000019880000,0x0000000019980000] [id=11708]

VM state:not at safepoint (normal execution)

VM Mutex/Monitor currently owned by a thread: None

heap address: 0x0000000080000000, size: 2048 MB, Compressed Oops mode: 32-bit
Narrow klass base: 0x0000000000000000, Narrow klass shift: 3
Compressed class space size: 1073741824 Address: 0x0000000100000000

Heap:
 PSYoungGen      total 300544K, used 64591K [0x00000000d5580000, 0x00000000ece80000, 0x0000000100000000)
  eden space 258560K, 9% used [0x00000000d5580000,0x00000000d6e0e490,0x00000000e5200000)
  from space 41984K, 93% used [0x00000000e5200000,0x00000000e7885828,0x00000000e7b00000)
  to   space 47616K, 0% used [0x00000000ea000000,0x00000000ea000000,0x00000000ece80000)
 ParOldGen       total 124416K, used 80463K [0x0000000080000000, 0x0000000087980000, 0x00000000d5580000)
  object space 124416K, 64% used [0x0000000080000000,0x0000000084e93df8,0x0000000087980000)
 Metaspace       used 94472K, capacity 98432K, committed 98584K, reserved 1134592K
  class space    used 12330K, capacity 13080K, committed 13104K, reserved 1048576K

Card table byte_map: [0x00000000121c0000,0x00000000125d0000] byte_map_base: 0x0000000011dc0000

Marking Bits: (ParMarkBitMap*) 0x00000000601ff030
 Begin Bits: [0x0000000012c80000, 0x0000000014c80000)
 End Bits:   [0x0000000014c80000, 0x0000000016c80000)

Polling page: 0x0000000001230000

CodeCache: size=245760Kb used=37995Kb max_used=38253Kb free=207764Kb
 bounds [0x0000000002e00000, 0x00000000053a0000, 0x0000000011e00000]
 total_blobs=12974 nmethods=12059 adapters=826
 compilation: enabled

Compilation events (10 events):
Event: 34.222 Thread 0x0000000017a2f800 nmethod 14393 0x0000000004939390 code [0x0000000004939560, 0x0000000004939dd8]
Event: 34.222 Thread 0x0000000017a2f800 14390       4       com.android.tools.build.apkzlib.zip.FileUseMap::add (50 bytes)
Event: 34.229 Thread 0x0000000017a3f000 14395       3       sun.invoke.util.Wrapper::isSubwordOrInt (20 bytes)
Event: 34.230 Thread 0x0000000017a3f000 nmethod 14395 0x0000000004c95990 code [0x0000000004c95b20, 0x0000000004c960f0]
Event: 34.237 Thread 0x0000000017a3f000 14396       3       sun.invoke.util.Wrapper::isIntegral (23 bytes)
Event: 34.238 Thread 0x0000000017a3f000 nmethod 14396 0x000000000315b650 code [0x000000000315b7c0, 0x000000000315baf0]
Event: 34.238 Thread 0x0000000017a3f000 14397       3       sun.invoke.util.Wrapper::isNumeric (16 bytes)
Event: 34.238 Thread 0x0000000017a3f000 nmethod 14397 0x0000000004ed4d10 code [0x0000000004ed4e60, 0x0000000004ed5010]
Event: 34.252 Thread 0x0000000017a3f000 14400       3       java.lang.invoke.MemberName::isProtected (8 bytes)
Event: 34.252 Thread 0x0000000017a3f000 nmethod 14400 0x000000000301b0d0 code [0x000000000301b240, 0x000000000301b450]

GC Heap History (10 events):
Event: 13.271 GC heap before
{Heap before GC invocations=16 (full 3):
 PSYoungGen      total 206336K, used 186368K [0x00000000d5580000, 0x00000000e3480000, 0x0000000100000000)
  eden space 186368K, 100% used [0x00000000d5580000,0x00000000e0b80000,0x00000000e0b80000)
  from space 19968K, 0% used [0x00000000e1f80000,0x00000000e1f80000,0x00000000e3300000)
  to   space 20480K, 0% used [0x00000000e0b80000,0x00000000e0b80000,0x00000000e1f80000)
 ParOldGen       total 124416K, used 32861K [0x0000000080000000, 0x0000000087980000, 0x00000000d5580000)
  object space 124416K, 26% used [0x0000000080000000,0x00000000820176e0,0x0000000087980000)
 Metaspace       used 69068K, capacity 72040K, committed 72216K, reserved 1112064K
  class space    used 9343K, capacity 9919K, committed 10032K, reserved 1048576K
Event: 13.314 GC heap after
Heap after GC invocations=16 (full 3):
 PSYoungGen      total 206848K, used 20420K [0x00000000d5580000, 0x00000000e6100000, 0x0000000100000000)
  eden space 186368K, 0% used [0x00000000d5580000,0x00000000d5580000,0x00000000e0b80000)
  from space 20480K, 99% used [0x00000000e0b80000,0x00000000e1f71220,0x00000000e1f80000)
  to   space 23552K, 0% used [0x00000000e4a00000,0x00000000e4a00000,0x00000000e6100000)
 ParOldGen       total 124416K, used 32861K [0x0000000080000000, 0x0000000087980000, 0x00000000d5580000)
  object space 124416K, 26% used [0x0000000080000000,0x00000000820176e0,0x0000000087980000)
 Metaspace       used 69068K, capacity 72040K, committed 72216K, reserved 1112064K
  class space    used 9343K, capacity 9919K, committed 10032K, reserved 1048576K
}
Event: 15.988 GC heap before
{Heap before GC invocations=17 (full 3):
 PSYoungGen      total 206848K, used 206788K [0x00000000d5580000, 0x00000000e6100000, 0x0000000100000000)
  eden space 186368K, 100% used [0x00000000d5580000,0x00000000e0b80000,0x00000000e0b80000)
  from space 20480K, 99% used [0x00000000e0b80000,0x00000000e1f71220,0x00000000e1f80000)
  to   space 23552K, 0% used [0x00000000e4a00000,0x00000000e4a00000,0x00000000e6100000)
 ParOldGen       total 124416K, used 32861K [0x0000000080000000, 0x0000000087980000, 0x00000000d5580000)
  object space 124416K, 26% used [0x0000000080000000,0x00000000820176e0,0x0000000087980000)
 Metaspace       used 71566K, capacity 74594K, committed 74776K, reserved 1114112K
  class space    used 9604K, capacity 10184K, committed 10288K, reserved 1048576K
Event: 16.077 GC heap after
Heap after GC invocations=17 (full 3):
 PSYoungGen      total 238080K, used 23524K [0x00000000d5580000, 0x00000000e7c00000, 0x0000000100000000)
  eden space 214528K, 0% used [0x00000000d5580000,0x00000000d5580000,0x00000000e2700000)
  from space 23552K, 99% used [0x00000000e4a00000,0x00000000e60f93a0,0x00000000e6100000)
  to   space 35840K, 0% used [0x00000000e2700000,0x00000000e2700000,0x00000000e4a00000)
 ParOldGen       total 124416K, used 57020K [0x0000000080000000, 0x0000000087980000, 0x00000000d5580000)
  object space 124416K, 45% used [0x0000000080000000,0x00000000837af398,0x0000000087980000)
 Metaspace       used 71566K, capacity 74594K, committed 74776K, reserved 1114112K
  class space    used 9604K, capacity 10184K, committed 10288K, reserved 1048576K
}
Event: 20.781 GC heap before
{Heap before GC invocations=18 (full 3):
 PSYoungGen      total 238080K, used 238052K [0x00000000d5580000, 0x00000000e7c00000, 0x0000000100000000)
  eden space 214528K, 100% used [0x00000000d5580000,0x00000000e2700000,0x00000000e2700000)
  from space 23552K, 99% used [0x00000000e4a00000,0x00000000e60f93a0,0x00000000e6100000)
  to   space 35840K, 0% used [0x00000000e2700000,0x00000000e2700000,0x00000000e4a00000)
 ParOldGen       total 124416K, used 57020K [0x0000000080000000, 0x0000000087980000, 0x00000000d5580000)
  object space 124416K, 45% used [0x0000000080000000,0x00000000837af398,0x0000000087980000)
 Metaspace       used 76166K, capacity 79544K, committed 79640K, reserved 1118208K
  class space    used 10138K, capacity 10759K, committed 10800K, reserved 1048576K
Event: 20.822 GC heap after
Heap after GC invocations=18 (full 3):
 PSYoungGen      total 250368K, used 35835K [0x00000000d5580000, 0x00000000ea500000, 0x0000000100000000)
  eden space 214528K, 0% used [0x00000000d5580000,0x00000000d5580000,0x00000000e2700000)
  from space 35840K, 99% used [0x00000000e2700000,0x00000000e49fee40,0x00000000e4a00000)
  to   space 41984K, 0% used [0x00000000e7c00000,0x00000000e7c00000,0x00000000ea500000)
 ParOldGen       total 124416K, used 57337K [0x0000000080000000, 0x0000000087980000, 0x00000000d5580000)
  object space 124416K, 46% used [0x0000000080000000,0x00000000837fe760,0x0000000087980000)
 Metaspace       used 76166K, capacity 79544K, committed 79640K, reserved 1118208K
  class space    used 10138K, capacity 10759K, committed 10800K, reserved 1048576K
}
Event: 24.466 GC heap before
{Heap before GC invocations=19 (full 3):
 PSYoungGen      total 250368K, used 250363K [0x00000000d5580000, 0x00000000ea500000, 0x0000000100000000)
  eden space 214528K, 100% used [0x00000000d5580000,0x00000000e2700000,0x00000000e2700000)
  from space 35840K, 99% used [0x00000000e2700000,0x00000000e49fee40,0x00000000e4a00000)
  to   space 41984K, 0% used [0x00000000e7c00000,0x00000000e7c00000,0x00000000ea500000)
 ParOldGen       total 124416K, used 57337K [0x0000000080000000, 0x0000000087980000, 0x00000000d5580000)
  object space 124416K, 46% used [0x0000000080000000,0x00000000837fe760,0x0000000087980000)
 Metaspace       used 82454K, capacity 86018K, committed 86168K, reserved 1124352K
  class space    used 10920K, capacity 11620K, committed 11696K, reserved 1048576K
Event: 24.533 GC heap after
Heap after GC invocations=19 (full 3):
 PSYoungGen      total 299520K, used 24086K [0x00000000d5580000, 0x00000000ea400000, 0x0000000100000000)
  eden space 258560K, 0% used [0x00000000d5580000,0x00000000d5580000,0x00000000e5200000)
  from space 40960K, 58% used [0x00000000e7c00000,0x00000000e9385908,0x00000000ea400000)
  to   space 41984K, 0% used [0x00000000e5200000,0x00000000e5200000,0x00000000e7b00000)
 ParOldGen       total 124416K, used 80453K [0x0000000080000000, 0x0000000087980000, 0x00000000d5580000)
  object space 124416K, 64% used [0x0000000080000000,0x0000000084e91488,0x0000000087980000)
 Metaspace       used 82454K, capacity 86018K, committed 86168K, reserved 1124352K
  class space    used 10920K, capacity 11620K, committed 11696K, reserved 1048576K
}
Event: 33.957 GC heap before
{Heap before GC invocations=20 (full 3):
 PSYoungGen      total 299520K, used 282646K [0x00000000d5580000, 0x00000000ea400000, 0x0000000100000000)
  eden space 258560K, 100% used [0x00000000d5580000,0x00000000e5200000,0x00000000e5200000)
  from space 40960K, 58% used [0x00000000e7c00000,0x00000000e9385908,0x00000000ea400000)
  to   space 41984K, 0% used [0x00000000e5200000,0x00000000e5200000,0x00000000e7b00000)
 ParOldGen       total 124416K, used 80455K [0x0000000080000000, 0x0000000087980000, 0x00000000d5580000)
  object space 124416K, 64% used [0x0000000080000000,0x0000000084e91df8,0x0000000087980000)
 Metaspace       used 93684K, capacity 97592K, committed 97688K, reserved 1134592K
  class space    used 12209K, capacity 12954K, committed 12976K, reserved 1048576K
Event: 34.047 GC heap after
Heap after GC invocations=20 (full 3):
 PSYoungGen      total 300544K, used 39446K [0x00000000d5580000, 0x00000000ece80000, 0x0000000100000000)
  eden space 258560K, 0% used [0x00000000d5580000,0x00000000d5580000,0x00000000e5200000)
  from space 41984K, 93% used [0x00000000e5200000,0x00000000e7885828,0x00000000e7b00000)
  to   space 47616K, 0% used [0x00000000ea000000,0x00000000ea000000,0x00000000ece80000)
 ParOldGen       total 124416K, used 80463K [0x0000000080000000, 0x0000000087980000, 0x00000000d5580000)
  object space 124416K, 64% used [0x0000000080000000,0x0000000084e93df8,0x0000000087980000)
 Metaspace       used 93684K, capacity 97592K, committed 97688K, reserved 1134592K
  class space    used 12209K, capacity 12954K, committed 12976K, reserved 1048576K
}

Deoptimization events (10 events):
Event: 33.713 Thread 0x000000001e6c4000 Uncommon trap: reason=class_check action=maybe_recompile pc=0x0000000004da34ac method=com.google.common.collect.ImmutableMap.copyOf(Ljava/util/Map;)Lcom/google/common/collect/ImmutableMap; @ 49
Event: 33.713 Thread 0x000000001e6c4000 Uncommon trap: reason=class_check action=maybe_recompile pc=0x0000000004d9356c method=com.google.common.collect.Iterables.castOrCopyToCollection(Ljava/lang/Iterable;)Ljava/util/Collection; @ 1
Event: 33.721 Thread 0x000000001ab60800 Uncommon trap: reason=class_check action=maybe_recompile pc=0x0000000004b48cdc method=com.google.common.collect.SortedIterables.hasSameComparator(Ljava/util/Comparator;Ljava/lang/Iterable;)Z @ 11
Event: 33.739 Thread 0x000000001e6c4000 Uncommon trap: reason=class_check action=maybe_recompile pc=0x0000000004da34ac method=com.google.common.collect.ImmutableMap.copyOf(Ljava/util/Map;)Lcom/google/common/collect/ImmutableMap; @ 49
Event: 33.739 Thread 0x000000001e6c4000 Uncommon trap: reason=class_check action=maybe_recompile pc=0x0000000004d9356c method=com.google.common.collect.Iterables.castOrCopyToCollection(Ljava/lang/Iterable;)Ljava/util/Collection; @ 1
Event: 33.762 Thread 0x000000001e6c4000 Uncommon trap: reason=class_check action=maybe_recompile pc=0x0000000004da34ac method=com.google.common.collect.ImmutableMap.copyOf(Ljava/util/Map;)Lcom/google/common/collect/ImmutableMap; @ 49
Event: 33.762 Thread 0x000000001e6c4000 Uncommon trap: reason=class_check action=maybe_recompile pc=0x0000000004d9356c method=com.google.common.collect.Iterables.castOrCopyToCollection(Ljava/lang/Iterable;)Ljava/util/Collection; @ 1
Event: 33.766 Thread 0x000000001e6c4000 Uncommon trap: reason=class_check action=maybe_recompile pc=0x0000000004da34ac method=com.google.common.collect.ImmutableMap.copyOf(Ljava/util/Map;)Lcom/google/common/collect/ImmutableMap; @ 49
Event: 33.766 Thread 0x000000001e6c4000 Uncommon trap: reason=class_check action=maybe_recompile pc=0x0000000004d9356c method=com.google.common.collect.Iterables.castOrCopyToCollection(Ljava/lang/Iterable;)Ljava/util/Collection; @ 1
Event: 34.079 Thread 0x000000001dec3000 Uncommon trap: reason=unstable_if action=reinterpret pc=0x0000000004a75f04 method=java.util.Collections$SetFromMap.add(Ljava/lang/Object;)Z @ 13

Classes redefined (0 events):
No events

Internal exceptions (10 events):
Event: 31.056 Thread 0x000000001ab61000 Exception <a 'sun/nio/fs/WindowsException'> (0x00000000da2f5b58) thrown at [C:\src\AOSP-openjdk-git\hotspot\src\share\vm\prims\jni.cpp, line 710]
Event: 31.057 Thread 0x000000001ab61000 Exception <a 'sun/nio/fs/WindowsException'> (0x00000000da304a18) thrown at [C:\src\AOSP-openjdk-git\hotspot\src\share\vm\prims\jni.cpp, line 710]
Event: 31.058 Thread 0x000000001ab61000 Exception <a 'sun/nio/fs/WindowsException'> (0x00000000da305760) thrown at [C:\src\AOSP-openjdk-git\hotspot\src\share\vm\prims\jni.cpp, line 710]
Event: 33.589 Thread 0x0000000019a0a800 Exception <a 'java/lang/NoSuchMethodError': <clinit>> (0x00000000e33f9f30) thrown at [C:\src\AOSP-openjdk-git\hotspot\src\share\vm\prims\jni.cpp, line 1615]
Event: 33.591 Thread 0x0000000019a0a800 Exception <a 'java/lang/NoSuchMethodError': <clinit>> (0x00000000e3404418) thrown at [C:\src\AOSP-openjdk-git\hotspot\src\share\vm\prims\jni.cpp, line 1615]
Event: 33.668 Thread 0x0000000019c87000 Exception <a 'sun/nio/fs/WindowsException'> (0x00000000d6ca1eb0) thrown at [C:\src\AOSP-openjdk-git\hotspot\src\share\vm\prims\jni.cpp, line 710]
Event: 33.668 Thread 0x0000000019c87000 Exception <a 'sun/nio/fs/WindowsException'> (0x00000000d6ca3748) thrown at [C:\src\AOSP-openjdk-git\hotspot\src\share\vm\prims\jni.cpp, line 710]
Event: 33.855 Thread 0x000000001dec3000 Exception <a 'sun/nio/fs/WindowsException'> (0x00000000e40978b0) thrown at [C:\src\AOSP-openjdk-git\hotspot\src\share\vm\prims\jni.cpp, line 710]
Event: 33.874 Thread 0x000000001ab60800 Exception <a 'sun/nio/fs/WindowsException'> (0x00000000e3fde5c0) thrown at [C:\src\AOSP-openjdk-git\hotspot\src\share\vm\prims\jni.cpp, line 710]
Event: 34.150 Thread 0x000000001dec7000 Exception <a 'sun/nio/fs/WindowsException'> (0x00000000d6639448) thrown at [C:\src\AOSP-openjdk-git\hotspot\src\share\vm\prims\jni.cpp, line 710]

Events (10 events):
Event: 34.251 loading class com/android/tools/r8/graph/p$a
Event: 34.251 loading class com/android/tools/r8/graph/p$a done
Event: 34.251 loading class com/android/tools/r8/graph/j0
Event: 34.251 loading class com/android/tools/r8/graph/j0 done
Event: 34.252 loading class com/android/tools/r8/graph/p$a
Event: 34.252 loading class com/android/tools/r8/graph/p$a done
Event: 34.253 loading class com/android/tools/r8/graph/I0
Event: 34.253 loading class com/android/tools/r8/graph/I0 done
Event: 34.291 loading class com/android/tools/r8/graph/I0$b
Event: 34.291 loading class com/android/tools/r8/graph/I0$b done


Dynamic libraries:
0x00007ff725200000 - 0x00007ff725231000 	C:\Program Files\Android\Android Studio\jre\bin\java.exe
0x00007ffe4bc40000 - 0x00007ffe4be21000 	C:\Windows\SYSTEM32\ntdll.dll
0x00007ffe4b5b0000 - 0x00007ffe4b662000 	C:\Windows\System32\KERNEL32.DLL
0x00007ffe48850000 - 0x00007ffe48ac3000 	C:\Windows\System32\KERNELBASE.dll
0x00007ffe4b670000 - 0x00007ffe4b711000 	C:\Windows\System32\ADVAPI32.dll
0x00007ffe4b730000 - 0x00007ffe4b7ce000 	C:\Windows\System32\msvcrt.dll
0x00007ffe4b2c0000 - 0x00007ffe4b31b000 	C:\Windows\System32\sechost.dll
0x00007ffe4bae0000 - 0x00007ffe4bc04000 	C:\Windows\System32\RPCRT4.dll
0x00007ffe4b0d0000 - 0x00007ffe4b260000 	C:\Windows\System32\USER32.dll
0x00007ffe48f10000 - 0x00007ffe48f30000 	C:\Windows\System32\win32u.dll
0x00007ffe4b580000 - 0x00007ffe4b5a8000 	C:\Windows\System32\GDI32.dll
0x00007ffe48f30000 - 0x00007ffe490c2000 	C:\Windows\System32\gdi32full.dll
0x00007ffe48e20000 - 0x00007ffe48ebf000 	C:\Windows\System32\msvcp_win.dll
0x00007ffe48d20000 - 0x00007ffe48e1a000 	C:\Windows\System32\ucrtbase.dll
0x00007ffe38ac0000 - 0x00007ffe38d29000 	C:\Windows\WinSxS\amd64_microsoft.windows.common-controls_6595b64144ccf1df_6.0.17134.112_none_fb3f961b30681c12\COMCTL32.dll
0x00007ffe4a6d0000 - 0x00007ffe4a9f3000 	C:\Windows\System32\combase.dll
0x00007ffe48010000 - 0x00007ffe4808a000 	C:\Windows\System32\bcryptPrimitives.dll
0x00007ffe491b0000 - 0x00007ffe491dd000 	C:\Windows\System32\IMM32.DLL
0x000000005f950000 - 0x000000005fa22000 	C:\Program Files\Android\Android Studio\jre\jre\bin\msvcr100.dll
0x000000005fa30000 - 0x000000006027b000 	C:\Program Files\Android\Android Studio\jre\jre\bin\server\jvm.dll
0x00007ffe4b720000 - 0x00007ffe4b728000 	C:\Windows\System32\PSAPI.DLL
0x00007ffe341c0000 - 0x00007ffe341c9000 	C:\Windows\SYSTEM32\WSOCK32.dll
0x00007ffe4ac00000 - 0x00007ffe4ac6c000 	C:\Windows\System32\WS2_32.dll
0x00007ffe435b0000 - 0x00007ffe435d3000 	C:\Windows\SYSTEM32\WINMM.dll
0x00007ffe35090000 - 0x00007ffe3509a000 	C:\Windows\SYSTEM32\VERSION.dll
0x00007ffe43580000 - 0x00007ffe435aa000 	C:\Windows\SYSTEM32\WINMMBASE.dll
0x00007ffe48ec0000 - 0x00007ffe48f09000 	C:\Windows\System32\cfgmgr32.dll
0x00007ffe444e0000 - 0x00007ffe444ef000 	C:\Program Files\Android\Android Studio\jre\jre\bin\verify.dll
0x00007ffe42530000 - 0x00007ffe42559000 	C:\Program Files\Android\Android Studio\jre\jre\bin\java.dll
0x00007ffe42dd0000 - 0x00007ffe42de6000 	C:\Program Files\Android\Android Studio\jre\jre\bin\zip.dll
0x00007ffe491e0000 - 0x00007ffe4a620000 	C:\Windows\System32\SHELL32.dll
0x00007ffe4a620000 - 0x00007ffe4a6c9000 	C:\Windows\System32\shcore.dll
0x00007ffe48140000 - 0x00007ffe4884d000 	C:\Windows\System32\windows.storage.dll
0x00007ffe4b520000 - 0x00007ffe4b571000 	C:\Windows\System32\shlwapi.dll
0x00007ffe47fa0000 - 0x00007ffe47fb1000 	C:\Windows\System32\kernel.appcore.dll
0x00007ffe47f60000 - 0x00007ffe47f7f000 	C:\Windows\System32\profapi.dll
0x00007ffe47fc0000 - 0x00007ffe4800c000 	C:\Windows\System32\powrprof.dll
0x00007ffe47f50000 - 0x00007ffe47f5a000 	C:\Windows\System32\FLTLIB.DLL
0x00007ffe42470000 - 0x00007ffe4248a000 	C:\Program Files\Android\Android Studio\jre\jre\bin\net.dll
0x00007ffe477d0000 - 0x00007ffe47836000 	C:\Windows\system32\mswsock.dll
0x00007ffe42370000 - 0x00007ffe42383000 	C:\Program Files\Android\Android Studio\jre\jre\bin\nio.dll
0x00007ffe394f0000 - 0x00007ffe39517000 	C:\Users\user\.gradle\native\f6784746aeab05261644944871eae4fe03e0ef1612fff0a4a95f87b438bc6780\windows-amd64\native-platform.dll
0x00007ffe424a0000 - 0x00007ffe424ad000 	C:\Program Files\Android\Android Studio\jre\jre\bin\management.dll
0x00007ffe47980000 - 0x00007ffe47997000 	C:\Windows\SYSTEM32\CRYPTSP.dll
0x00007ffe473b0000 - 0x00007ffe473e3000 	C:\Windows\system32\rsaenh.dll
0x00007ffe47ab0000 - 0x00007ffe47ad5000 	C:\Windows\SYSTEM32\bcrypt.dll
0x00007ffe47e50000 - 0x00007ffe47e78000 	C:\Windows\SYSTEM32\USERENV.dll
0x00007ffe479a0000 - 0x00007ffe479ab000 	C:\Windows\SYSTEM32\CRYPTBASE.dll
0x00007ffe47550000 - 0x00007ffe47588000 	C:\Windows\SYSTEM32\IPHLPAPI.DLL
0x00007ffe4b0c0000 - 0x00007ffe4b0c8000 	C:\Windows\System32\NSI.dll
0x00007ffe3d0e0000 - 0x00007ffe3d0f6000 	C:\Windows\SYSTEM32\dhcpcsvc6.DLL
0x00007ffe3f0d0000 - 0x00007ffe3f0ea000 	C:\Windows\SYSTEM32\dhcpcsvc.DLL
0x00007ffe3f060000 - 0x00007ffe3f06b000 	C:\Windows\SYSTEM32\WINNSI.DLL

VM Arguments:
jvm_args: -Xmx2048m -Dfile.encoding=UTF-8 -Duser.country=US -Duser.language=en -Duser.variant 
java_command: org.gradle.launcher.daemon.bootstrap.GradleDaemon 6.5
java_class_path (initial): C:\Users\user\.gradle\wrapper\dists\gradle-6.5-bin\6nifqtx7604sqp1q6g8wikw7p\gradle-6.5\lib\gradle-launcher-6.5.jar
Launcher Type: SUN_STANDARD

Environment Variables:
PATH=C:\Program Files (x86)\Common Files\Oracle\Java\javapath;C:\ProgramData\Oracle\Java\javapath;C:\Windows\system32;C:\Windows;C:\Windows\System32\Wbem;C:\Windows\System32\WindowsPowerShell\v1.0\;C:\Windows\System32\OpenSSH\;C:\Program Files\Microsoft\Web Platform Installer\;C:\Program Files (x86)\Microsoft ASP.NET\ASP.NET Web Pages\v1.0\;C:\Program Files\Microsoft SQL Server\110\Tools\Binn\;c:\Program Files (x86)\Microsoft SQL Server\100\Tools\Binn\;c:\Program Files\Microsoft SQL Server\100\Tools\Binn\;c:\Program Files\Microsoft SQL Server\100\DTS\Binn\;C:\Program Files\Java\jre1.8.0_271\bin;C:\Program Files\Git\cmd;C:\Program Files\nodejs\;C:\Users\user\AppData\Local\Programs\Python\Python38\Scripts\;C:\Users\user\AppData\Local\Programs\Python\Python38\;C:\Users\user\AppData\Local\Microsoft\WindowsApps;C:\Program Files\JetBrains\PyCharm Community Edition 2019.2.5\bin;C:\source\flutter\flutter\bin;C:\Program Files\heroku\bin;C:\Program Files (x86)\Common Files\Java;C:\Users\user\IntelliJ IDEA Community Edition 2020.2.3\bin;C:\Users\user\AppData\Local\Programs\Microsoft VS Code\bin;C:\Users\user\AppData\Roaming\npm;C:\Users\user\AppData\Local\hyper\app-3.0.2\resources\bin;C:\MinGW\bin;
USERNAME=Osemudiamen-Itua
OS=Windows_NT
PROCESSOR_IDENTIFIER=Intel64 Family 6 Model 61 Stepping 4, GenuineIntel



---------------  S Y S T E M  ---------------

OS: Windows 10.0 , 64 bit Build 17134 (10.0.17134.1)

CPU:total 4 (initial active 4) (2 cores per cpu, 2 threads per core) family 6 model 61 stepping 4, cmov, cx8, fxsr, mmx, sse, sse2, sse3, ssse3, sse4.1, sse4.2, popcnt, avx, avx2, aes, clmul, erms, rtm, 3dnowpref, lzcnt, ht, tsc, tscinvbit, bmi1, bmi2, adx

Memory: 4k page, physical 8077532k(1019764k free), swap 8077532k(4136k free)

vm_info: OpenJDK 64-Bit Server VM (25.242-b01) for windows-amd64 JRE (1.8.0_242-release-1644-b01), built by "builder" with MS VC++ 10.0 (VS2010)

time: Wed May 19 16:33:12 2021
timezone: W. Central Africa Standard Time
elapsed time: 34 seconds (0d 0h 0m 34s)

