#
# There is insufficient memory for the Java Runtime Environment to continue.
# Native memory allocation (malloc) failed to allocate 1495216 bytes for Chunk::new
# Possible reasons:
#   The system is out of physical RAM or swap space
#   The process is running with CompressedOops enabled, and the Java Heap may be blocking the growth of the native heap
# Possible solutions:
#   Reduce memory load on the system
#   Increase physical memory or swap space
#   Check if swap backing store is full
#   Decrease Java heap size (-Xmx/-Xms)
#   Decrease number of Java threads
#   Decrease Java thread stack sizes (-Xss)
#   Set larger code cache with -XX:ReservedCodeCacheSize=
#   JVM is running with Unscaled Compressed Oops mode in which the Java heap is
#     placed in the first 4GB address space. The Java Heap base address is the
#     maximum limit for the native heap growth. Please use -XX:HeapBaseMinAddress
#     to set the Java Heap base and to place the Java Heap above 4GB virtual address.
# This output file may be truncated or incomplete.
#
#  Out of Memory Error (allocation.cpp:389), pid=11740, tid=0x000000000000233c
#
# JRE version: OpenJDK Runtime Environment (8.0_242-b01) (build 1.8.0_242-release-1644-b01)
# Java VM: OpenJDK 64-Bit Server VM (25.242-b01 mixed mode windows-amd64 compressed oops)
# Failed to write core dump. Minidumps are not enabled by default on client versions of Windows
#

---------------  T H R E A D  ---------------

Current thread (0x000000001799a000):  JavaThread "C2 CompilerThread0" daemon [_thread_in_native, id=9020, stack(0x0000000018ff0000,0x00000000190f0000)]

Stack: [0x0000000018ff0000,0x00000000190f0000]
[error occurred during error reporting (printing stack bounds), id 0xc0000005]

Native frames: (J=compiled Java code, j=interpreted, Vv=VM code, C=native code)


Current CompileTask:
C2:   6040 2644   !   4       java.net.URLClassLoader$1::run (63 bytes)


---------------  P R O C E S S  ---------------

Java Threads: ( => current thread )
  0x000000001ea74800 JavaThread "Cache worker for file content cache (C:\Users\user\.gradle\caches\6.5\fileContent)" [_thread_blocked, id=11960, stack(0x0000000023680000,0x0000000023780000)]
  0x000000001ea76000 JavaThread "Cache worker for execution history cache (C:\Users\user\.gradle\caches\6.5\executionHistory)" [_thread_blocked, id=7860, stack(0x0000000023180000,0x0000000023280000)]
  0x000000001ea7a800 JavaThread "Cache worker for cache directory md-rule (C:\Users\user\.gradle\caches\6.5\md-rule)" [_thread_blocked, id=11172, stack(0x0000000022e80000,0x0000000022f80000)]
  0x000000001b12a800 JavaThread "Cache worker for cache directory md-supplier (C:\Users\user\.gradle\caches\6.5\md-supplier)" [_thread_blocked, id=10552, stack(0x0000000022d80000,0x0000000022e80000)]
  0x000000001b12a000 JavaThread "Cache worker for checksums cache (C:\Users\user\AndroidStudioProjects\ContactList\.gradle\checksums)" [_thread_blocked, id=4984, stack(0x0000000022c80000,0x0000000022d80000)]
  0x000000001b129000 JavaThread "jar transforms Thread 25" [_thread_blocked, id=7604, stack(0x0000000022b80000,0x0000000022c80000)]
  0x000000001b127800 JavaThread "jar transforms Thread 24" [_thread_blocked, id=1764, stack(0x0000000022a80000,0x0000000022b80000)]
  0x000000001b12e800 JavaThread "jar transforms Thread 23" [_thread_blocked, id=5272, stack(0x0000000022980000,0x0000000022a80000)]
  0x000000001b128800 JavaThread "jar transforms Thread 22" [_thread_blocked, id=2760, stack(0x0000000022880000,0x0000000022980000)]
  0x000000001b12b800 JavaThread "jar transforms Thread 21" [_thread_blocked, id=652, stack(0x0000000022780000,0x0000000022880000)]
  0x000000001b12d800 JavaThread "jar transforms Thread 20" [_thread_blocked, id=12188, stack(0x0000000022680000,0x0000000022780000)]
  0x000000001b12d000 JavaThread "jar transforms Thread 19" [_thread_blocked, id=6776, stack(0x0000000022580000,0x0000000022680000)]
  0x000000001b12c000 JavaThread "jar transforms Thread 18" [_thread_blocked, id=10364, stack(0x0000000022480000,0x0000000022580000)]
  0x000000001b120000 JavaThread "jar transforms Thread 17" [_thread_blocked, id=10728, stack(0x0000000022380000,0x0000000022480000)]
  0x000000001b127000 JavaThread "jar transforms Thread 16" [_thread_blocked, id=3512, stack(0x0000000022280000,0x0000000022380000)]
  0x000000001b126000 JavaThread "jar transforms Thread 15" [_thread_blocked, id=3032, stack(0x0000000022180000,0x0000000022280000)]
  0x000000001b121000 JavaThread "jar transforms Thread 14" [_thread_blocked, id=6268, stack(0x0000000022080000,0x0000000022180000)]
  0x000000001b11f800 JavaThread "jar transforms Thread 13" [_thread_blocked, id=8100, stack(0x0000000021f80000,0x0000000022080000)]
  0x000000001b124800 JavaThread "jar transforms Thread 12" [_thread_blocked, id=11544, stack(0x0000000021e80000,0x0000000021f80000)]
  0x000000001b125800 JavaThread "jar transforms Thread 11" [_thread_blocked, id=10956, stack(0x0000000021d80000,0x0000000021e80000)]
  0x000000001b124000 JavaThread "jar transforms Thread 10" [_thread_blocked, id=7576, stack(0x0000000021c80000,0x0000000021d80000)]
  0x000000001b123000 JavaThread "jar transforms Thread 9" [_thread_blocked, id=216, stack(0x0000000021b80000,0x0000000021c80000)]
  0x000000001b122800 JavaThread "jar transforms Thread 8" [_thread_blocked, id=11760, stack(0x0000000021a80000,0x0000000021b80000)]
  0x000000001b121800 JavaThread "jar transforms Thread 7" [_thread_blocked, id=9248, stack(0x0000000021980000,0x0000000021a80000)]
  0x00000000179b5800 JavaThread "jar transforms Thread 6" [_thread_blocked, id=3936, stack(0x0000000021880000,0x0000000021980000)]
  0x00000000179b6000 JavaThread "jar transforms Thread 5" [_thread_blocked, id=11620, stack(0x0000000021780000,0x0000000021880000)]
  0x00000000179b4800 JavaThread "jar transforms Thread 4" [_thread_blocked, id=9680, stack(0x0000000021680000,0x0000000021780000)]
  0x00000000179b4000 JavaThread "jar transforms Thread 3" [_thread_blocked, id=5536, stack(0x0000000021580000,0x0000000021680000)]
  0x00000000179b3000 JavaThread "jar transforms Thread 2" [_thread_blocked, id=9876, stack(0x0000000021480000,0x0000000021580000)]
  0x00000000179b2800 JavaThread "jar transforms" [_thread_blocked, id=4536, stack(0x0000000021380000,0x0000000021480000)]
  0x00000000179b7000 JavaThread "Cache worker for file hash cache (C:\Users\user\AndroidStudioProjects\ContactList\.gradle\6.5\fileHashes)" [_thread_blocked, id=636, stack(0x000000001fec0000,0x000000001ffc0000)]
  0x00000000179b0000 JavaThread "Cache worker for file hash cache (C:\Users\user\.gradle\caches\6.5\fileHashes)" [_thread_blocked, id=1892, stack(0x000000001d970000,0x000000001da70000)]
  0x00000000179b1800 JavaThread "File lock request listener" [_thread_in_native, id=7580, stack(0x000000001d870000,0x000000001d970000)]
  0x000000001b7cb000 JavaThread "Cache worker for journal cache (C:\Users\user\.gradle\caches\journal-1)" [_thread_blocked, id=8976, stack(0x000000001d670000,0x000000001d770000)]
  0x000000001b6c1000 JavaThread "Thread-9" [_thread_blocked, id=10916, stack(0x000000001d370000,0x000000001d470000)]
  0x000000001b6c0000 JavaThread "Stdin handler" [_thread_blocked, id=1360, stack(0x000000001d270000,0x000000001d370000)]
  0x000000001b6a5800 JavaThread "Asynchronous log dispatcher for DefaultDaemonConnection: socket connection from /127.0.0.1:53598 to /127.0.0.1:53599" [_thread_blocked, id=11204, stack(0x000000001d170000,0x000000001d270000)]
  0x000000001b6a4000 JavaThread "Daemon worker" [_thread_blocked, id=7272, stack(0x000000001d070000,0x000000001d170000)]
  0x000000001b69d000 JavaThread "Cancel handler" [_thread_blocked, id=6532, stack(0x000000001cf70000,0x000000001d070000)]
  0x000000001a3c4800 JavaThread "Handler for socket connection from /127.0.0.1:53598 to /127.0.0.1:53599" [_thread_in_native, id=3928, stack(0x000000001ce70000,0x000000001cf70000)]
  0x0000000019e5f800 JavaThread "Daemon" [_thread_blocked, id=384, stack(0x000000001cb70000,0x000000001cc70000)]
  0x000000001b680800 JavaThread "Daemon periodic checks" [_thread_blocked, id=11860, stack(0x000000001ca70000,0x000000001cb70000)]
  0x000000001b638000 JavaThread "Incoming local TCP Connector on port 53598" [_thread_in_native, id=1844, stack(0x000000001c830000,0x000000001c930000)]
  0x000000001b585800 JavaThread "Daemon health stats" [_thread_blocked, id=8652, stack(0x000000001c2f0000,0x000000001c3f0000)]
  0x0000000019331800 JavaThread "Service Thread" daemon [_thread_blocked, id=1276, stack(0x00000000196f0000,0x00000000197f0000)]
  0x00000000179b1000 JavaThread "C1 CompilerThread2" daemon [_thread_blocked, id=9992, stack(0x00000000191f0000,0x00000000192f0000)]
  0x000000001799d800 JavaThread "C2 CompilerThread1" daemon [_thread_in_native, id=6976, stack(0x00000000190f0000,0x00000000191f0000)]
=>0x000000001799a000 JavaThread "C2 CompilerThread0" daemon [_thread_in_native, id=9020, stack(0x0000000018ff0000,0x00000000190f0000)]
  0x0000000017997000 JavaThread "Attach Listener" daemon [_thread_blocked, id=6272, stack(0x0000000018ef0000,0x0000000018ff0000)]
  0x0000000017994000 JavaThread "Signal Dispatcher" daemon [_thread_blocked, id=8984, stack(0x0000000018df0000,0x0000000018ef0000)]
  0x0000000002cbb800 JavaThread "Finalizer" daemon [_thread_blocked, id=11984, stack(0x0000000018c00000,0x0000000018d00000)]
  0x0000000017979000 JavaThread "Reference Handler" daemon [_thread_blocked, id=11648, stack(0x0000000018b00000,0x0000000018c00000)]
  0x0000000002d6e000 JavaThread "main" [_thread_blocked, id=1328, stack(0x0000000002ab0000,0x0000000002bb0000)]

Other Threads:
  0x0000000017956800 VMThread [stack: 0x0000000018a00000,0x0000000018b00000] [id=1756]
  0x0000000019334000 WatcherThread [stack: 0x00000000197f0000,0x00000000198f0000] [id=8836]

VM state:at safepoint (normal execution)

VM Mutex/Monitor currently owned by a thread:  ([mutex/lock_event])
[0x0000000002d6d540] Threads_lock - owner thread: 0x0000000017956800
[0x0000000002d6d040] Heap_lock - owner thread: 0x000000001b6a4000

heap address: 0x0000000080000000, size: 2048 MB, Compressed Oops mode: 32-bit
Narrow klass base: 0x0000000000000000, Narrow klass shift: 3
Compressed class space size: 1073741824 Address: 0x0000000100000000

Heap:
 PSYoungGen      total 101376K, used 7045K [0x00000000d5580000, 0x00000000dc480000, 0x0000000100000000)
  eden space 90112K, 0% used [0x00000000d5580000,0x00000000d5580000,0x00000000dad80000)
  from space 11264K, 62% used [0x00000000db880000,0x00000000dbf614e8,0x00000000dc380000)
  to   space 11264K, 0% used [0x00000000dad80000,0x00000000dad80000,0x00000000db880000)
 ParOldGen       total 50176K, used 9949K [0x0000000080000000, 0x0000000083100000, 0x00000000d5580000)
  object space 50176K, 19% used [0x0000000080000000,0x00000000809b7648,0x0000000083100000)
 Metaspace       used 34120K, capacity 35334K, committed 35456K, reserved 1079296K
  class space    used 4592K, capacity 4912K, committed 4992K, reserved 1048576K

Card table byte_map: [0x0000000012130000,0x0000000012540000] byte_map_base: 0x0000000011d30000

Marking Bits: (ParMarkBitMap*) 0x00000000601ff030
 Begin Bits: [0x0000000012bf0000, 0x0000000014bf0000)
 End Bits:   [0x0000000014bf0000, 0x0000000016bf0000)

Polling page: 0x0000000000dd0000

CodeCache: size=245760Kb used=10894Kb max_used=10894Kb free=234865Kb
 bounds [0x0000000002d70000, 0x0000000003820000, 0x0000000011d70000]
 total_blobs=3609 nmethods=2914 adapters=607
 compilation: enabled

Compilation events (10 events):
Event: 5.968 Thread 0x00000000179b1000 2924   !   3       org.gradle.internal.classloader.CachingClassLoader::loadClass (85 bytes)
Event: 5.969 Thread 0x00000000179b1000 nmethod 2924 0x0000000003816490 code [0x0000000003816660, 0x0000000003816da8]
Event: 5.969 Thread 0x00000000179b1000 2925       3       com.google.common.collect.MapMakerInternalMap::get (23 bytes)
Event: 5.969 Thread 0x00000000179b1000 nmethod 2925 0x0000000003816fd0 code [0x0000000003817180, 0x0000000003817728]
Event: 5.970 Thread 0x00000000179b1000 2926       3       java.beans.FeatureDescriptor::addTable (20 bytes)
Event: 5.971 Thread 0x00000000179b1000 nmethod 2926 0x00000000038179d0 code [0x0000000003817ba0, 0x00000000038180e8]
Event: 5.971 Thread 0x00000000179b1000 2927       3       java.lang.reflect.Type::getTypeName (5 bytes)
Event: 5.971 Thread 0x00000000179b1000 nmethod 2927 0x00000000038182d0 code [0x0000000003818440, 0x0000000003818648]
Event: 5.975 Thread 0x00000000179b1000 2928       1       java.util.TreeMap::size (5 bytes)
Event: 5.975 Thread 0x00000000179b1000 nmethod 2928 0x00000000038186d0 code [0x0000000003818820, 0x0000000003818930]

GC Heap History (10 events):
Event: 3.856 GC heap after
Heap after GC invocations=7 (full 0):
 PSYoungGen      total 72704K, used 4821K [0x00000000d5580000, 0x00000000da880000, 0x0000000100000000)
  eden space 61952K, 0% used [0x00000000d5580000,0x00000000d5580000,0x00000000d9200000)
  from space 10752K, 44% used [0x00000000d9200000,0x00000000d96b54d8,0x00000000d9c80000)
  to   space 9216K, 0% used [0x00000000d9c80000,0x00000000d9c80000,0x00000000da580000)
 ParOldGen       total 84992K, used 7568K [0x0000000080000000, 0x0000000085300000, 0x00000000d5580000)
  object space 84992K, 8% used [0x0000000080000000,0x00000000807642b8,0x0000000085300000)
 Metaspace       used 20511K, capacity 21218K, committed 21296K, reserved 1067008K
  class space    used 2858K, capacity 3039K, committed 3072K, reserved 1048576K
}
Event: 3.856 GC heap before
{Heap before GC invocations=8 (full 1):
 PSYoungGen      total 72704K, used 4821K [0x00000000d5580000, 0x00000000da880000, 0x0000000100000000)
  eden space 61952K, 0% used [0x00000000d5580000,0x00000000d5580000,0x00000000d9200000)
  from space 10752K, 44% used [0x00000000d9200000,0x00000000d96b54d8,0x00000000d9c80000)
  to   space 9216K, 0% used [0x00000000d9c80000,0x00000000d9c80000,0x00000000da580000)
 ParOldGen       total 84992K, used 7568K [0x0000000080000000, 0x0000000085300000, 0x00000000d5580000)
  object space 84992K, 8% used [0x0000000080000000,0x00000000807642b8,0x0000000085300000)
 Metaspace       used 20511K, capacity 21218K, committed 21296K, reserved 1067008K
  class space    used 2858K, capacity 3039K, committed 3072K, reserved 1048576K
Event: 3.907 GC heap after
Heap after GC invocations=8 (full 1):
 PSYoungGen      total 72704K, used 0K [0x00000000d5580000, 0x00000000da880000, 0x0000000100000000)
  eden space 61952K, 0% used [0x00000000d5580000,0x00000000d5580000,0x00000000d9200000)
  from space 10752K, 0% used [0x00000000d9200000,0x00000000d9200000,0x00000000d9c80000)
  to   space 9216K, 0% used [0x00000000d9c80000,0x00000000d9c80000,0x00000000da580000)
 ParOldGen       total 50176K, used 7369K [0x0000000080000000, 0x0000000083100000, 0x00000000d5580000)
  object space 50176K, 14% used [0x0000000080000000,0x0000000080732458,0x0000000083100000)
 Metaspace       used 20511K, capacity 21218K, committed 21296K, reserved 1067008K
  class space    used 2858K, capacity 3039K, committed 3072K, reserved 1048576K
}
Event: 4.663 GC heap before
{Heap before GC invocations=9 (full 1):
 PSYoungGen      total 72704K, used 61952K [0x00000000d5580000, 0x00000000da880000, 0x0000000100000000)
  eden space 61952K, 100% used [0x00000000d5580000,0x00000000d9200000,0x00000000d9200000)
  from space 10752K, 0% used [0x00000000d9200000,0x00000000d9200000,0x00000000d9c80000)
  to   space 9216K, 0% used [0x00000000d9c80000,0x00000000d9c80000,0x00000000da580000)
 ParOldGen       total 50176K, used 7369K [0x0000000080000000, 0x0000000083100000, 0x00000000d5580000)
  object space 50176K, 14% used [0x0000000080000000,0x0000000080732458,0x0000000083100000)
 Metaspace       used 25070K, capacity 26074K, committed 26112K, reserved 1071104K
  class space    used 3576K, capacity 3819K, committed 3840K, reserved 1048576K
Event: 4.671 GC heap after
Heap after GC invocations=9 (full 1):
 PSYoungGen      total 72192K, used 6150K [0x00000000d5580000, 0x00000000dd180000, 0x0000000100000000)
  eden space 62976K, 0% used [0x00000000d5580000,0x00000000d5580000,0x00000000d9300000)
  from space 9216K, 66% used [0x00000000d9c80000,0x00000000da281880,0x00000000da580000)
  to   space 9728K, 0% used [0x00000000d9300000,0x00000000d9300000,0x00000000d9c80000)
 ParOldGen       total 50176K, used 7377K [0x0000000080000000, 0x0000000083100000, 0x00000000d5580000)
  object space 50176K, 14% used [0x0000000080000000,0x0000000080734458,0x0000000083100000)
 Metaspace       used 25070K, capacity 26074K, committed 26112K, reserved 1071104K
  class space    used 3576K, capacity 3819K, committed 3840K, reserved 1048576K
}
Event: 5.547 GC heap before
{Heap before GC invocations=10 (full 1):
 PSYoungGen      total 72192K, used 69126K [0x00000000d5580000, 0x00000000dd180000, 0x0000000100000000)
  eden space 62976K, 100% used [0x00000000d5580000,0x00000000d9300000,0x00000000d9300000)
  from space 9216K, 66% used [0x00000000d9c80000,0x00000000da281880,0x00000000da580000)
  to   space 9728K, 0% used [0x00000000d9300000,0x00000000d9300000,0x00000000d9c80000)
 ParOldGen       total 50176K, used 7377K [0x0000000080000000, 0x0000000083100000, 0x00000000d5580000)
  object space 50176K, 14% used [0x0000000080000000,0x0000000080734458,0x0000000083100000)
 Metaspace       used 32900K, capacity 34028K, committed 34304K, reserved 1079296K
  class space    used 4440K, capacity 4745K, committed 4864K, reserved 1048576K
Event: 5.566 GC heap after
Heap after GC invocations=10 (full 1):
 PSYoungGen      total 72704K, used 9719K [0x00000000d5580000, 0x00000000dc380000, 0x0000000100000000)
  eden space 62976K, 0% used [0x00000000d5580000,0x00000000d5580000,0x00000000d9300000)
  from space 9728K, 99% used [0x00000000d9300000,0x00000000d9c7dd50,0x00000000d9c80000)
  to   space 11264K, 0% used [0x00000000db880000,0x00000000db880000,0x00000000dc380000)
 ParOldGen       total 50176K, used 7795K [0x0000000080000000, 0x0000000083100000, 0x00000000d5580000)
  object space 50176K, 15% used [0x0000000080000000,0x000000008079cc48,0x0000000083100000)
 Metaspace       used 32900K, capacity 34028K, committed 34304K, reserved 1079296K
  class space    used 4440K, capacity 4745K, committed 4864K, reserved 1048576K
}
Event: 5.978 GC heap before
{Heap before GC invocations=11 (full 1):
 PSYoungGen      total 72704K, used 40292K [0x00000000d5580000, 0x00000000dc380000, 0x0000000100000000)
  eden space 62976K, 48% used [0x00000000d5580000,0x00000000d735b318,0x00000000d9300000)
  from space 9728K, 99% used [0x00000000d9300000,0x00000000d9c7dd50,0x00000000d9c80000)
  to   space 11264K, 0% used [0x00000000db880000,0x00000000db880000,0x00000000dc380000)
 ParOldGen       total 50176K, used 7795K [0x0000000080000000, 0x0000000083100000, 0x00000000d5580000)
  object space 50176K, 15% used [0x0000000080000000,0x000000008079cc48,0x0000000083100000)
 Metaspace       used 34120K, capacity 35334K, committed 35456K, reserved 1079296K
  class space    used 4592K, capacity 4912K, committed 4992K, reserved 1048576K
Event: 6.001 GC heap after
Heap after GC invocations=11 (full 1):
 PSYoungGen      total 101376K, used 7045K [0x00000000d5580000, 0x00000000dc480000, 0x0000000100000000)
  eden space 90112K, 0% used [0x00000000d5580000,0x00000000d5580000,0x00000000dad80000)
  from space 11264K, 62% used [0x00000000db880000,0x00000000dbf614e8,0x00000000dc380000)
  to   space 11264K, 0% used [0x00000000dad80000,0x00000000dad80000,0x00000000db880000)
 ParOldGen       total 50176K, used 9949K [0x0000000080000000, 0x0000000083100000, 0x00000000d5580000)
  object space 50176K, 19% used [0x0000000080000000,0x00000000809b7648,0x0000000083100000)
 Metaspace       used 34120K, capacity 35334K, committed 35456K, reserved 1079296K
  class space    used 4592K, capacity 4912K, committed 4992K, reserved 1048576K
}
Event: 6.001 GC heap before
{Heap before GC invocations=12 (full 2):
 PSYoungGen      total 101376K, used 7045K [0x00000000d5580000, 0x00000000dc480000, 0x0000000100000000)
  eden space 90112K, 0% used [0x00000000d5580000,0x00000000d5580000,0x00000000dad80000)
  from space 11264K, 62% used [0x00000000db880000,0x00000000dbf614e8,0x00000000dc380000)
  to   space 11264K, 0% used [0x00000000dad80000,0x00000000dad80000,0x00000000db880000)
 ParOldGen       total 50176K, used 9949K [0x0000000080000000, 0x0000000083100000, 0x00000000d5580000)
  object space 50176K, 19% used [0x0000000080000000,0x00000000809b7648,0x0000000083100000)
 Metaspace       used 34120K, capacity 35334K, committed 35456K, reserved 1079296K
  class space    used 4592K, capacity 4912K, committed 4992K, reserved 1048576K

Deoptimization events (10 events):
Event: 4.277 Thread 0x000000001b6a4000 Uncommon trap: reason=unstable_if action=reinterpret pc=0x000000000308794c method=java.io.WinNTFileSystem.resolve(Ljava/lang/String;Ljava/lang/String;)Ljava/lang/String; @ 49
Event: 4.704 Thread 0x000000001b6a4000 Uncommon trap: reason=unstable_if action=reinterpret pc=0x00000000033ec08c method=java.lang.ClassLoader.getClassLoadingLock(Ljava/lang/String;)Ljava/lang/Object; @ 6
Event: 4.731 Thread 0x000000001b6a4000 Uncommon trap: reason=bimorphic action=maybe_recompile pc=0x00000000033b9578 method=java.io.BufferedInputStream.read([BII)I @ 101
Event: 4.731 Thread 0x000000001b6a4000 Uncommon trap: reason=bimorphic action=maybe_recompile pc=0x00000000033b9578 method=java.io.BufferedInputStream.read([BII)I @ 101
Event: 4.732 Thread 0x000000001b6a4000 Uncommon trap: reason=bimorphic action=maybe_recompile pc=0x00000000033b9578 method=java.io.BufferedInputStream.read([BII)I @ 101
Event: 4.733 Thread 0x000000001b6a4000 Uncommon trap: reason=bimorphic action=maybe_recompile pc=0x00000000033b9578 method=java.io.BufferedInputStream.read([BII)I @ 101
Event: 5.567 Thread 0x0000000017979000 Uncommon trap: reason=unstable_if action=reinterpret pc=0x00000000035255bc method=java.lang.ref.Reference.tryHandlePending(Z)Z @ 104
Event: 5.799 Thread 0x000000001b6a4000 Uncommon trap: reason=unstable_if action=reinterpret pc=0x00000000034de5f8 method=java.lang.String.regionMatches(ZILjava/lang/String;II)Z @ 123
Event: 5.799 Thread 0x000000001b6a4000 Uncommon trap: reason=unstable_if action=reinterpret pc=0x00000000032b5108 method=java.lang.String.regionMatches(ZILjava/lang/String;II)Z @ 123
Event: 5.825 Thread 0x000000001b6a4000 Uncommon trap: reason=unstable_if action=reinterpret pc=0x0000000003263a14 method=sun.misc.URLClassPath$JarLoader.getResource(Ljava/lang/String;ZLjava/util/Set;)Lsun/misc/Resource; @ 17

Classes redefined (0 events):
No events

Internal exceptions (10 events):
Event: 5.935 Thread 0x000000001b6a4000 Exception <a 'java/lang/ClassNotFoundException': org/jetbrains/plugins/gradle/tooling/AbstractModelBuilderServiceCustomizer> (0x00000000d6fa3990) thrown at [C:\src\AOSP-openjdk-git\hotspot\src\share\vm\classfile\systemDictionary.cpp, line 210]
Event: 5.936 Thread 0x000000001b6a4000 Exception <a 'java/lang/ClassNotFoundException': org/jetbrains/plugins/gradle/tooling/builder/EarModelBuilderImplCustomizer> (0x00000000d6fb36c8) thrown at [C:\src\AOSP-openjdk-git\hotspot\src\share\vm\classfile\systemDictionary.cpp, line 210]
Event: 5.950 Thread 0x000000001b6a4000 Exception <a 'java/lang/ClassNotFoundException': org/jetbrains/plugins/gradle/tooling/builder/ScalaModelBuilderImplBeanInfo> (0x00000000d70bc638) thrown at [C:\src\AOSP-openjdk-git\hotspot\src\share\vm\classfile\systemDictionary.cpp, line 210]
Event: 5.951 Thread 0x000000001b6a4000 Exception <a 'java/lang/ClassNotFoundException': org/jetbrains/plugins/gradle/tooling/builder/ScalaModelBuilderImplCustomizer> (0x00000000d70c9528) thrown at [C:\src\AOSP-openjdk-git\hotspot\src\share\vm\classfile\systemDictionary.cpp, line 210]
Event: 5.962 Thread 0x000000001b6a4000 Exception <a 'java/lang/ClassNotFoundException': org/jetbrains/plugins/gradle/tooling/builder/ExternalProjectBuilderImpl$1BeanInfo> (0x00000000d7134d28) thrown at [C:\src\AOSP-openjdk-git\hotspot\src\share\vm\classfile\systemDictionary.cpp, line 210]
Event: 5.962 Thread 0x000000001b6a4000 Exception <a 'java/lang/ClassNotFoundException': org/jetbrains/plugins/gradle/tooling/builder/ExternalProjectBuilderImpl$1Customizer> (0x00000000d7142b38) thrown at [C:\src\AOSP-openjdk-git\hotspot\src\share\vm\classfile\systemDictionary.cpp, line 210]
Event: 5.968 Thread 0x000000001b6a4000 Exception <a 'java/lang/ClassNotFoundException': org/jetbrains/plugins/gradle/tooling/builder/ExternalProjectBuilderImplBeanInfo> (0x00000000d71b5b30) thrown at [C:\src\AOSP-openjdk-git\hotspot\src\share\vm\classfile\systemDictionary.cpp, line 210]
Event: 5.969 Thread 0x000000001b6a4000 Exception <a 'java/lang/ClassNotFoundException': org/jetbrains/plugins/gradle/tooling/builder/ExternalProjectBuilderImplCustomizer> (0x00000000d71c2f08) thrown at [C:\src\AOSP-openjdk-git\hotspot\src\share\vm\classfile\systemDictionary.cpp, line 210]
Event: 5.974 Thread 0x000000001b6a4000 Exception <a 'java/lang/ClassNotFoundException': org/jetbrains/plugins/gradle/tooling/builder/DependencyGraphModelBuilderImplBeanInfo> (0x00000000d7227600) thrown at [C:\src\AOSP-openjdk-git\hotspot\src\share\vm\classfile\systemDictionary.cpp, line 210]
Event: 5.975 Thread 0x000000001b6a4000 Exception <a 'java/lang/ClassNotFoundException': org/jetbrains/plugins/gradle/tooling/builder/DependencyGraphModelBuilderImplCustomizer> (0x00000000d72353b8) thrown at [C:\src\AOSP-openjdk-git\hotspot\src\share\vm\classfile\systemDictionary.cpp, line 210]

Events (10 events):
Event: 5.974 loading class org/jetbrains/plugins/gradle/tooling/builder/DependencyGraphModelBuilderImplBeanInfo done
Event: 5.975 loading class org/jetbrains/plugins/gradle/tooling/builder/DependencyGraphModelBuilderImplCustomizer
Event: 5.975 loading class org/jetbrains/plugins/gradle/tooling/builder/DependencyGraphModelBuilderImplCustomizer done
Event: 5.975 loading class org/jetbrains/plugins/gradle/tooling/builder/DependencyGraphModelBuilderImplCustomizer
Event: 5.975 loading class org/jetbrains/plugins/gradle/tooling/builder/DependencyGraphModelBuilderImplCustomizer done
Event: 5.976 loading class org/jetbrains/plugins/gradle/tooling/builder/ExternalTestsModelBuilderImpl
Event: 5.976 loading class org/jetbrains/plugins/gradle/tooling/builder/ExternalTestsModelBuilderImpl done
Event: 5.977 loading class org/jetbrains/plugins/gradle/tooling/builder/ExternalTestsModelBuilderImpl$_getMapping_closure1
Event: 5.977 loading class org/jetbrains/plugins/gradle/tooling/builder/ExternalTestsModelBuilderImpl$_getMapping_closure1 done
Event: 5.978 Executing VM operation: CollectForMetadataAllocation


Dynamic libraries:
0x00007ff725200000 - 0x00007ff725231000 	C:\Program Files\Android\Android Studio\jre\bin\java.exe
0x00007ffe4bc40000 - 0x00007ffe4be21000 	C:\Windows\SYSTEM32\ntdll.dll
0x00007ffe4b5b0000 - 0x00007ffe4b662000 	C:\Windows\System32\KERNEL32.DLL
0x00007ffe48850000 - 0x00007ffe48ac3000 	C:\Windows\System32\KERNELBASE.dll
0x00007ffe4b670000 - 0x00007ffe4b711000 	C:\Windows\System32\ADVAPI32.dll
0x00007ffe4b730000 - 0x00007ffe4b7ce000 	C:\Windows\System32\msvcrt.dll
0x00007ffe4b2c0000 - 0x00007ffe4b31b000 	C:\Windows\System32\sechost.dll
0x00007ffe4bae0000 - 0x00007ffe4bc04000 	C:\Windows\System32\RPCRT4.dll
0x00007ffe4b0d0000 - 0x00007ffe4b260000 	C:\Windows\System32\USER32.dll
0x00007ffe48f10000 - 0x00007ffe48f30000 	C:\Windows\System32\win32u.dll
0x00007ffe4b580000 - 0x00007ffe4b5a8000 	C:\Windows\System32\GDI32.dll
0x00007ffe48f30000 - 0x00007ffe490c2000 	C:\Windows\System32\gdi32full.dll
0x00007ffe48e20000 - 0x00007ffe48ebf000 	C:\Windows\System32\msvcp_win.dll
0x00007ffe48d20000 - 0x00007ffe48e1a000 	C:\Windows\System32\ucrtbase.dll
0x00007ffe38ac0000 - 0x00007ffe38d29000 	C:\Windows\WinSxS\amd64_microsoft.windows.common-controls_6595b64144ccf1df_6.0.17134.112_none_fb3f961b30681c12\COMCTL32.dll
0x00007ffe4a6d0000 - 0x00007ffe4a9f3000 	C:\Windows\System32\combase.dll
0x00007ffe48010000 - 0x00007ffe4808a000 	C:\Windows\System32\bcryptPrimitives.dll
0x00007ffe491b0000 - 0x00007ffe491dd000 	C:\Windows\System32\IMM32.DLL
0x000000005f950000 - 0x000000005fa22000 	C:\Program Files\Android\Android Studio\jre\jre\bin\msvcr100.dll
0x000000005fa30000 - 0x000000006027b000 	C:\Program Files\Android\Android Studio\jre\jre\bin\server\jvm.dll
0x00007ffe4b720000 - 0x00007ffe4b728000 	C:\Windows\System32\PSAPI.DLL
0x00007ffe435b0000 - 0x00007ffe435d3000 	C:\Windows\SYSTEM32\WINMM.dll
0x00007ffe35090000 - 0x00007ffe3509a000 	C:\Windows\SYSTEM32\VERSION.dll
0x00007ffe341c0000 - 0x00007ffe341c9000 	C:\Windows\SYSTEM32\WSOCK32.dll
0x00007ffe43580000 - 0x00007ffe435aa000 	C:\Windows\SYSTEM32\winmmbase.dll
0x00007ffe4ac00000 - 0x00007ffe4ac6c000 	C:\Windows\System32\WS2_32.dll
0x00007ffe48ec0000 - 0x00007ffe48f09000 	C:\Windows\System32\cfgmgr32.dll
0x00007ffe444e0000 - 0x00007ffe444ef000 	C:\Program Files\Android\Android Studio\jre\jre\bin\verify.dll
0x00007ffe42530000 - 0x00007ffe42559000 	C:\Program Files\Android\Android Studio\jre\jre\bin\java.dll
0x00007ffe42dd0000 - 0x00007ffe42de6000 	C:\Program Files\Android\Android Studio\jre\jre\bin\zip.dll
0x00007ffe491e0000 - 0x00007ffe4a620000 	C:\Windows\System32\SHELL32.dll
0x00007ffe4a620000 - 0x00007ffe4a6c9000 	C:\Windows\System32\shcore.dll
0x00007ffe48140000 - 0x00007ffe4884d000 	C:\Windows\System32\windows.storage.dll
0x00007ffe4b520000 - 0x00007ffe4b571000 	C:\Windows\System32\shlwapi.dll
0x00007ffe47fa0000 - 0x00007ffe47fb1000 	C:\Windows\System32\kernel.appcore.dll
0x00007ffe47f60000 - 0x00007ffe47f7f000 	C:\Windows\System32\profapi.dll
0x00007ffe47fc0000 - 0x00007ffe4800c000 	C:\Windows\System32\powrprof.dll
0x00007ffe47f50000 - 0x00007ffe47f5a000 	C:\Windows\System32\FLTLIB.DLL
0x00007ffe42470000 - 0x00007ffe4248a000 	C:\Program Files\Android\Android Studio\jre\jre\bin\net.dll
0x00007ffe477d0000 - 0x00007ffe47836000 	C:\Windows\system32\mswsock.dll
0x00007ffe42370000 - 0x00007ffe42383000 	C:\Program Files\Android\Android Studio\jre\jre\bin\nio.dll
0x00007ffe395c0000 - 0x00007ffe395e7000 	C:\Users\user\.gradle\native\f6784746aeab05261644944871eae4fe03e0ef1612fff0a4a95f87b438bc6780\windows-amd64\native-platform.dll
0x00007ffe424a0000 - 0x00007ffe424ad000 	C:\Program Files\Android\Android Studio\jre\jre\bin\management.dll
0x00007ffe47980000 - 0x00007ffe47997000 	C:\Windows\SYSTEM32\CRYPTSP.dll
0x00007ffe473b0000 - 0x00007ffe473e3000 	C:\Windows\system32\rsaenh.dll
0x00007ffe47ab0000 - 0x00007ffe47ad5000 	C:\Windows\SYSTEM32\bcrypt.dll
0x00007ffe47e50000 - 0x00007ffe47e78000 	C:\Windows\SYSTEM32\USERENV.dll
0x00007ffe479a0000 - 0x00007ffe479ab000 	C:\Windows\SYSTEM32\CRYPTBASE.dll
0x00007ffe47550000 - 0x00007ffe47588000 	C:\Windows\SYSTEM32\IPHLPAPI.DLL
0x00007ffe4b0c0000 - 0x00007ffe4b0c8000 	C:\Windows\System32\NSI.dll
0x00007ffe3d0e0000 - 0x00007ffe3d0f6000 	C:\Windows\SYSTEM32\dhcpcsvc6.DLL
0x00007ffe3f0d0000 - 0x00007ffe3f0ea000 	C:\Windows\SYSTEM32\dhcpcsvc.DLL
0x00007ffe3f060000 - 0x00007ffe3f06b000 	C:\Windows\SYSTEM32\WINNSI.DLL

VM Arguments:
jvm_args: -Xmx2048m -Dfile.encoding=UTF-8 -Duser.country=US -Duser.language=en -Duser.variant 
java_command: org.gradle.launcher.daemon.bootstrap.GradleDaemon 6.5
java_class_path (initial): C:\Users\user\.gradle\wrapper\dists\gradle-6.5-all\2oz4ud9k3tuxjg84bbf55q0tn\gradle-6.5\lib\gradle-launcher-6.5.jar
Launcher Type: SUN_STANDARD

Environment Variables:
PATH=C:\Program Files (x86)\Common Files\Oracle\Java\javapath;C:\ProgramData\Oracle\Java\javapath;C:\Windows\system32;C:\Windows;C:\Windows\System32\Wbem;C:\Windows\System32\WindowsPowerShell\v1.0\;C:\Windows\System32\OpenSSH\;C:\Program Files\Microsoft\Web Platform Installer\;C:\Program Files (x86)\Microsoft ASP.NET\ASP.NET Web Pages\v1.0\;C:\Program Files\Microsoft SQL Server\110\Tools\Binn\;c:\Program Files (x86)\Microsoft SQL Server\100\Tools\Binn\;c:\Program Files\Microsoft SQL Server\100\Tools\Binn\;c:\Program Files\Microsoft SQL Server\100\DTS\Binn\;C:\Program Files\Java\jre1.8.0_271\bin;C:\Program Files\Git\cmd;C:\Program Files\nodejs\;C:\Users\user\AppData\Local\Programs\Python\Python38\Scripts\;C:\Users\user\AppData\Local\Programs\Python\Python38\;C:\Users\user\AppData\Local\Microsoft\WindowsApps;C:\Program Files\JetBrains\PyCharm Community Edition 2019.2.5\bin;C:\source\flutter\flutter\bin;C:\Program Files\heroku\bin;C:\Program Files (x86)\Common Files\Java;C:\Users\user\IntelliJ IDEA Community Edition 2020.2.3\bin;C:\Users\user\AppData\Local\Programs\Microsoft VS Code\bin;C:\Users\user\AppData\Roaming\npm;C:\Users\user\AppData\Local\hyper\app-3.0.2\resources\bin;C:\MinGW\bin;
USERNAME=Osemudiamen-Itua
OS=Windows_NT
PROCESSOR_IDENTIFIER=Intel64 Family 6 Model 61 Stepping 4, GenuineIntel



---------------  S Y S T E M  ---------------

OS: Windows 10.0 , 64 bit Build 17134 (10.0.17134.1)

CPU:total 4 (initial active 4) (2 cores per cpu, 2 threads per core) family 6 model 61 stepping 4, cmov, cx8, fxsr, mmx, sse, sse2, sse3, ssse3, sse4.1, sse4.2, popcnt, avx, avx2, aes, clmul, erms, rtm, 3dnowpref, lzcnt, ht, tsc, tscinvbit, bmi1, bmi2, adx

Memory: 4k page, physical 8077532k(913808k free), swap 8077532k(10068k free)

vm_info: OpenJDK 64-Bit Server VM (25.242-b01) for windows-amd64 JRE (1.8.0_242-release-1644-b01), built by "builder" with MS VC++ 10.0 (VS2010)

time: Wed May 19 16:51:58 2021
timezone: W. Central Africa Standard Time
elapsed time: 6 seconds (0d 0h 0m 6s)

