#
# There is insufficient memory for the Java Runtime Environment to continue.
# Native memory allocation (malloc) failed to allocate 1063216 bytes for Chunk::new
# Possible reasons:
#   The system is out of physical RAM or swap space
#   The process is running with CompressedOops enabled, and the Java Heap may be blocking the growth of the native heap
# Possible solutions:
#   Reduce memory load on the system
#   Increase physical memory or swap space
#   Check if swap backing store is full
#   Decrease Java heap size (-Xmx/-Xms)
#   Decrease number of Java threads
#   Decrease Java thread stack sizes (-Xss)
#   Set larger code cache with -XX:ReservedCodeCacheSize=
#   JVM is running with Unscaled Compressed Oops mode in which the Java heap is
#     placed in the first 4GB address space. The Java Heap base address is the
#     maximum limit for the native heap growth. Please use -XX:HeapBaseMinAddress
#     to set the Java Heap base and to place the Java Heap above 4GB virtual address.
# This output file may be truncated or incomplete.
#
#  Out of Memory Error (allocation.cpp:389), pid=6840, tid=0x0000000000002704
#
# JRE version: OpenJDK Runtime Environment (8.0_242-b01) (build 1.8.0_242-release-1644-b01)
# Java VM: OpenJDK 64-Bit Server VM (25.242-b01 mixed mode windows-amd64 compressed oops)
# Failed to write core dump. Minidumps are not enabled by default on client versions of Windows
#

---------------  T H R E A D  ---------------

Current thread (0x0000000017747800):  JavaThread "C2 CompilerThread0" daemon [_thread_in_native, id=9988, stack(0x0000000018d80000,0x0000000018e80000)]

Stack: [0x0000000018d80000,0x0000000018e80000]
[error occurred during error reporting (printing stack bounds), id 0xc0000005]

Native frames: (J=compiled Java code, j=interpreted, Vv=VM code, C=native code)


Current CompileTask:
C2:  24116 13231       4       com.android.tools.r8.ir.conversion.o::a (1153 bytes)


---------------  P R O C E S S  ---------------

Java Threads: ( => current thread )
  0x000000002ad4a000 JavaThread "WorkerExecutor Queue" [_thread_blocked, id=10048, stack(0x000000002e0d0000,0x000000002e1d0000)]
  0x000000002ad4e800 JavaThread "Cache worker for execution history cache (C:\Users\user\AndroidStudioProjects\ContactList\.gradle\6.5\executionHistory)" [_thread_blocked, id=6848, stack(0x000000002d7d0000,0x000000002d8d0000)]
  0x000000001a715800 JavaThread "Execution worker for ':' Thread 3" [_thread_blocked, id=11144, stack(0x000000002d6d0000,0x000000002d7d0000)]
  0x000000001a715000 JavaThread "Execution worker for ':' Thread 2" [_thread_blocked, id=11872, stack(0x000000002c3b0000,0x000000002c4b0000)]
  0x000000001a714000 JavaThread "Execution worker for ':'" [_thread_blocked, id=4964, stack(0x000000002c2b0000,0x000000002c3b0000)]
  0x000000001a713800 JavaThread "Cache worker for file content cache (C:\Users\user\AndroidStudioProjects\ContactList\.gradle\6.5\fileContent)" [_thread_blocked, id=9104, stack(0x000000002bfb0000,0x000000002c0b0000)]
  0x000000001a712800 JavaThread "Memory manager" [_thread_blocked, id=9448, stack(0x000000002a4a0000,0x000000002a5a0000)]
  0x000000001a712000 JavaThread "Cache worker for Build Output Cleanup Cache (C:\Users\user\AndroidStudioProjects\ContactList\.gradle\buildOutputCleanup)" [_thread_blocked, id=7396, stack(0x0000000029da0000,0x0000000029ea0000)]
  0x000000001a711000 JavaThread "jar transforms Thread 113" [_thread_blocked, id=8756, stack(0x00000000296b0000,0x00000000297b0000)]
  0x000000001a710800 JavaThread "jar transforms Thread 112" [_thread_blocked, id=5748, stack(0x00000000295b0000,0x00000000296b0000)]
  0x000000001a70f800 JavaThread "jar transforms Thread 111" [_thread_blocked, id=8552, stack(0x00000000294b0000,0x00000000295b0000)]
  0x000000001a70f000 JavaThread "jar transforms Thread 110" [_thread_blocked, id=7524, stack(0x00000000293b0000,0x00000000294b0000)]
  0x000000001a707800 JavaThread "jar transforms Thread 109" [_thread_blocked, id=9028, stack(0x00000000292b0000,0x00000000293b0000)]
  0x000000001a70e000 JavaThread "jar transforms Thread 108" [_thread_blocked, id=7688, stack(0x00000000291b0000,0x00000000292b0000)]
  0x000000001a70a800 JavaThread "jar transforms Thread 107" [_thread_blocked, id=10540, stack(0x0000000028fb0000,0x00000000290b0000)]
  0x000000001a70c000 JavaThread "jar transforms Thread 106" [_thread_blocked, id=3692, stack(0x0000000028eb0000,0x0000000028fb0000)]
  0x000000001a706800 JavaThread "jar transforms Thread 105" [_thread_blocked, id=3768, stack(0x0000000028db0000,0x0000000028eb0000)]
  0x000000001a70d800 JavaThread "jar transforms Thread 104" [_thread_blocked, id=4348, stack(0x0000000028cb0000,0x0000000028db0000)]
  0x000000001a708000 JavaThread "jar transforms Thread 103" [_thread_blocked, id=5412, stack(0x0000000028bb0000,0x0000000028cb0000)]
  0x000000001a709800 JavaThread "jar transforms Thread 102" [_thread_blocked, id=6600, stack(0x0000000028ab0000,0x0000000028bb0000)]
  0x000000001a70c800 JavaThread "jar transforms Thread 101" [_thread_blocked, id=7552, stack(0x00000000289b0000,0x0000000028ab0000)]
  0x000000001a70b000 JavaThread "jar transforms Thread 100" [_thread_blocked, id=11596, stack(0x00000000288b0000,0x00000000289b0000)]
  0x000000001a709000 JavaThread "jar transforms Thread 99" [_thread_blocked, id=7660, stack(0x00000000287b0000,0x00000000288b0000)]
  0x0000000019d0e000 JavaThread "jar transforms Thread 98" [_thread_blocked, id=6312, stack(0x00000000286b0000,0x00000000287b0000)]
  0x0000000019d10000 JavaThread "jar transforms Thread 97" [_thread_blocked, id=2052, stack(0x00000000285b0000,0x00000000286b0000)]
  0x0000000019d0c800 JavaThread "jar transforms Thread 96" [_thread_blocked, id=2224, stack(0x00000000284b0000,0x00000000285b0000)]
  0x0000000019d0d000 JavaThread "jar transforms Thread 95" [_thread_blocked, id=9308, stack(0x00000000283b0000,0x00000000284b0000)]
  0x0000000019d11000 JavaThread "jar transforms Thread 94" [_thread_blocked, id=10444, stack(0x00000000282b0000,0x00000000283b0000)]
  0x0000000019d0f800 JavaThread "jar transforms Thread 93" [_thread_blocked, id=9724, stack(0x00000000281b0000,0x00000000282b0000)]
  0x0000000019d0e800 JavaThread "jar transforms Thread 92" [_thread_blocked, id=10120, stack(0x00000000280b0000,0x00000000281b0000)]
  0x0000000019d0b800 JavaThread "jar transforms Thread 91" [_thread_blocked, id=11352, stack(0x0000000027fb0000,0x00000000280b0000)]
  0x0000000019d04000 JavaThread "jar transforms Thread 90" [_thread_blocked, id=7388, stack(0x0000000027eb0000,0x0000000027fb0000)]
  0x0000000019d0b000 JavaThread "jar transforms Thread 89" [_thread_blocked, id=6424, stack(0x0000000027db0000,0x0000000027eb0000)]
  0x0000000019d03800 JavaThread "jar transforms Thread 88" [_thread_blocked, id=12172, stack(0x0000000027cb0000,0x0000000027db0000)]
  0x0000000019d05800 JavaThread "jar transforms Thread 87" [_thread_blocked, id=9500, stack(0x0000000027bb0000,0x0000000027cb0000)]
  0x0000000019d0a000 JavaThread "jar transforms Thread 86" [_thread_blocked, id=1076, stack(0x0000000027ab0000,0x0000000027bb0000)]
  0x0000000019d05000 JavaThread "jar transforms Thread 85" [_thread_blocked, id=3312, stack(0x00000000279b0000,0x0000000027ab0000)]
  0x0000000019d02800 JavaThread "jar transforms Thread 84" [_thread_blocked, id=4520, stack(0x00000000278b0000,0x00000000279b0000)]
  0x0000000019d09800 JavaThread "jar transforms Thread 83" [_thread_blocked, id=5244, stack(0x00000000277b0000,0x00000000278b0000)]
  0x0000000019d08800 JavaThread "jar transforms Thread 82" [_thread_blocked, id=9560, stack(0x00000000276b0000,0x00000000277b0000)]
  0x0000000019d08000 JavaThread "jar transforms Thread 81" [_thread_blocked, id=10632, stack(0x00000000275b0000,0x00000000276b0000)]
  0x0000000019d02000 JavaThread "jar transforms Thread 80" [_thread_blocked, id=6176, stack(0x00000000274b0000,0x00000000275b0000)]
  0x0000000019d07000 JavaThread "jar transforms Thread 79" [_thread_blocked, id=11780, stack(0x00000000273b0000,0x00000000274b0000)]
  0x0000000019d06800 JavaThread "jar transforms Thread 78" [_thread_blocked, id=116, stack(0x00000000272b0000,0x00000000273b0000)]
  0x000000001a133800 JavaThread "jar transforms Thread 77" [_thread_blocked, id=10864, stack(0x00000000271b0000,0x00000000272b0000)]
  0x000000001a132800 JavaThread "jar transforms Thread 76" [_thread_blocked, id=1976, stack(0x00000000270b0000,0x00000000271b0000)]
  0x000000001a139800 JavaThread "jar transforms Thread 75" [_thread_blocked, id=1952, stack(0x0000000026fb0000,0x00000000270b0000)]
  0x000000001a138000 JavaThread "jar transforms Thread 74" [_thread_blocked, id=6720, stack(0x0000000026eb0000,0x0000000026fb0000)]
  0x000000001a137000 JavaThread "jar transforms Thread 73" [_thread_blocked, id=12036, stack(0x0000000026db0000,0x0000000026eb0000)]
  0x000000001a138800 JavaThread "jar transforms Thread 72" [_thread_blocked, id=10596, stack(0x0000000026cb0000,0x0000000026db0000)]
  0x000000001a132000 JavaThread "jar transforms Thread 71" [_thread_blocked, id=3544, stack(0x0000000026bb0000,0x0000000026cb0000)]
  0x000000001a136800 JavaThread "jar transforms Thread 70" [_thread_blocked, id=9736, stack(0x0000000026ab0000,0x0000000026bb0000)]
  0x000000001a135800 JavaThread "jar transforms Thread 69" [_thread_blocked, id=9044, stack(0x00000000269b0000,0x0000000026ab0000)]
  0x000000001a134000 JavaThread "jar transforms Thread 68" [_thread_blocked, id=7040, stack(0x00000000268b0000,0x00000000269b0000)]
  0x000000001a135000 JavaThread "jar transforms Thread 67" [_thread_blocked, id=9260, stack(0x00000000267b0000,0x00000000268b0000)]
  0x000000001a12a000 JavaThread "jar transforms Thread 66" [_thread_blocked, id=8692, stack(0x00000000266b0000,0x00000000267b0000)]
  0x000000001a12b000 JavaThread "jar transforms Thread 65" [_thread_blocked, id=6700, stack(0x00000000265b0000,0x00000000266b0000)]
  0x000000001a130800 JavaThread "jar transforms Thread 64" [_thread_blocked, id=11464, stack(0x00000000264b0000,0x00000000265b0000)]
  0x000000001a12c800 JavaThread "jar transforms Thread 63" [_thread_blocked, id=752, stack(0x00000000263b0000,0x00000000264b0000)]
  0x000000001a12f800 JavaThread "jar transforms Thread 62" [_thread_blocked, id=3644, stack(0x00000000262b0000,0x00000000263b0000)]
  0x000000001a131000 JavaThread "jar transforms Thread 61" [_thread_blocked, id=3348, stack(0x00000000261b0000,0x00000000262b0000)]
  0x000000001a12f000 JavaThread "jar transforms Thread 60" [_thread_blocked, id=2092, stack(0x00000000260b0000,0x00000000261b0000)]
  0x000000001a12d800 JavaThread "jar transforms Thread 59" [_thread_blocked, id=6768, stack(0x0000000025fb0000,0x00000000260b0000)]
  0x000000001a12c000 JavaThread "jar transforms Thread 58" [_thread_blocked, id=1476, stack(0x0000000025eb0000,0x0000000025fb0000)]
  0x000000001a12e000 JavaThread "jar transforms Thread 57" [_thread_blocked, id=9328, stack(0x0000000025db0000,0x0000000025eb0000)]
  0x000000001e9ca800 JavaThread "jar transforms Thread 56" [_thread_blocked, id=2408, stack(0x0000000025cb0000,0x0000000025db0000)]
  0x000000001e9c7000 JavaThread "jar transforms Thread 55" [_thread_blocked, id=3924, stack(0x0000000025bb0000,0x0000000025cb0000)]
  0x000000001e9ca000 JavaThread "jar transforms Thread 54" [_thread_blocked, id=6868, stack(0x0000000025ab0000,0x0000000025bb0000)]
  0x000000001e9c9000 JavaThread "jar transforms Thread 53" [_thread_blocked, id=208, stack(0x00000000259b0000,0x0000000025ab0000)]
  0x000000001e9c8800 JavaThread "jar transforms Thread 52" [_thread_blocked, id=6744, stack(0x00000000258b0000,0x00000000259b0000)]
  0x000000001e9c7800 JavaThread "jar transforms Thread 51" [_thread_blocked, id=3708, stack(0x00000000257b0000,0x00000000258b0000)]
  0x000000001e9bf800 JavaThread "jar transforms Thread 50" [_thread_blocked, id=7608, stack(0x00000000256b0000,0x00000000257b0000)]
  0x000000001e9c6000 JavaThread "jar transforms Thread 49" [_thread_blocked, id=6364, stack(0x00000000255b0000,0x00000000256b0000)]
  0x000000001e9c5800 JavaThread "jar transforms Thread 48" [_thread_blocked, id=11048, stack(0x00000000254b0000,0x00000000255b0000)]
  0x000000001e9c4800 JavaThread "jar transforms Thread 47" [_thread_blocked, id=12204, stack(0x00000000253b0000,0x00000000254b0000)]
  0x000000001e9bd000 JavaThread "jar transforms Thread 46" [_thread_blocked, id=11560, stack(0x00000000252b0000,0x00000000253b0000)]
  0x000000001e9be800 JavaThread "jar transforms Thread 45" [_thread_blocked, id=3368, stack(0x00000000251b0000,0x00000000252b0000)]
  0x000000001e9c4000 JavaThread "jar transforms Thread 44" [_thread_blocked, id=4768, stack(0x00000000250b0000,0x00000000251b0000)]
  0x000000001e9c1800 JavaThread "jar transforms Thread 43" [_thread_blocked, id=9468, stack(0x0000000024fb0000,0x00000000250b0000)]
  0x000000001e9be000 JavaThread "jar transforms Thread 42" [_thread_blocked, id=11252, stack(0x0000000024eb0000,0x0000000024fb0000)]
  0x000000001e9c2800 JavaThread "jar transforms Thread 41" [_thread_blocked, id=9732, stack(0x0000000024db0000,0x0000000024eb0000)]
  0x000000001e9c1000 JavaThread "jar transforms Thread 40" [_thread_blocked, id=3252, stack(0x0000000024cb0000,0x0000000024db0000)]
  0x000000001e9c3000 JavaThread "jar transforms Thread 39" [_thread_blocked, id=9084, stack(0x0000000024bb0000,0x0000000024cb0000)]
  0x000000001e9bc800 JavaThread "jar transforms Thread 38" [_thread_blocked, id=9716, stack(0x0000000024ab0000,0x0000000024bb0000)]
  0x000000001e9c0000 JavaThread "jar transforms Thread 37" [_thread_blocked, id=1536, stack(0x00000000249b0000,0x0000000024ab0000)]
  0x000000001e9bb800 JavaThread "jar transforms Thread 36" [_thread_blocked, id=6676, stack(0x00000000248b0000,0x00000000249b0000)]
  0x000000001e9b2000 JavaThread "jar transforms Thread 35" [_thread_blocked, id=7684, stack(0x00000000247b0000,0x00000000248b0000)]
  0x000000001e9b2800 JavaThread "jar transforms Thread 34" [_thread_blocked, id=7064, stack(0x00000000246b0000,0x00000000247b0000)]
  0x000000001e9b1000 JavaThread "jar transforms Thread 33" [_thread_blocked, id=5024, stack(0x00000000245b0000,0x00000000246b0000)]
  0x000000001e9af800 JavaThread "jar transforms Thread 32" [_thread_blocked, id=3468, stack(0x00000000244b0000,0x00000000245b0000)]
  0x000000001e9af000 JavaThread "jar transforms Thread 31" [_thread_blocked, id=2520, stack(0x00000000243b0000,0x00000000244b0000)]
  0x000000001e9ad800 JavaThread "jar transforms Thread 30" [_thread_blocked, id=8476, stack(0x00000000242b0000,0x00000000243b0000)]
  0x000000001e9b0800 JavaThread "jar transforms Thread 29" [_thread_blocked, id=11516, stack(0x00000000241b0000,0x00000000242b0000)]
  0x000000001e9ac800 JavaThread "jar transforms Thread 28" [_thread_blocked, id=748, stack(0x00000000240b0000,0x00000000241b0000)]
  0x000000001e9ae000 JavaThread "jar transforms Thread 27" [_thread_blocked, id=7060, stack(0x0000000023fb0000,0x00000000240b0000)]
  0x000000001e9a7800 JavaThread "jar transforms Thread 26" [_thread_blocked, id=11644, stack(0x0000000023eb0000,0x0000000023fb0000)]
  0x000000001e9ac000 JavaThread "jar transforms Thread 25" [_thread_blocked, id=11364, stack(0x0000000023db0000,0x0000000023eb0000)]
  0x000000001e9ab000 JavaThread "jar transforms Thread 24" [_thread_blocked, id=1376, stack(0x0000000023cb0000,0x0000000023db0000)]
  0x000000001e9a3800 JavaThread "jar transforms Thread 23" [_thread_blocked, id=2300, stack(0x0000000023bb0000,0x0000000023cb0000)]
  0x000000001e9a9800 JavaThread "jar transforms Thread 22" [_thread_blocked, id=1836, stack(0x0000000023ab0000,0x0000000023bb0000)]
  0x000000001e9a9000 JavaThread "jar transforms Thread 21" [_thread_blocked, id=4500, stack(0x00000000239b0000,0x0000000023ab0000)]
  0x000000001e9aa800 JavaThread "jar transforms Thread 20" [_thread_blocked, id=7476, stack(0x00000000238b0000,0x00000000239b0000)]
  0x000000001e9a5000 JavaThread "jar transforms Thread 19" [_thread_blocked, id=11748, stack(0x00000000237b0000,0x00000000238b0000)]
  0x000000001e9a6800 JavaThread "jar transforms Thread 18" [_thread_blocked, id=11092, stack(0x00000000236b0000,0x00000000237b0000)]
  0x000000001e9a6000 JavaThread "jar transforms Thread 17" [_thread_blocked, id=11272, stack(0x00000000235b0000,0x00000000236b0000)]
  0x000000001e9a4800 JavaThread "jar transforms Thread 16" [_thread_blocked, id=1344, stack(0x00000000234b0000,0x00000000235b0000)]
  0x000000001e9a8000 JavaThread "jar transforms Thread 15" [_thread_blocked, id=11056, stack(0x00000000233b0000,0x00000000234b0000)]
  0x0000000020942000 JavaThread "jar transforms Thread 14" [_thread_blocked, id=168, stack(0x00000000232b0000,0x00000000233b0000)]
  0x0000000020941800 JavaThread "jar transforms Thread 13" [_thread_blocked, id=6196, stack(0x00000000231b0000,0x00000000232b0000)]
  0x0000000020940800 JavaThread "jar transforms Thread 12" [_thread_blocked, id=5872, stack(0x00000000230b0000,0x00000000231b0000)]
  0x0000000020940000 JavaThread "jar transforms Thread 11" [_thread_blocked, id=7556, stack(0x0000000022fb0000,0x00000000230b0000)]
  0x0000000020938800 JavaThread "jar transforms Thread 10" [_thread_blocked, id=4564, stack(0x0000000022eb0000,0x0000000022fb0000)]
  0x000000002093f000 JavaThread "jar transforms Thread 9" [_thread_blocked, id=6288, stack(0x0000000022db0000,0x0000000022eb0000)]
  0x000000002093e800 JavaThread "jar transforms Thread 8" [_thread_blocked, id=10500, stack(0x0000000022cb0000,0x0000000022db0000)]
  0x0000000020937000 JavaThread "jar transforms Thread 7" [_thread_blocked, id=12144, stack(0x0000000022bb0000,0x0000000022cb0000)]
  0x000000002093d800 JavaThread "jar transforms Thread 6" [_thread_blocked, id=6384, stack(0x0000000022ab0000,0x0000000022bb0000)]
  0x000000002093c000 JavaThread "jar transforms Thread 5" [_thread_blocked, id=9760, stack(0x00000000229b0000,0x0000000022ab0000)]
  0x000000002093d000 JavaThread "jar transforms Thread 4" [_thread_blocked, id=11732, stack(0x00000000228b0000,0x00000000229b0000)]
  0x000000002093b800 JavaThread "jar transforms Thread 3" [_thread_blocked, id=11628, stack(0x00000000227b0000,0x00000000228b0000)]
  0x0000000020937800 JavaThread "jar transforms Thread 2" [_thread_blocked, id=11024, stack(0x00000000226b0000,0x00000000227b0000)]
  0x0000000020934000 JavaThread "Build operations Thread 4" [_thread_in_Java, id=2316, stack(0x00000000225b0000,0x00000000226b0000)]
  0x0000000020936000 JavaThread "Build operations Thread 3" [_thread_in_Java, id=10576, stack(0x00000000224b0000,0x00000000225b0000)]
  0x000000002093a800 JavaThread "Build operations Thread 2" [_thread_blocked, id=1192, stack(0x00000000223b0000,0x00000000224b0000)]
  0x0000000020935800 JavaThread "Build operations" [_thread_blocked, id=10680, stack(0x00000000222b0000,0x00000000223b0000)]
  0x000000001b227800 JavaThread "Cache worker for file content cache (C:\Users\user\.gradle\caches\6.5\fileContent)" [_thread_blocked, id=7992, stack(0x0000000021bb0000,0x0000000021cb0000)]
  0x000000001b229800 JavaThread "jar transforms" [_thread_blocked, id=1668, stack(0x0000000021ab0000,0x0000000021bb0000)]
  0x000000001b226000 JavaThread "Cache worker for execution history cache (C:\Users\user\.gradle\caches\6.5\executionHistory)" [_thread_blocked, id=9060, stack(0x00000000213b0000,0x00000000214b0000)]
  0x000000001b226800 JavaThread "Cache worker for cache directory md-rule (C:\Users\user\.gradle\caches\6.5\md-rule)" [_thread_blocked, id=10836, stack(0x0000000020200000,0x0000000020300000)]
  0x000000001b229000 JavaThread "Cache worker for cache directory md-supplier (C:\Users\user\.gradle\caches\6.5\md-supplier)" [_thread_blocked, id=11888, stack(0x000000001fe80000,0x000000001ff80000)]
  0x000000001b225000 JavaThread "Cache worker for checksums cache (C:\Users\user\AndroidStudioProjects\ContactList\.gradle\checksums)" [_thread_blocked, id=11336, stack(0x000000001fb80000,0x000000001fc80000)]
  0x000000001b22c000 JavaThread "Cache worker for file hash cache (C:\Users\user\AndroidStudioProjects\ContactList\.gradle\6.5\fileHashes)" [_thread_blocked, id=3524, stack(0x000000001d8a0000,0x000000001d9a0000)]
  0x000000001b22b000 JavaThread "Cache worker for file hash cache (C:\Users\user\.gradle\caches\6.5\fileHashes)" [_thread_blocked, id=10320, stack(0x000000001d7a0000,0x000000001d8a0000)]
  0x000000001b22a800 JavaThread "File lock request listener" [_thread_in_native, id=8280, stack(0x000000001d6a0000,0x000000001d7a0000)]
  0x000000001b1c0000 JavaThread "Cache worker for journal cache (C:\Users\user\.gradle\caches\journal-1)" [_thread_blocked, id=784, stack(0x000000001d4a0000,0x000000001d5a0000)]
  0x000000001a037000 JavaThread "Thread-9" [_thread_blocked, id=7548, stack(0x000000001d1a0000,0x000000001d2a0000)]
  0x00000000199a6000 JavaThread "Stdin handler" [_thread_blocked, id=8468, stack(0x000000001d0a0000,0x000000001d1a0000)]
  0x0000000019a19000 JavaThread "Asynchronous log dispatcher for DefaultDaemonConnection: socket connection from /127.0.0.1:53120 to /127.0.0.1:53121" [_thread_blocked, id=1300, stack(0x000000001cfa0000,0x000000001d0a0000)]
  0x00000000199a7000 JavaThread "Daemon worker" [_thread_blocked, id=4040, stack(0x000000001cea0000,0x000000001cfa0000)]
  0x000000001b1a8000 JavaThread "Cancel handler" [_thread_blocked, id=6604, stack(0x000000001cda0000,0x000000001cea0000)]
  0x00000000197a9800 JavaThread "Handler for socket connection from /127.0.0.1:53120 to /127.0.0.1:53121" [_thread_in_native, id=3416, stack(0x000000001cca0000,0x000000001cda0000)]
  0x00000000197a4000 JavaThread "Daemon" [_thread_blocked, id=7080, stack(0x000000001c9a0000,0x000000001caa0000)]
  0x00000000196a8800 JavaThread "Daemon periodic checks" [_thread_blocked, id=10524, stack(0x000000001c8a0000,0x000000001c9a0000)]
  0x000000001b142000 JavaThread "Incoming local TCP Connector on port 53120" [_thread_in_native, id=10160, stack(0x000000001c660000,0x000000001c760000)]
  0x000000001b0ee800 JavaThread "Daemon health stats" [_thread_blocked, id=10856, stack(0x000000001c020000,0x000000001c120000)]
  0x00000000190b1800 JavaThread "Service Thread" daemon [_thread_blocked, id=9192, stack(0x0000000019480000,0x0000000019580000)]
  0x000000001775c000 JavaThread "C1 CompilerThread2" daemon [_thread_blocked, id=8728, stack(0x0000000018f80000,0x0000000019080000)]
  0x000000001774a800 JavaThread "C2 CompilerThread1" daemon [_thread_in_native, id=4508, stack(0x0000000018e80000,0x0000000018f80000)]
=>0x0000000017747800 JavaThread "C2 CompilerThread0" daemon [_thread_in_native, id=9988, stack(0x0000000018d80000,0x0000000018e80000)]
  0x0000000017745000 JavaThread "Attach Listener" daemon [_thread_blocked, id=10420, stack(0x0000000018c80000,0x0000000018d80000)]
  0x0000000017742000 JavaThread "Signal Dispatcher" daemon [_thread_blocked, id=624, stack(0x0000000018b80000,0x0000000018c80000)]
  0x0000000002b1b800 JavaThread "Finalizer" daemon [_thread_blocked, id=3772, stack(0x0000000018990000,0x0000000018a90000)]
  0x0000000017729000 JavaThread "Reference Handler" daemon [_thread_blocked, id=6660, stack(0x0000000018890000,0x0000000018990000)]
  0x0000000002a1e000 JavaThread "main" [_thread_blocked, id=2432, stack(0x00000000028c0000,0x00000000029c0000)]

Other Threads:
  0x0000000017705800 VMThread [stack: 0x0000000018790000,0x0000000018890000] [id=10188]
  0x00000000190b2000 WatcherThread [stack: 0x0000000019580000,0x0000000019680000] [id=6452]

VM state:not at safepoint (normal execution)

VM Mutex/Monitor currently owned by a thread: None

heap address: 0x0000000080000000, size: 2048 MB, Compressed Oops mode: 32-bit
Narrow klass base: 0x0000000000000000, Narrow klass shift: 3
Compressed class space size: 1073741824 Address: 0x0000000100000000

Heap:
 PSYoungGen      total 407552K, used 362180K [0x00000000d5580000, 0x00000000f0780000, 0x0000000100000000)
  eden space 373248K, 93% used [0x00000000d5580000,0x00000000ea9d1198,0x00000000ec200000)
  from space 34304K, 39% used [0x00000000ee180000,0x00000000eeee0010,0x00000000f0300000)
  to   space 32256K, 0% used [0x00000000ec200000,0x00000000ec200000,0x00000000ee180000)
 ParOldGen       total 123904K, used 94309K [0x0000000080000000, 0x0000000087900000, 0x00000000d5580000)
  object space 123904K, 76% used [0x0000000080000000,0x0000000085c195c0,0x0000000087900000)
 Metaspace       used 82207K, capacity 86036K, committed 86808K, reserved 1124352K
  class space    used 11161K, capacity 11887K, committed 12080K, reserved 1048576K

Card table byte_map: [0x0000000011ee0000,0x00000000122f0000] byte_map_base: 0x0000000011ae0000

Marking Bits: (ParMarkBitMap*) 0x00000000601ff030
 Begin Bits: [0x00000000129a0000, 0x00000000149a0000)
 End Bits:   [0x00000000149a0000, 0x00000000169a0000)

Polling page: 0x0000000002840000

CodeCache: size=245760Kb used=37517Kb max_used=37517Kb free=208242Kb
 bounds [0x0000000002b20000, 0x0000000004ff0000, 0x0000000011b20000]
 total_blobs=12403 nmethods=11570 adapters=743
 compilation: enabled

Compilation events (10 events):
Event: 23.995 Thread 0x000000001775c000 13281       2       com.android.tools.r8.ir.conversion.N::d (7 bytes)
Event: 23.995 Thread 0x000000001775c000 nmethod 13281 0x0000000004fded90 code [0x0000000004fdef00, 0x0000000004fdf068]
Event: 23.996 Thread 0x000000001775c000 13282       3       com.android.tools.r8.ir.optimize.a0::a (425 bytes)
Event: 24.001 Thread 0x000000001775c000 nmethod 13282 0x0000000004fdf110 code [0x0000000004fdf820, 0x0000000004fe4428]
Event: 24.016 Thread 0x000000001775c000 13283       2       com.android.tools.r8.s.b.E::<init> (6 bytes)
Event: 24.016 Thread 0x000000001775c000 nmethod 13283 0x0000000004fe76d0 code [0x0000000004fe7840, 0x0000000004fe79c8]
Event: 24.026 Thread 0x000000001775c000 13284       1       com.android.tools.r8.s.b.A0::Y1 (2 bytes)
Event: 24.027 Thread 0x000000001775c000 nmethod 13284 0x0000000004fe7a50 code [0x0000000004fe7ba0, 0x0000000004fe7cb0]
Event: 24.032 Thread 0x000000001775c000 13285       1       com.android.tools.r8.s.a.p.l::b (4 bytes)
Event: 24.032 Thread 0x000000001775c000 nmethod 13285 0x0000000004fe7d10 code [0x0000000004fe7e60, 0x0000000004fe7f50]

GC Heap History (10 events):
Event: 18.160 GC heap before
{Heap before GC invocations=20 (full 4):
 PSYoungGen      total 322048K, used 5395K [0x00000000d5580000, 0x00000000eba80000, 0x0000000100000000)
  eden space 287744K, 0% used [0x00000000d5580000,0x00000000d5580000,0x00000000e6e80000)
  from space 34304K, 15% used [0x00000000e9900000,0x00000000e9e44f80,0x00000000eba80000)
  to   space 38912K, 0% used [0x00000000e6e80000,0x00000000e6e80000,0x00000000e9480000)
 ParOldGen       total 123904K, used 104837K [0x0000000080000000, 0x0000000087900000, 0x00000000d5580000)
  object space 123904K, 84% used [0x0000000080000000,0x0000000086661520,0x0000000087900000)
 Metaspace       used 82004K, capacity 86128K, committed 86296K, reserved 1124352K
  class space    used 11200K, capacity 11971K, committed 12080K, reserved 1048576K
Event: 18.485 GC heap after
Heap after GC invocations=20 (full 4):
 PSYoungGen      total 322048K, used 0K [0x00000000d5580000, 0x00000000eba80000, 0x0000000100000000)
  eden space 287744K, 0% used [0x00000000d5580000,0x00000000d5580000,0x00000000e6e80000)
  from space 34304K, 0% used [0x00000000e9900000,0x00000000e9900000,0x00000000eba80000)
  to   space 38912K, 0% used [0x00000000e6e80000,0x00000000e6e80000,0x00000000e9480000)
 ParOldGen       total 123904K, used 94285K [0x0000000080000000, 0x0000000087900000, 0x00000000d5580000)
  object space 123904K, 76% used [0x0000000080000000,0x0000000085c135c0,0x0000000087900000)
 Metaspace       used 81799K, capacity 85598K, committed 86296K, reserved 1124352K
  class space    used 11130K, capacity 11844K, committed 12080K, reserved 1048576K
}
Event: 19.876 GC heap before
{Heap before GC invocations=21 (full 4):
 PSYoungGen      total 322048K, used 287744K [0x00000000d5580000, 0x00000000eba80000, 0x0000000100000000)
  eden space 287744K, 100% used [0x00000000d5580000,0x00000000e6e80000,0x00000000e6e80000)
  from space 34304K, 0% used [0x00000000e9900000,0x00000000e9900000,0x00000000eba80000)
  to   space 38912K, 0% used [0x00000000e6e80000,0x00000000e6e80000,0x00000000e9480000)
 ParOldGen       total 123904K, used 94285K [0x0000000080000000, 0x0000000087900000, 0x00000000d5580000)
  object space 123904K, 76% used [0x0000000080000000,0x0000000085c135c0,0x0000000087900000)
 Metaspace       used 82008K, capacity 85868K, committed 86552K, reserved 1124352K
  class space    used 11152K, capacity 11885K, committed 12080K, reserved 1048576K
Event: 19.890 GC heap after
Heap after GC invocations=21 (full 4):
 PSYoungGen      total 326656K, used 4128K [0x00000000d5580000, 0x00000000edf00000, 0x0000000100000000)
  eden space 287744K, 0% used [0x00000000d5580000,0x00000000d5580000,0x00000000e6e80000)
  from space 38912K, 10% used [0x00000000e6e80000,0x00000000e7288000,0x00000000e9480000)
  to   space 37888K, 0% used [0x00000000eba00000,0x00000000eba00000,0x00000000edf00000)
 ParOldGen       total 123904K, used 94293K [0x0000000080000000, 0x0000000087900000, 0x00000000d5580000)
  object space 123904K, 76% used [0x0000000080000000,0x0000000085c155c0,0x0000000087900000)
 Metaspace       used 82008K, capacity 85868K, committed 86552K, reserved 1124352K
  class space    used 11152K, capacity 11885K, committed 12080K, reserved 1048576K
}
Event: 21.012 GC heap before
{Heap before GC invocations=22 (full 4):
 PSYoungGen      total 326656K, used 291872K [0x00000000d5580000, 0x00000000edf00000, 0x0000000100000000)
  eden space 287744K, 100% used [0x00000000d5580000,0x00000000e6e80000,0x00000000e6e80000)
  from space 38912K, 10% used [0x00000000e6e80000,0x00000000e7288000,0x00000000e9480000)
  to   space 37888K, 0% used [0x00000000eba00000,0x00000000eba00000,0x00000000edf00000)
 ParOldGen       total 123904K, used 94293K [0x0000000080000000, 0x0000000087900000, 0x00000000d5580000)
  object space 123904K, 76% used [0x0000000080000000,0x0000000085c155c0,0x0000000087900000)
 Metaspace       used 82117K, capacity 85956K, committed 86552K, reserved 1124352K
  class space    used 11160K, capacity 11885K, committed 12080K, reserved 1048576K
Event: 21.031 GC heap after
Heap after GC invocations=22 (full 4):
 PSYoungGen      total 359936K, used 7680K [0x00000000d5580000, 0x00000000edb00000, 0x0000000100000000)
  eden space 326144K, 0% used [0x00000000d5580000,0x00000000d5580000,0x00000000e9400000)
  from space 33792K, 22% used [0x00000000eba00000,0x00000000ec180000,0x00000000edb00000)
  to   space 36352K, 0% used [0x00000000e9400000,0x00000000e9400000,0x00000000eb780000)
 ParOldGen       total 123904K, used 94301K [0x0000000080000000, 0x0000000087900000, 0x00000000d5580000)
  object space 123904K, 76% used [0x0000000080000000,0x0000000085c175c0,0x0000000087900000)
 Metaspace       used 82117K, capacity 85956K, committed 86552K, reserved 1124352K
  class space    used 11160K, capacity 11885K, committed 12080K, reserved 1048576K
}
Event: 22.234 GC heap before
{Heap before GC invocations=23 (full 4):
 PSYoungGen      total 359936K, used 333824K [0x00000000d5580000, 0x00000000edb00000, 0x0000000100000000)
  eden space 326144K, 100% used [0x00000000d5580000,0x00000000e9400000,0x00000000e9400000)
  from space 33792K, 22% used [0x00000000eba00000,0x00000000ec180000,0x00000000edb00000)
  to   space 36352K, 0% used [0x00000000e9400000,0x00000000e9400000,0x00000000eb780000)
 ParOldGen       total 123904K, used 94301K [0x0000000080000000, 0x0000000087900000, 0x00000000d5580000)
  object space 123904K, 76% used [0x0000000080000000,0x0000000085c175c0,0x0000000087900000)
 Metaspace       used 82158K, capacity 85962K, committed 86552K, reserved 1124352K
  class space    used 11160K, capacity 11886K, committed 12080K, reserved 1048576K
Event: 22.263 GC heap after
Heap after GC invocations=23 (full 4):
 PSYoungGen      total 362496K, used 12608K [0x00000000d5580000, 0x00000000f0300000, 0x0000000100000000)
  eden space 326144K, 0% used [0x00000000d5580000,0x00000000d5580000,0x00000000e9400000)
  from space 36352K, 34% used [0x00000000e9400000,0x00000000ea050010,0x00000000eb780000)
  to   space 34304K, 0% used [0x00000000ee180000,0x00000000ee180000,0x00000000f0300000)
 ParOldGen       total 123904K, used 94309K [0x0000000080000000, 0x0000000087900000, 0x00000000d5580000)
  object space 123904K, 76% used [0x0000000080000000,0x0000000085c195c0,0x0000000087900000)
 Metaspace       used 82158K, capacity 85962K, committed 86552K, reserved 1124352K
  class space    used 11160K, capacity 11886K, committed 12080K, reserved 1048576K
}
Event: 23.088 GC heap before
{Heap before GC invocations=24 (full 4):
 PSYoungGen      total 362496K, used 338752K [0x00000000d5580000, 0x00000000f0300000, 0x0000000100000000)
  eden space 326144K, 100% used [0x00000000d5580000,0x00000000e9400000,0x00000000e9400000)
  from space 36352K, 34% used [0x00000000e9400000,0x00000000ea050010,0x00000000eb780000)
  to   space 34304K, 0% used [0x00000000ee180000,0x00000000ee180000,0x00000000f0300000)
 ParOldGen       total 123904K, used 94309K [0x0000000080000000, 0x0000000087900000, 0x00000000d5580000)
  object space 123904K, 76% used [0x0000000080000000,0x0000000085c195c0,0x0000000087900000)
 Metaspace       used 82178K, capacity 86030K, committed 86808K, reserved 1124352K
  class space    used 11160K, capacity 11886K, committed 12080K, reserved 1048576K
Event: 23.130 GC heap after
Heap after GC invocations=24 (full 4):
 PSYoungGen      total 407552K, used 13696K [0x00000000d5580000, 0x00000000f0780000, 0x0000000100000000)
  eden space 373248K, 0% used [0x00000000d5580000,0x00000000d5580000,0x00000000ec200000)
  from space 34304K, 39% used [0x00000000ee180000,0x00000000eeee0010,0x00000000f0300000)
  to   space 32256K, 0% used [0x00000000ec200000,0x00000000ec200000,0x00000000ee180000)
 ParOldGen       total 123904K, used 94309K [0x0000000080000000, 0x0000000087900000, 0x00000000d5580000)
  object space 123904K, 76% used [0x0000000080000000,0x0000000085c195c0,0x0000000087900000)
 Metaspace       used 82178K, capacity 86030K, committed 86808K, reserved 1124352K
  class space    used 11160K, capacity 11886K, committed 12080K, reserved 1048576K
}

Deoptimization events (10 events):
Event: 20.787 Thread 0x0000000020936000 Uncommon trap: reason=class_check action=maybe_recompile pc=0x0000000004db1788 method=com.android.tools.r8.s.a.h.e.b(Lcom/android/tools/r8/s/b/k0;)V @ 244
Event: 21.642 Thread 0x0000000020936000 Uncommon trap: reason=unstable_if action=reinterpret pc=0x0000000004f00640 method=com.android.tools.r8.s.b.q1.a(Lcom/android/tools/r8/graph/f;Lcom/android/tools/r8/s/b/X;Ljava/util/function/Predicate;Ljava/util/Set;)Z @ 184
Event: 21.935 Thread 0x0000000020934000 Uncommon trap: reason=bimorphic action=maybe_recompile pc=0x0000000004822474 method=java.util.stream.AbstractPipeline.copyIntoWithCancel(Ljava/util/stream/Sink;Ljava/util/Spliterator;)V @ 24
Event: 21.963 Thread 0x0000000020936000 Uncommon trap: reason=array_check action=maybe_recompile pc=0x0000000004f15f30 method=java.util.AbstractCollection.toArray([Ljava/lang/Object;)[Ljava/lang/Object; @ 119
Event: 21.965 Thread 0x0000000020936000 Uncommon trap: reason=array_check action=maybe_recompile pc=0x0000000004f15f30 method=java.util.AbstractCollection.toArray([Ljava/lang/Object;)[Ljava/lang/Object; @ 119
Event: 21.967 Thread 0x0000000020936000 Uncommon trap: reason=array_check action=maybe_recompile pc=0x0000000004f15f30 method=java.util.AbstractCollection.toArray([Ljava/lang/Object;)[Ljava/lang/Object; @ 119
Event: 21.969 Thread 0x0000000020936000 Uncommon trap: reason=array_check action=maybe_recompile pc=0x0000000004f15f30 method=java.util.AbstractCollection.toArray([Ljava/lang/Object;)[Ljava/lang/Object; @ 119
Event: 23.865 Thread 0x0000000020934000 Uncommon trap: reason=unstable_if action=reinterpret pc=0x0000000004eda124 method=com.android.tools.r8.ir.regalloc.a.a(Lcom/android/tools/r8/ir/regalloc/a$a;Z)Lcom/android/tools/r8/ir/regalloc/a$a; @ 2173
Event: 23.985 Thread 0x0000000020934000 Uncommon trap: reason=unstable_if action=reinterpret pc=0x0000000004e6bb50 method=com.android.tools.r8.ir.optimize.a0.a(Ljava/util/Map;I)V @ 29
Event: 24.110 Thread 0x0000000020934000 Uncommon trap: reason=bimorphic action=maybe_recompile pc=0x0000000004822474 method=java.util.stream.AbstractPipeline.copyIntoWithCancel(Ljava/util/stream/Sink;Ljava/util/Spliterator;)V @ 24

Classes redefined (0 events):
No events

Internal exceptions (10 events):
Event: 14.898 Thread 0x0000000020936000 Exception <a 'sun/nio/fs/WindowsException'> (0x00000000da8c5470) thrown at [C:\src\AOSP-openjdk-git\hotspot\src\share\vm\prims\jni.cpp, line 710]
Event: 15.502 Thread 0x0000000020934000 Exception <a 'java/lang/IncompatibleClassChangeError': Found class java.lang.Object, but interface was expected> (0x00000000e0257fe0) thrown at [C:\src\AOSP-openjdk-git\hotspot\src\share\vm\interpreter\linkResolver.cpp, line 653]
Event: 15.508 Thread 0x0000000020934000 Implicit null exception at 0x00000000045f3220 to 0x00000000045f3369
Event: 15.508 Thread 0x0000000020934000 Implicit null exception at 0x00000000045f3220 to 0x00000000045f3369
Event: 15.999 Thread 0x0000000020934000 Exception <a 'java/lang/NoSuchMethodError': java.lang.Object.b(Lcom/android/tools/r8/graph/p1$b;)Lcom/android/tools/r8/graph/p1$b;> (0x00000000e351fc80) thrown at [C:\src\AOSP-openjdk-git\hotspot\src\share\vm\interpreter\linkResolver.cpp, line 620]
Event: 16.122 Thread 0x0000000020936000 Implicit null exception at 0x0000000002f2e96a to 0x0000000002f2ead5
Event: 16.133 Thread 0x0000000020936000 Exception <a 'java/lang/NoSuchMethodError': java.lang.Object.lambda$comparingInt$7b0bb60$1(Ljava/util/function/ToIntFunction;Ljava/lang/Object;Ljava/lang/Object;)I> (0x00000000d56ce4c0) thrown at [C:\src\AOSP-openjdk-git\hotspot\src\share\vm\interpreter\l
Event: 16.134 Thread 0x0000000020936000 Exception <a 'java/lang/NoSuchMethodError': java.lang.Object.lambda$maxBy$1(Ljava/util/Comparator;Ljava/lang/Object;Ljava/lang/Object;)Ljava/lang/Object;> (0x00000000d56d2e08) thrown at [C:\src\AOSP-openjdk-git\hotspot\src\share\vm\interpreter\linkResolve
Event: 16.202 Thread 0x000000002ad4a000 Implicit null exception at 0x0000000002dff6aa to 0x0000000002dff6f9
Event: 16.202 Thread 0x000000002ad4a000 Implicit null exception at 0x0000000002d3bd30 to 0x0000000002d3bd40

Events (10 events):
Event: 23.985 Thread 0x0000000020934000 DEOPT UNPACKING pc=0x0000000002b6557b sp=0x00000000226a9ea0 mode 2
Event: 24.009 loading class com/android/tools/r8/s/b/M0
Event: 24.009 loading class com/android/tools/r8/s/b/M0 done
Event: 24.009 loading class com/android/tools/r8/s/b/k0
Event: 24.009 loading class com/android/tools/r8/s/b/k0 done
Event: 24.009 loading class com/android/tools/r8/s/b/M0
Event: 24.009 loading class com/android/tools/r8/s/b/M0 done
Event: 24.110 Thread 0x0000000020934000 Uncommon trap: trap_request=0xffffffc6 fr.pc=0x0000000004822474
Event: 24.110 Thread 0x0000000020934000 DEOPT PACKING pc=0x0000000004822474 sp=0x00000000226a9ee0
Event: 24.110 Thread 0x0000000020934000 DEOPT UNPACKING pc=0x0000000002b6557b sp=0x00000000226a9da8 mode 2


Dynamic libraries:
0x00007ff725200000 - 0x00007ff725231000 	C:\Program Files\Android\Android Studio\jre\bin\java.exe
0x00007ffe4bc40000 - 0x00007ffe4be21000 	C:\Windows\SYSTEM32\ntdll.dll
0x00007ffe4b5b0000 - 0x00007ffe4b662000 	C:\Windows\System32\KERNEL32.DLL
0x00007ffe48850000 - 0x00007ffe48ac3000 	C:\Windows\System32\KERNELBASE.dll
0x00007ffe4b670000 - 0x00007ffe4b711000 	C:\Windows\System32\ADVAPI32.dll
0x00007ffe4b730000 - 0x00007ffe4b7ce000 	C:\Windows\System32\msvcrt.dll
0x00007ffe4b2c0000 - 0x00007ffe4b31b000 	C:\Windows\System32\sechost.dll
0x00007ffe4bae0000 - 0x00007ffe4bc04000 	C:\Windows\System32\RPCRT4.dll
0x00007ffe4b0d0000 - 0x00007ffe4b260000 	C:\Windows\System32\USER32.dll
0x00007ffe48f10000 - 0x00007ffe48f30000 	C:\Windows\System32\win32u.dll
0x00007ffe4b580000 - 0x00007ffe4b5a8000 	C:\Windows\System32\GDI32.dll
0x00007ffe48f30000 - 0x00007ffe490c2000 	C:\Windows\System32\gdi32full.dll
0x00007ffe48e20000 - 0x00007ffe48ebf000 	C:\Windows\System32\msvcp_win.dll
0x00007ffe48d20000 - 0x00007ffe48e1a000 	C:\Windows\System32\ucrtbase.dll
0x00007ffe38ac0000 - 0x00007ffe38d29000 	C:\Windows\WinSxS\amd64_microsoft.windows.common-controls_6595b64144ccf1df_6.0.17134.112_none_fb3f961b30681c12\COMCTL32.dll
0x00007ffe4a6d0000 - 0x00007ffe4a9f3000 	C:\Windows\System32\combase.dll
0x00007ffe48010000 - 0x00007ffe4808a000 	C:\Windows\System32\bcryptPrimitives.dll
0x00007ffe491b0000 - 0x00007ffe491dd000 	C:\Windows\System32\IMM32.DLL
0x000000005f950000 - 0x000000005fa22000 	C:\Program Files\Android\Android Studio\jre\jre\bin\msvcr100.dll
0x000000005fa30000 - 0x000000006027b000 	C:\Program Files\Android\Android Studio\jre\jre\bin\server\jvm.dll
0x00007ffe4b720000 - 0x00007ffe4b728000 	C:\Windows\System32\PSAPI.DLL
0x00007ffe341c0000 - 0x00007ffe341c9000 	C:\Windows\SYSTEM32\WSOCK32.dll
0x00007ffe4ac00000 - 0x00007ffe4ac6c000 	C:\Windows\System32\WS2_32.dll
0x00007ffe435b0000 - 0x00007ffe435d3000 	C:\Windows\SYSTEM32\WINMM.dll
0x00007ffe35090000 - 0x00007ffe3509a000 	C:\Windows\SYSTEM32\VERSION.dll
0x00007ffe43580000 - 0x00007ffe435aa000 	C:\Windows\SYSTEM32\WINMMBASE.dll
0x00007ffe48ec0000 - 0x00007ffe48f09000 	C:\Windows\System32\cfgmgr32.dll
0x00007ffe444e0000 - 0x00007ffe444ef000 	C:\Program Files\Android\Android Studio\jre\jre\bin\verify.dll
0x00007ffe42530000 - 0x00007ffe42559000 	C:\Program Files\Android\Android Studio\jre\jre\bin\java.dll
0x00007ffe42dd0000 - 0x00007ffe42de6000 	C:\Program Files\Android\Android Studio\jre\jre\bin\zip.dll
0x00007ffe491e0000 - 0x00007ffe4a620000 	C:\Windows\System32\SHELL32.dll
0x00007ffe4a620000 - 0x00007ffe4a6c9000 	C:\Windows\System32\shcore.dll
0x00007ffe48140000 - 0x00007ffe4884d000 	C:\Windows\System32\windows.storage.dll
0x00007ffe4b520000 - 0x00007ffe4b571000 	C:\Windows\System32\shlwapi.dll
0x00007ffe47fa0000 - 0x00007ffe47fb1000 	C:\Windows\System32\kernel.appcore.dll
0x00007ffe47f60000 - 0x00007ffe47f7f000 	C:\Windows\System32\profapi.dll
0x00007ffe47fc0000 - 0x00007ffe4800c000 	C:\Windows\System32\powrprof.dll
0x00007ffe47f50000 - 0x00007ffe47f5a000 	C:\Windows\System32\FLTLIB.DLL
0x00007ffe42470000 - 0x00007ffe4248a000 	C:\Program Files\Android\Android Studio\jre\jre\bin\net.dll
0x00007ffe477d0000 - 0x00007ffe47836000 	C:\Windows\system32\mswsock.dll
0x00007ffe42370000 - 0x00007ffe42383000 	C:\Program Files\Android\Android Studio\jre\jre\bin\nio.dll
0x00007ffe39730000 - 0x00007ffe39757000 	C:\Users\user\.gradle\native\f6784746aeab05261644944871eae4fe03e0ef1612fff0a4a95f87b438bc6780\windows-amd64\native-platform.dll
0x00007ffe424a0000 - 0x00007ffe424ad000 	C:\Program Files\Android\Android Studio\jre\jre\bin\management.dll
0x00007ffe47980000 - 0x00007ffe47997000 	C:\Windows\SYSTEM32\CRYPTSP.dll
0x00007ffe473b0000 - 0x00007ffe473e3000 	C:\Windows\system32\rsaenh.dll
0x00007ffe47ab0000 - 0x00007ffe47ad5000 	C:\Windows\SYSTEM32\bcrypt.dll
0x00007ffe47e50000 - 0x00007ffe47e78000 	C:\Windows\SYSTEM32\USERENV.dll
0x00007ffe479a0000 - 0x00007ffe479ab000 	C:\Windows\SYSTEM32\CRYPTBASE.dll
0x00007ffe47550000 - 0x00007ffe47588000 	C:\Windows\SYSTEM32\IPHLPAPI.DLL
0x00007ffe4b0c0000 - 0x00007ffe4b0c8000 	C:\Windows\System32\NSI.dll
0x00007ffe3d0e0000 - 0x00007ffe3d0f6000 	C:\Windows\SYSTEM32\dhcpcsvc6.DLL
0x00007ffe3f0d0000 - 0x00007ffe3f0ea000 	C:\Windows\SYSTEM32\dhcpcsvc.DLL
0x00007ffe3f060000 - 0x00007ffe3f06b000 	C:\Windows\SYSTEM32\WINNSI.DLL

VM Arguments:
jvm_args: -Xmx2048m -Dfile.encoding=UTF-8 -Duser.country=US -Duser.language=en -Duser.variant 
java_command: org.gradle.launcher.daemon.bootstrap.GradleDaemon 6.5
java_class_path (initial): C:\Users\user\.gradle\wrapper\dists\gradle-6.5-bin\6nifqtx7604sqp1q6g8wikw7p\gradle-6.5\lib\gradle-launcher-6.5.jar
Launcher Type: SUN_STANDARD

Environment Variables:
PATH=C:\Program Files (x86)\Common Files\Oracle\Java\javapath;C:\ProgramData\Oracle\Java\javapath;C:\Windows\system32;C:\Windows;C:\Windows\System32\Wbem;C:\Windows\System32\WindowsPowerShell\v1.0\;C:\Windows\System32\OpenSSH\;C:\Program Files\Microsoft\Web Platform Installer\;C:\Program Files (x86)\Microsoft ASP.NET\ASP.NET Web Pages\v1.0\;C:\Program Files\Microsoft SQL Server\110\Tools\Binn\;c:\Program Files (x86)\Microsoft SQL Server\100\Tools\Binn\;c:\Program Files\Microsoft SQL Server\100\Tools\Binn\;c:\Program Files\Microsoft SQL Server\100\DTS\Binn\;C:\Program Files\Java\jre1.8.0_271\bin;C:\Program Files\Git\cmd;C:\Program Files\nodejs\;C:\Users\user\AppData\Local\Programs\Python\Python38\Scripts\;C:\Users\user\AppData\Local\Programs\Python\Python38\;C:\Users\user\AppData\Local\Microsoft\WindowsApps;C:\Program Files\JetBrains\PyCharm Community Edition 2019.2.5\bin;C:\source\flutter\flutter\bin;C:\Program Files\heroku\bin;C:\Program Files (x86)\Common Files\Java;C:\Users\user\IntelliJ IDEA Community Edition 2020.2.3\bin;C:\Users\user\AppData\Local\Programs\Microsoft VS Code\bin;C:\Users\user\AppData\Roaming\npm;C:\Users\user\AppData\Local\hyper\app-3.0.2\resources\bin;C:\MinGW\bin;
USERNAME=Osemudiamen-Itua
OS=Windows_NT
PROCESSOR_IDENTIFIER=Intel64 Family 6 Model 61 Stepping 4, GenuineIntel



---------------  S Y S T E M  ---------------

OS: Windows 10.0 , 64 bit Build 17134 (10.0.17134.1)

CPU:total 4 (initial active 4) (2 cores per cpu, 2 threads per core) family 6 model 61 stepping 4, cmov, cx8, fxsr, mmx, sse, sse2, sse3, ssse3, sse4.1, sse4.2, popcnt, avx, avx2, aes, clmul, erms, rtm, 3dnowpref, lzcnt, ht, tsc, tscinvbit, bmi1, bmi2, adx

Memory: 4k page, physical 8077532k(1033872k free), swap 8077532k(6016k free)

vm_info: OpenJDK 64-Bit Server VM (25.242-b01) for windows-amd64 JRE (1.8.0_242-release-1644-b01), built by "builder" with MS VC++ 10.0 (VS2010)

time: Wed May 19 16:38:04 2021
timezone: W. Central Africa Standard Time
elapsed time: 24 seconds (0d 0h 0m 24s)

