#
# There is insufficient memory for the Java Runtime Environment to continue.
# Native memory allocation (malloc) failed to allocate 1087856 bytes for Chunk::new
# Possible reasons:
#   The system is out of physical RAM or swap space
#   The process is running with CompressedOops enabled, and the Java Heap may be blocking the growth of the native heap
# Possible solutions:
#   Reduce memory load on the system
#   Increase physical memory or swap space
#   Check if swap backing store is full
#   Decrease Java heap size (-Xmx/-Xms)
#   Decrease number of Java threads
#   Decrease Java thread stack sizes (-Xss)
#   Set larger code cache with -XX:ReservedCodeCacheSize=
#   JVM is running with Unscaled Compressed Oops mode in which the Java heap is
#     placed in the first 4GB address space. The Java Heap base address is the
#     maximum limit for the native heap growth. Please use -XX:HeapBaseMinAddress
#     to set the Java Heap base and to place the Java Heap above 4GB virtual address.
# This output file may be truncated or incomplete.
#
#  Out of Memory Error (allocation.cpp:389), pid=784, tid=0x0000000000001d7c
#
# JRE version: OpenJDK Runtime Environment (8.0_242-b01) (build 1.8.0_242-release-1644-b01)
# Java VM: OpenJDK 64-Bit Server VM (25.242-b01 mixed mode windows-amd64 compressed oops)
# Failed to write core dump. Minidumps are not enabled by default on client versions of Windows
#

---------------  T H R E A D  ---------------

Current thread (0x00000000175eb800):  JavaThread "C2 CompilerThread1" daemon [_thread_in_native, id=7548, stack(0x0000000018d40000,0x0000000018e40000)]

Stack: [0x0000000018d40000,0x0000000018e40000]
[error occurred during error reporting (printing stack bounds), id 0xc0000005]

Native frames: (J=compiled Java code, j=interpreted, Vv=VM code, C=native code)


Current CompileTask:
C2:  10017 5522       4       org.codehaus.groovy.reflection.CachedMethod::compareTo (25 bytes)


---------------  P R O C E S S  ---------------

Java Threads: ( => current thread )
  0x000000001d741000 JavaThread "pool-1-thread-1" [_thread_blocked, id=11544, stack(0x000000002bd10000,0x000000002be10000)]
  0x000000001d743800 JavaThread "jar transforms Thread 113" [_thread_blocked, id=5912, stack(0x000000002aa10000,0x000000002ab10000)]
  0x000000001d73f000 JavaThread "jar transforms Thread 112" [_thread_blocked, id=12108, stack(0x000000002a910000,0x000000002aa10000)]
  0x000000001d742800 JavaThread "jar transforms Thread 111" [_thread_blocked, id=7944, stack(0x000000002a810000,0x000000002a910000)]
  0x000000001d742000 JavaThread "jar transforms Thread 110" [_thread_blocked, id=4780, stack(0x000000002a710000,0x000000002a810000)]
  0x000000001d737800 JavaThread "jar transforms Thread 109" [_thread_blocked, id=4208, stack(0x000000002a610000,0x000000002a710000)]
  0x000000001d73a800 JavaThread "jar transforms Thread 108" [_thread_blocked, id=2640, stack(0x000000002a510000,0x000000002a610000)]
  0x000000001d73e000 JavaThread "jar transforms Thread 107" [_thread_blocked, id=5548, stack(0x000000002a410000,0x000000002a510000)]
  0x000000001d736800 JavaThread "jar transforms Thread 106" [_thread_blocked, id=9548, stack(0x000000002a310000,0x000000002a410000)]
  0x000000001d739800 JavaThread "jar transforms Thread 105" [_thread_blocked, id=11528, stack(0x000000002a210000,0x000000002a310000)]
  0x000000001d73d800 JavaThread "jar transforms Thread 104" [_thread_blocked, id=1756, stack(0x000000002a110000,0x000000002a210000)]
  0x000000001d736000 JavaThread "jar transforms Thread 103" [_thread_blocked, id=10440, stack(0x000000002a010000,0x000000002a110000)]
  0x000000001d739000 JavaThread "jar transforms Thread 102" [_thread_blocked, id=11992, stack(0x0000000029f10000,0x000000002a010000)]
  0x000000001d73c000 JavaThread "jar transforms Thread 101" [_thread_blocked, id=5132, stack(0x0000000029e10000,0x0000000029f10000)]
  0x000000001d738000 JavaThread "jar transforms Thread 100" [_thread_blocked, id=11336, stack(0x0000000029d10000,0x0000000029e10000)]
  0x000000001d73b000 JavaThread "jar transforms Thread 99" [_thread_blocked, id=9844, stack(0x0000000029c10000,0x0000000029d10000)]
  0x000000001d73c800 JavaThread "jar transforms Thread 98" [_thread_blocked, id=12056, stack(0x0000000029b10000,0x0000000029c10000)]
  0x000000001b443800 JavaThread "jar transforms Thread 97" [_thread_blocked, id=11988, stack(0x0000000029a10000,0x0000000029b10000)]
  0x000000001b44a000 JavaThread "jar transforms Thread 96" [_thread_blocked, id=10864, stack(0x0000000029910000,0x0000000029a10000)]
  0x000000001b449000 JavaThread "jar transforms Thread 95" [_thread_blocked, id=10868, stack(0x0000000029810000,0x0000000029910000)]
  0x000000001b447800 JavaThread "jar transforms Thread 94" [_thread_blocked, id=584, stack(0x0000000029710000,0x0000000029810000)]
  0x000000001b448800 JavaThread "jar transforms Thread 93" [_thread_blocked, id=10632, stack(0x0000000029610000,0x0000000029710000)]
  0x000000001b446000 JavaThread "jar transforms Thread 92" [_thread_blocked, id=10200, stack(0x0000000029510000,0x0000000029610000)]
  0x000000001b445000 JavaThread "jar transforms Thread 91" [_thread_blocked, id=732, stack(0x0000000029410000,0x0000000029510000)]
  0x000000001b444800 JavaThread "jar transforms Thread 90" [_thread_blocked, id=2972, stack(0x0000000029310000,0x0000000029410000)]
  0x000000001b446800 JavaThread "jar transforms Thread 89" [_thread_blocked, id=11956, stack(0x0000000029210000,0x0000000029310000)]
  0x000000001b43e800 JavaThread "jar transforms Thread 88" [_thread_blocked, id=7824, stack(0x0000000029110000,0x0000000029210000)]
  0x000000001b43c000 JavaThread "jar transforms Thread 87" [_thread_blocked, id=2216, stack(0x0000000029010000,0x0000000029110000)]
  0x000000001b443000 JavaThread "jar transforms Thread 86" [_thread_blocked, id=9164, stack(0x0000000028f10000,0x0000000029010000)]
  0x000000001b43d800 JavaThread "jar transforms Thread 85" [_thread_blocked, id=11184, stack(0x0000000028e10000,0x0000000028f10000)]
  0x000000001b441800 JavaThread "jar transforms Thread 84" [_thread_blocked, id=12232, stack(0x0000000028d10000,0x0000000028e10000)]
  0x000000001b43b800 JavaThread "jar transforms Thread 83" [_thread_blocked, id=12020, stack(0x0000000028c10000,0x0000000028d10000)]
  0x000000001b43d000 JavaThread "jar transforms Thread 82" [_thread_blocked, id=2336, stack(0x0000000028b10000,0x0000000028c10000)]
  0x000000001b442000 JavaThread "jar transforms Thread 81" [_thread_blocked, id=11400, stack(0x0000000028a10000,0x0000000028b10000)]
  0x000000001b440800 JavaThread "jar transforms Thread 80" [_thread_blocked, id=3976, stack(0x0000000028910000,0x0000000028a10000)]
  0x000000001b43f000 JavaThread "jar transforms Thread 79" [_thread_blocked, id=7488, stack(0x0000000028810000,0x0000000028910000)]
  0x000000001b440000 JavaThread "jar transforms Thread 78" [_thread_blocked, id=5472, stack(0x0000000028710000,0x0000000028810000)]
  0x000000001b43a800 JavaThread "jar transforms Thread 77" [_thread_blocked, id=4336, stack(0x0000000028610000,0x0000000028710000)]
  0x000000001e95b800 JavaThread "jar transforms Thread 76" [_thread_blocked, id=7544, stack(0x0000000028510000,0x0000000028610000)]
  0x000000001e959800 JavaThread "jar transforms Thread 75" [_thread_blocked, id=3768, stack(0x0000000028410000,0x0000000028510000)]
  0x000000001e956800 JavaThread "jar transforms Thread 74" [_thread_blocked, id=2464, stack(0x0000000028310000,0x0000000028410000)]
  0x000000001e958800 JavaThread "jar transforms Thread 73" [_thread_blocked, id=8048, stack(0x0000000028210000,0x0000000028310000)]
  0x000000001e958000 JavaThread "jar transforms Thread 72" [_thread_blocked, id=8976, stack(0x0000000028110000,0x0000000028210000)]
  0x000000001e954000 JavaThread "jar transforms Thread 71" [_thread_blocked, id=6600, stack(0x0000000028010000,0x0000000028110000)]
  0x000000001e955800 JavaThread "jar transforms Thread 70" [_thread_blocked, id=3400, stack(0x0000000027f10000,0x0000000028010000)]
  0x000000001e954800 JavaThread "jar transforms Thread 69" [_thread_blocked, id=5000, stack(0x0000000027e10000,0x0000000027f10000)]
  0x000000001e95a000 JavaThread "jar transforms Thread 68" [_thread_blocked, id=11912, stack(0x0000000027d10000,0x0000000027e10000)]
  0x000000001e95b000 JavaThread "jar transforms Thread 67" [_thread_blocked, id=4536, stack(0x0000000027c10000,0x0000000027d10000)]
  0x000000001e957000 JavaThread "jar transforms Thread 66" [_thread_blocked, id=11960, stack(0x0000000027b10000,0x0000000027c10000)]
  0x000000001e94c800 JavaThread "jar transforms Thread 65" [_thread_blocked, id=12268, stack(0x0000000027a10000,0x0000000027b10000)]
  0x000000001e953000 JavaThread "jar transforms Thread 64" [_thread_blocked, id=6784, stack(0x0000000027910000,0x0000000027a10000)]
  0x000000001e951800 JavaThread "jar transforms Thread 63" [_thread_blocked, id=1276, stack(0x0000000027810000,0x0000000027910000)]
  0x000000001e951000 JavaThread "jar transforms Thread 62" [_thread_blocked, id=11888, stack(0x0000000027710000,0x0000000027810000)]
  0x000000001e94f800 JavaThread "jar transforms Thread 61" [_thread_blocked, id=4724, stack(0x0000000027610000,0x0000000027710000)]
  0x000000001e950000 JavaThread "jar transforms Thread 60" [_thread_blocked, id=10592, stack(0x0000000027510000,0x0000000027610000)]
  0x000000001e94e800 JavaThread "jar transforms Thread 59" [_thread_blocked, id=3772, stack(0x0000000027410000,0x0000000027510000)]
  0x000000001e952800 JavaThread "jar transforms Thread 58" [_thread_blocked, id=11812, stack(0x0000000027310000,0x0000000027410000)]
  0x000000001e94e000 JavaThread "jar transforms Thread 57" [_thread_blocked, id=12008, stack(0x0000000027210000,0x0000000027310000)]
  0x000000001e94d000 JavaThread "jar transforms Thread 56" [_thread_blocked, id=7184, stack(0x0000000027110000,0x0000000027210000)]
  0x000000001ebb3000 JavaThread "jar transforms Thread 55" [_thread_blocked, id=9784, stack(0x0000000027010000,0x0000000027110000)]
  0x000000001ebb2800 JavaThread "jar transforms Thread 54" [_thread_blocked, id=7216, stack(0x0000000026f10000,0x0000000027010000)]
  0x000000001ebb1800 JavaThread "jar transforms Thread 53" [_thread_blocked, id=3932, stack(0x0000000026e10000,0x0000000026f10000)]
  0x000000001ebb4800 JavaThread "jar transforms Thread 52" [_thread_blocked, id=10284, stack(0x0000000026d10000,0x0000000026e10000)]
  0x000000001ebb4000 JavaThread "jar transforms Thread 51" [_thread_blocked, id=7040, stack(0x0000000026c10000,0x0000000026d10000)]
  0x000000001ebaa000 JavaThread "jar transforms Thread 50" [_thread_blocked, id=4732, stack(0x0000000026b10000,0x0000000026c10000)]
  0x000000001ebb1000 JavaThread "jar transforms Thread 49" [_thread_blocked, id=6840, stack(0x0000000026a10000,0x0000000026b10000)]
  0x000000001eba9800 JavaThread "jar transforms Thread 48" [_thread_blocked, id=7032, stack(0x0000000026910000,0x0000000026a10000)]
  0x000000001ebad000 JavaThread "jar transforms Thread 47" [_thread_blocked, id=2316, stack(0x0000000026810000,0x0000000026910000)]
  0x000000001ebac800 JavaThread "jar transforms Thread 46" [_thread_blocked, id=11008, stack(0x0000000026710000,0x0000000026810000)]
  0x000000001ebaf800 JavaThread "jar transforms Thread 45" [_thread_blocked, id=11848, stack(0x0000000026610000,0x0000000026710000)]
  0x000000001ebb0000 JavaThread "jar transforms Thread 44" [_thread_blocked, id=8512, stack(0x0000000026510000,0x0000000026610000)]
  0x000000001ebae000 JavaThread "jar transforms Thread 43" [_thread_blocked, id=11760, stack(0x0000000026410000,0x0000000026510000)]
  0x000000001eba8000 JavaThread "jar transforms Thread 42" [_thread_blocked, id=2520, stack(0x0000000026310000,0x0000000026410000)]
  0x000000001ebae800 JavaThread "jar transforms Thread 41" [_thread_blocked, id=1028, stack(0x0000000026210000,0x0000000026310000)]
  0x000000001eba6800 JavaThread "jar transforms Thread 40" [_thread_blocked, id=10144, stack(0x0000000026110000,0x0000000026210000)]
  0x000000001eba7000 JavaThread "jar transforms Thread 39" [_thread_blocked, id=3744, stack(0x0000000026010000,0x0000000026110000)]
  0x000000001ebab800 JavaThread "jar transforms Thread 38" [_thread_blocked, id=8164, stack(0x0000000025f10000,0x0000000026010000)]
  0x000000001eba8800 JavaThread "jar transforms Thread 37" [_thread_blocked, id=7848, stack(0x0000000025e10000,0x0000000025f10000)]
  0x000000001eba5800 JavaThread "jar transforms Thread 36" [_thread_blocked, id=11248, stack(0x0000000025d10000,0x0000000025e10000)]
  0x000000001ebab000 JavaThread "jar transforms Thread 35" [_thread_blocked, id=8960, stack(0x0000000025c10000,0x0000000025d10000)]
  0x000000001e247000 JavaThread "jar transforms Thread 34" [_thread_blocked, id=1804, stack(0x0000000025b10000,0x0000000025c10000)]
  0x000000001e24b000 JavaThread "jar transforms Thread 33" [_thread_blocked, id=368, stack(0x0000000025a10000,0x0000000025b10000)]
  0x000000001e24d000 JavaThread "jar transforms Thread 32" [_thread_blocked, id=7736, stack(0x0000000025910000,0x0000000025a10000)]
  0x000000001e24c800 JavaThread "jar transforms Thread 31" [_thread_blocked, id=7692, stack(0x0000000025810000,0x0000000025910000)]
  0x000000001e249800 JavaThread "jar transforms Thread 30" [_thread_blocked, id=11588, stack(0x0000000025710000,0x0000000025810000)]
  0x000000001e248800 JavaThread "jar transforms Thread 29" [_thread_blocked, id=4004, stack(0x0000000025610000,0x0000000025710000)]
  0x000000001e24b800 JavaThread "jar transforms Thread 28" [_thread_blocked, id=7432, stack(0x0000000025510000,0x0000000025610000)]
  0x000000001e248000 JavaThread "jar transforms Thread 27" [_thread_blocked, id=8952, stack(0x0000000025410000,0x0000000025510000)]
  0x000000001e24a000 JavaThread "jar transforms Thread 26" [_thread_blocked, id=8492, stack(0x0000000025310000,0x0000000025410000)]
  0x000000001e242800 JavaThread "Build operations Thread 4" [_thread_blocked, id=3700, stack(0x0000000025210000,0x0000000025310000)]
  0x000000001e23f800 JavaThread "Build operations Thread 3" [_thread_blocked, id=3040, stack(0x0000000025110000,0x0000000025210000)]
  0x000000001e246800 JavaThread "Build operations Thread 2" [_thread_blocked, id=7328, stack(0x0000000025010000,0x0000000025110000)]
  0x000000001e23f000 JavaThread "Build operations" [_thread_blocked, id=1836, stack(0x0000000024f10000,0x0000000025010000)]
  0x000000001e245800 JavaThread "Cache worker for Build Output Cleanup Cache (C:\Users\user\AndroidStudioProjects\ContactList\.gradle\buildOutputCleanup)" [_thread_blocked, id=11732, stack(0x0000000023380000,0x0000000023480000)]
  0x000000001e241000 JavaThread "Cache worker for file content cache (C:\Users\user\.gradle\caches\6.5\fileContent)" [_thread_blocked, id=10276, stack(0x0000000023280000,0x0000000023380000)]
  0x000000001e23e000 JavaThread "Cache worker for execution history cache (C:\Users\user\.gradle\caches\6.5\executionHistory)" [_thread_blocked, id=3580, stack(0x0000000022d80000,0x0000000022e80000)]
  0x000000001b470800 JavaThread "Cache worker for cache directory md-rule (C:\Users\user\.gradle\caches\6.5\md-rule)" [_thread_blocked, id=1472, stack(0x0000000022a80000,0x0000000022b80000)]
  0x000000001b46f800 JavaThread "Cache worker for cache directory md-supplier (C:\Users\user\.gradle\caches\6.5\md-supplier)" [_thread_blocked, id=6956, stack(0x0000000022980000,0x0000000022a80000)]
  0x000000001b46e000 JavaThread "Cache worker for checksums cache (C:\Users\user\AndroidStudioProjects\ContactList\.gradle\checksums)" [_thread_blocked, id=9140, stack(0x0000000022880000,0x0000000022980000)]
  0x000000001b472000 JavaThread "jar transforms Thread 25" [_thread_blocked, id=1528, stack(0x0000000022780000,0x0000000022880000)]
  0x000000001b46d800 JavaThread "jar transforms Thread 24" [_thread_blocked, id=1076, stack(0x0000000022680000,0x0000000022780000)]
  0x000000001b471000 JavaThread "jar transforms Thread 23" [_thread_blocked, id=8552, stack(0x0000000022580000,0x0000000022680000)]
  0x000000001b469000 JavaThread "jar transforms Thread 22" [_thread_blocked, id=6196, stack(0x0000000022480000,0x0000000022580000)]
  0x000000001b46f000 JavaThread "jar transforms Thread 21" [_thread_blocked, id=3096, stack(0x0000000022380000,0x0000000022480000)]
  0x000000001b46c800 JavaThread "jar transforms Thread 20" [_thread_blocked, id=8996, stack(0x0000000022280000,0x0000000022380000)]
  0x000000001b46c000 JavaThread "jar transforms Thread 19" [_thread_blocked, id=2688, stack(0x0000000022180000,0x0000000022280000)]
  0x000000001b464000 JavaThread "jar transforms Thread 18" [_thread_blocked, id=1948, stack(0x0000000022080000,0x0000000022180000)]
  0x000000001b46b000 JavaThread "jar transforms Thread 17" [_thread_blocked, id=5112, stack(0x0000000021f80000,0x0000000022080000)]
  0x000000001b463800 JavaThread "jar transforms Thread 16" [_thread_blocked, id=3368, stack(0x0000000021e80000,0x0000000021f80000)]
  0x000000001b465000 JavaThread "jar transforms Thread 15" [_thread_blocked, id=10400, stack(0x0000000021d80000,0x0000000021e80000)]
  0x000000001b46a800 JavaThread "jar transforms Thread 14" [_thread_blocked, id=11016, stack(0x0000000021c80000,0x0000000021d80000)]
  0x000000001b468000 JavaThread "jar transforms Thread 13" [_thread_blocked, id=10680, stack(0x0000000021b80000,0x0000000021c80000)]
  0x000000001b466800 JavaThread "jar transforms Thread 12" [_thread_blocked, id=10404, stack(0x0000000021a80000,0x0000000021b80000)]
  0x000000001b467800 JavaThread "jar transforms Thread 11" [_thread_blocked, id=4796, stack(0x0000000021980000,0x0000000021a80000)]
  0x000000001b462800 JavaThread "jar transforms Thread 10" [_thread_blocked, id=11712, stack(0x0000000021880000,0x0000000021980000)]
  0x000000001b465800 JavaThread "jar transforms Thread 9" [_thread_blocked, id=300, stack(0x0000000021780000,0x0000000021880000)]
  0x000000001b469800 JavaThread "jar transforms Thread 8" [_thread_blocked, id=11696, stack(0x0000000021680000,0x0000000021780000)]
  0x000000001b2bc800 JavaThread "jar transforms Thread 7" [_thread_blocked, id=3172, stack(0x0000000021580000,0x0000000021680000)]
  0x000000001b2bc000 JavaThread "jar transforms Thread 6" [_thread_blocked, id=10148, stack(0x0000000021480000,0x0000000021580000)]
  0x000000001b2bb000 JavaThread "jar transforms Thread 5" [_thread_blocked, id=9812, stack(0x0000000021380000,0x0000000021480000)]
  0x000000001b2c2000 JavaThread "jar transforms Thread 4" [_thread_blocked, id=11688, stack(0x00000000201d0000,0x00000000202d0000)]
  0x000000001b2c1800 JavaThread "jar transforms Thread 3" [_thread_blocked, id=7416, stack(0x000000001fe00000,0x000000001ff00000)]
  0x000000001b2c0800 JavaThread "jar transforms Thread 2" [_thread_blocked, id=4564, stack(0x000000001fd00000,0x000000001fe00000)]
  0x000000001b2bf800 JavaThread "jar transforms" [_thread_blocked, id=1300, stack(0x000000001fc00000,0x000000001fd00000)]
  0x000000001b2bf000 JavaThread "Cache worker for file hash cache (C:\Users\user\AndroidStudioProjects\ContactList\.gradle\6.5\fileHashes)" [_thread_blocked, id=1048, stack(0x000000001fb00000,0x000000001fc00000)]
  0x000000001b2be000 JavaThread "Cache worker for file hash cache (C:\Users\user\.gradle\caches\6.5\fileHashes)" [_thread_blocked, id=11176, stack(0x000000001d5d0000,0x000000001d6d0000)]
  0x000000001b2bd800 JavaThread "File lock request listener" [_thread_in_native, id=5024, stack(0x000000001d4d0000,0x000000001d5d0000)]
  0x000000001b1b7800 JavaThread "Cache worker for journal cache (C:\Users\user\.gradle\caches\journal-1)" [_thread_blocked, id=6288, stack(0x000000001d2d0000,0x000000001d3d0000)]
  0x000000001b17e000 JavaThread "Thread-9" [_thread_blocked, id=12128, stack(0x000000001cfd0000,0x000000001d0d0000)]
  0x000000001b17d000 JavaThread "Stdin handler" [_thread_blocked, id=7528, stack(0x000000001ced0000,0x000000001cfd0000)]
  0x000000001b17c000 JavaThread "Asynchronous log dispatcher for DefaultDaemonConnection: socket connection from /127.0.0.1:52557 to /127.0.0.1:52558" [_thread_in_native, id=288, stack(0x000000001cdd0000,0x000000001ced0000)]
  0x000000001b178800 JavaThread "Daemon worker" [_thread_in_vm, id=5536, stack(0x000000001ccd0000,0x000000001cdd0000)]
  0x000000001b177800 JavaThread "Cancel handler" [_thread_blocked, id=11624, stack(0x000000001cbd0000,0x000000001ccd0000)]
  0x000000001a0d7000 JavaThread "Handler for socket connection from /127.0.0.1:52557 to /127.0.0.1:52558" [_thread_in_native, id=8828, stack(0x000000001cad0000,0x000000001cbd0000)]
  0x000000001a0d2000 JavaThread "Daemon" [_thread_blocked, id=8652, stack(0x000000001c7d0000,0x000000001c8d0000)]
  0x000000001b15e000 JavaThread "Daemon periodic checks" [_thread_blocked, id=4160, stack(0x000000001c6d0000,0x000000001c7d0000)]
  0x000000001b110000 JavaThread "Incoming local TCP Connector on port 52557" [_thread_in_native, id=10236, stack(0x000000001c490000,0x000000001c590000)]
  0x000000001b040800 JavaThread "Daemon health stats" [_thread_blocked, id=10292, stack(0x000000001bf50000,0x000000001c050000)]
  0x000000001763d000 JavaThread "Service Thread" daemon [_thread_blocked, id=4784, stack(0x0000000019340000,0x0000000019440000)]
  0x00000000175fc800 JavaThread "C1 CompilerThread2" daemon [_thread_blocked, id=10564, stack(0x0000000018e40000,0x0000000018f40000)]
=>0x00000000175eb800 JavaThread "C2 CompilerThread1" daemon [_thread_in_native, id=7548, stack(0x0000000018d40000,0x0000000018e40000)]
  0x00000000175e7800 JavaThread "C2 CompilerThread0" daemon [_thread_in_native, id=8016, stack(0x0000000018c40000,0x0000000018d40000)]
  0x00000000175e5000 JavaThread "Attach Listener" daemon [_thread_blocked, id=11436, stack(0x0000000018b40000,0x0000000018c40000)]
  0x00000000175e2000 JavaThread "Signal Dispatcher" daemon [_thread_blocked, id=11484, stack(0x0000000018a40000,0x0000000018b40000)]
  0x00000000029bb800 JavaThread "Finalizer" daemon [_thread_blocked, id=3556, stack(0x0000000018850000,0x0000000018950000)]
  0x00000000175c9000 JavaThread "Reference Handler" daemon [_thread_blocked, id=3988, stack(0x0000000018750000,0x0000000018850000)]
  0x00000000028be000 JavaThread "main" [_thread_blocked, id=3924, stack(0x0000000002760000,0x0000000002860000)]

Other Threads:
  0x00000000175a6800 VMThread [stack: 0x0000000018650000,0x0000000018750000] [id=5020]
  0x0000000018f74000 WatcherThread [stack: 0x0000000019440000,0x0000000019540000] [id=8088]

VM state:not at safepoint (normal execution)

VM Mutex/Monitor currently owned by a thread: None

OutOfMemory and StackOverflow Exception counts:
OutOfMemoryError java_heap_errors=2

heap address: 0x0000000080000000, size: 2048 MB, Compressed Oops mode: 32-bit
Narrow klass base: 0x0000000000000000, Narrow klass shift: 3
Compressed class space size: 1073741824 Address: 0x0000000100000000

Heap:
 PSYoungGen      total 228352K, used 6001K [0x00000000d5580000, 0x00000000e4480000, 0x0000000100000000)
  eden space 214528K, 2% used [0x00000000d5580000,0x00000000d5b5c5d0,0x00000000e2700000)
  from space 13824K, 0% used [0x00000000e3500000,0x00000000e3500000,0x00000000e4280000)
  to   space 14336K, 0% used [0x00000000e2700000,0x00000000e2700000,0x00000000e3500000)
 ParOldGen       total 84992K, used 26515K [0x0000000080000000, 0x0000000085300000, 0x00000000d5580000)
  object space 84992K, 31% used [0x0000000080000000,0x00000000819e4e70,0x0000000085300000)
 Metaspace       used 57346K, capacity 59356K, committed 60248K, reserved 1105920K
  class space    used 7496K, capacity 7915K, committed 8064K, reserved 1048576K

Card table byte_map: [0x0000000011d80000,0x0000000012190000] byte_map_base: 0x0000000011980000

Marking Bits: (ParMarkBitMap*) 0x00000000601ff030
 Begin Bits: [0x0000000012840000, 0x0000000014840000)
 End Bits:   [0x0000000014840000, 0x0000000016840000)

Polling page: 0x00000000005f0000

CodeCache: size=245760Kb used=17717Kb max_used=17717Kb free=228042Kb
 bounds [0x00000000029c0000, 0x0000000003b20000, 0x00000000119c0000]
 total_blobs=6016 nmethods=5223 adapters=704
 compilation: enabled

Compilation events (10 events):
Event: 9.999 Thread 0x00000000175fc800 5626       3       org.gradle.internal.event.ListenerBroadcast::dispatch (9 bytes)
Event: 10.000 Thread 0x00000000175fc800 nmethod 5626 0x0000000003b11cd0 code [0x0000000003b11e40, 0x0000000003b12228]
Event: 10.010 Thread 0x00000000175fc800 5627       3       org.gradle.internal.logging.console.StyledTextOutputBackedRenderer$OutputEventTextOutputImpl::doStyleChange (12 bytes)
Event: 10.010 Thread 0x00000000175fc800 nmethod 5627 0x0000000003b12350 code [0x0000000003b124c0, 0x0000000003b126e8]
Event: 10.012 Thread 0x00000000175fc800 5628       3       java.nio.channels.spi.AbstractInterruptibleChannel::blockedOn (13 bytes)
Event: 10.013 Thread 0x00000000175fc800 nmethod 5628 0x0000000003b127d0 code [0x0000000003b12960, 0x0000000003b12e50]
Event: 10.014 Thread 0x00000000175fc800 5629       1       org.gradle.internal.serialize.Serializers$StatefulSerializerAdapter::access$000 (5 bytes)
Event: 10.014 Thread 0x00000000175fc800 nmethod 5629 0x0000000003b13050 code [0x0000000003b131a0, 0x0000000003b13290]
Event: 10.015 Thread 0x00000000175fc800 5630       1       org.gradle.launcher.daemon.protocol.OutputMessage::getEvent (5 bytes)
Event: 10.015 Thread 0x00000000175fc800 nmethod 5630 0x0000000003b13310 code [0x0000000003b13460, 0x0000000003b13570]

GC Heap History (10 events):
Event: 9.584 GC heap before
{Heap before GC invocations=17 (full 5):
 PSYoungGen      total 228352K, used 32K [0x00000000d5580000, 0x00000000e4480000, 0x0000000100000000)
  eden space 214528K, 0% used [0x00000000d5580000,0x00000000d5580000,0x00000000e2700000)
  from space 13824K, 0% used [0x00000000e3500000,0x00000000e3508000,0x00000000e4280000)
  to   space 14336K, 0% used [0x00000000e2700000,0x00000000e2700000,0x00000000e3500000)
 ParOldGen       total 84992K, used 34318K [0x0000000080000000, 0x0000000085300000, 0x00000000d5580000)
  object space 84992K, 40% used [0x0000000080000000,0x0000000082183b08,0x0000000085300000)
 Metaspace       used 57318K, capacity 59538K, committed 59736K, reserved 1107968K
  class space    used 7518K, capacity 7971K, committed 8064K, reserved 1048576K
Event: 9.653 GC heap after
Heap after GC invocations=17 (full 5):
 PSYoungGen      total 228352K, used 0K [0x00000000d5580000, 0x00000000e4480000, 0x0000000100000000)
  eden space 214528K, 0% used [0x00000000d5580000,0x00000000d5580000,0x00000000e2700000)
  from space 13824K, 0% used [0x00000000e3500000,0x00000000e3500000,0x00000000e4280000)
  to   space 14336K, 0% used [0x00000000e2700000,0x00000000e2700000,0x00000000e3500000)
 ParOldGen       total 84992K, used 33929K [0x0000000080000000, 0x0000000085300000, 0x00000000d5580000)
  object space 84992K, 39% used [0x0000000080000000,0x00000000821225d8,0x0000000085300000)
 Metaspace       used 57318K, capacity 59538K, committed 59736K, reserved 1103872K
  class space    used 7518K, capacity 7971K, committed 8064K, reserved 1048576K
}
Event: 9.653 GC heap before
{Heap before GC invocations=18 (full 5):
 PSYoungGen      total 228352K, used 0K [0x00000000d5580000, 0x00000000e4480000, 0x0000000100000000)
  eden space 214528K, 0% used [0x00000000d5580000,0x00000000d5580000,0x00000000e2700000)
  from space 13824K, 0% used [0x00000000e3500000,0x00000000e3500000,0x00000000e4280000)
  to   space 14336K, 0% used [0x00000000e2700000,0x00000000e2700000,0x00000000e3500000)
 ParOldGen       total 84992K, used 33929K [0x0000000080000000, 0x0000000085300000, 0x00000000d5580000)
  object space 84992K, 39% used [0x0000000080000000,0x00000000821225d8,0x0000000085300000)
 Metaspace       used 57318K, capacity 59538K, committed 59736K, reserved 1107968K
  class space    used 7518K, capacity 7971K, committed 8064K, reserved 1048576K
Event: 9.655 GC heap after
Heap after GC invocations=18 (full 5):
 PSYoungGen      total 228864K, used 0K [0x00000000d5580000, 0x00000000e4480000, 0x0000000100000000)
  eden space 214528K, 0% used [0x00000000d5580000,0x00000000d5580000,0x00000000e2700000)
  from space 14336K, 0% used [0x00000000e2700000,0x00000000e2700000,0x00000000e3500000)
  to   space 13824K, 0% used [0x00000000e3500000,0x00000000e3500000,0x00000000e4280000)
 ParOldGen       total 84992K, used 33929K [0x0000000080000000, 0x0000000085300000, 0x00000000d5580000)
  object space 84992K, 39% used [0x0000000080000000,0x00000000821225d8,0x0000000085300000)
 Metaspace       used 57318K, capacity 59538K, committed 59736K, reserved 1107968K
  class space    used 7518K, capacity 7971K, committed 8064K, reserved 1048576K
}
Event: 9.655 GC heap before
{Heap before GC invocations=19 (full 6):
 PSYoungGen      total 228864K, used 0K [0x00000000d5580000, 0x00000000e4480000, 0x0000000100000000)
  eden space 214528K, 0% used [0x00000000d5580000,0x00000000d5580000,0x00000000e2700000)
  from space 14336K, 0% used [0x00000000e2700000,0x00000000e2700000,0x00000000e3500000)
  to   space 13824K, 0% used [0x00000000e3500000,0x00000000e3500000,0x00000000e4280000)
 ParOldGen       total 84992K, used 33929K [0x0000000080000000, 0x0000000085300000, 0x00000000d5580000)
  object space 84992K, 39% used [0x0000000080000000,0x00000000821225d8,0x0000000085300000)
 Metaspace       used 57318K, capacity 59538K, committed 59736K, reserved 1107968K
  class space    used 7518K, capacity 7971K, committed 8064K, reserved 1048576K
Event: 9.847 GC heap after
Heap after GC invocations=19 (full 6):
 PSYoungGen      total 228864K, used 0K [0x00000000d5580000, 0x00000000e4480000, 0x0000000100000000)
  eden space 214528K, 0% used [0x00000000d5580000,0x00000000d5580000,0x00000000e2700000)
  from space 14336K, 0% used [0x00000000e2700000,0x00000000e2700000,0x00000000e3500000)
  to   space 13824K, 0% used [0x00000000e3500000,0x00000000e3500000,0x00000000e4280000)
 ParOldGen       total 84992K, used 26727K [0x0000000080000000, 0x0000000085300000, 0x00000000d5580000)
  object space 84992K, 31% used [0x0000000080000000,0x0000000081a19d80,0x0000000085300000)
 Metaspace       used 56978K, capacity 58928K, committed 59736K, reserved 1103872K
  class space    used 7444K, capacity 7835K, committed 8064K, reserved 1048576K
}
Event: 9.853 GC heap before
{Heap before GC invocations=20 (full 6):
 PSYoungGen      total 228864K, used 4411K [0x00000000d5580000, 0x00000000e4480000, 0x0000000100000000)
  eden space 214528K, 2% used [0x00000000d5580000,0x00000000d59cedb8,0x00000000e2700000)
  from space 14336K, 0% used [0x00000000e2700000,0x00000000e2700000,0x00000000e3500000)
  to   space 13824K, 0% used [0x00000000e3500000,0x00000000e3500000,0x00000000e4280000)
 ParOldGen       total 84992K, used 26727K [0x0000000080000000, 0x0000000085300000, 0x00000000d5580000)
  object space 84992K, 31% used [0x0000000080000000,0x0000000081a19d80,0x0000000085300000)
 Metaspace       used 56978K, capacity 58928K, committed 59736K, reserved 1110016K
  class space    used 7444K, capacity 7835K, committed 8064K, reserved 1048576K
Event: 9.856 GC heap after
Heap after GC invocations=20 (full 6):
 PSYoungGen      total 228352K, used 128K [0x00000000d5580000, 0x00000000e4480000, 0x0000000100000000)
  eden space 214528K, 0% used [0x00000000d5580000,0x00000000d5580000,0x00000000e2700000)
  from space 13824K, 0% used [0x00000000e3500000,0x00000000e3520000,0x00000000e4280000)
  to   space 14336K, 0% used [0x00000000e2700000,0x00000000e2700000,0x00000000e3500000)
 ParOldGen       total 84992K, used 26727K [0x0000000080000000, 0x0000000085300000, 0x00000000d5580000)
  object space 84992K, 31% used [0x0000000080000000,0x0000000081a19d80,0x0000000085300000)
 Metaspace       used 56978K, capacity 58928K, committed 59736K, reserved 1110016K
  class space    used 7444K, capacity 7835K, committed 8064K, reserved 1048576K
}
Event: 9.856 GC heap before
{Heap before GC invocations=21 (full 7):
 PSYoungGen      total 228352K, used 128K [0x00000000d5580000, 0x00000000e4480000, 0x0000000100000000)
  eden space 214528K, 0% used [0x00000000d5580000,0x00000000d5580000,0x00000000e2700000)
  from space 13824K, 0% used [0x00000000e3500000,0x00000000e3520000,0x00000000e4280000)
  to   space 14336K, 0% used [0x00000000e2700000,0x00000000e2700000,0x00000000e3500000)
 ParOldGen       total 84992K, used 26727K [0x0000000080000000, 0x0000000085300000, 0x00000000d5580000)
  object space 84992K, 31% used [0x0000000080000000,0x0000000081a19d80,0x0000000085300000)
 Metaspace       used 56978K, capacity 58928K, committed 59736K, reserved 1110016K
  class space    used 7444K, capacity 7835K, committed 8064K, reserved 1048576K
Event: 9.920 GC heap after
Heap after GC invocations=21 (full 7):
 PSYoungGen      total 228352K, used 0K [0x00000000d5580000, 0x00000000e4480000, 0x0000000100000000)
  eden space 214528K, 0% used [0x00000000d5580000,0x00000000d5580000,0x00000000e2700000)
  from space 13824K, 0% used [0x00000000e3500000,0x00000000e3500000,0x00000000e4280000)
  to   space 14336K, 0% used [0x00000000e2700000,0x00000000e2700000,0x00000000e3500000)
 ParOldGen       total 84992K, used 26515K [0x0000000080000000, 0x0000000085300000, 0x00000000d5580000)
  object space 84992K, 31% used [0x0000000080000000,0x00000000819e4e70,0x0000000085300000)
 Metaspace       used 56978K, capacity 58928K, committed 59736K, reserved 1103872K
  class space    used 7444K, capacity 7835K, committed 8064K, reserved 1048576K
}

Deoptimization events (10 events):
Event: 9.852 Thread 0x000000001b178800 Uncommon trap: reason=unstable_if action=reinterpret pc=0x0000000003a809ec method=java.lang.ref.SoftReference.get()Ljava/lang/Object; @ 6
Event: 9.853 Thread 0x000000001b178800 Uncommon trap: reason=unstable_if action=reinterpret pc=0x00000000033a9f0c method=java.lang.ref.SoftReference.get()Ljava/lang/Object; @ 6
Event: 9.946 Thread 0x000000001b178800 Uncommon trap: reason=unstable_if action=reinterpret pc=0x0000000003ab84f8 method=java.lang.ref.SoftReference.get()Ljava/lang/Object; @ 6
Event: 9.948 Thread 0x000000001b178800 Uncommon trap: reason=unstable_if action=reinterpret pc=0x0000000002b79058 method=java.lang.ref.SoftReference.get()Ljava/lang/Object; @ 6
Event: 9.948 Thread 0x000000001b178800 Uncommon trap: reason=unstable_if action=reinterpret pc=0x00000000031e71ac method=java.lang.ref.SoftReference.get()Ljava/lang/Object; @ 6
Event: 9.948 Thread 0x000000001b178800 Uncommon trap: reason=unstable_if action=reinterpret pc=0x00000000031946b4 method=java.lang.ref.SoftReference.get()Ljava/lang/Object; @ 6
Event: 9.975 Thread 0x000000001b178800 Uncommon trap: reason=class_check action=maybe_recompile pc=0x0000000002e26dd0 method=org.gradle.internal.logging.text.AbstractLineChoppingStyledTextOutput$StateContext.flushLineText()V @ 110
Event: 9.975 Thread 0x000000001b178800 Uncommon trap: reason=class_check action=maybe_recompile pc=0x0000000002e26dd0 method=org.gradle.internal.logging.text.AbstractLineChoppingStyledTextOutput$StateContext.flushLineText()V @ 110
Event: 9.977 Thread 0x000000001b178800 Uncommon trap: reason=class_check action=maybe_recompile pc=0x0000000002e26dd0 method=org.gradle.internal.logging.text.AbstractLineChoppingStyledTextOutput$StateContext.flushLineText()V @ 110
Event: 9.977 Thread 0x000000001b178800 Uncommon trap: reason=class_check action=maybe_recompile pc=0x0000000002e26dd0 method=org.gradle.internal.logging.text.AbstractLineChoppingStyledTextOutput$StateContext.flushLineText()V @ 110

Classes redefined (0 events):
No events

Internal exceptions (10 events):
Event: 9.407 Thread 0x000000001b178800 Exception <a 'java/lang/ClassNotFoundException': org/gradle/api/plugins/JavaPluginConventionBeanInfo> (0x00000000d7220998) thrown at [C:\src\AOSP-openjdk-git\hotspot\src\share\vm\classfile\systemDictionary.cpp, line 210]
Event: 9.409 Thread 0x000000001b178800 Exception <a 'java/lang/ClassNotFoundException': org/gradle/api/plugins/JavaPluginConventionCustomizer> (0x00000000d726db18) thrown at [C:\src\AOSP-openjdk-git\hotspot\src\share\vm\classfile\systemDictionary.cpp, line 210]
Event: 9.411 Thread 0x000000001b178800 Exception <a 'java/lang/ClassNotFoundException': org/gradle/api/plugins/internal/DefaultJavaPluginConventionCustomizer> (0x00000000d72e7320) thrown at [C:\src\AOSP-openjdk-git\hotspot\src\share\vm\classfile\systemDictionary.cpp, line 210]
Event: 9.847 Thread 0x000000001b178800 Exception <a 'java/lang/OutOfMemoryError'> (0x000000008048a898) thrown at [C:\src\AOSP-openjdk-git\hotspot\src\share\vm\memory\metaspace.cpp, line 3652]
Event: 9.848 Thread 0x000000001b178800 Exception <a 'java/lang/OutOfMemoryError'> (0x000000008048a898) thrown at [C:\src\AOSP-openjdk-git\hotspot\src\share\vm\prims\jvm.cpp, line 1506]
Event: 9.852 Thread 0x000000001b178800 Implicit null exception at 0x0000000003a7f59f to 0x0000000003a809d5
Event: 9.853 Thread 0x000000001b178800 Implicit null exception at 0x00000000033a5b03 to 0x00000000033a9ec6
Event: 9.946 Thread 0x000000001b178800 Implicit null exception at 0x0000000003ab7d01 to 0x0000000003ab84d9
Event: 9.948 Thread 0x000000001b178800 Implicit null exception at 0x0000000002b78e1d to 0x0000000002b7903d
Event: 9.948 Thread 0x000000001b178800 Implicit null exception at 0x00000000031e7091 to 0x00000000031e7191

Events (10 events):
Event: 9.983 loading class com/google/common/collect/ImmutableRangeSet$ComplementRanges
Event: 9.983 loading class com/google/common/collect/ImmutableRangeSet$ComplementRanges done
Event: 9.984 loading class com/google/common/collect/ImmutableSortedSet
Event: 9.984 loading class com/google/common/collect/ImmutableSortedSet done
Event: 9.990 loading class com/google/common/collect/SortedIterable
Event: 9.990 loading class com/google/common/collect/SortedIterable done
Event: 9.991 loading class com/google/common/collect/ImmutableSortedSetFauxverideShim
Event: 9.991 loading class com/google/common/collect/ImmutableSortedSetFauxverideShim done
Event: 9.991 loading class com/google/common/collect/ImmutableRangeSet$AsSet
Event: 9.991 loading class com/google/common/collect/ImmutableRangeSet$AsSet done


Dynamic libraries:
0x00007ff725200000 - 0x00007ff725231000 	C:\Program Files\Android\Android Studio\jre\bin\java.exe
0x00007ffe4bc40000 - 0x00007ffe4be21000 	C:\Windows\SYSTEM32\ntdll.dll
0x00007ffe4b5b0000 - 0x00007ffe4b662000 	C:\Windows\System32\KERNEL32.DLL
0x00007ffe48850000 - 0x00007ffe48ac3000 	C:\Windows\System32\KERNELBASE.dll
0x00007ffe4b670000 - 0x00007ffe4b711000 	C:\Windows\System32\ADVAPI32.dll
0x00007ffe4b730000 - 0x00007ffe4b7ce000 	C:\Windows\System32\msvcrt.dll
0x00007ffe4b2c0000 - 0x00007ffe4b31b000 	C:\Windows\System32\sechost.dll
0x00007ffe4bae0000 - 0x00007ffe4bc04000 	C:\Windows\System32\RPCRT4.dll
0x00007ffe4b0d0000 - 0x00007ffe4b260000 	C:\Windows\System32\USER32.dll
0x00007ffe48f10000 - 0x00007ffe48f30000 	C:\Windows\System32\win32u.dll
0x00007ffe4b580000 - 0x00007ffe4b5a8000 	C:\Windows\System32\GDI32.dll
0x00007ffe48f30000 - 0x00007ffe490c2000 	C:\Windows\System32\gdi32full.dll
0x00007ffe48e20000 - 0x00007ffe48ebf000 	C:\Windows\System32\msvcp_win.dll
0x00007ffe48d20000 - 0x00007ffe48e1a000 	C:\Windows\System32\ucrtbase.dll
0x00007ffe38ac0000 - 0x00007ffe38d29000 	C:\Windows\WinSxS\amd64_microsoft.windows.common-controls_6595b64144ccf1df_6.0.17134.112_none_fb3f961b30681c12\COMCTL32.dll
0x00007ffe4a6d0000 - 0x00007ffe4a9f3000 	C:\Windows\System32\combase.dll
0x00007ffe48010000 - 0x00007ffe4808a000 	C:\Windows\System32\bcryptPrimitives.dll
0x00007ffe491b0000 - 0x00007ffe491dd000 	C:\Windows\System32\IMM32.DLL
0x000000005f950000 - 0x000000005fa22000 	C:\Program Files\Android\Android Studio\jre\jre\bin\msvcr100.dll
0x000000005fa30000 - 0x000000006027b000 	C:\Program Files\Android\Android Studio\jre\jre\bin\server\jvm.dll
0x00007ffe4b720000 - 0x00007ffe4b728000 	C:\Windows\System32\PSAPI.DLL
0x00007ffe435b0000 - 0x00007ffe435d3000 	C:\Windows\SYSTEM32\WINMM.dll
0x00007ffe35090000 - 0x00007ffe3509a000 	C:\Windows\SYSTEM32\VERSION.dll
0x00007ffe341c0000 - 0x00007ffe341c9000 	C:\Windows\SYSTEM32\WSOCK32.dll
0x00007ffe4ac00000 - 0x00007ffe4ac6c000 	C:\Windows\System32\WS2_32.dll
0x00007ffe43580000 - 0x00007ffe435aa000 	C:\Windows\SYSTEM32\winmmbase.dll
0x00007ffe48ec0000 - 0x00007ffe48f09000 	C:\Windows\System32\cfgmgr32.dll
0x00007ffe444e0000 - 0x00007ffe444ef000 	C:\Program Files\Android\Android Studio\jre\jre\bin\verify.dll
0x00007ffe42530000 - 0x00007ffe42559000 	C:\Program Files\Android\Android Studio\jre\jre\bin\java.dll
0x00007ffe42dd0000 - 0x00007ffe42de6000 	C:\Program Files\Android\Android Studio\jre\jre\bin\zip.dll
0x00007ffe491e0000 - 0x00007ffe4a620000 	C:\Windows\System32\SHELL32.dll
0x00007ffe4a620000 - 0x00007ffe4a6c9000 	C:\Windows\System32\shcore.dll
0x00007ffe48140000 - 0x00007ffe4884d000 	C:\Windows\System32\windows.storage.dll
0x00007ffe4b520000 - 0x00007ffe4b571000 	C:\Windows\System32\shlwapi.dll
0x00007ffe47fa0000 - 0x00007ffe47fb1000 	C:\Windows\System32\kernel.appcore.dll
0x00007ffe47f60000 - 0x00007ffe47f7f000 	C:\Windows\System32\profapi.dll
0x00007ffe47fc0000 - 0x00007ffe4800c000 	C:\Windows\System32\powrprof.dll
0x00007ffe47f50000 - 0x00007ffe47f5a000 	C:\Windows\System32\FLTLIB.DLL
0x00007ffe42470000 - 0x00007ffe4248a000 	C:\Program Files\Android\Android Studio\jre\jre\bin\net.dll
0x00007ffe477d0000 - 0x00007ffe47836000 	C:\Windows\system32\mswsock.dll
0x00007ffe42370000 - 0x00007ffe42383000 	C:\Program Files\Android\Android Studio\jre\jre\bin\nio.dll
0x00007ffe395c0000 - 0x00007ffe395e7000 	C:\Users\user\.gradle\native\f6784746aeab05261644944871eae4fe03e0ef1612fff0a4a95f87b438bc6780\windows-amd64\native-platform.dll
0x00007ffe424a0000 - 0x00007ffe424ad000 	C:\Program Files\Android\Android Studio\jre\jre\bin\management.dll
0x00007ffe47980000 - 0x00007ffe47997000 	C:\Windows\SYSTEM32\CRYPTSP.dll
0x00007ffe473b0000 - 0x00007ffe473e3000 	C:\Windows\system32\rsaenh.dll
0x00007ffe47ab0000 - 0x00007ffe47ad5000 	C:\Windows\SYSTEM32\bcrypt.dll
0x00007ffe47e50000 - 0x00007ffe47e78000 	C:\Windows\SYSTEM32\USERENV.dll
0x00007ffe479a0000 - 0x00007ffe479ab000 	C:\Windows\SYSTEM32\CRYPTBASE.dll
0x00007ffe47550000 - 0x00007ffe47588000 	C:\Windows\SYSTEM32\IPHLPAPI.DLL
0x00007ffe4b0c0000 - 0x00007ffe4b0c8000 	C:\Windows\System32\NSI.dll
0x00007ffe3d0e0000 - 0x00007ffe3d0f6000 	C:\Windows\SYSTEM32\dhcpcsvc6.DLL
0x00007ffe3f0d0000 - 0x00007ffe3f0ea000 	C:\Windows\SYSTEM32\dhcpcsvc.DLL
0x00007ffe3f060000 - 0x00007ffe3f06b000 	C:\Windows\SYSTEM32\WINNSI.DLL

VM Arguments:
jvm_args: -Xmx2048m -Dfile.encoding=UTF-8 -Duser.country=US -Duser.language=en -Duser.variant 
java_command: org.gradle.launcher.daemon.bootstrap.GradleDaemon 6.5
java_class_path (initial): C:\Users\user\.gradle\wrapper\dists\gradle-6.5-bin\6nifqtx7604sqp1q6g8wikw7p\gradle-6.5\lib\gradle-launcher-6.5.jar
Launcher Type: SUN_STANDARD

Environment Variables:
PATH=C:\Program Files (x86)\Common Files\Oracle\Java\javapath;C:\ProgramData\Oracle\Java\javapath;C:\Windows\system32;C:\Windows;C:\Windows\System32\Wbem;C:\Windows\System32\WindowsPowerShell\v1.0\;C:\Windows\System32\OpenSSH\;C:\Program Files\Microsoft\Web Platform Installer\;C:\Program Files (x86)\Microsoft ASP.NET\ASP.NET Web Pages\v1.0\;C:\Program Files\Microsoft SQL Server\110\Tools\Binn\;c:\Program Files (x86)\Microsoft SQL Server\100\Tools\Binn\;c:\Program Files\Microsoft SQL Server\100\Tools\Binn\;c:\Program Files\Microsoft SQL Server\100\DTS\Binn\;C:\Program Files\Java\jre1.8.0_271\bin;C:\Program Files\Git\cmd;C:\Program Files\nodejs\;C:\Users\user\AppData\Local\Programs\Python\Python38\Scripts\;C:\Users\user\AppData\Local\Programs\Python\Python38\;C:\Users\user\AppData\Local\Microsoft\WindowsApps;C:\Program Files\JetBrains\PyCharm Community Edition 2019.2.5\bin;C:\source\flutter\flutter\bin;C:\Program Files\heroku\bin;C:\Program Files (x86)\Common Files\Java;C:\Users\user\IntelliJ IDEA Community Edition 2020.2.3\bin;C:\Users\user\AppData\Local\Programs\Microsoft VS Code\bin;C:\Users\user\AppData\Roaming\npm;C:\Users\user\AppData\Local\hyper\app-3.0.2\resources\bin;C:\MinGW\bin;
USERNAME=Osemudiamen-Itua
OS=Windows_NT
PROCESSOR_IDENTIFIER=Intel64 Family 6 Model 61 Stepping 4, GenuineIntel



---------------  S Y S T E M  ---------------

OS: Windows 10.0 , 64 bit Build 17134 (10.0.17134.1)

CPU:total 4 (initial active 4) (2 cores per cpu, 2 threads per core) family 6 model 61 stepping 4, cmov, cx8, fxsr, mmx, sse, sse2, sse3, ssse3, sse4.1, sse4.2, popcnt, avx, avx2, aes, clmul, erms, rtm, 3dnowpref, lzcnt, ht, tsc, tscinvbit, bmi1, bmi2, adx

Memory: 4k page, physical 8077532k(953740k free), swap 8077532k(3096k free)

vm_info: OpenJDK 64-Bit Server VM (25.242-b01) for windows-amd64 JRE (1.8.0_242-release-1644-b01), built by "builder" with MS VC++ 10.0 (VS2010)

time: Wed May 19 16:11:12 2021
timezone: W. Central Africa Standard Time
elapsed time: 10 seconds (0d 0h 0m 10s)

