#
# There is insufficient memory for the Java Runtime Environment to continue.
# Native memory allocation (malloc) failed to allocate 1563648 bytes for Chunk::new
# Possible reasons:
#   The system is out of physical RAM or swap space
#   The process is running with CompressedOops enabled, and the Java Heap may be blocking the growth of the native heap
# Possible solutions:
#   Reduce memory load on the system
#   Increase physical memory or swap space
#   Check if swap backing store is full
#   Decrease Java heap size (-Xmx/-Xms)
#   Decrease number of Java threads
#   Decrease Java thread stack sizes (-Xss)
#   Set larger code cache with -XX:ReservedCodeCacheSize=
#   JVM is running with Unscaled Compressed Oops mode in which the Java heap is
#     placed in the first 4GB address space. The Java Heap base address is the
#     maximum limit for the native heap growth. Please use -XX:HeapBaseMinAddress
#     to set the Java Heap base and to place the Java Heap above 4GB virtual address.
# This output file may be truncated or incomplete.
#
#  Out of Memory Error (allocation.cpp:389), pid=11048, tid=0x0000000000002740
#
# JRE version: OpenJDK Runtime Environment (8.0_242-b01) (build 1.8.0_242-release-1644-b01)
# Java VM: OpenJDK 64-Bit Server VM (25.242-b01 mixed mode windows-amd64 compressed oops)
# Failed to write core dump. Minidumps are not enabled by default on client versions of Windows
#

---------------  T H R E A D  ---------------

Current thread (0x0000000017777800):  JavaThread "C2 CompilerThread0" daemon [_thread_in_native, id=10048, stack(0x0000000018db0000,0x0000000018eb0000)]

Stack: [0x0000000018db0000,0x0000000018eb0000]
[error occurred during error reporting (printing stack bounds), id 0xc0000005]

Native frames: (J=compiled Java code, j=interpreted, Vv=VM code, C=native code)


Current CompileTask:
C2:  11258 5569       4       com.sun.beans.TypeResolver::resolve (37 bytes)


---------------  P R O C E S S  ---------------

Java Threads: ( => current thread )
  0x0000000020b54800 JavaThread "jar transforms Thread 113" [_thread_blocked, id=6784, stack(0x000000002b000000,0x000000002b100000)]
  0x0000000020b57800 JavaThread "jar transforms Thread 112" [_thread_blocked, id=1316, stack(0x000000002af00000,0x000000002b000000)]
  0x0000000020b55000 JavaThread "jar transforms Thread 111" [_thread_blocked, id=6176, stack(0x000000002ae00000,0x000000002af00000)]
  0x0000000020b53800 JavaThread "jar transforms Thread 110" [_thread_blocked, id=9936, stack(0x000000002ad00000,0x000000002ae00000)]
  0x0000000020b4b800 JavaThread "jar transforms Thread 109" [_thread_blocked, id=6676, stack(0x000000002ac00000,0x000000002ad00000)]
  0x0000000020b51800 JavaThread "jar transforms Thread 108" [_thread_blocked, id=10120, stack(0x000000002ab00000,0x000000002ac00000)]
  0x0000000020b50800 JavaThread "jar transforms Thread 107" [_thread_blocked, id=8748, stack(0x000000002aa00000,0x000000002ab00000)]
  0x0000000020b50000 JavaThread "jar transforms Thread 106" [_thread_blocked, id=1284, stack(0x000000002a900000,0x000000002aa00000)]
  0x0000000020b52000 JavaThread "jar transforms Thread 105" [_thread_blocked, id=7028, stack(0x000000002a800000,0x000000002a900000)]
  0x0000000020b4a000 JavaThread "jar transforms Thread 104" [_thread_blocked, id=9924, stack(0x000000002a700000,0x000000002a800000)]
  0x0000000020b4f000 JavaThread "jar transforms Thread 103" [_thread_blocked, id=8896, stack(0x000000002a600000,0x000000002a700000)]
  0x0000000020b4c000 JavaThread "jar transforms Thread 102" [_thread_blocked, id=12260, stack(0x000000002a500000,0x000000002a600000)]
  0x0000000020b4e800 JavaThread "jar transforms Thread 101" [_thread_blocked, id=7352, stack(0x000000002a400000,0x000000002a500000)]
  0x0000000020b4a800 JavaThread "jar transforms Thread 100" [_thread_blocked, id=7252, stack(0x000000002a300000,0x000000002a400000)]
  0x0000000020b4d800 JavaThread "jar transforms Thread 99" [_thread_blocked, id=7356, stack(0x000000002a200000,0x000000002a300000)]
  0x0000000020b4d000 JavaThread "jar transforms Thread 98" [_thread_blocked, id=6260, stack(0x000000002a100000,0x000000002a200000)]
  0x0000000020ddb000 JavaThread "jar transforms Thread 97" [_thread_blocked, id=9716, stack(0x000000002a000000,0x000000002a100000)]
  0x0000000020dd9000 JavaThread "jar transforms Thread 96" [_thread_blocked, id=11404, stack(0x0000000029f00000,0x000000002a000000)]
  0x0000000020dd8000 JavaThread "jar transforms Thread 95" [_thread_blocked, id=4952, stack(0x0000000029e00000,0x0000000029f00000)]
  0x0000000020ddc800 JavaThread "jar transforms Thread 94" [_thread_blocked, id=10868, stack(0x0000000029d00000,0x0000000029e00000)]
  0x0000000020dda800 JavaThread "jar transforms Thread 93" [_thread_blocked, id=7728, stack(0x0000000029c00000,0x0000000029d00000)]
  0x0000000020dd9800 JavaThread "jar transforms Thread 92" [_thread_blocked, id=10296, stack(0x0000000029b00000,0x0000000029c00000)]
  0x0000000020ddc000 JavaThread "jar transforms Thread 91" [_thread_blocked, id=9304, stack(0x0000000029a00000,0x0000000029b00000)]
  0x0000000020ddd800 JavaThread "jar transforms Thread 90" [_thread_blocked, id=7688, stack(0x0000000029900000,0x0000000029a00000)]
  0x0000000020dd0800 JavaThread "jar transforms Thread 89" [_thread_blocked, id=11928, stack(0x0000000029800000,0x0000000029900000)]
  0x0000000020dd1800 JavaThread "jar transforms Thread 88" [_thread_blocked, id=7628, stack(0x0000000029700000,0x0000000029800000)]
  0x0000000020dd7800 JavaThread "jar transforms Thread 87" [_thread_blocked, id=11168, stack(0x0000000029600000,0x0000000029700000)]
  0x0000000020dd2000 JavaThread "jar transforms Thread 86" [_thread_blocked, id=104, stack(0x0000000029500000,0x0000000029600000)]
  0x0000000020dd6800 JavaThread "jar transforms Thread 85" [_thread_blocked, id=7148, stack(0x0000000029400000,0x0000000029500000)]
  0x0000000020dd4800 JavaThread "jar transforms Thread 84" [_thread_blocked, id=2340, stack(0x0000000029300000,0x0000000029400000)]
  0x0000000020dd3800 JavaThread "jar transforms Thread 83" [_thread_blocked, id=736, stack(0x0000000029200000,0x0000000029300000)]
  0x0000000020dd6000 JavaThread "jar transforms Thread 82" [_thread_blocked, id=5324, stack(0x0000000029100000,0x0000000029200000)]
  0x0000000020dd0000 JavaThread "jar transforms Thread 81" [_thread_blocked, id=4696, stack(0x0000000029000000,0x0000000029100000)]
  0x0000000020dcf000 JavaThread "jar transforms Thread 80" [_thread_blocked, id=11824, stack(0x0000000028f00000,0x0000000029000000)]
  0x0000000020dce800 JavaThread "jar transforms Thread 79" [_thread_blocked, id=9312, stack(0x0000000028e00000,0x0000000028f00000)]
  0x0000000020dd3000 JavaThread "jar transforms Thread 78" [_thread_blocked, id=7556, stack(0x0000000028d00000,0x0000000028e00000)]
  0x0000000020dd5000 JavaThread "jar transforms Thread 77" [_thread_blocked, id=1920, stack(0x0000000028c00000,0x0000000028d00000)]
  0x00000000244da000 JavaThread "jar transforms Thread 76" [_thread_blocked, id=12272, stack(0x0000000028b00000,0x0000000028c00000)]
  0x00000000244d9000 JavaThread "jar transforms Thread 75" [_thread_blocked, id=12280, stack(0x0000000028a00000,0x0000000028b00000)]
  0x00000000244d8800 JavaThread "jar transforms Thread 74" [_thread_blocked, id=4216, stack(0x0000000028900000,0x0000000028a00000)]
  0x00000000244d7800 JavaThread "jar transforms Thread 73" [_thread_blocked, id=10144, stack(0x0000000028800000,0x0000000028900000)]
  0x00000000244d7000 JavaThread "jar transforms Thread 72" [_thread_blocked, id=10264, stack(0x0000000028700000,0x0000000028800000)]
  0x00000000244d5800 JavaThread "jar transforms Thread 71" [_thread_blocked, id=2708, stack(0x0000000028600000,0x0000000028700000)]
  0x00000000244d4800 JavaThread "jar transforms Thread 70" [_thread_blocked, id=4752, stack(0x0000000028500000,0x0000000028600000)]
  0x00000000244d6000 JavaThread "jar transforms Thread 69" [_thread_blocked, id=12116, stack(0x0000000028400000,0x0000000028500000)]
  0x00000000244cd000 JavaThread "jar transforms Thread 68" [_thread_blocked, id=7396, stack(0x0000000028300000,0x0000000028400000)]
  0x00000000244d4000 JavaThread "jar transforms Thread 67" [_thread_blocked, id=1692, stack(0x0000000028200000,0x0000000028300000)]
  0x00000000244cc800 JavaThread "jar transforms Thread 66" [_thread_blocked, id=11120, stack(0x0000000028100000,0x0000000028200000)]
  0x00000000244d3000 JavaThread "jar transforms Thread 65" [_thread_blocked, id=664, stack(0x0000000028000000,0x0000000028100000)]
  0x00000000244d2800 JavaThread "jar transforms Thread 64" [_thread_blocked, id=11152, stack(0x0000000027f00000,0x0000000028000000)]
  0x00000000244d1000 JavaThread "jar transforms Thread 63" [_thread_blocked, id=8732, stack(0x0000000027e00000,0x0000000027f00000)]
  0x00000000244d0000 JavaThread "jar transforms Thread 62" [_thread_blocked, id=10032, stack(0x0000000027d00000,0x0000000027e00000)]
  0x00000000244cb800 JavaThread "jar transforms Thread 61" [_thread_blocked, id=11744, stack(0x0000000027c00000,0x0000000027d00000)]
  0x00000000244cf800 JavaThread "jar transforms Thread 60" [_thread_blocked, id=11428, stack(0x0000000027b00000,0x0000000027c00000)]
  0x00000000244ce800 JavaThread "jar transforms Thread 59" [_thread_blocked, id=11008, stack(0x0000000027a00000,0x0000000027b00000)]
  0x00000000244d1800 JavaThread "jar transforms Thread 58" [_thread_blocked, id=3256, stack(0x0000000027900000,0x0000000027a00000)]
  0x00000000244ce000 JavaThread "jar transforms Thread 57" [_thread_blocked, id=3296, stack(0x0000000027800000,0x0000000027900000)]
  0x00000000244cb000 JavaThread "jar transforms Thread 56" [_thread_blocked, id=12196, stack(0x0000000027700000,0x0000000027800000)]
  0x0000000020e12000 JavaThread "jar transforms Thread 55" [_thread_blocked, id=5732, stack(0x0000000027600000,0x0000000027700000)]
  0x0000000020e13800 JavaThread "jar transforms Thread 54" [_thread_blocked, id=3848, stack(0x0000000027500000,0x0000000027600000)]
  0x0000000020e10800 JavaThread "jar transforms Thread 53" [_thread_blocked, id=11788, stack(0x0000000027400000,0x0000000027500000)]
  0x0000000020e0e800 JavaThread "jar transforms Thread 52" [_thread_blocked, id=11628, stack(0x0000000027300000,0x0000000027400000)]
  0x0000000020e11800 JavaThread "jar transforms Thread 51" [_thread_blocked, id=2432, stack(0x0000000027200000,0x0000000027300000)]
  0x0000000020e13000 JavaThread "jar transforms Thread 50" [_thread_blocked, id=9192, stack(0x0000000027100000,0x0000000027200000)]
  0x0000000020e0f000 JavaThread "jar transforms Thread 49" [_thread_blocked, id=624, stack(0x0000000027000000,0x0000000027100000)]
  0x0000000020e10000 JavaThread "jar transforms Thread 48" [_thread_blocked, id=1456, stack(0x0000000026f00000,0x0000000027000000)]
  0x0000000020e0d800 JavaThread "jar transforms Thread 47" [_thread_blocked, id=11408, stack(0x0000000026e00000,0x0000000026f00000)]
  0x0000000020e06000 JavaThread "jar transforms Thread 46" [_thread_blocked, id=6912, stack(0x0000000026d00000,0x0000000026e00000)]
  0x0000000020e0d000 JavaThread "jar transforms Thread 45" [_thread_blocked, id=5316, stack(0x0000000026c00000,0x0000000026d00000)]
  0x0000000020e0c000 JavaThread "jar transforms Thread 44" [_thread_blocked, id=11388, stack(0x0000000026b00000,0x0000000026c00000)]
  0x0000000020e07000 JavaThread "jar transforms Thread 43" [_thread_blocked, id=11696, stack(0x0000000026a00000,0x0000000026b00000)]
  0x0000000020e0a000 JavaThread "jar transforms Thread 42" [_thread_blocked, id=11956, stack(0x0000000026900000,0x0000000026a00000)]
  0x0000000020e05800 JavaThread "jar transforms Thread 41" [_thread_blocked, id=9168, stack(0x0000000026800000,0x0000000026900000)]
  0x0000000020e04800 JavaThread "jar transforms Thread 40" [_thread_blocked, id=8636, stack(0x0000000026700000,0x0000000026800000)]
  0x0000000020e09000 JavaThread "jar transforms Thread 39" [_thread_blocked, id=11196, stack(0x0000000026600000,0x0000000026700000)]
  0x0000000020e08800 JavaThread "jar transforms Thread 38" [_thread_blocked, id=7760, stack(0x0000000026500000,0x0000000026600000)]
  0x0000000020e07800 JavaThread "jar transforms Thread 37" [_thread_blocked, id=4768, stack(0x0000000026400000,0x0000000026500000)]
  0x0000000020e0b800 JavaThread "jar transforms Thread 36" [_thread_blocked, id=6956, stack(0x0000000026300000,0x0000000026400000)]
  0x0000000020e0a800 JavaThread "jar transforms Thread 35" [_thread_blocked, id=4004, stack(0x0000000026200000,0x0000000026300000)]
  0x000000001e8c8000 JavaThread "jar transforms Thread 34" [_thread_blocked, id=2252, stack(0x0000000026100000,0x0000000026200000)]
  0x000000001e8c7000 JavaThread "jar transforms Thread 33" [_thread_blocked, id=6364, stack(0x0000000026000000,0x0000000026100000)]
  0x000000001e8c5000 JavaThread "jar transforms Thread 32" [_thread_blocked, id=11980, stack(0x0000000025f00000,0x0000000026000000)]
  0x000000001e8c4000 JavaThread "jar transforms Thread 31" [_thread_blocked, id=9332, stack(0x0000000025e00000,0x0000000025f00000)]
  0x000000001e8c3000 JavaThread "jar transforms Thread 30" [_thread_blocked, id=10092, stack(0x0000000025d00000,0x0000000025e00000)]
  0x000000001e8c5800 JavaThread "jar transforms Thread 29" [_thread_blocked, id=5308, stack(0x0000000025c00000,0x0000000025d00000)]
  0x000000001e8c2800 JavaThread "jar transforms Thread 28" [_thread_blocked, id=11972, stack(0x0000000025b00000,0x0000000025c00000)]
  0x000000001e8c6800 JavaThread "jar transforms Thread 27" [_thread_blocked, id=6248, stack(0x0000000025a00000,0x0000000025b00000)]
  0x000000001e8bb000 JavaThread "jar transforms Thread 26" [_thread_blocked, id=7184, stack(0x0000000025900000,0x0000000025a00000)]
  0x000000001e8c1800 JavaThread "Build operations Thread 4" [_thread_blocked, id=10196, stack(0x0000000025800000,0x0000000025900000)]
  0x000000001e8ba000 JavaThread "Build operations Thread 3" [_thread_blocked, id=11328, stack(0x0000000025700000,0x0000000025800000)]
  0x000000001e8c1000 JavaThread "Build operations Thread 2" [_thread_blocked, id=10024, stack(0x0000000025600000,0x0000000025700000)]
  0x000000001e8b9800 JavaThread "Build operations" [_thread_blocked, id=2628, stack(0x0000000024260000,0x0000000024360000)]
  0x000000001e8c0000 JavaThread "Cache worker for Build Output Cleanup Cache (C:\Users\user\AndroidStudioProjects\ContactList\.gradle\buildOutputCleanup)" [_thread_blocked, id=9588, stack(0x0000000024160000,0x0000000024260000)]
  0x000000001e8be800 JavaThread "Cache worker for file content cache (C:\Users\user\.gradle\caches\6.5\fileContent)" [_thread_blocked, id=6424, stack(0x0000000023660000,0x0000000023760000)]
  0x000000001e8be000 JavaThread "Cache worker for execution history cache (C:\Users\user\.gradle\caches\6.5\executionHistory)" [_thread_blocked, id=604, stack(0x0000000023160000,0x0000000023260000)]
  0x000000001eda9000 JavaThread "Cache worker for cache directory md-rule (C:\Users\user\.gradle\caches\6.5\md-rule)" [_thread_blocked, id=3980, stack(0x0000000023060000,0x0000000023160000)]
  0x000000001eda7800 JavaThread "Cache worker for cache directory md-supplier (C:\Users\user\.gradle\caches\6.5\md-supplier)" [_thread_blocked, id=7060, stack(0x0000000022f60000,0x0000000023060000)]
  0x000000001eda7000 JavaThread "Cache worker for checksums cache (C:\Users\user\AndroidStudioProjects\ContactList\.gradle\checksums)" [_thread_blocked, id=6160, stack(0x0000000022e60000,0x0000000022f60000)]
  0x000000001eda8800 JavaThread "jar transforms Thread 25" [_thread_blocked, id=9780, stack(0x0000000022d60000,0x0000000022e60000)]
  0x000000001ed9f000 JavaThread "jar transforms Thread 24" [_thread_blocked, id=7544, stack(0x0000000022c60000,0x0000000022d60000)]
  0x000000001eda6000 JavaThread "jar transforms Thread 23" [_thread_blocked, id=10668, stack(0x0000000022b60000,0x0000000022c60000)]
  0x000000001eda5000 JavaThread "jar transforms Thread 22" [_thread_blocked, id=3028, stack(0x0000000022a60000,0x0000000022b60000)]
  0x000000001ed9d800 JavaThread "jar transforms Thread 21" [_thread_blocked, id=12028, stack(0x0000000022960000,0x0000000022a60000)]
  0x000000001eda1800 JavaThread "jar transforms Thread 20" [_thread_blocked, id=7868, stack(0x0000000022860000,0x0000000022960000)]
  0x000000001eda4800 JavaThread "jar transforms Thread 19" [_thread_blocked, id=3176, stack(0x0000000022760000,0x0000000022860000)]
  0x000000001eda3800 JavaThread "jar transforms Thread 18" [_thread_blocked, id=9160, stack(0x0000000022660000,0x0000000022760000)]
  0x000000001ed9c000 JavaThread "jar transforms Thread 17" [_thread_blocked, id=6812, stack(0x0000000022560000,0x0000000022660000)]
  0x000000001eda3000 JavaThread "jar transforms Thread 16" [_thread_blocked, id=11912, stack(0x0000000022460000,0x0000000022560000)]
  0x000000001ed9b800 JavaThread "jar transforms Thread 15" [_thread_blocked, id=9112, stack(0x0000000022360000,0x0000000022460000)]
  0x000000001eda2000 JavaThread "jar transforms Thread 14" [_thread_blocked, id=2972, stack(0x0000000022260000,0x0000000022360000)]
  0x000000001ed9a800 JavaThread "jar transforms Thread 13" [_thread_blocked, id=7980, stack(0x0000000022160000,0x0000000022260000)]
  0x000000001ed9a000 JavaThread "jar transforms Thread 12" [_thread_blocked, id=9984, stack(0x0000000022060000,0x0000000022160000)]
  0x000000001eda0800 JavaThread "jar transforms Thread 11" [_thread_blocked, id=11868, stack(0x0000000021f60000,0x0000000022060000)]
  0x000000001eda0000 JavaThread "jar transforms Thread 10" [_thread_blocked, id=11904, stack(0x0000000021e60000,0x0000000021f60000)]
  0x000000001ed9d000 JavaThread "jar transforms Thread 9" [_thread_blocked, id=748, stack(0x0000000021d60000,0x0000000021e60000)]
  0x000000001ed9e800 JavaThread "jar transforms Thread 8" [_thread_blocked, id=1564, stack(0x0000000021c60000,0x0000000021d60000)]
  0x000000001b482000 JavaThread "jar transforms Thread 7" [_thread_blocked, id=11464, stack(0x0000000021b60000,0x0000000021c60000)]
  0x000000001b481000 JavaThread "jar transforms Thread 6" [_thread_blocked, id=5548, stack(0x0000000021a60000,0x0000000021b60000)]
  0x000000001b480800 JavaThread "jar transforms Thread 5" [_thread_blocked, id=11180, stack(0x0000000021960000,0x0000000021a60000)]
  0x000000001b47e800 JavaThread "jar transforms Thread 4" [_thread_blocked, id=7416, stack(0x0000000021860000,0x0000000021960000)]
  0x000000001b485800 JavaThread "jar transforms Thread 3" [_thread_blocked, id=11748, stack(0x0000000021760000,0x0000000021860000)]
  0x000000001b47f800 JavaThread "jar transforms Thread 2" [_thread_blocked, id=11800, stack(0x0000000021660000,0x0000000021760000)]
  0x000000001b485000 JavaThread "jar transforms" [_thread_blocked, id=8756, stack(0x00000000211e0000,0x00000000212e0000)]
  0x000000001b483800 JavaThread "Cache worker for file hash cache (C:\Users\user\AndroidStudioProjects\ContactList\.gradle\6.5\fileHashes)" [_thread_blocked, id=11552, stack(0x000000001fd20000,0x000000001fe20000)]
  0x000000001b484000 JavaThread "Cache worker for file hash cache (C:\Users\user\.gradle\caches\6.5\fileHashes)" [_thread_blocked, id=1472, stack(0x000000001d7d0000,0x000000001d8d0000)]
  0x000000001b482800 JavaThread "File lock request listener" [_thread_in_native, id=10072, stack(0x000000001d6d0000,0x000000001d7d0000)]
  0x000000001b293800 JavaThread "Cache worker for journal cache (C:\Users\user\.gradle\caches\journal-1)" [_thread_blocked, id=7608, stack(0x000000001d4d0000,0x000000001d5d0000)]
  0x000000001b29b800 JavaThread "Thread-9" [_thread_blocked, id=2688, stack(0x000000001d1d0000,0x000000001d2d0000)]
  0x000000001a0f2800 JavaThread "Stdin handler" [_thread_blocked, id=11024, stack(0x000000001d0d0000,0x000000001d1d0000)]
  0x000000001a0f1800 JavaThread "Asynchronous log dispatcher for DefaultDaemonConnection: socket connection from /127.0.0.1:53681 to /127.0.0.1:53682" [_thread_blocked, id=7792, stack(0x000000001cfd0000,0x000000001d0d0000)]
  0x0000000019fb6000 JavaThread "Daemon worker" [_thread_in_Java, id=3488, stack(0x000000001ced0000,0x000000001cfd0000)]
  0x0000000019fb5000 JavaThread "Cancel handler" [_thread_blocked, id=10580, stack(0x000000001cdd0000,0x000000001ced0000)]
  0x000000001993e800 JavaThread "Handler for socket connection from /127.0.0.1:53681 to /127.0.0.1:53682" [_thread_in_native, id=11668, stack(0x000000001ccd0000,0x000000001cdd0000)]
  0x000000001b243000 JavaThread "Daemon" [_thread_blocked, id=11064, stack(0x000000001c9d0000,0x000000001cad0000)]
  0x000000001b232800 JavaThread "Daemon periodic checks" [_thread_blocked, id=12020, stack(0x000000001c8d0000,0x000000001c9d0000)]
  0x000000001b21f800 JavaThread "Incoming local TCP Connector on port 53681" [_thread_in_native, id=6732, stack(0x000000001c690000,0x000000001c790000)]
  0x000000001aeb3000 JavaThread "Daemon health stats" [_thread_blocked, id=3264, stack(0x000000001c050000,0x000000001c150000)]
  0x00000000190d8800 JavaThread "Service Thread" daemon [_thread_blocked, id=3096, stack(0x00000000194b0000,0x00000000195b0000)]
  0x0000000017783000 JavaThread "C1 CompilerThread2" daemon [_thread_blocked, id=10236, stack(0x0000000018fb0000,0x00000000190b0000)]
  0x000000001777b000 JavaThread "C2 CompilerThread1" daemon [_thread_in_native, id=10160, stack(0x0000000018eb0000,0x0000000018fb0000)]
=>0x0000000017777800 JavaThread "C2 CompilerThread0" daemon [_thread_in_native, id=10048, stack(0x0000000018db0000,0x0000000018eb0000)]
  0x0000000017775000 JavaThread "Attach Listener" daemon [_thread_blocked, id=12200, stack(0x0000000018cb0000,0x0000000018db0000)]
  0x0000000017772000 JavaThread "Signal Dispatcher" daemon [_thread_blocked, id=4964, stack(0x0000000018bb0000,0x0000000018cb0000)]
  0x0000000002b4b800 JavaThread "Finalizer" daemon [_thread_blocked, id=5748, stack(0x00000000189c0000,0x0000000018ac0000)]
  0x0000000017759000 JavaThread "Reference Handler" daemon [_thread_blocked, id=10644, stack(0x00000000188c0000,0x00000000189c0000)]
  0x00000000028fe000 JavaThread "main" [_thread_blocked, id=4508, stack(0x0000000002900000,0x0000000002a00000)]

Other Threads:
  0x0000000017736800 VMThread [stack: 0x00000000187c0000,0x00000000188c0000] [id=3524]
  0x00000000190d9000 WatcherThread [stack: 0x00000000195b0000,0x00000000196b0000] [id=11004]

VM state:not at safepoint (normal execution)

VM Mutex/Monitor currently owned by a thread: None

heap address: 0x0000000080000000, size: 2048 MB, Compressed Oops mode: 32-bit
Narrow klass base: 0x0000000000000000, Narrow klass shift: 3
Compressed class space size: 1073741824 Address: 0x0000000100000000

Heap:
 PSYoungGen      total 292352K, used 69676K [0x00000000d5580000, 0x00000000e9080000, 0x0000000100000000)
  eden space 275456K, 25% used [0x00000000d5580000,0x00000000d998b3b0,0x00000000e6280000)
  from space 16896K, 0% used [0x00000000e7900000,0x00000000e7900000,0x00000000e8980000)
  to   space 23040K, 0% used [0x00000000e6280000,0x00000000e6280000,0x00000000e7900000)
 ParOldGen       total 126464K, used 39826K [0x0000000080000000, 0x0000000087b80000, 0x00000000d5580000)
  object space 126464K, 31% used [0x0000000080000000,0x00000000826e4a30,0x0000000087b80000)
 Metaspace       used 60969K, capacity 63532K, committed 63704K, reserved 1103872K
  class space    used 8145K, capacity 8661K, committed 8704K, reserved 1048576K

Card table byte_map: [0x0000000011f10000,0x0000000012320000] byte_map_base: 0x0000000011b10000

Marking Bits: (ParMarkBitMap*) 0x00000000601ff030
 Begin Bits: [0x00000000129d0000, 0x00000000149d0000)
 End Bits:   [0x00000000149d0000, 0x00000000169d0000)

Polling page: 0x0000000000bc0000

CodeCache: size=245760Kb used=17843Kb max_used=17843Kb free=227916Kb
 bounds [0x0000000002b50000, 0x0000000003cd0000, 0x0000000011b50000]
 total_blobs=6054 nmethods=5259 adapters=708
 compilation: enabled

Compilation events (10 events):
Event: 11.251 Thread 0x0000000017783000 5803       3       com.google.common.collect.Iterators$9::next (25 bytes)
Event: 11.251 Thread 0x0000000017783000 nmethod 5803 0x0000000003cc5490 code [0x0000000003cc5600, 0x0000000003cc5868]
Event: 11.252 Thread 0x0000000017783000 5804       3       java.util.LinkedHashMap$LinkedEntrySet::size (8 bytes)
Event: 11.253 Thread 0x0000000017783000 nmethod 5804 0x0000000003cc5950 code [0x0000000003cc5aa0, 0x0000000003cc5bf0]
Event: 11.253 Thread 0x0000000017783000 5805       3       com.google.common.collect.ImmutableMap$Builder::sortEntries (156 bytes)
Event: 11.254 Thread 0x0000000017783000 nmethod 5805 0x0000000003cc5c90 code [0x0000000003cc5f40, 0x0000000003cc7458]
Event: 11.254 Thread 0x0000000017783000 5806       3       com.google.common.collect.ImmutableMap$Builder::build (21 bytes)
Event: 11.254 Thread 0x0000000017783000 nmethod 5806 0x0000000003cc7f50 code [0x0000000003cc80c0, 0x0000000003cc8318]
Event: 11.254 Thread 0x0000000017783000 5807       3       com.google.common.collect.Iterators$9::hasNext (13 bytes)
Event: 11.254 Thread 0x0000000017783000 nmethod 5807 0x0000000003cc83d0 code [0x0000000003cc8520, 0x0000000003cc86d0]

GC Heap History (10 events):
Event: 5.134 GC heap before
{Heap before GC invocations=9 (full 1):
 PSYoungGen      total 138240K, used 30935K [0x00000000d5580000, 0x00000000e4000000, 0x0000000100000000)
  eden space 126976K, 15% used [0x00000000d5580000,0x00000000d68ba618,0x00000000dd180000)
  from space 11264K, 99% used [0x00000000dd180000,0x00000000ddc7b648,0x00000000ddc80000)
  to   space 14336K, 0% used [0x00000000e3200000,0x00000000e3200000,0x00000000e4000000)
 ParOldGen       total 54784K, used 10029K [0x0000000080000000, 0x0000000083580000, 0x00000000d5580000)
  object space 54784K, 18% used [0x0000000080000000,0x00000000809cb7c0,0x0000000083580000)
 Metaspace       used 34196K, capacity 35330K, committed 35456K, reserved 1079296K
  class space    used 4622K, capacity 4918K, committed 4992K, reserved 1048576K
Event: 5.153 GC heap after
Heap after GC invocations=9 (full 1):
 PSYoungGen      total 226304K, used 8445K [0x00000000d5580000, 0x00000000e4600000, 0x0000000100000000)
  eden space 211968K, 0% used [0x00000000d5580000,0x00000000d5580000,0x00000000e2480000)
  from space 14336K, 58% used [0x00000000e3200000,0x00000000e3a3f468,0x00000000e4000000)
  to   space 13824K, 0% used [0x00000000e2480000,0x00000000e2480000,0x00000000e3200000)
 ParOldGen       total 54784K, used 10037K [0x0000000080000000, 0x0000000083580000, 0x00000000d5580000)
  object space 54784K, 18% used [0x0000000080000000,0x00000000809cd7c0,0x0000000083580000)
 Metaspace       used 34196K, capacity 35330K, committed 35456K, reserved 1079296K
  class space    used 4622K, capacity 4918K, committed 4992K, reserved 1048576K
}
Event: 5.153 GC heap before
{Heap before GC invocations=10 (full 2):
 PSYoungGen      total 226304K, used 8445K [0x00000000d5580000, 0x00000000e4600000, 0x0000000100000000)
  eden space 211968K, 0% used [0x00000000d5580000,0x00000000d5580000,0x00000000e2480000)
  from space 14336K, 58% used [0x00000000e3200000,0x00000000e3a3f468,0x00000000e4000000)
  to   space 13824K, 0% used [0x00000000e2480000,0x00000000e2480000,0x00000000e3200000)
 ParOldGen       total 54784K, used 10037K [0x0000000080000000, 0x0000000083580000, 0x00000000d5580000)
  object space 54784K, 18% used [0x0000000080000000,0x00000000809cd7c0,0x0000000083580000)
 Metaspace       used 34196K, capacity 35330K, committed 35456K, reserved 1079296K
  class space    used 4622K, capacity 4918K, committed 4992K, reserved 1048576K
Event: 5.220 GC heap after
Heap after GC invocations=10 (full 2):
 PSYoungGen      total 226304K, used 0K [0x00000000d5580000, 0x00000000e4600000, 0x0000000100000000)
  eden space 211968K, 0% used [0x00000000d5580000,0x00000000d5580000,0x00000000e2480000)
  from space 14336K, 0% used [0x00000000e3200000,0x00000000e3200000,0x00000000e4000000)
  to   space 13824K, 0% used [0x00000000e2480000,0x00000000e2480000,0x00000000e3200000)
 ParOldGen       total 79360K, used 15362K [0x0000000080000000, 0x0000000084d80000, 0x00000000d5580000)
  object space 79360K, 19% used [0x0000000080000000,0x0000000080f00be0,0x0000000084d80000)
 Metaspace       used 34196K, capacity 35330K, committed 35456K, reserved 1079296K
  class space    used 4622K, capacity 4918K, committed 4992K, reserved 1048576K
}
Event: 7.745 GC heap before
{Heap before GC invocations=11 (full 2):
 PSYoungGen      total 226304K, used 211968K [0x00000000d5580000, 0x00000000e4600000, 0x0000000100000000)
  eden space 211968K, 100% used [0x00000000d5580000,0x00000000e2480000,0x00000000e2480000)
  from space 14336K, 0% used [0x00000000e3200000,0x00000000e3200000,0x00000000e4000000)
  to   space 13824K, 0% used [0x00000000e2480000,0x00000000e2480000,0x00000000e3200000)
 ParOldGen       total 79360K, used 15362K [0x0000000080000000, 0x0000000084d80000, 0x00000000d5580000)
  object space 79360K, 19% used [0x0000000080000000,0x0000000080f00be0,0x0000000084d80000)
 Metaspace       used 42773K, capacity 44788K, committed 44928K, reserved 1087488K
  class space    used 5764K, capacity 6166K, committed 6272K, reserved 1048576K
Event: 7.772 GC heap after
Heap after GC invocations=11 (full 2):
 PSYoungGen      total 225792K, used 13801K [0x00000000d5580000, 0x00000000e8980000, 0x0000000100000000)
  eden space 211968K, 0% used [0x00000000d5580000,0x00000000d5580000,0x00000000e2480000)
  from space 13824K, 99% used [0x00000000e2480000,0x00000000e31fa778,0x00000000e3200000)
  to   space 16896K, 0% used [0x00000000e7900000,0x00000000e7900000,0x00000000e8980000)
 ParOldGen       total 79360K, used 18524K [0x0000000080000000, 0x0000000084d80000, 0x00000000d5580000)
  object space 79360K, 23% used [0x0000000080000000,0x0000000081217028,0x0000000084d80000)
 Metaspace       used 42773K, capacity 44788K, committed 44928K, reserved 1087488K
  class space    used 5764K, capacity 6166K, committed 6272K, reserved 1048576K
}
Event: 9.987 GC heap before
{Heap before GC invocations=12 (full 2):
 PSYoungGen      total 225792K, used 150752K [0x00000000d5580000, 0x00000000e8980000, 0x0000000100000000)
  eden space 211968K, 64% used [0x00000000d5580000,0x00000000ddb3dc18,0x00000000e2480000)
  from space 13824K, 99% used [0x00000000e2480000,0x00000000e31fa778,0x00000000e3200000)
  to   space 16896K, 0% used [0x00000000e7900000,0x00000000e7900000,0x00000000e8980000)
 ParOldGen       total 79360K, used 18524K [0x0000000080000000, 0x0000000084d80000, 0x00000000d5580000)
  object space 79360K, 23% used [0x0000000080000000,0x0000000081217028,0x0000000084d80000)
 Metaspace       used 56735K, capacity 59002K, committed 59096K, reserved 1099776K
  class space    used 7441K, capacity 7913K, committed 7936K, reserved 1048576K
Event: 10.016 GC heap after
Heap after GC invocations=12 (full 2):
 PSYoungGen      total 292352K, used 16884K [0x00000000d5580000, 0x00000000e9080000, 0x0000000100000000)
  eden space 275456K, 0% used [0x00000000d5580000,0x00000000d5580000,0x00000000e6280000)
  from space 16896K, 99% used [0x00000000e7900000,0x00000000e897d350,0x00000000e8980000)
  to   space 23040K, 0% used [0x00000000e6280000,0x00000000e6280000,0x00000000e7900000)
 ParOldGen       total 79360K, used 28647K [0x0000000080000000, 0x0000000084d80000, 0x00000000d5580000)
  object space 79360K, 36% used [0x0000000080000000,0x0000000081bf9e58,0x0000000084d80000)
 Metaspace       used 56735K, capacity 59002K, committed 59096K, reserved 1099776K
  class space    used 7441K, capacity 7913K, committed 7936K, reserved 1048576K
}
Event: 10.016 GC heap before
{Heap before GC invocations=13 (full 3):
 PSYoungGen      total 292352K, used 16884K [0x00000000d5580000, 0x00000000e9080000, 0x0000000100000000)
  eden space 275456K, 0% used [0x00000000d5580000,0x00000000d5580000,0x00000000e6280000)
  from space 16896K, 99% used [0x00000000e7900000,0x00000000e897d350,0x00000000e8980000)
  to   space 23040K, 0% used [0x00000000e6280000,0x00000000e6280000,0x00000000e7900000)
 ParOldGen       total 79360K, used 28647K [0x0000000080000000, 0x0000000084d80000, 0x00000000d5580000)
  object space 79360K, 36% used [0x0000000080000000,0x0000000081bf9e58,0x0000000084d80000)
 Metaspace       used 56735K, capacity 59002K, committed 59096K, reserved 1099776K
  class space    used 7441K, capacity 7913K, committed 7936K, reserved 1048576K
Event: 10.252 GC heap after
Heap after GC invocations=13 (full 3):
 PSYoungGen      total 292352K, used 0K [0x00000000d5580000, 0x00000000e9080000, 0x0000000100000000)
  eden space 275456K, 0% used [0x00000000d5580000,0x00000000d5580000,0x00000000e6280000)
  from space 16896K, 0% used [0x00000000e7900000,0x00000000e7900000,0x00000000e8980000)
  to   space 23040K, 0% used [0x00000000e6280000,0x00000000e6280000,0x00000000e7900000)
 ParOldGen       total 126464K, used 39826K [0x0000000080000000, 0x0000000087b80000, 0x00000000d5580000)
  object space 126464K, 31% used [0x0000000080000000,0x00000000826e4a30,0x0000000087b80000)
 Metaspace       used 56671K, capacity 58838K, committed 59096K, reserved 1099776K
  class space    used 7424K, capacity 7891K, committed 7936K, reserved 1048576K
}

Deoptimization events (10 events):
Event: 9.774 Thread 0x0000000019fb6000 Uncommon trap: reason=unstable_if action=reinterpret pc=0x0000000002d28e14 method=java.lang.String.replace(CC)Ljava/lang/String; @ 2
Event: 9.780 Thread 0x0000000019fb6000 Uncommon trap: reason=unstable_if action=reinterpret pc=0x0000000002d0d0c8 method=org.codehaus.groovy.runtime.metaclass.MetaMethodIndex.copyNonPrivateNonNewMetaMethods(Lorg/codehaus/groovy/runtime/metaclass/MetaMethodIndex$Entry;Lorg/codehaus/groovy/runti
Event: 9.780 Thread 0x0000000019fb6000 Uncommon trap: reason=unstable_if action=reinterpret pc=0x00000000031c4af8 method=groovy.lang.MetaClassImpl$1MOPIter.methodNameAction(Ljava/lang/Class;Lorg/codehaus/groovy/runtime/metaclass/MetaMethodIndex$Entry;)V @ 182
Event: 9.911 Thread 0x0000000019fb6000 Uncommon trap: reason=unstable_if action=reinterpret pc=0x0000000002f19d24 method=java.lang.String.lastIndexOf([CII[CIII)I @ 17
Event: 9.931 Thread 0x0000000019fb6000 Uncommon trap: reason=unstable_if action=reinterpret pc=0x00000000031ea724 method=java.util.concurrent.ConcurrentHashMap.putVal(Ljava/lang/Object;Ljava/lang/Object;Z)Ljava/lang/Object; @ 195
Event: 10.369 Thread 0x0000000019fb6000 Uncommon trap: reason=null_check action=make_not_entrant pc=0x00000000033848a0 method=java.lang.Class.searchMethods([Ljava/lang/reflect/Method;Ljava/lang/String;[Ljava/lang/Class;)Ljava/lang/reflect/Method; @ 59
Event: 10.416 Thread 0x0000000019fb6000 Uncommon trap: reason=unstable_if action=reinterpret pc=0x000000000303e80c method=java.util.WeakHashMap.expungeStaleEntries()V @ 66
Event: 10.440 Thread 0x0000000019fb6000 Uncommon trap: reason=unstable_if action=reinterpret pc=0x00000000034fa99c method=groovy.lang.MetaClassImpl.filterPropertyMethod(Ljava/lang/Object;ZZ)Ljava/lang/Object; @ 72
Event: 11.161 Thread 0x0000000019fb6000 Uncommon trap: reason=unstable_if action=reinterpret pc=0x0000000003ae880c method=java.security.CodeSource.hashCode()I @ 4
Event: 11.161 Thread 0x0000000019fb6000 Uncommon trap: reason=unstable_if action=reinterpret pc=0x0000000002ca454c method=java.security.CodeSource.hashCode()I @ 4

Classes redefined (0 events):
No events

Internal exceptions (10 events):
Event: 10.494 Thread 0x0000000019fb6000 Exception <a 'java/lang/ClassNotFoundException': org/gradle/api/plugins/internal/DefaultBasePluginConventionBeanInfo> (0x00000000d738cd80) thrown at [C:\src\AOSP-openjdk-git\hotspot\src\share\vm\classfile\systemDictionary.cpp, line 210]
Event: 10.496 Thread 0x0000000019fb6000 Exception <a 'java/lang/ClassNotFoundException': org/gradle/api/plugins/BasePluginConventionBeanInfo> (0x00000000d73d8970) thrown at [C:\src\AOSP-openjdk-git\hotspot\src\share\vm\classfile\systemDictionary.cpp, line 210]
Event: 10.497 Thread 0x0000000019fb6000 Exception <a 'java/lang/ClassNotFoundException': org/gradle/api/plugins/BasePluginConventionCustomizer> (0x00000000d7425af0) thrown at [C:\src\AOSP-openjdk-git\hotspot\src\share\vm\classfile\systemDictionary.cpp, line 210]
Event: 10.499 Thread 0x0000000019fb6000 Exception <a 'java/lang/ClassNotFoundException': org/gradle/api/plugins/internal/DefaultBasePluginConventionCustomizer> (0x00000000d7496940) thrown at [C:\src\AOSP-openjdk-git\hotspot\src\share\vm\classfile\systemDictionary.cpp, line 210]
Event: 10.502 Thread 0x0000000019fb6000 Exception <a 'java/lang/ClassNotFoundException': org/gradle/api/plugins/internal/DefaultJavaPluginConventionBeanInfo> (0x00000000d754a370) thrown at [C:\src\AOSP-openjdk-git\hotspot\src\share\vm\classfile\systemDictionary.cpp, line 210]
Event: 10.503 Thread 0x0000000019fb6000 Exception <a 'java/lang/ClassNotFoundException': org/gradle/api/plugins/JavaPluginConventionBeanInfo> (0x00000000d7595f08) thrown at [C:\src\AOSP-openjdk-git\hotspot\src\share\vm\classfile\systemDictionary.cpp, line 210]
Event: 10.504 Thread 0x0000000019fb6000 Exception <a 'java/lang/ClassNotFoundException': org/gradle/api/plugins/JavaPluginConventionCustomizer> (0x00000000d75e3088) thrown at [C:\src\AOSP-openjdk-git\hotspot\src\share\vm\classfile\systemDictionary.cpp, line 210]
Event: 10.506 Thread 0x0000000019fb6000 Exception <a 'java/lang/ClassNotFoundException': org/gradle/api/plugins/internal/DefaultJavaPluginConventionCustomizer> (0x00000000d765c890) thrown at [C:\src\AOSP-openjdk-git\hotspot\src\share\vm\classfile\systemDictionary.cpp, line 210]
Event: 11.161 Thread 0x0000000019fb6000 Implicit null exception at 0x0000000003ade5f7 to 0x0000000003ae87ad
Event: 11.161 Thread 0x0000000019fb6000 Implicit null exception at 0x0000000002ca4255 to 0x0000000002ca453d

Events (10 events):
Event: 11.245 loading class com/android/build/gradle/internal/dependency/AarTransform
Event: 11.245 loading class com/android/build/gradle/internal/dependency/AarTransform done
Event: 11.246 loading class com/android/build/gradle/internal/DependencyConfigurator$configureGeneralTransforms$9
Event: 11.246 loading class com/android/build/gradle/internal/DependencyConfigurator$configureGeneralTransforms$9 done
Event: 11.247 loading class com/android/build/gradle/internal/dependency/AarTransform$Parameters
Event: 11.247 loading class com/android/build/gradle/internal/dependency/AarTransform$Parameters done
Event: 11.255 loading class com/android/build/gradle/internal/dependency/AarResourcesCompilerTransform
Event: 11.255 loading class com/android/build/gradle/internal/dependency/AarResourcesCompilerTransform done
Event: 11.256 loading class com/android/build/gradle/internal/DependencyConfigurator$configureGeneralTransforms$10
Event: 11.256 loading class com/android/build/gradle/internal/DependencyConfigurator$configureGeneralTransforms$10 done


Dynamic libraries:
0x00007ff725200000 - 0x00007ff725231000 	C:\Program Files\Android\Android Studio\jre\bin\java.exe
0x00007ffe4bc40000 - 0x00007ffe4be21000 	C:\Windows\SYSTEM32\ntdll.dll
0x00007ffe4b5b0000 - 0x00007ffe4b662000 	C:\Windows\System32\KERNEL32.DLL
0x00007ffe48850000 - 0x00007ffe48ac3000 	C:\Windows\System32\KERNELBASE.dll
0x00007ffe4b670000 - 0x00007ffe4b711000 	C:\Windows\System32\ADVAPI32.dll
0x00007ffe4b730000 - 0x00007ffe4b7ce000 	C:\Windows\System32\msvcrt.dll
0x00007ffe4b2c0000 - 0x00007ffe4b31b000 	C:\Windows\System32\sechost.dll
0x00007ffe4bae0000 - 0x00007ffe4bc04000 	C:\Windows\System32\RPCRT4.dll
0x00007ffe4b0d0000 - 0x00007ffe4b260000 	C:\Windows\System32\USER32.dll
0x00007ffe48f10000 - 0x00007ffe48f30000 	C:\Windows\System32\win32u.dll
0x00007ffe4b580000 - 0x00007ffe4b5a8000 	C:\Windows\System32\GDI32.dll
0x00007ffe48f30000 - 0x00007ffe490c2000 	C:\Windows\System32\gdi32full.dll
0x00007ffe48e20000 - 0x00007ffe48ebf000 	C:\Windows\System32\msvcp_win.dll
0x00007ffe48d20000 - 0x00007ffe48e1a000 	C:\Windows\System32\ucrtbase.dll
0x00007ffe38ac0000 - 0x00007ffe38d29000 	C:\Windows\WinSxS\amd64_microsoft.windows.common-controls_6595b64144ccf1df_6.0.17134.112_none_fb3f961b30681c12\COMCTL32.dll
0x00007ffe4a6d0000 - 0x00007ffe4a9f3000 	C:\Windows\System32\combase.dll
0x00007ffe48010000 - 0x00007ffe4808a000 	C:\Windows\System32\bcryptPrimitives.dll
0x00007ffe491b0000 - 0x00007ffe491dd000 	C:\Windows\System32\IMM32.DLL
0x000000005f950000 - 0x000000005fa22000 	C:\Program Files\Android\Android Studio\jre\jre\bin\msvcr100.dll
0x000000005fa30000 - 0x000000006027b000 	C:\Program Files\Android\Android Studio\jre\jre\bin\server\jvm.dll
0x00007ffe4b720000 - 0x00007ffe4b728000 	C:\Windows\System32\PSAPI.DLL
0x00007ffe341c0000 - 0x00007ffe341c9000 	C:\Windows\SYSTEM32\WSOCK32.dll
0x00007ffe4ac00000 - 0x00007ffe4ac6c000 	C:\Windows\System32\WS2_32.dll
0x00007ffe435b0000 - 0x00007ffe435d3000 	C:\Windows\SYSTEM32\WINMM.dll
0x00007ffe35090000 - 0x00007ffe3509a000 	C:\Windows\SYSTEM32\VERSION.dll
0x00007ffe43580000 - 0x00007ffe435aa000 	C:\Windows\SYSTEM32\WINMMBASE.dll
0x00007ffe48ec0000 - 0x00007ffe48f09000 	C:\Windows\System32\cfgmgr32.dll
0x00007ffe444e0000 - 0x00007ffe444ef000 	C:\Program Files\Android\Android Studio\jre\jre\bin\verify.dll
0x00007ffe42530000 - 0x00007ffe42559000 	C:\Program Files\Android\Android Studio\jre\jre\bin\java.dll
0x00007ffe42dd0000 - 0x00007ffe42de6000 	C:\Program Files\Android\Android Studio\jre\jre\bin\zip.dll
0x00007ffe491e0000 - 0x00007ffe4a620000 	C:\Windows\System32\SHELL32.dll
0x00007ffe4a620000 - 0x00007ffe4a6c9000 	C:\Windows\System32\shcore.dll
0x00007ffe48140000 - 0x00007ffe4884d000 	C:\Windows\System32\windows.storage.dll
0x00007ffe4b520000 - 0x00007ffe4b571000 	C:\Windows\System32\shlwapi.dll
0x00007ffe47fa0000 - 0x00007ffe47fb1000 	C:\Windows\System32\kernel.appcore.dll
0x00007ffe47f60000 - 0x00007ffe47f7f000 	C:\Windows\System32\profapi.dll
0x00007ffe47fc0000 - 0x00007ffe4800c000 	C:\Windows\System32\powrprof.dll
0x00007ffe47f50000 - 0x00007ffe47f5a000 	C:\Windows\System32\FLTLIB.DLL
0x00007ffe42470000 - 0x00007ffe4248a000 	C:\Program Files\Android\Android Studio\jre\jre\bin\net.dll
0x00007ffe477d0000 - 0x00007ffe47836000 	C:\Windows\system32\mswsock.dll
0x00007ffe42370000 - 0x00007ffe42383000 	C:\Program Files\Android\Android Studio\jre\jre\bin\nio.dll
0x00007ffe395c0000 - 0x00007ffe395e7000 	C:\Users\user\.gradle\native\f6784746aeab05261644944871eae4fe03e0ef1612fff0a4a95f87b438bc6780\windows-amd64\native-platform.dll
0x00007ffe424a0000 - 0x00007ffe424ad000 	C:\Program Files\Android\Android Studio\jre\jre\bin\management.dll
0x00007ffe47980000 - 0x00007ffe47997000 	C:\Windows\SYSTEM32\CRYPTSP.dll
0x00007ffe473b0000 - 0x00007ffe473e3000 	C:\Windows\system32\rsaenh.dll
0x00007ffe47ab0000 - 0x00007ffe47ad5000 	C:\Windows\SYSTEM32\bcrypt.dll
0x00007ffe47e50000 - 0x00007ffe47e78000 	C:\Windows\SYSTEM32\USERENV.dll
0x00007ffe479a0000 - 0x00007ffe479ab000 	C:\Windows\SYSTEM32\CRYPTBASE.dll
0x00007ffe47550000 - 0x00007ffe47588000 	C:\Windows\SYSTEM32\IPHLPAPI.DLL
0x00007ffe4b0c0000 - 0x00007ffe4b0c8000 	C:\Windows\System32\NSI.dll
0x00007ffe3d0e0000 - 0x00007ffe3d0f6000 	C:\Windows\SYSTEM32\dhcpcsvc6.DLL
0x00007ffe3f0d0000 - 0x00007ffe3f0ea000 	C:\Windows\SYSTEM32\dhcpcsvc.DLL
0x00007ffe3f060000 - 0x00007ffe3f06b000 	C:\Windows\SYSTEM32\WINNSI.DLL

VM Arguments:
jvm_args: -Xmx2048m -Dfile.encoding=UTF-8 -Duser.country=US -Duser.language=en -Duser.variant 
java_command: org.gradle.launcher.daemon.bootstrap.GradleDaemon 6.5
java_class_path (initial): C:\Users\user\.gradle\wrapper\dists\gradle-6.5-all\2oz4ud9k3tuxjg84bbf55q0tn\gradle-6.5\lib\gradle-launcher-6.5.jar
Launcher Type: SUN_STANDARD

Environment Variables:
PATH=C:\Program Files (x86)\Common Files\Oracle\Java\javapath;C:\ProgramData\Oracle\Java\javapath;C:\Windows\system32;C:\Windows;C:\Windows\System32\Wbem;C:\Windows\System32\WindowsPowerShell\v1.0\;C:\Windows\System32\OpenSSH\;C:\Program Files\Microsoft\Web Platform Installer\;C:\Program Files (x86)\Microsoft ASP.NET\ASP.NET Web Pages\v1.0\;C:\Program Files\Microsoft SQL Server\110\Tools\Binn\;c:\Program Files (x86)\Microsoft SQL Server\100\Tools\Binn\;c:\Program Files\Microsoft SQL Server\100\Tools\Binn\;c:\Program Files\Microsoft SQL Server\100\DTS\Binn\;C:\Program Files\Java\jre1.8.0_271\bin;C:\Program Files\Git\cmd;C:\Program Files\nodejs\;C:\Users\user\AppData\Local\Programs\Python\Python38\Scripts\;C:\Users\user\AppData\Local\Programs\Python\Python38\;C:\Users\user\AppData\Local\Microsoft\WindowsApps;C:\Program Files\JetBrains\PyCharm Community Edition 2019.2.5\bin;C:\source\flutter\flutter\bin;C:\Program Files\heroku\bin;C:\Program Files (x86)\Common Files\Java;C:\Users\user\IntelliJ IDEA Community Edition 2020.2.3\bin;C:\Users\user\AppData\Local\Programs\Microsoft VS Code\bin;C:\Users\user\AppData\Roaming\npm;C:\Users\user\AppData\Local\hyper\app-3.0.2\resources\bin;C:\MinGW\bin;
USERNAME=Osemudiamen-Itua
OS=Windows_NT
PROCESSOR_IDENTIFIER=Intel64 Family 6 Model 61 Stepping 4, GenuineIntel



---------------  S Y S T E M  ---------------

OS: Windows 10.0 , 64 bit Build 17134 (10.0.17134.1)

CPU:total 4 (initial active 4) (2 cores per cpu, 2 threads per core) family 6 model 61 stepping 4, cmov, cx8, fxsr, mmx, sse, sse2, sse3, ssse3, sse4.1, sse4.2, popcnt, avx, avx2, aes, clmul, erms, rtm, 3dnowpref, lzcnt, ht, tsc, tscinvbit, bmi1, bmi2, adx

Memory: 4k page, physical 8077532k(1072424k free), swap 8077532k(5840k free)

vm_info: OpenJDK 64-Bit Server VM (25.242-b01) for windows-amd64 JRE (1.8.0_242-release-1644-b01), built by "builder" with MS VC++ 10.0 (VS2010)

time: Wed May 19 16:54:19 2021
timezone: W. Central Africa Standard Time
elapsed time: 11 seconds (0d 0h 0m 11s)

