#
# There is insufficient memory for the Java Runtime Environment to continue.
# Native memory allocation (malloc) failed to allocate 32744 bytes for ChunkPool::allocate
# Possible reasons:
#   The system is out of physical RAM or swap space
#   The process is running with CompressedOops enabled, and the Java Heap may be blocking the growth of the native heap
# Possible solutions:
#   Reduce memory load on the system
#   Increase physical memory or swap space
#   Check if swap backing store is full
#   Decrease Java heap size (-Xmx/-Xms)
#   Decrease number of Java threads
#   Decrease Java thread stack sizes (-Xss)
#   Set larger code cache with -XX:ReservedCodeCacheSize=
#   JVM is running with Unscaled Compressed Oops mode in which the Java heap is
#     placed in the first 4GB address space. The Java Heap base address is the
#     maximum limit for the native heap growth. Please use -XX:HeapBaseMinAddress
#     to set the Java Heap base and to place the Java Heap above 4GB virtual address.
# This output file may be truncated or incomplete.
#
#  Out of Memory Error (allocation.cpp:272), pid=3808, tid=0x0000000000002f78
#
# JRE version: OpenJDK Runtime Environment (8.0_242-b01) (build 1.8.0_242-release-1644-b01)
# Java VM: OpenJDK 64-Bit Server VM (25.242-b01 mixed mode windows-amd64 compressed oops)
# Failed to write core dump. Minidumps are not enabled by default on client versions of Windows
#

---------------  T H R E A D  ---------------

Current thread (0x0000000017869800):  JavaThread "C2 CompilerThread0" daemon [_thread_in_native, id=12152, stack(0x0000000018ec0000,0x0000000018fc0000)]

Stack: [0x0000000018ec0000,0x0000000018fc0000]
[error occurred during error reporting (printing stack bounds), id 0xc0000005]

Native frames: (J=compiled Java code, j=interpreted, Vv=VM code, C=native code)


Current CompileTask:
C2:  16155 10325       4       java.util.Spliterators$IteratorSpliterator::tryAdvance (77 bytes)


---------------  P R O C E S S  ---------------

Java Threads: ( => current thread )
  0x000000001e515000 JavaThread "WorkerExecutor Queue" [_thread_in_native, id=9932, stack(0x000000002cf90000,0x000000002d090000)]
  0x000000001e513800 JavaThread "Cache worker for execution history cache (C:\Users\user\AndroidStudioProjects\ContactList\.gradle\6.5\executionHistory)" [_thread_blocked, id=8732, stack(0x000000002c690000,0x000000002c790000)]
  0x000000001bb0c800 JavaThread "Execution worker for ':' Thread 3" [_thread_blocked, id=396, stack(0x000000002c590000,0x000000002c690000)]
  0x000000001bb0c000 JavaThread "Execution worker for ':' Thread 2" [_thread_blocked, id=7900, stack(0x000000002c490000,0x000000002c590000)]
  0x000000001bb0f000 JavaThread "Execution worker for ':'" [_thread_blocked, id=10236, stack(0x000000002c390000,0x000000002c490000)]
  0x000000001bb0e000 JavaThread "Cache worker for file content cache (C:\Users\user\AndroidStudioProjects\ContactList\.gradle\6.5\fileContent)" [_thread_blocked, id=944, stack(0x000000002be90000,0x000000002bf90000)]
  0x000000001bb10800 JavaThread "Memory manager" [_thread_blocked, id=12012, stack(0x000000002bb60000,0x000000002bc60000)]
  0x000000001bb0d800 JavaThread "Cache worker for Build Output Cleanup Cache (C:\Users\user\AndroidStudioProjects\ContactList\.gradle\buildOutputCleanup)" [_thread_blocked, id=9696, stack(0x000000002aa60000,0x000000002ab60000)]
  0x000000001bb0b000 JavaThread "jar transforms Thread 113" [_thread_blocked, id=6388, stack(0x000000002a960000,0x000000002aa60000)]
  0x000000001bb0f800 JavaThread "jar transforms Thread 112" [_thread_blocked, id=7888, stack(0x000000002a860000,0x000000002a960000)]
  0x000000001bb03800 JavaThread "jar transforms Thread 111" [_thread_blocked, id=9212, stack(0x000000002a760000,0x000000002a860000)]
  0x000000001bb0a800 JavaThread "jar transforms Thread 110" [_thread_blocked, id=6160, stack(0x000000002a660000,0x000000002a760000)]
  0x000000001bb03000 JavaThread "jar transforms Thread 109" [_thread_blocked, id=5308, stack(0x000000002a560000,0x000000002a660000)]
  0x000000001bb09800 JavaThread "jar transforms Thread 108" [_thread_blocked, id=7592, stack(0x000000002a460000,0x000000002a560000)]
  0x000000001bb09000 JavaThread "jar transforms Thread 107" [_thread_blocked, id=12216, stack(0x000000002a360000,0x000000002a460000)]
  0x000000001bb07800 JavaThread "jar transforms Thread 106" [_thread_blocked, id=9140, stack(0x000000002a260000,0x000000002a360000)]
  0x000000001bb02000 JavaThread "jar transforms Thread 105" [_thread_blocked, id=3096, stack(0x000000002a160000,0x000000002a260000)]
  0x000000001bb06800 JavaThread "jar transforms Thread 104" [_thread_blocked, id=936, stack(0x000000002a060000,0x000000002a160000)]
  0x000000001bb01800 JavaThread "jar transforms Thread 103" [_thread_blocked, id=11972, stack(0x0000000029f60000,0x000000002a060000)]
  0x000000001bb05000 JavaThread "jar transforms Thread 102" [_thread_blocked, id=5396, stack(0x0000000029e60000,0x0000000029f60000)]
  0x000000001bb08000 JavaThread "jar transforms Thread 101" [_thread_blocked, id=1028, stack(0x0000000029d60000,0x0000000029e60000)]
  0x000000001bb04800 JavaThread "jar transforms Thread 100" [_thread_blocked, id=10204, stack(0x0000000029c60000,0x0000000029d60000)]
  0x000000001bb06000 JavaThread "jar transforms Thread 99" [_thread_blocked, id=6248, stack(0x0000000029b60000,0x0000000029c60000)]
  0x000000001a13e000 JavaThread "jar transforms Thread 98" [_thread_blocked, id=7184, stack(0x0000000029a60000,0x0000000029b60000)]
  0x000000001a13d800 JavaThread "jar transforms Thread 97" [_thread_blocked, id=10196, stack(0x0000000029960000,0x0000000029a60000)]
  0x000000001a13c800 JavaThread "jar transforms Thread 96" [_thread_blocked, id=11328, stack(0x0000000029860000,0x0000000029960000)]
  0x000000001a141000 JavaThread "jar transforms Thread 95" [_thread_blocked, id=3264, stack(0x0000000029760000,0x0000000029860000)]
  0x000000001a13b000 JavaThread "jar transforms Thread 94" [_thread_blocked, id=10356, stack(0x0000000029660000,0x0000000029760000)]
  0x000000001a13f800 JavaThread "jar transforms Thread 93" [_thread_blocked, id=10976, stack(0x0000000029560000,0x0000000029660000)]
  0x000000001a13f000 JavaThread "jar transforms Thread 92" [_thread_blocked, id=11828, stack(0x0000000029460000,0x0000000029560000)]
  0x000000001a13c000 JavaThread "jar transforms Thread 91" [_thread_blocked, id=3880, stack(0x0000000029360000,0x0000000029460000)]
  0x000000001a140800 JavaThread "jar transforms Thread 90" [_thread_blocked, id=7564, stack(0x0000000029260000,0x0000000029360000)]
  0x000000001a133800 JavaThread "jar transforms Thread 89" [_thread_blocked, id=6732, stack(0x0000000029160000,0x0000000029260000)]
  0x000000001a13a800 JavaThread "jar transforms Thread 88" [_thread_blocked, id=11004, stack(0x0000000029060000,0x0000000029160000)]
  0x000000001a139800 JavaThread "jar transforms Thread 87" [_thread_blocked, id=10024, stack(0x0000000028f60000,0x0000000029060000)]
  0x000000001a133000 JavaThread "jar transforms Thread 86" [_thread_blocked, id=11180, stack(0x0000000028e60000,0x0000000028f60000)]
  0x000000001a137800 JavaThread "jar transforms Thread 85" [_thread_blocked, id=3976, stack(0x0000000028d60000,0x0000000028e60000)]
  0x000000001a136800 JavaThread "jar transforms Thread 84" [_thread_blocked, id=5352, stack(0x0000000028c60000,0x0000000028d60000)]
  0x000000001a136000 JavaThread "jar transforms Thread 83" [_thread_blocked, id=10884, stack(0x0000000028b60000,0x0000000028c60000)]
  0x000000001a132000 JavaThread "jar transforms Thread 82" [_thread_blocked, id=11800, stack(0x0000000028a60000,0x0000000028b60000)]
  0x000000001a139000 JavaThread "jar transforms Thread 81" [_thread_blocked, id=1596, stack(0x0000000028960000,0x0000000028a60000)]
  0x000000001a138000 JavaThread "jar transforms Thread 80" [_thread_blocked, id=11684, stack(0x0000000028860000,0x0000000028960000)]
  0x000000001a134800 JavaThread "jar transforms Thread 79" [_thread_blocked, id=11980, stack(0x0000000028760000,0x0000000028860000)]
  0x000000001a135000 JavaThread "jar transforms Thread 78" [_thread_blocked, id=8388, stack(0x0000000028660000,0x0000000028760000)]
  0x000000001a5a1800 JavaThread "jar transforms Thread 77" [_thread_blocked, id=6956, stack(0x0000000028560000,0x0000000028660000)]
  0x000000001a5a8000 JavaThread "jar transforms Thread 76" [_thread_blocked, id=11956, stack(0x0000000028460000,0x0000000028560000)]
  0x000000001a5a6000 JavaThread "jar transforms Thread 75" [_thread_blocked, id=9588, stack(0x0000000028360000,0x0000000028460000)]
  0x000000001a5a5000 JavaThread "jar transforms Thread 74" [_thread_blocked, id=11880, stack(0x0000000028260000,0x0000000028360000)]
  0x000000001a5a4800 JavaThread "jar transforms Thread 73" [_thread_blocked, id=11552, stack(0x0000000028160000,0x0000000028260000)]
  0x000000001a5a3800 JavaThread "jar transforms Thread 72" [_thread_blocked, id=10300, stack(0x0000000028060000,0x0000000028160000)]
  0x000000001a5a2000 JavaThread "jar transforms Thread 71" [_thread_blocked, id=10580, stack(0x0000000027f60000,0x0000000028060000)]
  0x000000001a5a7800 JavaThread "jar transforms Thread 70" [_thread_blocked, id=7032, stack(0x0000000027e60000,0x0000000027f60000)]
  0x000000001a5a6800 JavaThread "jar transforms Thread 69" [_thread_blocked, id=7544, stack(0x0000000027d60000,0x0000000027e60000)]
  0x000000001a5a3000 JavaThread "jar transforms Thread 68" [_thread_blocked, id=10668, stack(0x0000000027c60000,0x0000000027d60000)]
  0x000000001a599800 JavaThread "jar transforms Thread 67" [_thread_blocked, id=3028, stack(0x0000000027b60000,0x0000000027c60000)]
  0x000000001a5a0800 JavaThread "jar transforms Thread 66" [_thread_blocked, id=12028, stack(0x0000000027a60000,0x0000000027b60000)]
  0x000000001a59e800 JavaThread "jar transforms Thread 65" [_thread_blocked, id=7868, stack(0x0000000027960000,0x0000000027a60000)]
  0x000000001a59f000 JavaThread "jar transforms Thread 64" [_thread_blocked, id=3176, stack(0x0000000027860000,0x0000000027960000)]
  0x000000001a599000 JavaThread "jar transforms Thread 63" [_thread_blocked, id=9160, stack(0x0000000027760000,0x0000000027860000)]
  0x000000001a5a0000 JavaThread "jar transforms Thread 62" [_thread_blocked, id=6812, stack(0x0000000027660000,0x0000000027760000)]
  0x000000001a59b800 JavaThread "jar transforms Thread 61" [_thread_blocked, id=11912, stack(0x0000000027560000,0x0000000027660000)]
  0x000000001a59d000 JavaThread "jar transforms Thread 60" [_thread_blocked, id=9112, stack(0x0000000027460000,0x0000000027560000)]
  0x000000001a59d800 JavaThread "jar transforms Thread 59" [_thread_blocked, id=7760, stack(0x0000000027360000,0x0000000027460000)]
  0x000000001a59c000 JavaThread "jar transforms Thread 58" [_thread_blocked, id=2972, stack(0x0000000027260000,0x0000000027360000)]
  0x000000001a59a800 JavaThread "jar transforms Thread 57" [_thread_blocked, id=7980, stack(0x0000000027160000,0x0000000027260000)]
  0x000000001b929800 JavaThread "jar transforms Thread 56" [_thread_blocked, id=9984, stack(0x0000000027060000,0x0000000027160000)]
  0x000000001b927800 JavaThread "jar transforms Thread 55" [_thread_blocked, id=11868, stack(0x0000000026f60000,0x0000000027060000)]
  0x000000001b929000 JavaThread "jar transforms Thread 54" [_thread_blocked, id=11904, stack(0x0000000026e60000,0x0000000026f60000)]
  0x000000001b926800 JavaThread "jar transforms Thread 53" [_thread_blocked, id=2252, stack(0x0000000026d60000,0x0000000026e60000)]
  0x000000001b92c800 JavaThread "jar transforms Thread 52" [_thread_blocked, id=11032, stack(0x0000000026c60000,0x0000000026d60000)]
  0x000000001b92b000 JavaThread "jar transforms Thread 51" [_thread_blocked, id=11768, stack(0x0000000026b60000,0x0000000026c60000)]
  0x000000001b92c000 JavaThread "jar transforms Thread 50" [_thread_blocked, id=500, stack(0x0000000026a60000,0x0000000026b60000)]
  0x000000001b92a800 JavaThread "jar transforms Thread 49" [_thread_blocked, id=9780, stack(0x0000000026960000,0x0000000026a60000)]
  0x000000001b928000 JavaThread "jar transforms Thread 48" [_thread_blocked, id=11696, stack(0x0000000026860000,0x0000000026960000)]
  0x000000001b926000 JavaThread "jar transforms Thread 47" [_thread_blocked, id=7468, stack(0x0000000026760000,0x0000000026860000)]
  0x000000001b91e800 JavaThread "jar transforms Thread 46" [_thread_blocked, id=3048, stack(0x0000000026660000,0x0000000026760000)]
  0x000000001b922000 JavaThread "jar transforms Thread 45" [_thread_blocked, id=3164, stack(0x0000000026560000,0x0000000026660000)]
  0x000000001b925000 JavaThread "jar transforms Thread 44" [_thread_blocked, id=7336, stack(0x0000000026460000,0x0000000026560000)]
  0x000000001b91f000 JavaThread "jar transforms Thread 43" [_thread_blocked, id=1360, stack(0x0000000026360000,0x0000000026460000)]
  0x000000001b921800 JavaThread "jar transforms Thread 42" [_thread_blocked, id=5316, stack(0x0000000026260000,0x0000000026360000)]
  0x000000001b91d800 JavaThread "jar transforms Thread 41" [_thread_blocked, id=6432, stack(0x0000000026160000,0x0000000026260000)]
  0x000000001b924800 JavaThread "jar transforms Thread 40" [_thread_blocked, id=3036, stack(0x0000000026060000,0x0000000026160000)]
  0x000000001b923800 JavaThread "jar transforms Thread 39" [_thread_blocked, id=10936, stack(0x0000000025f60000,0x0000000026060000)]
  0x000000001b920800 JavaThread "jar transforms Thread 38" [_thread_blocked, id=12040, stack(0x0000000025e60000,0x0000000025f60000)]
  0x000000001b923000 JavaThread "jar transforms Thread 37" [_thread_blocked, id=10308, stack(0x0000000025d60000,0x0000000025e60000)]
  0x000000001b920000 JavaThread "jar transforms Thread 36" [_thread_blocked, id=3320, stack(0x0000000025c60000,0x0000000025d60000)]
  0x000000001a02a800 JavaThread "jar transforms Thread 35" [_thread_blocked, id=9856, stack(0x0000000025b60000,0x0000000025c60000)]
  0x000000001a030800 JavaThread "jar transforms Thread 34" [_thread_blocked, id=11812, stack(0x0000000025a60000,0x0000000025b60000)]
  0x000000001a02e000 JavaThread "jar transforms Thread 33" [_thread_blocked, id=11320, stack(0x0000000025960000,0x0000000025a60000)]
  0x000000001a02d800 JavaThread "jar transforms Thread 32" [_thread_blocked, id=8508, stack(0x0000000025860000,0x0000000025960000)]
  0x000000001a02f800 JavaThread "jar transforms Thread 31" [_thread_blocked, id=11084, stack(0x0000000025760000,0x0000000025860000)]
  0x000000001a02b000 JavaThread "jar transforms Thread 30" [_thread_blocked, id=6244, stack(0x0000000025660000,0x0000000025760000)]
  0x000000001a02c800 JavaThread "jar transforms Thread 29" [_thread_blocked, id=1752, stack(0x0000000025560000,0x0000000025660000)]
  0x000000001a02c000 JavaThread "jar transforms Thread 28" [_thread_blocked, id=7300, stack(0x0000000025460000,0x0000000025560000)]
  0x000000001a02f000 JavaThread "jar transforms Thread 27" [_thread_blocked, id=9544, stack(0x0000000025360000,0x0000000025460000)]
  0x000000001a029800 JavaThread "jar transforms Thread 26" [_thread_blocked, id=8924, stack(0x0000000025260000,0x0000000025360000)]
  0x000000001a023000 JavaThread "jar transforms Thread 25" [_thread_blocked, id=11344, stack(0x0000000025160000,0x0000000025260000)]
  0x000000001a022000 JavaThread "jar transforms Thread 24" [_thread_blocked, id=9740, stack(0x0000000025060000,0x0000000025160000)]
  0x000000001a029000 JavaThread "jar transforms Thread 23" [_thread_blocked, id=1948, stack(0x0000000024f60000,0x0000000025060000)]
  0x000000001a021800 JavaThread "jar transforms Thread 22" [_thread_blocked, id=612, stack(0x0000000024e60000,0x0000000024f60000)]
  0x000000001a027800 JavaThread "jar transforms Thread 21" [_thread_blocked, id=9000, stack(0x0000000024d60000,0x0000000024e60000)]
  0x000000001a024800 JavaThread "jar transforms Thread 20" [_thread_blocked, id=9176, stack(0x0000000024c60000,0x0000000024d60000)]
  0x000000001a026800 JavaThread "jar transforms Thread 19" [_thread_blocked, id=9672, stack(0x0000000024b60000,0x0000000024c60000)]
  0x000000001a023800 JavaThread "jar transforms Thread 18" [_thread_blocked, id=6668, stack(0x0000000024a60000,0x0000000024b60000)]
  0x000000001a026000 JavaThread "jar transforms Thread 17" [_thread_blocked, id=10568, stack(0x0000000024960000,0x0000000024a60000)]
  0x000000001a028000 JavaThread "jar transforms Thread 16" [_thread_blocked, id=6912, stack(0x0000000024860000,0x0000000024960000)]
  0x000000001a025000 JavaThread "jar transforms Thread 15" [_thread_blocked, id=584, stack(0x0000000024760000,0x0000000024860000)]
  0x000000001bbd3800 JavaThread "jar transforms Thread 14" [_thread_blocked, id=7656, stack(0x0000000024660000,0x0000000024760000)]
  0x000000001bbd2000 JavaThread "jar transforms Thread 13" [_thread_blocked, id=10484, stack(0x0000000024560000,0x0000000024660000)]
  0x000000001bbd1000 JavaThread "jar transforms Thread 12" [_thread_blocked, id=9076, stack(0x0000000024460000,0x0000000024560000)]
  0x000000001bbd2800 JavaThread "jar transforms Thread 11" [_thread_blocked, id=10696, stack(0x0000000024360000,0x0000000024460000)]
  0x000000001bbd0800 JavaThread "jar transforms Thread 10" [_thread_blocked, id=7164, stack(0x0000000024260000,0x0000000024360000)]
  0x000000001bbc9000 JavaThread "jar transforms Thread 9" [_thread_blocked, id=3580, stack(0x0000000024160000,0x0000000024260000)]
  0x000000001bbcf800 JavaThread "jar transforms Thread 8" [_thread_blocked, id=2480, stack(0x0000000024060000,0x0000000024160000)]
  0x000000001bbcf000 JavaThread "jar transforms Thread 7" [_thread_blocked, id=5616, stack(0x0000000023f60000,0x0000000024060000)]
  0x000000001bbce000 JavaThread "jar transforms Thread 6" [_thread_blocked, id=9556, stack(0x0000000023e60000,0x0000000023f60000)]
  0x000000001bbcd800 JavaThread "jar transforms Thread 5" [_thread_blocked, id=9860, stack(0x0000000023d60000,0x0000000023e60000)]
  0x000000001bbcc800 JavaThread "jar transforms Thread 4" [_thread_blocked, id=6468, stack(0x0000000023c60000,0x0000000023d60000)]
  0x000000001bbca800 JavaThread "jar transforms Thread 3" [_thread_blocked, id=11376, stack(0x0000000023b60000,0x0000000023c60000)]
  0x000000001bbc5000 JavaThread "jar transforms Thread 2" [_thread_blocked, id=4696, stack(0x0000000023a60000,0x0000000023b60000)]
  0x000000001bbcc000 JavaThread "Build operations Thread 4" [_thread_in_Java, id=8964, stack(0x0000000023960000,0x0000000023a60000)]
  0x000000001bbcb000 JavaThread "Build operations Thread 3" [_thread_in_Java, id=1316, stack(0x0000000023860000,0x0000000023960000)]
  0x000000001bbc4800 JavaThread "Build operations Thread 2" [_thread_blocked, id=1312, stack(0x0000000023760000,0x0000000023860000)]
  0x000000001bbc6000 JavaThread "Build operations" [_thread_blocked, id=12056, stack(0x0000000023660000,0x0000000023760000)]
  0x000000001b44f000 JavaThread "Cache worker for file content cache (C:\Users\user\.gradle\caches\6.5\fileContent)" [_thread_blocked, id=12092, stack(0x0000000021bf0000,0x0000000021cf0000)]
  0x000000001b44c000 JavaThread "jar transforms" [_thread_blocked, id=11052, stack(0x0000000021af0000,0x0000000021bf0000)]
  0x000000001b44e800 JavaThread "Cache worker for execution history cache (C:\Users\user\.gradle\caches\6.5\executionHistory)" [_thread_blocked, id=2608, stack(0x00000000213f0000,0x00000000214f0000)]
  0x000000001b453000 JavaThread "Cache worker for cache directory md-rule (C:\Users\user\.gradle\caches\6.5\md-rule)" [_thread_blocked, id=6360, stack(0x00000000212f0000,0x00000000213f0000)]
  0x000000001b450000 JavaThread "Cache worker for cache directory md-supplier (C:\Users\user\.gradle\caches\6.5\md-supplier)" [_thread_blocked, id=10736, stack(0x00000000211f0000,0x00000000212f0000)]
  0x000000001b44d800 JavaThread "Cache worker for checksums cache (C:\Users\user\AndroidStudioProjects\ContactList\.gradle\checksums)" [_thread_blocked, id=12032, stack(0x0000000020040000,0x0000000020140000)]
  0x000000001b452000 JavaThread "Cache worker for file hash cache (C:\Users\user\AndroidStudioProjects\ContactList\.gradle\6.5\fileHashes)" [_thread_blocked, id=3304, stack(0x000000001fd30000,0x000000001fe30000)]
  0x000000001b451800 JavaThread "Cache worker for file hash cache (C:\Users\user\.gradle\caches\6.5\fileHashes)" [_thread_blocked, id=10628, stack(0x000000001d7e0000,0x000000001d8e0000)]
  0x000000001b44d000 JavaThread "File lock request listener" [_thread_in_native, id=11976, stack(0x000000001d6e0000,0x000000001d7e0000)]
  0x000000001b355800 JavaThread "Cache worker for journal cache (C:\Users\user\.gradle\caches\journal-1)" [_thread_blocked, id=8704, stack(0x000000001d4e0000,0x000000001d5e0000)]
  0x0000000019aa4800 JavaThread "Thread-9" [_thread_blocked, id=6400, stack(0x000000001d1e0000,0x000000001d2e0000)]
  0x00000000199fa800 JavaThread "Stdin handler" [_thread_blocked, id=2832, stack(0x000000001d0e0000,0x000000001d1e0000)]
  0x00000000199f9000 JavaThread "Asynchronous log dispatcher for DefaultDaemonConnection: socket connection from /127.0.0.1:53159 to /127.0.0.1:53160" [_thread_blocked, id=10404, stack(0x000000001cfe0000,0x000000001d0e0000)]
  0x00000000199ea800 JavaThread "Daemon worker" [_thread_blocked, id=5112, stack(0x000000001cee0000,0x000000001cfe0000)]
  0x00000000199e5000 JavaThread "Cancel handler" [_thread_blocked, id=11424, stack(0x000000001cde0000,0x000000001cee0000)]
  0x00000000198dc800 JavaThread "Handler for socket connection from /127.0.0.1:53159 to /127.0.0.1:53160" [_thread_in_native, id=3180, stack(0x000000001cce0000,0x000000001cde0000)]
  0x000000001b1d8000 JavaThread "Daemon" [_thread_blocked, id=1220, stack(0x000000001c9e0000,0x000000001cae0000)]
  0x000000001b1d7800 JavaThread "Daemon periodic checks" [_thread_blocked, id=11428, stack(0x000000001c8e0000,0x000000001c9e0000)]
  0x000000001b1b3000 JavaThread "Incoming local TCP Connector on port 53159" [_thread_in_native, id=9092, stack(0x000000001c6a0000,0x000000001c7a0000)]
  0x000000001b13c000 JavaThread "Daemon health stats" [_thread_blocked, id=1072, stack(0x000000001c160000,0x000000001c260000)]
  0x00000000191f0800 JavaThread "Service Thread" daemon [_thread_blocked, id=5324, stack(0x00000000195c0000,0x00000000196c0000)]
  0x000000001787d800 JavaThread "C1 CompilerThread2" daemon [_thread_in_native, id=9164, stack(0x00000000190c0000,0x00000000191c0000)]
  0x000000001786c800 JavaThread "C2 CompilerThread1" daemon [_thread_in_native, id=11824, stack(0x0000000018fc0000,0x00000000190c0000)]
=>0x0000000017869800 JavaThread "C2 CompilerThread0" daemon [_thread_in_native, id=12152, stack(0x0000000018ec0000,0x0000000018fc0000)]
  0x0000000017867800 JavaThread "Attach Listener" daemon [_thread_blocked, id=1616, stack(0x0000000018dc0000,0x0000000018ec0000)]
  0x0000000017862000 JavaThread "Signal Dispatcher" daemon [_thread_blocked, id=9136, stack(0x0000000018cc0000,0x0000000018dc0000)]
  0x0000000002c3c000 JavaThread "Finalizer" daemon [_thread_blocked, id=7944, stack(0x0000000018ad0000,0x0000000018bd0000)]
  0x0000000017849000 JavaThread "Reference Handler" daemon [_thread_blocked, id=5000, stack(0x00000000189d0000,0x0000000018ad0000)]
  0x0000000002b3e000 JavaThread "main" [_thread_blocked, id=2616, stack(0x0000000002960000,0x0000000002a60000)]

Other Threads:
  0x0000000017826800 VMThread [stack: 0x00000000188d0000,0x00000000189d0000] [id=10972]
  0x00000000178bb800 WatcherThread [stack: 0x00000000196c0000,0x00000000197c0000] [id=1068]

VM state:not at safepoint (normal execution)

VM Mutex/Monitor currently owned by a thread: None

heap address: 0x0000000080000000, size: 2048 MB, Compressed Oops mode: 32-bit
Narrow klass base: 0x0000000000000000, Narrow klass shift: 3
Compressed class space size: 1073741824 Address: 0x0000000100000000

Heap:
 PSYoungGen      total 302592K, used 198373K [0x00000000d5580000, 0x00000000ec000000, 0x0000000100000000)
  eden space 275456K, 62% used [0x00000000d5580000,0x00000000dfcbeeb0,0x00000000e6280000)
  from space 27136K, 99% used [0x00000000e8980000,0x00000000ea3fa770,0x00000000ea400000)
  to   space 39936K, 0% used [0x00000000e6280000,0x00000000e6280000,0x00000000e8980000)
 ParOldGen       total 144384K, used 62809K [0x0000000080000000, 0x0000000088d00000, 0x00000000d5580000)
  object space 144384K, 43% used [0x0000000080000000,0x0000000083d56488,0x0000000088d00000)
 Metaspace       used 79665K, capacity 83624K, committed 83736K, reserved 1122304K
  class space    used 11024K, capacity 11799K, committed 11824K, reserved 1048576K

Card table byte_map: [0x0000000012000000,0x0000000012410000] byte_map_base: 0x0000000011c00000

Marking Bits: (ParMarkBitMap*) 0x00000000601ff030
 Begin Bits: [0x0000000012ac0000, 0x0000000014ac0000)
 End Bits:   [0x0000000014ac0000, 0x0000000016ac0000)

Polling page: 0x0000000000f60000

CodeCache: size=245760Kb used=28574Kb max_used=28579Kb free=217185Kb
 bounds [0x0000000002c40000, 0x0000000004850000, 0x0000000011c40000]
 total_blobs=10020 nmethods=9190 adapters=742
 compilation: enabled

Compilation events (10 events):
Event: 16.150 Thread 0x000000001787d800 nmethod 10413 0x000000000483eb50 code [0x000000000483ecc0, 0x000000000483eeb0]
Event: 16.150 Thread 0x000000001787d800 10414       2       com.android.tools.r8.q.a.a.b.X$a::c (8 bytes)
Event: 16.151 Thread 0x000000001787d800 nmethod 10414 0x000000000483e450 code [0x000000000483e5c0, 0x000000000483e898]
Event: 16.151 Thread 0x000000001787d800 10415       2       com.android.tools.r8.s.b.p::hasPrevious (10 bytes)
Event: 16.151 Thread 0x000000001787d800 nmethod 10415 0x000000000483e0d0 code [0x000000000483e240, 0x000000000483e3c8]
Event: 16.151 Thread 0x000000001787d800 10416       2       java.lang.Integer::compareTo (9 bytes)
Event: 16.151 Thread 0x000000001787d800 nmethod 10416 0x000000000483dd10 code [0x000000000483de60, 0x000000000483e010]
Event: 16.151 Thread 0x000000001787d800 10418       2       com.android.tools.r8.ir.regalloc.a::a (8 bytes)
Event: 16.151 Thread 0x000000001787d800 nmethod 10418 0x000000000483d9d0 code [0x000000000483db20, 0x000000000483dc70]
Event: 16.151 Thread 0x000000001787d800 10417       2       java.lang.Integer::compareTo (12 bytes)

GC Heap History (10 events):
Event: 7.014 GC heap before
{Heap before GC invocations=11 (full 2):
 PSYoungGen      total 220672K, used 207360K [0x00000000d5580000, 0x00000000e3d80000, 0x0000000100000000)
  eden space 207360K, 100% used [0x00000000d5580000,0x00000000e2000000,0x00000000e2000000)
  from space 13312K, 0% used [0x00000000e2d80000,0x00000000e2d80000,0x00000000e3a80000)
  to   space 13824K, 0% used [0x00000000e2000000,0x00000000e2000000,0x00000000e2d80000)
 ParOldGen       total 89088K, used 15252K [0x0000000080000000, 0x0000000085700000, 0x00000000d5580000)
  object space 89088K, 17% used [0x0000000080000000,0x0000000080ee5340,0x0000000085700000)
 Metaspace       used 45442K, capacity 47198K, committed 47528K, reserved 1089536K
  class space    used 6137K, capacity 6477K, committed 6576K, reserved 1048576K
Event: 7.035 GC heap after
Heap after GC invocations=11 (full 2):
 PSYoungGen      total 221184K, used 13793K [0x00000000d5580000, 0x00000000e6d80000, 0x0000000100000000)
  eden space 207360K, 0% used [0x00000000d5580000,0x00000000d5580000,0x00000000e2000000)
  from space 13824K, 99% used [0x00000000e2000000,0x00000000e2d787c0,0x00000000e2d80000)
  to   space 17408K, 0% used [0x00000000e5c80000,0x00000000e5c80000,0x00000000e6d80000)
 ParOldGen       total 89088K, used 19885K [0x0000000080000000, 0x0000000085700000, 0x00000000d5580000)
  object space 89088K, 22% used [0x0000000080000000,0x000000008136b500,0x0000000085700000)
 Metaspace       used 45442K, capacity 47198K, committed 47528K, reserved 1089536K
  class space    used 6137K, capacity 6477K, committed 6576K, reserved 1048576K
}
Event: 9.246 GC heap before
{Heap before GC invocations=12 (full 2):
 PSYoungGen      total 221184K, used 157972K [0x00000000d5580000, 0x00000000e6d80000, 0x0000000100000000)
  eden space 207360K, 69% used [0x00000000d5580000,0x00000000de24cb10,0x00000000e2000000)
  from space 13824K, 99% used [0x00000000e2000000,0x00000000e2d787c0,0x00000000e2d80000)
  to   space 17408K, 0% used [0x00000000e5c80000,0x00000000e5c80000,0x00000000e6d80000)
 ParOldGen       total 89088K, used 19885K [0x0000000080000000, 0x0000000085700000, 0x00000000d5580000)
  object space 89088K, 22% used [0x0000000080000000,0x000000008136b500,0x0000000085700000)
 Metaspace       used 56922K, capacity 59082K, committed 59160K, reserved 1099776K
  class space    used 7711K, capacity 8180K, committed 8240K, reserved 1048576K
Event: 9.274 GC heap after
Heap after GC invocations=12 (full 2):
 PSYoungGen      total 263168K, used 17388K [0x00000000d5580000, 0x00000000e7600000, 0x0000000100000000)
  eden space 245760K, 0% used [0x00000000d5580000,0x00000000d5580000,0x00000000e4580000)
  from space 17408K, 99% used [0x00000000e5c80000,0x00000000e6d7b310,0x00000000e6d80000)
  to   space 23552K, 0% used [0x00000000e4580000,0x00000000e4580000,0x00000000e5c80000)
 ParOldGen       total 89088K, used 29610K [0x0000000080000000, 0x0000000085700000, 0x00000000d5580000)
  object space 89088K, 33% used [0x0000000080000000,0x0000000081ceabb0,0x0000000085700000)
 Metaspace       used 56922K, capacity 59082K, committed 59160K, reserved 1099776K
  class space    used 7711K, capacity 8180K, committed 8240K, reserved 1048576K
}
Event: 9.274 GC heap before
{Heap before GC invocations=13 (full 3):
 PSYoungGen      total 263168K, used 17388K [0x00000000d5580000, 0x00000000e7600000, 0x0000000100000000)
  eden space 245760K, 0% used [0x00000000d5580000,0x00000000d5580000,0x00000000e4580000)
  from space 17408K, 99% used [0x00000000e5c80000,0x00000000e6d7b310,0x00000000e6d80000)
  to   space 23552K, 0% used [0x00000000e4580000,0x00000000e4580000,0x00000000e5c80000)
 ParOldGen       total 89088K, used 29610K [0x0000000080000000, 0x0000000085700000, 0x00000000d5580000)
  object space 89088K, 33% used [0x0000000080000000,0x0000000081ceabb0,0x0000000085700000)
 Metaspace       used 56922K, capacity 59082K, committed 59160K, reserved 1099776K
  class space    used 7711K, capacity 8180K, committed 8240K, reserved 1048576K
Event: 9.501 GC heap after
Heap after GC invocations=13 (full 3):
 PSYoungGen      total 263168K, used 0K [0x00000000d5580000, 0x00000000e7600000, 0x0000000100000000)
  eden space 245760K, 0% used [0x00000000d5580000,0x00000000d5580000,0x00000000e4580000)
  from space 17408K, 0% used [0x00000000e5c80000,0x00000000e5c80000,0x00000000e6d80000)
  to   space 23552K, 0% used [0x00000000e4580000,0x00000000e4580000,0x00000000e5c80000)
 ParOldGen       total 144384K, used 39549K [0x0000000080000000, 0x0000000088d00000, 0x00000000d5580000)
  object space 144384K, 27% used [0x0000000080000000,0x000000008269f688,0x0000000088d00000)
 Metaspace       used 56911K, capacity 59046K, committed 59160K, reserved 1099776K
  class space    used 7707K, capacity 8174K, committed 8240K, reserved 1048576K
}
Event: 12.909 GC heap before
{Heap before GC invocations=14 (full 3):
 PSYoungGen      total 263168K, used 245760K [0x00000000d5580000, 0x00000000e7600000, 0x0000000100000000)
  eden space 245760K, 100% used [0x00000000d5580000,0x00000000e4580000,0x00000000e4580000)
  from space 17408K, 0% used [0x00000000e5c80000,0x00000000e5c80000,0x00000000e6d80000)
  to   space 23552K, 0% used [0x00000000e4580000,0x00000000e4580000,0x00000000e5c80000)
 ParOldGen       total 144384K, used 39549K [0x0000000080000000, 0x0000000088d00000, 0x00000000d5580000)
  object space 144384K, 27% used [0x0000000080000000,0x000000008269f688,0x0000000088d00000)
 Metaspace       used 66521K, capacity 69522K, committed 69656K, reserved 1110016K
  class space    used 9110K, capacity 9690K, committed 9776K, reserved 1048576K
Event: 12.945 GC heap after
Heap after GC invocations=14 (full 3):
 PSYoungGen      total 269312K, used 22678K [0x00000000d5580000, 0x00000000ea400000, 0x0000000100000000)
  eden space 245760K, 0% used [0x00000000d5580000,0x00000000d5580000,0x00000000e4580000)
  from space 23552K, 96% used [0x00000000e4580000,0x00000000e5ba5928,0x00000000e5c80000)
  to   space 27136K, 0% used [0x00000000e8980000,0x00000000e8980000,0x00000000ea400000)
 ParOldGen       total 144384K, used 39557K [0x0000000080000000, 0x0000000088d00000, 0x00000000d5580000)
  object space 144384K, 27% used [0x0000000080000000,0x00000000826a1688,0x0000000088d00000)
 Metaspace       used 66521K, capacity 69522K, committed 69656K, reserved 1110016K
  class space    used 9110K, capacity 9690K, committed 9776K, reserved 1048576K
}
Event: 14.939 GC heap before
{Heap before GC invocations=15 (full 3):
 PSYoungGen      total 269312K, used 268438K [0x00000000d5580000, 0x00000000ea400000, 0x0000000100000000)
  eden space 245760K, 100% used [0x00000000d5580000,0x00000000e4580000,0x00000000e4580000)
  from space 23552K, 96% used [0x00000000e4580000,0x00000000e5ba5928,0x00000000e5c80000)
  to   space 27136K, 0% used [0x00000000e8980000,0x00000000e8980000,0x00000000ea400000)
 ParOldGen       total 144384K, used 39557K [0x0000000080000000, 0x0000000088d00000, 0x00000000d5580000)
  object space 144384K, 27% used [0x0000000080000000,0x00000000826a1688,0x0000000088d00000)
 Metaspace       used 74180K, capacity 77592K, committed 77720K, reserved 1116160K
  class space    used 10168K, capacity 10803K, committed 10928K, reserved 1048576K
Event: 14.993 GC heap after
Heap after GC invocations=15 (full 3):
 PSYoungGen      total 302592K, used 27113K [0x00000000d5580000, 0x00000000ec000000, 0x0000000100000000)
  eden space 275456K, 0% used [0x00000000d5580000,0x00000000d5580000,0x00000000e6280000)
  from space 27136K, 99% used [0x00000000e8980000,0x00000000ea3fa770,0x00000000ea400000)
  to   space 39936K, 0% used [0x00000000e6280000,0x00000000e6280000,0x00000000e8980000)
 ParOldGen       total 144384K, used 62809K [0x0000000080000000, 0x0000000088d00000, 0x00000000d5580000)
  object space 144384K, 43% used [0x0000000080000000,0x0000000083d56488,0x0000000088d00000)
 Metaspace       used 74180K, capacity 77592K, committed 77720K, reserved 1116160K
  class space    used 10168K, capacity 10803K, committed 10928K, reserved 1048576K
}

Deoptimization events (10 events):
Event: 15.923 Thread 0x000000001bbcc000 Uncommon trap: reason=unstable_if action=reinterpret pc=0x0000000003e792ec method=java.util.HashMap.putVal(ILjava/lang/Object;Ljava/lang/Object;ZZ)Ljava/lang/Object; @ 236
Event: 15.926 Thread 0x000000001e515000 Uncommon trap: reason=class_check action=maybe_recompile pc=0x0000000004552b50 method=com.android.tools.build.apkzlib.zip.CentralDirectoryHeader.getCompressionInfoWithWait()Lcom/android/tools/build/apkzlib/zip/CentralDirectoryHeaderCompressInfo; @ 4
Event: 15.972 Thread 0x000000001bbcb000 Uncommon trap: reason=bimorphic action=maybe_recompile pc=0x00000000046a9878 method=com.android.tools.r8.q.a.a.a.v.hash(Ljava/lang/Object;)I @ 8
Event: 15.972 Thread 0x000000001bbcb000 Uncommon trap: reason=bimorphic action=maybe_recompile pc=0x00000000046a9878 method=com.android.tools.r8.q.a.a.a.v.hash(Ljava/lang/Object;)I @ 8
Event: 15.983 Thread 0x000000001bbcb000 Uncommon trap: reason=bimorphic action=maybe_recompile pc=0x00000000046a9878 method=com.android.tools.r8.q.a.a.a.v.hash(Ljava/lang/Object;)I @ 8
Event: 15.984 Thread 0x000000001bbcb000 Uncommon trap: reason=bimorphic action=maybe_recompile pc=0x00000000046a9878 method=com.android.tools.r8.q.a.a.a.v.hash(Ljava/lang/Object;)I @ 8
Event: 16.009 Thread 0x000000001bbcc000 Uncommon trap: reason=bimorphic action=maybe_recompile pc=0x00000000047c816c method=java.util.Spliterators$IteratorSpliterator.tryAdvance(Ljava/util/function/Consumer;)Z @ 63
Event: 16.012 Thread 0x000000001bbcb000 Uncommon trap: reason=bimorphic action=maybe_recompile pc=0x00000000047c816c method=java.util.Spliterators$IteratorSpliterator.tryAdvance(Ljava/util/function/Consumer;)Z @ 63
Event: 16.012 Thread 0x000000001bbcb000 Uncommon trap: reason=bimorphic action=maybe_recompile pc=0x00000000047c816c method=java.util.Spliterators$IteratorSpliterator.tryAdvance(Ljava/util/function/Consumer;)Z @ 63
Event: 16.088 Thread 0x000000001bbcc000 Uncommon trap: reason=bimorphic action=maybe_recompile pc=0x00000000047c816c method=java.util.Spliterators$IteratorSpliterator.tryAdvance(Ljava/util/function/Consumer;)Z @ 63

Classes redefined (0 events):
No events

Internal exceptions (10 events):
Event: 14.301 Thread 0x000000001e515000 Exception <a 'java/lang/NoSuchMethodError': java.lang.Object.newSystemTemporaryDirectory()Lcom/android/tools/build/apkzlib/bytestorage/TemporaryDirectory;> (0x00000000de9dbe98) thrown at [C:\src\AOSP-openjdk-git\hotspot\src\share\vm\interpreter\linkResolv
Event: 14.425 Thread 0x000000001bbcc000 Exception <a 'java/lang/NoSuchMethodError': java.lang.Object.lambda$static$0(Ljava/lang/String;)Z> (0x00000000df3ed178) thrown at [C:\src\AOSP-openjdk-git\hotspot\src\share\vm\interpreter\linkResolver.cpp, line 620]
Event: 14.774 Thread 0x000000001bbcc000 Exception <a 'sun/nio/fs/WindowsException'> (0x00000000e35ad4c8) thrown at [C:\src\AOSP-openjdk-git\hotspot\src\share\vm\prims\jni.cpp, line 710]
Event: 14.774 Thread 0x000000001bbcb000 Exception <a 'sun/nio/fs/WindowsException'> (0x00000000e348a110) thrown at [C:\src\AOSP-openjdk-git\hotspot\src\share\vm\prims\jni.cpp, line 710]
Event: 15.439 Thread 0x000000001bbcb000 Exception <a 'java/lang/IncompatibleClassChangeError': Found class java.lang.Object, but interface was expected> (0x00000000d9ab5e20) thrown at [C:\src\AOSP-openjdk-git\hotspot\src\share\vm\interpreter\linkResolver.cpp, line 653]
Event: 15.445 Thread 0x000000001bbcb000 Implicit null exception at 0x000000000464559b to 0x000000000464567d
Event: 15.445 Thread 0x000000001bbcb000 Implicit null exception at 0x000000000464559b to 0x000000000464567d
Event: 15.894 Thread 0x000000001bbcb000 Exception <a 'java/lang/NoSuchMethodError': java.lang.Object.b(Lcom/android/tools/r8/graph/p1$b;)Lcom/android/tools/r8/graph/p1$b;> (0x00000000dcc48ec8) thrown at [C:\src\AOSP-openjdk-git\hotspot\src\share\vm\interpreter\linkResolver.cpp, line 620]
Event: 15.989 Thread 0x000000001bbcb000 Exception <a 'java/lang/NoSuchMethodError': java.lang.Object.lambda$comparingInt$7b0bb60$1(Ljava/util/function/ToIntFunction;Ljava/lang/Object;Ljava/lang/Object;)I> (0x00000000de2860f8) thrown at [C:\src\AOSP-openjdk-git\hotspot\src\share\vm\interpreter\l
Event: 15.989 Thread 0x000000001bbcb000 Exception <a 'java/lang/NoSuchMethodError': java.lang.Object.lambda$maxBy$1(Ljava/util/Comparator;Ljava/lang/Object;Ljava/lang/Object;)Ljava/lang/Object;> (0x00000000de28aa40) thrown at [C:\src\AOSP-openjdk-git\hotspot\src\share\vm\interpreter\linkResolve

Events (10 events):
Event: 16.128 loading class com/android/tools/build/apkzlib/zip/ZFile
Event: 16.128 loading class com/android/tools/build/apkzlib/zip/ZFile done
Event: 16.131 loading class com/android/tools/build/apkzlib/utils/CachedFileContents
Event: 16.131 loading class com/android/tools/build/apkzlib/utils/CachedFileContents done
Event: 16.132 loading class com/android/tools/build/apkzlib/zip/ZFileExtension
Event: 16.132 loading class com/android/tools/build/apkzlib/zip/ZFileExtension done
Event: 16.133 loading class com/android/tools/build/apkzlib/utils/IOExceptionFunction
Event: 16.133 loading class com/android/tools/build/apkzlib/utils/IOExceptionFunction done
Event: 16.145 loading class com/android/tools/r8/code/M
Event: 16.145 loading class com/android/tools/r8/code/M done


Dynamic libraries:
0x00007ff725200000 - 0x00007ff725231000 	C:\Program Files\Android\Android Studio\jre\bin\java.exe
0x00007ffe4bc40000 - 0x00007ffe4be21000 	C:\Windows\SYSTEM32\ntdll.dll
0x00007ffe4b5b0000 - 0x00007ffe4b662000 	C:\Windows\System32\KERNEL32.DLL
0x00007ffe48850000 - 0x00007ffe48ac3000 	C:\Windows\System32\KERNELBASE.dll
0x00007ffe4b670000 - 0x00007ffe4b711000 	C:\Windows\System32\ADVAPI32.dll
0x00007ffe4b730000 - 0x00007ffe4b7ce000 	C:\Windows\System32\msvcrt.dll
0x00007ffe4b2c0000 - 0x00007ffe4b31b000 	C:\Windows\System32\sechost.dll
0x00007ffe4bae0000 - 0x00007ffe4bc04000 	C:\Windows\System32\RPCRT4.dll
0x00007ffe4b0d0000 - 0x00007ffe4b260000 	C:\Windows\System32\USER32.dll
0x00007ffe48f10000 - 0x00007ffe48f30000 	C:\Windows\System32\win32u.dll
0x00007ffe4b580000 - 0x00007ffe4b5a8000 	C:\Windows\System32\GDI32.dll
0x00007ffe48f30000 - 0x00007ffe490c2000 	C:\Windows\System32\gdi32full.dll
0x00007ffe48e20000 - 0x00007ffe48ebf000 	C:\Windows\System32\msvcp_win.dll
0x00007ffe48d20000 - 0x00007ffe48e1a000 	C:\Windows\System32\ucrtbase.dll
0x00007ffe38ac0000 - 0x00007ffe38d29000 	C:\Windows\WinSxS\amd64_microsoft.windows.common-controls_6595b64144ccf1df_6.0.17134.112_none_fb3f961b30681c12\COMCTL32.dll
0x00007ffe4a6d0000 - 0x00007ffe4a9f3000 	C:\Windows\System32\combase.dll
0x00007ffe48010000 - 0x00007ffe4808a000 	C:\Windows\System32\bcryptPrimitives.dll
0x00007ffe491b0000 - 0x00007ffe491dd000 	C:\Windows\System32\IMM32.DLL
0x000000005f950000 - 0x000000005fa22000 	C:\Program Files\Android\Android Studio\jre\jre\bin\msvcr100.dll
0x000000005fa30000 - 0x000000006027b000 	C:\Program Files\Android\Android Studio\jre\jre\bin\server\jvm.dll
0x00007ffe4b720000 - 0x00007ffe4b728000 	C:\Windows\System32\PSAPI.DLL
0x00007ffe341c0000 - 0x00007ffe341c9000 	C:\Windows\SYSTEM32\WSOCK32.dll
0x00007ffe4ac00000 - 0x00007ffe4ac6c000 	C:\Windows\System32\WS2_32.dll
0x00007ffe35090000 - 0x00007ffe3509a000 	C:\Windows\SYSTEM32\VERSION.dll
0x00007ffe435b0000 - 0x00007ffe435d3000 	C:\Windows\SYSTEM32\WINMM.dll
0x00007ffe43580000 - 0x00007ffe435aa000 	C:\Windows\SYSTEM32\WINMMBASE.dll
0x00007ffe48ec0000 - 0x00007ffe48f09000 	C:\Windows\System32\cfgmgr32.dll
0x00007ffe444e0000 - 0x00007ffe444ef000 	C:\Program Files\Android\Android Studio\jre\jre\bin\verify.dll
0x00007ffe42530000 - 0x00007ffe42559000 	C:\Program Files\Android\Android Studio\jre\jre\bin\java.dll
0x00007ffe42dd0000 - 0x00007ffe42de6000 	C:\Program Files\Android\Android Studio\jre\jre\bin\zip.dll
0x00007ffe491e0000 - 0x00007ffe4a620000 	C:\Windows\System32\SHELL32.dll
0x00007ffe4a620000 - 0x00007ffe4a6c9000 	C:\Windows\System32\shcore.dll
0x00007ffe48140000 - 0x00007ffe4884d000 	C:\Windows\System32\windows.storage.dll
0x00007ffe4b520000 - 0x00007ffe4b571000 	C:\Windows\System32\shlwapi.dll
0x00007ffe47fa0000 - 0x00007ffe47fb1000 	C:\Windows\System32\kernel.appcore.dll
0x00007ffe47f60000 - 0x00007ffe47f7f000 	C:\Windows\System32\profapi.dll
0x00007ffe47fc0000 - 0x00007ffe4800c000 	C:\Windows\System32\powrprof.dll
0x00007ffe47f50000 - 0x00007ffe47f5a000 	C:\Windows\System32\FLTLIB.DLL
0x00007ffe42470000 - 0x00007ffe4248a000 	C:\Program Files\Android\Android Studio\jre\jre\bin\net.dll
0x00007ffe477d0000 - 0x00007ffe47836000 	C:\Windows\system32\mswsock.dll
0x00007ffe42370000 - 0x00007ffe42383000 	C:\Program Files\Android\Android Studio\jre\jre\bin\nio.dll
0x00007ffe39730000 - 0x00007ffe39757000 	C:\Users\user\.gradle\native\f6784746aeab05261644944871eae4fe03e0ef1612fff0a4a95f87b438bc6780\windows-amd64\native-platform.dll
0x00007ffe424a0000 - 0x00007ffe424ad000 	C:\Program Files\Android\Android Studio\jre\jre\bin\management.dll
0x00007ffe47980000 - 0x00007ffe47997000 	C:\Windows\SYSTEM32\CRYPTSP.dll
0x00007ffe473b0000 - 0x00007ffe473e3000 	C:\Windows\system32\rsaenh.dll
0x00007ffe47ab0000 - 0x00007ffe47ad5000 	C:\Windows\SYSTEM32\bcrypt.dll
0x00007ffe47e50000 - 0x00007ffe47e78000 	C:\Windows\SYSTEM32\USERENV.dll
0x00007ffe479a0000 - 0x00007ffe479ab000 	C:\Windows\SYSTEM32\CRYPTBASE.dll
0x00007ffe47550000 - 0x00007ffe47588000 	C:\Windows\SYSTEM32\IPHLPAPI.DLL
0x00007ffe4b0c0000 - 0x00007ffe4b0c8000 	C:\Windows\System32\NSI.dll
0x00007ffe3d0e0000 - 0x00007ffe3d0f6000 	C:\Windows\SYSTEM32\dhcpcsvc6.DLL
0x00007ffe3f0d0000 - 0x00007ffe3f0ea000 	C:\Windows\SYSTEM32\dhcpcsvc.DLL
0x00007ffe3f060000 - 0x00007ffe3f06b000 	C:\Windows\SYSTEM32\WINNSI.DLL

VM Arguments:
jvm_args: -Xmx2048m -Dfile.encoding=UTF-8 -Duser.country=US -Duser.language=en -Duser.variant 
java_command: org.gradle.launcher.daemon.bootstrap.GradleDaemon 6.5
java_class_path (initial): C:\Users\user\.gradle\wrapper\dists\gradle-6.5-bin\6nifqtx7604sqp1q6g8wikw7p\gradle-6.5\lib\gradle-launcher-6.5.jar
Launcher Type: SUN_STANDARD

Environment Variables:
PATH=C:\Program Files (x86)\Common Files\Oracle\Java\javapath;C:\ProgramData\Oracle\Java\javapath;C:\Windows\system32;C:\Windows;C:\Windows\System32\Wbem;C:\Windows\System32\WindowsPowerShell\v1.0\;C:\Windows\System32\OpenSSH\;C:\Program Files\Microsoft\Web Platform Installer\;C:\Program Files (x86)\Microsoft ASP.NET\ASP.NET Web Pages\v1.0\;C:\Program Files\Microsoft SQL Server\110\Tools\Binn\;c:\Program Files (x86)\Microsoft SQL Server\100\Tools\Binn\;c:\Program Files\Microsoft SQL Server\100\Tools\Binn\;c:\Program Files\Microsoft SQL Server\100\DTS\Binn\;C:\Program Files\Java\jre1.8.0_271\bin;C:\Program Files\Git\cmd;C:\Program Files\nodejs\;C:\Users\user\AppData\Local\Programs\Python\Python38\Scripts\;C:\Users\user\AppData\Local\Programs\Python\Python38\;C:\Users\user\AppData\Local\Microsoft\WindowsApps;C:\Program Files\JetBrains\PyCharm Community Edition 2019.2.5\bin;C:\source\flutter\flutter\bin;C:\Program Files\heroku\bin;C:\Program Files (x86)\Common Files\Java;C:\Users\user\IntelliJ IDEA Community Edition 2020.2.3\bin;C:\Users\user\AppData\Local\Programs\Microsoft VS Code\bin;C:\Users\user\AppData\Roaming\npm;C:\Users\user\AppData\Local\hyper\app-3.0.2\resources\bin;C:\MinGW\bin;
USERNAME=Osemudiamen-Itua
OS=Windows_NT
PROCESSOR_IDENTIFIER=Intel64 Family 6 Model 61 Stepping 4, GenuineIntel



---------------  S Y S T E M  ---------------

OS: Windows 10.0 , 64 bit Build 17134 (10.0.17134.1)

CPU:total 4 (initial active 4) (2 cores per cpu, 2 threads per core) family 6 model 61 stepping 4, cmov, cx8, fxsr, mmx, sse, sse2, sse3, ssse3, sse4.1, sse4.2, popcnt, avx, avx2, aes, clmul, erms, rtm, 3dnowpref, lzcnt, ht, tsc, tscinvbit, bmi1, bmi2, adx

Memory: 4k page, physical 8077532k(1069128k free), swap 8077532k(5952k free)

vm_info: OpenJDK 64-Bit Server VM (25.242-b01) for windows-amd64 JRE (1.8.0_242-release-1644-b01), built by "builder" with MS VC++ 10.0 (VS2010)

time: Wed May 19 16:39:19 2021
timezone: W. Central Africa Standard Time
elapsed time: 16 seconds (0d 0h 0m 16s)

