#
# There is insufficient memory for the Java Runtime Environment to continue.
# Native memory allocation (malloc) failed to allocate 1094416 bytes for Chunk::new
# Possible reasons:
#   The system is out of physical RAM or swap space
#   The process is running with CompressedOops enabled, and the Java Heap may be blocking the growth of the native heap
# Possible solutions:
#   Reduce memory load on the system
#   Increase physical memory or swap space
#   Check if swap backing store is full
#   Decrease Java heap size (-Xmx/-Xms)
#   Decrease number of Java threads
#   Decrease Java thread stack sizes (-Xss)
#   Set larger code cache with -XX:ReservedCodeCacheSize=
#   JVM is running with Unscaled Compressed Oops mode in which the Java heap is
#     placed in the first 4GB address space. The Java Heap base address is the
#     maximum limit for the native heap growth. Please use -XX:HeapBaseMinAddress
#     to set the Java Heap base and to place the Java Heap above 4GB virtual address.
# This output file may be truncated or incomplete.
#
#  Out of Memory Error (allocation.cpp:389), pid=10364, tid=0x0000000000001cd0
#
# JRE version: OpenJDK Runtime Environment (8.0_242-b01) (build 1.8.0_242-release-1644-b01)
# Java VM: OpenJDK 64-Bit Server VM (25.242-b01 mixed mode windows-amd64 compressed oops)
# Failed to write core dump. Minidumps are not enabled by default on client versions of Windows
#

---------------  T H R E A D  ---------------

Current thread (0x0000000017a68800):  JavaThread "C2 CompilerThread0" daemon [_thread_in_native, id=7376, stack(0x00000000190b0000,0x00000000191b0000)]

Stack: [0x00000000190b0000,0x00000000191b0000]
[error occurred during error reporting (printing stack bounds), id 0xc0000005]

Native frames: (J=compiled Java code, j=interpreted, Vv=VM code, C=native code)


Current CompileTask:
C2:   8218 4835  s    4       sun.misc.Resource::cachedInputStream (20 bytes)


---------------  P R O C E S S  ---------------

Java Threads: ( => current thread )
  0x0000000023bd3800 JavaThread "jar transforms Thread 113" [_thread_blocked, id=10696, stack(0x000000002b030000,0x000000002b130000)]
  0x0000000023bce000 JavaThread "jar transforms Thread 112" [_thread_blocked, id=7440, stack(0x000000002af30000,0x000000002b030000)]
  0x0000000023bd0800 JavaThread "jar transforms Thread 111" [_thread_blocked, id=3032, stack(0x000000002ae30000,0x000000002af30000)]
  0x0000000023bd1000 JavaThread "jar transforms Thread 110" [_thread_blocked, id=4508, stack(0x000000002ad30000,0x000000002ae30000)]
  0x0000000023bcf800 JavaThread "jar transforms Thread 109" [_thread_blocked, id=10304, stack(0x000000002ac30000,0x000000002ad30000)]
  0x0000000023bcd800 JavaThread "jar transforms Thread 108" [_thread_blocked, id=11636, stack(0x000000002ab30000,0x000000002ac30000)]
  0x0000000023bd2800 JavaThread "jar transforms Thread 107" [_thread_blocked, id=6848, stack(0x000000002aa30000,0x000000002ab30000)]
  0x0000000023bd2000 JavaThread "jar transforms Thread 106" [_thread_blocked, id=12132, stack(0x000000002a930000,0x000000002aa30000)]
  0x0000000023bc6000 JavaThread "jar transforms Thread 105" [_thread_blocked, id=7388, stack(0x000000002a830000,0x000000002a930000)]
  0x0000000023bcc000 JavaThread "jar transforms Thread 104" [_thread_blocked, id=2704, stack(0x000000002a730000,0x000000002a830000)]
  0x0000000023bcc800 JavaThread "jar transforms Thread 103" [_thread_blocked, id=2308, stack(0x000000002a630000,0x000000002a730000)]
  0x0000000023bcb000 JavaThread "jar transforms Thread 102" [_thread_blocked, id=4216, stack(0x000000002a530000,0x000000002a630000)]
  0x0000000023bc9800 JavaThread "jar transforms Thread 101" [_thread_blocked, id=1212, stack(0x000000002a430000,0x000000002a530000)]
  0x0000000023bc9000 JavaThread "jar transforms Thread 100" [_thread_blocked, id=11428, stack(0x000000002a330000,0x000000002a430000)]
  0x0000000023bc8000 JavaThread "jar transforms Thread 99" [_thread_blocked, id=7048, stack(0x000000002a230000,0x000000002a330000)]
  0x0000000023bc5000 JavaThread "jar transforms Thread 98" [_thread_blocked, id=3704, stack(0x000000002a130000,0x000000002a230000)]
  0x0000000023bca800 JavaThread "jar transforms Thread 97" [_thread_blocked, id=11328, stack(0x000000002a030000,0x000000002a130000)]
  0x0000000023bc6800 JavaThread "jar transforms Thread 96" [_thread_blocked, id=11984, stack(0x0000000029f30000,0x000000002a030000)]
  0x0000000023bc7800 JavaThread "jar transforms Thread 95" [_thread_blocked, id=9736, stack(0x0000000029e30000,0x0000000029f30000)]
  0x000000001e0b8800 JavaThread "jar transforms Thread 94" [_thread_blocked, id=11932, stack(0x0000000029d30000,0x0000000029e30000)]
  0x000000001e0b7000 JavaThread "jar transforms Thread 93" [_thread_blocked, id=11928, stack(0x0000000029c30000,0x0000000029d30000)]
  0x000000001e0b6000 JavaThread "jar transforms Thread 92" [_thread_blocked, id=9924, stack(0x0000000029b30000,0x0000000029c30000)]
  0x000000001e0b5800 JavaThread "jar transforms Thread 91" [_thread_blocked, id=4576, stack(0x0000000029a30000,0x0000000029b30000)]
  0x000000001e0b4800 JavaThread "jar transforms Thread 90" [_thread_blocked, id=964, stack(0x0000000029930000,0x0000000029a30000)]
  0x000000001e0b7800 JavaThread "jar transforms Thread 89" [_thread_blocked, id=6296, stack(0x0000000029830000,0x0000000029930000)]
  0x000000001e0ad000 JavaThread "jar transforms Thread 88" [_thread_blocked, id=9420, stack(0x0000000029730000,0x0000000029830000)]
  0x000000001e0b4000 JavaThread "jar transforms Thread 87" [_thread_blocked, id=10360, stack(0x0000000029630000,0x0000000029730000)]
  0x000000001e0b3000 JavaThread "jar transforms Thread 86" [_thread_blocked, id=9700, stack(0x0000000029530000,0x0000000029630000)]
  0x000000001e0ab800 JavaThread "jar transforms Thread 85" [_thread_blocked, id=6896, stack(0x0000000029430000,0x0000000029530000)]
  0x000000001e0b2800 JavaThread "jar transforms Thread 84" [_thread_blocked, id=12152, stack(0x0000000029330000,0x0000000029430000)]
  0x000000001e0ab000 JavaThread "jar transforms Thread 83" [_thread_blocked, id=8972, stack(0x0000000029230000,0x0000000029330000)]
  0x000000001e0b1800 JavaThread "jar transforms Thread 82" [_thread_blocked, id=12224, stack(0x0000000029130000,0x0000000029230000)]
  0x000000001e0aa000 JavaThread "jar transforms Thread 81" [_thread_blocked, id=7556, stack(0x0000000029030000,0x0000000029130000)]
  0x000000001e0ac800 JavaThread "jar transforms Thread 80" [_thread_blocked, id=10896, stack(0x0000000028f30000,0x0000000029030000)]
  0x000000001e0b1000 JavaThread "jar transforms Thread 79" [_thread_blocked, id=10744, stack(0x0000000028e30000,0x0000000028f30000)]
  0x000000001e0a9800 JavaThread "jar transforms Thread 78" [_thread_blocked, id=6744, stack(0x0000000028d30000,0x0000000028e30000)]
  0x000000001e0b0000 JavaThread "jar transforms Thread 77" [_thread_blocked, id=7412, stack(0x0000000028c30000,0x0000000028d30000)]
  0x000000001e0ae800 JavaThread "jar transforms Thread 76" [_thread_blocked, id=10040, stack(0x0000000028b30000,0x0000000028c30000)]
  0x000000001e0af800 JavaThread "jar transforms Thread 75" [_thread_blocked, id=11260, stack(0x0000000028a30000,0x0000000028b30000)]
  0x000000001e0ae000 JavaThread "jar transforms Thread 74" [_thread_blocked, id=8792, stack(0x0000000028930000,0x0000000028a30000)]
  0x000000001e3d2000 JavaThread "jar transforms Thread 73" [_thread_blocked, id=636, stack(0x0000000028830000,0x0000000028930000)]
  0x000000001e3cf000 JavaThread "jar transforms Thread 72" [_thread_blocked, id=6976, stack(0x0000000028730000,0x0000000028830000)]
  0x000000001e3ce000 JavaThread "jar transforms Thread 71" [_thread_blocked, id=7868, stack(0x0000000028630000,0x0000000028730000)]
  0x000000001e3cc800 JavaThread "jar transforms Thread 70" [_thread_blocked, id=11340, stack(0x0000000028530000,0x0000000028630000)]
  0x000000001e3d0800 JavaThread "jar transforms Thread 69" [_thread_blocked, id=9088, stack(0x0000000028430000,0x0000000028530000)]
  0x000000001e3cc000 JavaThread "jar transforms Thread 68" [_thread_blocked, id=1060, stack(0x0000000028330000,0x0000000028430000)]
  0x000000001e3cd800 JavaThread "jar transforms Thread 67" [_thread_blocked, id=1980, stack(0x0000000028230000,0x0000000028330000)]
  0x000000001e3d1000 JavaThread "jar transforms Thread 66" [_thread_blocked, id=10732, stack(0x0000000028130000,0x0000000028230000)]
  0x000000001e3cf800 JavaThread "jar transforms Thread 65" [_thread_blocked, id=9680, stack(0x0000000028030000,0x0000000028130000)]
  0x000000001e3c4800 JavaThread "jar transforms Thread 64" [_thread_blocked, id=2724, stack(0x0000000027f30000,0x0000000028030000)]
  0x000000001e3c9000 JavaThread "jar transforms Thread 63" [_thread_blocked, id=10468, stack(0x0000000027e30000,0x0000000027f30000)]
  0x000000001e3c7800 JavaThread "jar transforms Thread 62" [_thread_blocked, id=900, stack(0x0000000027d30000,0x0000000027e30000)]
  0x000000001e3cb000 JavaThread "jar transforms Thread 61" [_thread_blocked, id=9248, stack(0x0000000027c30000,0x0000000027d30000)]
  0x000000001e3c8000 JavaThread "jar transforms Thread 60" [_thread_blocked, id=11560, stack(0x0000000027b30000,0x0000000027c30000)]
  0x000000001e3ca800 JavaThread "jar transforms Thread 59" [_thread_blocked, id=3420, stack(0x0000000027a30000,0x0000000027b30000)]
  0x000000001e3c3000 JavaThread "jar transforms Thread 58" [_thread_blocked, id=1308, stack(0x0000000027930000,0x0000000027a30000)]
  0x000000001e3c3800 JavaThread "jar transforms Thread 57" [_thread_blocked, id=10112, stack(0x0000000027830000,0x0000000027930000)]
  0x000000001e3c9800 JavaThread "jar transforms Thread 56" [_thread_blocked, id=9788, stack(0x0000000027730000,0x0000000027830000)]
  0x000000001e3c6000 JavaThread "jar transforms Thread 55" [_thread_blocked, id=11052, stack(0x0000000027630000,0x0000000027730000)]
  0x000000001e3c6800 JavaThread "jar transforms Thread 54" [_thread_blocked, id=6868, stack(0x0000000027530000,0x0000000027630000)]
  0x000000001e3c5000 JavaThread "jar transforms Thread 53" [_thread_blocked, id=9468, stack(0x0000000027430000,0x0000000027530000)]
  0x000000001aa22000 JavaThread "jar transforms Thread 52" [_thread_blocked, id=9208, stack(0x0000000027330000,0x0000000027430000)]
  0x000000001aa21800 JavaThread "jar transforms Thread 51" [_thread_blocked, id=6952, stack(0x0000000027230000,0x0000000027330000)]
  0x000000001aa1f000 JavaThread "jar transforms Thread 50" [_thread_blocked, id=11608, stack(0x0000000027130000,0x0000000027230000)]
  0x000000001aa23800 JavaThread "jar transforms Thread 49" [_thread_blocked, id=3928, stack(0x0000000027030000,0x0000000027130000)]
  0x000000001aa1d800 JavaThread "jar transforms Thread 48" [_thread_blocked, id=3468, stack(0x0000000026f30000,0x0000000027030000)]
  0x000000001aa20800 JavaThread "jar transforms Thread 47" [_thread_blocked, id=7128, stack(0x0000000026e30000,0x0000000026f30000)]
  0x000000001aa23000 JavaThread "jar transforms Thread 46" [_thread_blocked, id=5668, stack(0x0000000026d30000,0x0000000026e30000)]
  0x000000001aa1d000 JavaThread "jar transforms Thread 45" [_thread_blocked, id=8744, stack(0x0000000026c30000,0x0000000026d30000)]
  0x000000001aa1c000 JavaThread "jar transforms Thread 44" [_thread_blocked, id=2456, stack(0x0000000026b30000,0x0000000026c30000)]
  0x000000001aa20000 JavaThread "jar transforms Thread 43" [_thread_blocked, id=9084, stack(0x0000000026a30000,0x0000000026b30000)]
  0x000000001aa1e800 JavaThread "jar transforms Thread 42" [_thread_blocked, id=10172, stack(0x0000000026930000,0x0000000026a30000)]
  0x000000001aa14800 JavaThread "jar transforms Thread 41" [_thread_blocked, id=1040, stack(0x0000000026830000,0x0000000026930000)]
  0x000000001aa1a800 JavaThread "jar transforms Thread 40" [_thread_blocked, id=6280, stack(0x0000000026730000,0x0000000026830000)]
  0x000000001aa1a000 JavaThread "jar transforms Thread 39" [_thread_blocked, id=1428, stack(0x0000000026630000,0x0000000026730000)]
  0x000000001aa19000 JavaThread "jar transforms Thread 38" [_thread_blocked, id=11164, stack(0x0000000026530000,0x0000000026630000)]
  0x000000001aa18800 JavaThread "jar transforms Thread 37" [_thread_blocked, id=6536, stack(0x0000000026430000,0x0000000026530000)]
  0x000000001aa17000 JavaThread "jar transforms Thread 36" [_thread_blocked, id=5152, stack(0x0000000026330000,0x0000000026430000)]
  0x000000001aa16000 JavaThread "jar transforms Thread 35" [_thread_blocked, id=3016, stack(0x0000000026230000,0x0000000026330000)]
  0x000000001aa17800 JavaThread "jar transforms Thread 34" [_thread_blocked, id=5868, stack(0x0000000026130000,0x0000000026230000)]
  0x000000001aa1b800 JavaThread "jar transforms Thread 33" [_thread_blocked, id=8836, stack(0x0000000026030000,0x0000000026130000)]
  0x000000001aa15800 JavaThread "jar transforms Thread 32" [_thread_blocked, id=10456, stack(0x0000000025f30000,0x0000000026030000)]
  0x000000001bcd5000 JavaThread "jar transforms Thread 31" [_thread_blocked, id=9968, stack(0x0000000025e30000,0x0000000025f30000)]
  0x000000001bcd4000 JavaThread "jar transforms Thread 30" [_thread_blocked, id=11516, stack(0x0000000025d30000,0x0000000025e30000)]
  0x000000001bcd3800 JavaThread "jar transforms Thread 29" [_thread_blocked, id=11936, stack(0x0000000025c30000,0x0000000025d30000)]
  0x000000001bcd2800 JavaThread "jar transforms Thread 28" [_thread_blocked, id=8708, stack(0x0000000025b30000,0x0000000025c30000)]
  0x000000001bcd2000 JavaThread "jar transforms Thread 27" [_thread_blocked, id=752, stack(0x0000000025a30000,0x0000000025b30000)]
  0x000000001bcd1000 JavaThread "jar transforms Thread 26" [_thread_blocked, id=5016, stack(0x0000000025930000,0x0000000025a30000)]
  0x000000001bcd0800 JavaThread "Build operations Thread 4" [_thread_blocked, id=204, stack(0x0000000025830000,0x0000000025930000)]
  0x000000001bcc9000 JavaThread "Build operations Thread 3" [_thread_blocked, id=10872, stack(0x0000000025730000,0x0000000025830000)]
  0x000000001bccf800 JavaThread "Build operations Thread 2" [_thread_blocked, id=10288, stack(0x0000000025630000,0x0000000025730000)]
  0x000000001bccf000 JavaThread "Build operations" [_thread_blocked, id=11448, stack(0x0000000025530000,0x0000000025630000)]
  0x000000001bcc7800 JavaThread "Cache worker for Build Output Cleanup Cache (C:\Users\user\AndroidStudioProjects\ContactList\.gradle\buildOutputCleanup)" [_thread_blocked, id=2480, stack(0x0000000024dd0000,0x0000000024ed0000)]
  0x000000001bcc8000 JavaThread "Cache worker for file content cache (C:\Users\user\.gradle\caches\6.5\fileContent)" [_thread_blocked, id=208, stack(0x0000000023700000,0x0000000023800000)]
  0x000000001bccc000 JavaThread "Cache worker for execution history cache (C:\Users\user\.gradle\caches\6.5\executionHistory)" [_thread_blocked, id=10312, stack(0x0000000023600000,0x0000000023700000)]
  0x000000001bccc800 JavaThread "Cache worker for cache directory md-rule (C:\Users\user\.gradle\caches\6.5\md-rule)" [_thread_blocked, id=11472, stack(0x0000000023500000,0x0000000023600000)]
  0x00000000210cf800 JavaThread "Cache worker for cache directory md-supplier (C:\Users\user\.gradle\caches\6.5\md-supplier)" [_thread_blocked, id=7016, stack(0x0000000023400000,0x0000000023500000)]
  0x00000000210ce000 JavaThread "Cache worker for checksums cache (C:\Users\user\AndroidStudioProjects\ContactList\.gradle\checksums)" [_thread_blocked, id=5476, stack(0x0000000023300000,0x0000000023400000)]
  0x00000000210cf000 JavaThread "jar transforms Thread 25" [_thread_blocked, id=9104, stack(0x0000000023200000,0x0000000023300000)]
  0x00000000210cd800 JavaThread "jar transforms Thread 24" [_thread_blocked, id=8392, stack(0x0000000023100000,0x0000000023200000)]
  0x00000000210cc800 JavaThread "jar transforms Thread 23" [_thread_blocked, id=10408, stack(0x0000000023000000,0x0000000023100000)]
  0x00000000210cc000 JavaThread "jar transforms Thread 22" [_thread_blocked, id=10604, stack(0x0000000022f00000,0x0000000023000000)]
  0x00000000210c4800 JavaThread "jar transforms Thread 21" [_thread_blocked, id=1328, stack(0x0000000022e00000,0x0000000022f00000)]
  0x00000000210cb000 JavaThread "jar transforms Thread 20" [_thread_blocked, id=12088, stack(0x0000000022d00000,0x0000000022e00000)]
  0x00000000210ca800 JavaThread "jar transforms Thread 19" [_thread_blocked, id=4568, stack(0x0000000022c00000,0x0000000022d00000)]
  0x00000000210c9800 JavaThread "jar transforms Thread 18" [_thread_blocked, id=5968, stack(0x0000000022b00000,0x0000000022c00000)]
  0x00000000210c9000 JavaThread "jar transforms Thread 17" [_thread_blocked, id=6760, stack(0x0000000022a00000,0x0000000022b00000)]
  0x00000000210c8000 JavaThread "jar transforms Thread 16" [_thread_blocked, id=9432, stack(0x0000000022900000,0x0000000022a00000)]
  0x00000000210c6800 JavaThread "jar transforms Thread 15" [_thread_blocked, id=7116, stack(0x0000000022800000,0x0000000022900000)]
  0x00000000210c1800 JavaThread "jar transforms Thread 14" [_thread_blocked, id=11592, stack(0x0000000022700000,0x0000000022800000)]
  0x00000000210c0800 JavaThread "jar transforms Thread 13" [_thread_blocked, id=3384, stack(0x0000000022600000,0x0000000022700000)]
  0x00000000210c2000 JavaThread "jar transforms Thread 12" [_thread_blocked, id=3876, stack(0x0000000022500000,0x0000000022600000)]
  0x00000000210c6000 JavaThread "jar transforms Thread 11" [_thread_blocked, id=3312, stack(0x0000000022400000,0x0000000022500000)]
  0x00000000210c7800 JavaThread "jar transforms Thread 10" [_thread_blocked, id=3244, stack(0x0000000022300000,0x0000000022400000)]
  0x00000000210c3000 JavaThread "jar transforms Thread 9" [_thread_blocked, id=104, stack(0x0000000022200000,0x0000000022300000)]
  0x00000000210c5000 JavaThread "jar transforms Thread 8" [_thread_blocked, id=6396, stack(0x0000000022100000,0x0000000022200000)]
  0x000000001b4ff000 JavaThread "jar transforms Thread 7" [_thread_blocked, id=3936, stack(0x0000000022000000,0x0000000022100000)]
  0x000000001b4fe800 JavaThread "jar transforms Thread 6" [_thread_blocked, id=11308, stack(0x0000000021f00000,0x0000000022000000)]
  0x000000001b4fb800 JavaThread "jar transforms Thread 5" [_thread_blocked, id=7680, stack(0x0000000021e00000,0x0000000021f00000)]
  0x000000001b4fa800 JavaThread "jar transforms Thread 4" [_thread_blocked, id=9052, stack(0x0000000021d00000,0x0000000021e00000)]
  0x000000001b4fd000 JavaThread "jar transforms Thread 3" [_thread_blocked, id=11036, stack(0x0000000021c00000,0x0000000021d00000)]
  0x000000001b501800 JavaThread "jar transforms Thread 2" [_thread_blocked, id=10924, stack(0x0000000021b00000,0x0000000021c00000)]
  0x000000001b500800 JavaThread "jar transforms" [_thread_blocked, id=11216, stack(0x00000000206d0000,0x00000000207d0000)]
  0x000000001b500000 JavaThread "Cache worker for file hash cache (C:\Users\user\AndroidStudioProjects\ContactList\.gradle\6.5\fileHashes)" [_thread_blocked, id=8812, stack(0x00000000205d0000,0x00000000206d0000)]
  0x000000001b4fc000 JavaThread "Cache worker for file hash cache (C:\Users\user\.gradle\caches\6.5\fileHashes)" [_thread_blocked, id=7604, stack(0x000000001d9d0000,0x000000001dad0000)]
  0x000000001b4fd800 JavaThread "File lock request listener" [_thread_in_native, id=3452, stack(0x000000001d8d0000,0x000000001d9d0000)]
  0x000000001b370000 JavaThread "Cache worker for journal cache (C:\Users\user\.gradle\caches\journal-1)" [_thread_blocked, id=8716, stack(0x000000001d6d0000,0x000000001d7d0000)]
  0x000000001b31c800 JavaThread "Thread-9" [_thread_blocked, id=7456, stack(0x000000001d3d0000,0x000000001d4d0000)]
  0x000000001b2e0000 JavaThread "Stdin handler" [_thread_blocked, id=8636, stack(0x000000001d2d0000,0x000000001d3d0000)]
  0x000000001b2df800 JavaThread "Asynchronous log dispatcher for DefaultDaemonConnection: socket connection from /127.0.0.1:52573 to /127.0.0.1:52574" [_thread_blocked, id=7156, stack(0x000000001d1d0000,0x000000001d2d0000)]
  0x000000001b2f3000 JavaThread "Daemon worker" [_thread_in_vm, id=852, stack(0x000000001d0d0000,0x000000001d1d0000)]
  0x000000001b2da800 JavaThread "Cancel handler" [_thread_blocked, id=4768, stack(0x000000001cfd0000,0x000000001d0d0000)]
  0x000000001a3ca800 JavaThread "Handler for socket connection from /127.0.0.1:52573 to /127.0.0.1:52574" [_thread_in_native, id=9044, stack(0x000000001ced0000,0x000000001cfd0000)]
  0x000000001b286800 JavaThread "Daemon" [_thread_blocked, id=10836, stack(0x000000001cbd0000,0x000000001ccd0000)]
  0x000000001b273000 JavaThread "Daemon periodic checks" [_thread_blocked, id=3220, stack(0x000000001cad0000,0x000000001cbd0000)]
  0x000000001b271000 JavaThread "Incoming local TCP Connector on port 52573" [_thread_in_native, id=11020, stack(0x000000001c890000,0x000000001c990000)]
  0x0000000019a4b800 JavaThread "Daemon health stats" [_thread_blocked, id=7108, stack(0x000000001c350000,0x000000001c450000)]
  0x0000000017abe800 JavaThread "Service Thread" daemon [_thread_blocked, id=11872, stack(0x00000000197b0000,0x00000000198b0000)]
  0x0000000017a7d800 JavaThread "C1 CompilerThread2" daemon [_thread_in_vm, id=10052, stack(0x00000000192b0000,0x00000000193b0000)]
  0x0000000017a6b000 JavaThread "C2 CompilerThread1" daemon [_thread_blocked, id=6244, stack(0x00000000191b0000,0x00000000192b0000)]
=>0x0000000017a68800 JavaThread "C2 CompilerThread0" daemon [_thread_in_native, id=7376, stack(0x00000000190b0000,0x00000000191b0000)]
  0x0000000017a66000 JavaThread "Attach Listener" daemon [_thread_blocked, id=10484, stack(0x0000000018fb0000,0x00000000190b0000)]
  0x0000000017a63000 JavaThread "Signal Dispatcher" daemon [_thread_blocked, id=8856, stack(0x0000000018eb0000,0x0000000018fb0000)]
  0x0000000002e3b800 JavaThread "Finalizer" daemon [_thread_blocked, id=9212, stack(0x0000000018cb0000,0x0000000018db0000)]
  0x0000000017a49000 JavaThread "Reference Handler" daemon [_thread_blocked, id=3320, stack(0x0000000018bb0000,0x0000000018cb0000)]
  0x0000000002b4e000 JavaThread "main" [_thread_blocked, id=6400, stack(0x0000000002c40000,0x0000000002d40000)]

Other Threads:
  0x0000000017a26800 VMThread [stack: 0x0000000018ab0000,0x0000000018bb0000] [id=10332]
  0x00000000193ea800 WatcherThread [stack: 0x00000000198b0000,0x00000000199b0000] [id=10512]

VM state:not at safepoint (normal execution)

VM Mutex/Monitor currently owned by a thread: None

heap address: 0x0000000080000000, size: 2048 MB, Compressed Oops mode: 32-bit
Narrow klass base: 0x0000000000000000, Narrow klass shift: 3
Compressed class space size: 1073741824 Address: 0x0000000100000000

Heap:
 PSYoungGen      total 157184K, used 29122K [0x00000000d5580000, 0x00000000e2b80000, 0x0000000100000000)
  eden space 144384K, 11% used [0x00000000d5580000,0x00000000d65745d8,0x00000000de280000)
  from space 12800K, 99% used [0x00000000de280000,0x00000000deefc440,0x00000000def00000)
  to   space 18432K, 0% used [0x00000000e1980000,0x00000000e1980000,0x00000000e2b80000)
 ParOldGen       total 84480K, used 30835K [0x0000000080000000, 0x0000000085280000, 0x00000000d5580000)
  object space 84480K, 36% used [0x0000000080000000,0x0000000081e1cc90,0x0000000085280000)
 Metaspace       used 54167K, capacity 56346K, committed 56576K, reserved 1097728K
  class space    used 7149K, capacity 7605K, committed 7680K, reserved 1048576K

Card table byte_map: [0x0000000012200000,0x0000000012610000] byte_map_base: 0x0000000011e00000

Marking Bits: (ParMarkBitMap*) 0x00000000601ff030
 Begin Bits: [0x0000000012cc0000, 0x0000000014cc0000)
 End Bits:   [0x0000000014cc0000, 0x0000000016cc0000)

Polling page: 0x0000000002b30000

CodeCache: size=245760Kb used=15428Kb max_used=15428Kb free=230331Kb
 bounds [0x0000000002e40000, 0x0000000003d60000, 0x0000000011e40000]
 total_blobs=5470 nmethods=4682 adapters=699
 compilation: enabled

Compilation events (10 events):
Event: 8.214 Thread 0x0000000017a7d800 nmethod 5078 0x0000000003d38ed0 code [0x0000000003d39020, 0x0000000003d39130]
Event: 8.214 Thread 0x0000000017a7d800 5072       3       com.sun.org.apache.xerces.internal.dom.AttrImpl::getValue (176 bytes)
Event: 8.214 Thread 0x0000000017a6b000 5080       4       com.sun.org.apache.xerces.internal.dom.DeferredDocumentImpl::clearChunkValue (69 bytes)
Event: 8.215 Thread 0x0000000017a7d800 nmethod 5072 0x0000000003d44450 code [0x0000000003d44740, 0x0000000003d46638]
Event: 8.215 Thread 0x0000000017a7d800 5038       1       com.sun.org.apache.xerces.internal.dom.AttrImpl::getNodeType (2 bytes)
Event: 8.215 Thread 0x0000000017a7d800 nmethod 5038 0x0000000003d38b50 code [0x0000000003d38ca0, 0x0000000003d38db0]
Event: 8.215 Thread 0x0000000017a7d800 5061       3       com.sun.org.apache.xerces.internal.dom.AttributeMap::setNamedItem (314 bytes)
Event: 8.216 Thread 0x0000000017a6b000 nmethod 5080 0x0000000003d48850 code [0x0000000003d489a0, 0x0000000003d48b98]
Event: 8.216 Thread 0x0000000017a6b000 5081       4       com.sun.org.apache.xerces.internal.dom.NodeImpl::isOwned (16 bytes)
Event: 8.216 Thread 0x0000000017a6b000 nmethod 5081 0x0000000003cfdb10 code [0x0000000003cfdc40, 0x0000000003cfdcb8]

GC Heap History (10 events):
Event: 3.816 GC heap before
{Heap before GC invocations=9 (full 1):
 PSYoungGen      total 72704K, used 61952K [0x00000000d5580000, 0x00000000de280000, 0x0000000100000000)
  eden space 61952K, 100% used [0x00000000d5580000,0x00000000d9200000,0x00000000d9200000)
  from space 10752K, 0% used [0x00000000d9200000,0x00000000d9200000,0x00000000d9c80000)
  to   space 10240K, 0% used [0x00000000dd880000,0x00000000dd880000,0x00000000de280000)
 ParOldGen       total 52224K, used 7446K [0x0000000080000000, 0x0000000083300000, 0x00000000d5580000)
  object space 52224K, 14% used [0x0000000080000000,0x0000000080745b58,0x0000000083300000)
 Metaspace       used 25151K, capacity 26176K, committed 26496K, reserved 1071104K
  class space    used 3605K, capacity 3855K, committed 3968K, reserved 1048576K
Event: 3.822 GC heap after
Heap after GC invocations=9 (full 1):
 PSYoungGen      total 110592K, used 6277K [0x00000000d5580000, 0x00000000ddf00000, 0x0000000100000000)
  eden space 103936K, 0% used [0x00000000d5580000,0x00000000d5580000,0x00000000dbb00000)
  from space 6656K, 94% used [0x00000000dd880000,0x00000000ddea1758,0x00000000ddf00000)
  to   space 10240K, 0% used [0x00000000dcb00000,0x00000000dcb00000,0x00000000dd500000)
 ParOldGen       total 52224K, used 7454K [0x0000000080000000, 0x0000000083300000, 0x00000000d5580000)
  object space 52224K, 14% used [0x0000000080000000,0x0000000080747b58,0x0000000083300000)
 Metaspace       used 25151K, capacity 26176K, committed 26496K, reserved 1071104K
  class space    used 3605K, capacity 3855K, committed 3968K, reserved 1048576K
}
Event: 4.984 GC heap before
{Heap before GC invocations=10 (full 1):
 PSYoungGen      total 110592K, used 104202K [0x00000000d5580000, 0x00000000ddf00000, 0x0000000100000000)
  eden space 103936K, 94% used [0x00000000d5580000,0x00000000db521190,0x00000000dbb00000)
  from space 6656K, 94% used [0x00000000dd880000,0x00000000ddea1758,0x00000000ddf00000)
  to   space 10240K, 0% used [0x00000000dcb00000,0x00000000dcb00000,0x00000000dd500000)
 ParOldGen       total 52224K, used 7454K [0x0000000080000000, 0x0000000083300000, 0x00000000d5580000)
  object space 52224K, 14% used [0x0000000080000000,0x0000000080747b58,0x0000000083300000)
 Metaspace       used 34053K, capacity 35388K, committed 35456K, reserved 1079296K
  class space    used 4608K, capacity 4977K, committed 4992K, reserved 1048576K
Event: 5.011 GC heap after
Heap after GC invocations=10 (full 1):
 PSYoungGen      total 130560K, used 10216K [0x00000000d5580000, 0x00000000dfb00000, 0x0000000100000000)
  eden space 120320K, 0% used [0x00000000d5580000,0x00000000d5580000,0x00000000dcb00000)
  from space 10240K, 99% used [0x00000000dcb00000,0x00000000dd4fa010,0x00000000dd500000)
  to   space 12288K, 0% used [0x00000000def00000,0x00000000def00000,0x00000000dfb00000)
 ParOldGen       total 52224K, used 10141K [0x0000000080000000, 0x0000000083300000, 0x00000000d5580000)
  object space 52224K, 19% used [0x0000000080000000,0x00000000809e7400,0x0000000083300000)
 Metaspace       used 34053K, capacity 35388K, committed 35456K, reserved 1079296K
  class space    used 4608K, capacity 4977K, committed 4992K, reserved 1048576K
}
Event: 5.011 GC heap before
{Heap before GC invocations=11 (full 2):
 PSYoungGen      total 130560K, used 10216K [0x00000000d5580000, 0x00000000dfb00000, 0x0000000100000000)
  eden space 120320K, 0% used [0x00000000d5580000,0x00000000d5580000,0x00000000dcb00000)
  from space 10240K, 99% used [0x00000000dcb00000,0x00000000dd4fa010,0x00000000dd500000)
  to   space 12288K, 0% used [0x00000000def00000,0x00000000def00000,0x00000000dfb00000)
 ParOldGen       total 52224K, used 10141K [0x0000000080000000, 0x0000000083300000, 0x00000000d5580000)
  object space 52224K, 19% used [0x0000000080000000,0x00000000809e7400,0x0000000083300000)
 Metaspace       used 34053K, capacity 35388K, committed 35456K, reserved 1079296K
  class space    used 4608K, capacity 4977K, committed 4992K, reserved 1048576K
Event: 5.106 GC heap after
Heap after GC invocations=11 (full 2):
 PSYoungGen      total 130560K, used 0K [0x00000000d5580000, 0x00000000dfb00000, 0x0000000100000000)
  eden space 120320K, 0% used [0x00000000d5580000,0x00000000d5580000,0x00000000dcb00000)
  from space 10240K, 0% used [0x00000000dcb00000,0x00000000dcb00000,0x00000000dd500000)
  to   space 12288K, 0% used [0x00000000def00000,0x00000000def00000,0x00000000dfb00000)
 ParOldGen       total 84480K, used 19630K [0x0000000080000000, 0x0000000085280000, 0x00000000d5580000)
  object space 84480K, 23% used [0x0000000080000000,0x000000008132bba0,0x0000000085280000)
 Metaspace       used 34053K, capacity 35388K, committed 35456K, reserved 1079296K
  class space    used 4608K, capacity 4977K, committed 4992K, reserved 1048576K
}
Event: 6.261 GC heap before
{Heap before GC invocations=12 (full 2):
 PSYoungGen      total 130560K, used 120320K [0x00000000d5580000, 0x00000000dfb00000, 0x0000000100000000)
  eden space 120320K, 100% used [0x00000000d5580000,0x00000000dcb00000,0x00000000dcb00000)
  from space 10240K, 0% used [0x00000000dcb00000,0x00000000dcb00000,0x00000000dd500000)
  to   space 12288K, 0% used [0x00000000def00000,0x00000000def00000,0x00000000dfb00000)
 ParOldGen       total 84480K, used 19630K [0x0000000080000000, 0x0000000085280000, 0x00000000d5580000)
  object space 84480K, 23% used [0x0000000080000000,0x000000008132bba0,0x0000000085280000)
 Metaspace       used 38372K, capacity 40206K, committed 40320K, reserved 1083392K
  class space    used 5276K, capacity 5662K, committed 5760K, reserved 1048576K
Event: 6.275 GC heap after
Heap after GC invocations=12 (full 2):
 PSYoungGen      total 156672K, used 9351K [0x00000000d5580000, 0x00000000e0500000, 0x0000000100000000)
  eden space 144384K, 0% used [0x00000000d5580000,0x00000000d5580000,0x00000000de280000)
  from space 12288K, 76% used [0x00000000def00000,0x00000000df821c30,0x00000000dfb00000)
  to   space 12800K, 0% used [0x00000000de280000,0x00000000de280000,0x00000000def00000)
 ParOldGen       total 84480K, used 19638K [0x0000000080000000, 0x0000000085280000, 0x00000000d5580000)
  object space 84480K, 23% used [0x0000000080000000,0x000000008132dba0,0x0000000085280000)
 Metaspace       used 38372K, capacity 40206K, committed 40320K, reserved 1083392K
  class space    used 5276K, capacity 5662K, committed 5760K, reserved 1048576K
}
Event: 7.947 GC heap before
{Heap before GC invocations=13 (full 2):
 PSYoungGen      total 156672K, used 153264K [0x00000000d5580000, 0x00000000e0500000, 0x0000000100000000)
  eden space 144384K, 99% used [0x00000000d5580000,0x00000000de20a540,0x00000000de280000)
  from space 12288K, 76% used [0x00000000def00000,0x00000000df821c30,0x00000000dfb00000)
  to   space 12800K, 0% used [0x00000000de280000,0x00000000de280000,0x00000000def00000)
 ParOldGen       total 84480K, used 19638K [0x0000000080000000, 0x0000000085280000, 0x00000000d5580000)
  object space 84480K, 23% used [0x0000000080000000,0x000000008132dba0,0x0000000085280000)
 Metaspace       used 51921K, capacity 54104K, committed 54272K, reserved 1095680K
  class space    used 6917K, capacity 7368K, committed 7424K, reserved 1048576K
Event: 7.972 GC heap after
Heap after GC invocations=13 (full 2):
 PSYoungGen      total 157184K, used 12785K [0x00000000d5580000, 0x00000000e2b80000, 0x0000000100000000)
  eden space 144384K, 0% used [0x00000000d5580000,0x00000000d5580000,0x00000000de280000)
  from space 12800K, 99% used [0x00000000de280000,0x00000000deefc440,0x00000000def00000)
  to   space 18432K, 0% used [0x00000000e1980000,0x00000000e1980000,0x00000000e2b80000)
 ParOldGen       total 84480K, used 30835K [0x0000000080000000, 0x0000000085280000, 0x00000000d5580000)
  object space 84480K, 36% used [0x0000000080000000,0x0000000081e1cc90,0x0000000085280000)
 Metaspace       used 51921K, capacity 54104K, committed 54272K, reserved 1095680K
  class space    used 6917K, capacity 7368K, committed 7424K, reserved 1048576K
}

Deoptimization events (10 events):
Event: 7.556 Thread 0x000000001b2f3000 Uncommon trap: reason=unstable_if action=reinterpret pc=0x0000000003421f88 method=java.security.CodeSource.matchCerts(Ljava/security/CodeSource;Z)Z @ 11
Event: 7.556 Thread 0x000000001b2f3000 Uncommon trap: reason=unstable_if action=reinterpret pc=0x00000000033d8228 method=java.lang.ClassLoader.compareCerts([Ljava/security/cert/Certificate;[Ljava/security/cert/Certificate;)Z @ 1
Event: 7.574 Thread 0x000000001b2f3000 Uncommon trap: reason=unstable_if action=reinterpret pc=0x00000000031893f8 method=java.util.LinkedHashMap.get(Ljava/lang/Object;)Ljava/lang/Object; @ 20
Event: 7.624 Thread 0x000000001b2f3000 Uncommon trap: reason=unstable_if action=reinterpret pc=0x00000000035ecb5c method=java.util.ArrayDeque.addLast(Ljava/lang/Object;)V @ 45
Event: 7.688 Thread 0x000000001b2f3000 Uncommon trap: reason=bimorphic action=maybe_recompile pc=0x0000000003b2bc08 method=java.util.regex.Pattern$CharProperty.match(Ljava/util/regex/Matcher;ILjava/lang/CharSequence;)Z @ 18
Event: 7.688 Thread 0x000000001b2f3000 Uncommon trap: reason=bimorphic action=maybe_recompile pc=0x0000000003b2bc08 method=java.util.regex.Pattern$CharProperty.match(Ljava/util/regex/Matcher;ILjava/lang/CharSequence;)Z @ 18
Event: 7.688 Thread 0x000000001b2f3000 Uncommon trap: reason=bimorphic action=maybe_recompile pc=0x0000000003b2bc08 method=java.util.regex.Pattern$CharProperty.match(Ljava/util/regex/Matcher;ILjava/lang/CharSequence;)Z @ 18
Event: 7.704 Thread 0x000000001b2f3000 Uncommon trap: reason=bimorphic action=maybe_recompile pc=0x0000000003b2bc08 method=java.util.regex.Pattern$CharProperty.match(Ljava/util/regex/Matcher;ILjava/lang/CharSequence;)Z @ 18
Event: 7.852 Thread 0x000000001b2f3000 Uncommon trap: reason=unstable_if action=reinterpret pc=0x0000000003396930 method=org.gradle.internal.reflect.PropertyAccessorType.of(Ljava/lang/reflect/Method;)Lorg/gradle/internal/reflect/PropertyAccessorType; @ 56
Event: 8.191 Thread 0x000000001b2f3000 Uncommon trap: reason=unstable_if action=reinterpret pc=0x0000000003d0d0b4 method=com.sun.org.apache.xerces.internal.impl.XMLEntityScanner.checkBeforeLoad(Lcom/sun/xml/internal/stream/Entity$ScannedEntity;II)I @ 18

Classes redefined (0 events):
No events

Internal exceptions (10 events):
Event: 6.411 Thread 0x000000001b2f3000 Exception <a 'java/lang/ClassNotFoundException': org/gradle/api/internal/AbstractTaskBeanInfo> (0x00000000d63076a8) thrown at [C:\src\AOSP-openjdk-git\hotspot\src\share\vm\classfile\systemDictionary.cpp, line 210]
Event: 6.412 Thread 0x000000001b2f3000 Exception <a 'java/lang/ClassNotFoundException': org/gradle/api/internal/AbstractTaskCustomizer> (0x00000000d633d190) thrown at [C:\src\AOSP-openjdk-git\hotspot\src\share\vm\classfile\systemDictionary.cpp, line 210]
Event: 6.415 Thread 0x000000001b2f3000 Exception <a 'java/lang/ClassNotFoundException': org/gradle/api/DefaultTaskCustomizer> (0x00000000d63d2290) thrown at [C:\src\AOSP-openjdk-git\hotspot\src\share\vm\classfile\systemDictionary.cpp, line 210]
Event: 6.417 Thread 0x000000001b2f3000 Exception <a 'java/lang/ClassNotFoundException': org/gradle/api/internal/ConventionTaskCustomizer> (0x00000000d64199d0) thrown at [C:\src\AOSP-openjdk-git\hotspot\src\share\vm\classfile\systemDictionary.cpp, line 210]
Event: 6.418 Thread 0x000000001b2f3000 Exception <a 'java/lang/ClassNotFoundException': org/gradle/api/tasks/DeleteCustomizer> (0x00000000d645d650) thrown at [C:\src\AOSP-openjdk-git\hotspot\src\share\vm\classfile\systemDictionary.cpp, line 210]
Event: 6.420 Thread 0x000000001b2f3000 Exception <a 'java/lang/ClassNotFoundException': org/gradle/api/tasks/Delete_DecoratedCustomizer> (0x00000000d64aeed8) thrown at [C:\src\AOSP-openjdk-git\hotspot\src\share\vm\classfile\systemDictionary.cpp, line 210]
Event: 6.794 Thread 0x000000001b2f3000 Exception <a 'java/lang/ClassNotFoundException': build_f3blrim6jrxlvsz3oblz9funjBeanInfo> (0x00000000d777d428) thrown at [C:\src\AOSP-openjdk-git\hotspot\src\share\vm\classfile\systemDictionary.cpp, line 210]
Event: 6.794 Thread 0x000000001b2f3000 Exception <a 'java/lang/ClassNotFoundException': build_f3blrim6jrxlvsz3oblz9funjCustomizer> (0x00000000d7789068) thrown at [C:\src\AOSP-openjdk-git\hotspot\src\share\vm\classfile\systemDictionary.cpp, line 210]
Event: 6.802 Thread 0x000000001b2f3000 Exception <a 'java/lang/ClassNotFoundException': org/gradle/plugin/use/internal/PluginRequestCollector$PluginDependenciesSpecImplBeanInfo> (0x00000000d782d928) thrown at [C:\src\AOSP-openjdk-git\hotspot\src\share\vm\classfile\systemDictionary.cpp, line 21
Event: 6.803 Thread 0x000000001b2f3000 Exception <a 'java/lang/ClassNotFoundException': org/gradle/plugin/use/internal/PluginRequestCollector$PluginDependenciesSpecImplCustomizer> (0x00000000d786d868) thrown at [C:\src\AOSP-openjdk-git\hotspot\src\share\vm\classfile\systemDictionary.cpp, line 

Events (10 events):
Event: 8.199 loading class com/sun/org/apache/xerces/internal/dom/AttributeMap
Event: 8.199 loading class com/sun/org/apache/xerces/internal/dom/NamedNodeMapImpl
Event: 8.199 loading class com/sun/org/apache/xerces/internal/dom/NamedNodeMapImpl done
Event: 8.199 loading class com/sun/org/apache/xerces/internal/dom/AttributeMap done
Event: 8.199 loading class com/sun/org/apache/xerces/internal/dom/DeferredAttrImpl
Event: 8.199 loading class com/sun/org/apache/xerces/internal/dom/AttrImpl
Event: 8.200 loading class com/sun/org/apache/xerces/internal/dom/AttrImpl done
Event: 8.200 loading class com/sun/org/apache/xerces/internal/dom/DeferredAttrImpl done
Event: 8.216 loading class com/google/common/collect/Ordering
Event: 8.216 loading class com/google/common/collect/Ordering done


Dynamic libraries:
0x00007ff725200000 - 0x00007ff725231000 	C:\Program Files\Android\Android Studio\jre\bin\java.exe
0x00007ffe4bc40000 - 0x00007ffe4be21000 	C:\Windows\SYSTEM32\ntdll.dll
0x00007ffe4b5b0000 - 0x00007ffe4b662000 	C:\Windows\System32\KERNEL32.DLL
0x00007ffe48850000 - 0x00007ffe48ac3000 	C:\Windows\System32\KERNELBASE.dll
0x00007ffe4b670000 - 0x00007ffe4b711000 	C:\Windows\System32\ADVAPI32.dll
0x00007ffe4b730000 - 0x00007ffe4b7ce000 	C:\Windows\System32\msvcrt.dll
0x00007ffe4b2c0000 - 0x00007ffe4b31b000 	C:\Windows\System32\sechost.dll
0x00007ffe4bae0000 - 0x00007ffe4bc04000 	C:\Windows\System32\RPCRT4.dll
0x00007ffe4b0d0000 - 0x00007ffe4b260000 	C:\Windows\System32\USER32.dll
0x00007ffe48f10000 - 0x00007ffe48f30000 	C:\Windows\System32\win32u.dll
0x00007ffe4b580000 - 0x00007ffe4b5a8000 	C:\Windows\System32\GDI32.dll
0x00007ffe48f30000 - 0x00007ffe490c2000 	C:\Windows\System32\gdi32full.dll
0x00007ffe48e20000 - 0x00007ffe48ebf000 	C:\Windows\System32\msvcp_win.dll
0x00007ffe48d20000 - 0x00007ffe48e1a000 	C:\Windows\System32\ucrtbase.dll
0x00007ffe38ac0000 - 0x00007ffe38d29000 	C:\Windows\WinSxS\amd64_microsoft.windows.common-controls_6595b64144ccf1df_6.0.17134.112_none_fb3f961b30681c12\COMCTL32.dll
0x00007ffe4a6d0000 - 0x00007ffe4a9f3000 	C:\Windows\System32\combase.dll
0x00007ffe48010000 - 0x00007ffe4808a000 	C:\Windows\System32\bcryptPrimitives.dll
0x00007ffe491b0000 - 0x00007ffe491dd000 	C:\Windows\System32\IMM32.DLL
0x000000005f950000 - 0x000000005fa22000 	C:\Program Files\Android\Android Studio\jre\jre\bin\msvcr100.dll
0x000000005fa30000 - 0x000000006027b000 	C:\Program Files\Android\Android Studio\jre\jre\bin\server\jvm.dll
0x00007ffe4b720000 - 0x00007ffe4b728000 	C:\Windows\System32\PSAPI.DLL
0x00007ffe35090000 - 0x00007ffe3509a000 	C:\Windows\SYSTEM32\VERSION.dll
0x00007ffe435b0000 - 0x00007ffe435d3000 	C:\Windows\SYSTEM32\WINMM.dll
0x00007ffe43580000 - 0x00007ffe435aa000 	C:\Windows\SYSTEM32\WINMMBASE.dll
0x00007ffe48ec0000 - 0x00007ffe48f09000 	C:\Windows\System32\cfgmgr32.dll
0x00007ffe341c0000 - 0x00007ffe341c9000 	C:\Windows\SYSTEM32\WSOCK32.dll
0x0000000002b50000 - 0x0000000002bbc000 	C:\Windows\System32\ws2_32.DLL
0x00007ffe444e0000 - 0x00007ffe444ef000 	C:\Program Files\Android\Android Studio\jre\jre\bin\verify.dll
0x00007ffe42530000 - 0x00007ffe42559000 	C:\Program Files\Android\Android Studio\jre\jre\bin\java.dll
0x00007ffe42dd0000 - 0x00007ffe42de6000 	C:\Program Files\Android\Android Studio\jre\jre\bin\zip.dll
0x00007ffe491e0000 - 0x00007ffe4a620000 	C:\Windows\System32\SHELL32.dll
0x00007ffe4a620000 - 0x00007ffe4a6c9000 	C:\Windows\System32\shcore.dll
0x00007ffe48140000 - 0x00007ffe4884d000 	C:\Windows\System32\windows.storage.dll
0x00007ffe4b520000 - 0x00007ffe4b571000 	C:\Windows\System32\shlwapi.dll
0x00007ffe47fa0000 - 0x00007ffe47fb1000 	C:\Windows\System32\kernel.appcore.dll
0x00007ffe47f60000 - 0x00007ffe47f7f000 	C:\Windows\System32\profapi.dll
0x00007ffe47fc0000 - 0x00007ffe4800c000 	C:\Windows\System32\powrprof.dll
0x00007ffe47f50000 - 0x00007ffe47f5a000 	C:\Windows\System32\FLTLIB.DLL
0x00007ffe42470000 - 0x00007ffe4248a000 	C:\Program Files\Android\Android Studio\jre\jre\bin\net.dll
0x00007ffe477d0000 - 0x00007ffe47836000 	C:\Windows\system32\mswsock.dll
0x00007ffe42370000 - 0x00007ffe42383000 	C:\Program Files\Android\Android Studio\jre\jre\bin\nio.dll
0x00007ffe395c0000 - 0x00007ffe395e7000 	C:\Users\user\.gradle\native\f6784746aeab05261644944871eae4fe03e0ef1612fff0a4a95f87b438bc6780\windows-amd64\native-platform.dll
0x00007ffe424a0000 - 0x00007ffe424ad000 	C:\Program Files\Android\Android Studio\jre\jre\bin\management.dll
0x00007ffe47980000 - 0x00007ffe47997000 	C:\Windows\SYSTEM32\CRYPTSP.dll
0x00007ffe473b0000 - 0x00007ffe473e3000 	C:\Windows\system32\rsaenh.dll
0x00007ffe47ab0000 - 0x00007ffe47ad5000 	C:\Windows\SYSTEM32\bcrypt.dll
0x00007ffe47e50000 - 0x00007ffe47e78000 	C:\Windows\SYSTEM32\USERENV.dll
0x00007ffe479a0000 - 0x00007ffe479ab000 	C:\Windows\SYSTEM32\CRYPTBASE.dll
0x00007ffe47550000 - 0x00007ffe47588000 	C:\Windows\SYSTEM32\IPHLPAPI.DLL
0x00007ffe4b0c0000 - 0x00007ffe4b0c8000 	C:\Windows\System32\NSI.dll
0x00007ffe3d0e0000 - 0x00007ffe3d0f6000 	C:\Windows\SYSTEM32\dhcpcsvc6.DLL
0x00007ffe3f0d0000 - 0x00007ffe3f0ea000 	C:\Windows\SYSTEM32\dhcpcsvc.DLL
0x00007ffe3f060000 - 0x00007ffe3f06b000 	C:\Windows\SYSTEM32\WINNSI.DLL

VM Arguments:
jvm_args: -Xmx2048m -Dfile.encoding=UTF-8 -Duser.country=US -Duser.language=en -Duser.variant 
java_command: org.gradle.launcher.daemon.bootstrap.GradleDaemon 6.5
java_class_path (initial): C:\Users\user\.gradle\wrapper\dists\gradle-6.5-bin\6nifqtx7604sqp1q6g8wikw7p\gradle-6.5\lib\gradle-launcher-6.5.jar
Launcher Type: SUN_STANDARD

Environment Variables:
PATH=C:\Program Files (x86)\Common Files\Oracle\Java\javapath;C:\ProgramData\Oracle\Java\javapath;C:\Windows\system32;C:\Windows;C:\Windows\System32\Wbem;C:\Windows\System32\WindowsPowerShell\v1.0\;C:\Windows\System32\OpenSSH\;C:\Program Files\Microsoft\Web Platform Installer\;C:\Program Files (x86)\Microsoft ASP.NET\ASP.NET Web Pages\v1.0\;C:\Program Files\Microsoft SQL Server\110\Tools\Binn\;c:\Program Files (x86)\Microsoft SQL Server\100\Tools\Binn\;c:\Program Files\Microsoft SQL Server\100\Tools\Binn\;c:\Program Files\Microsoft SQL Server\100\DTS\Binn\;C:\Program Files\Java\jre1.8.0_271\bin;C:\Program Files\Git\cmd;C:\Program Files\nodejs\;C:\Users\user\AppData\Local\Programs\Python\Python38\Scripts\;C:\Users\user\AppData\Local\Programs\Python\Python38\;C:\Users\user\AppData\Local\Microsoft\WindowsApps;C:\Program Files\JetBrains\PyCharm Community Edition 2019.2.5\bin;C:\source\flutter\flutter\bin;C:\Program Files\heroku\bin;C:\Program Files (x86)\Common Files\Java;C:\Users\user\IntelliJ IDEA Community Edition 2020.2.3\bin;C:\Users\user\AppData\Local\Programs\Microsoft VS Code\bin;C:\Users\user\AppData\Roaming\npm;C:\Users\user\AppData\Local\hyper\app-3.0.2\resources\bin;C:\MinGW\bin;
USERNAME=Osemudiamen-Itua
OS=Windows_NT
PROCESSOR_IDENTIFIER=Intel64 Family 6 Model 61 Stepping 4, GenuineIntel



---------------  S Y S T E M  ---------------

OS: Windows 10.0 , 64 bit Build 17134 (10.0.17134.1)

CPU:total 4 (initial active 4) (2 cores per cpu, 2 threads per core) family 6 model 61 stepping 4, cmov, cx8, fxsr, mmx, sse, sse2, sse3, ssse3, sse4.1, sse4.2, popcnt, avx, avx2, aes, clmul, erms, rtm, 3dnowpref, lzcnt, ht, tsc, tscinvbit, bmi1, bmi2, adx

Memory: 4k page, physical 8077532k(1014296k free), swap 8077532k(6032k free)

vm_info: OpenJDK 64-Bit Server VM (25.242-b01) for windows-amd64 JRE (1.8.0_242-release-1644-b01), built by "builder" with MS VC++ 10.0 (VS2010)

time: Wed May 19 16:11:37 2021
timezone: W. Central Africa Standard Time
elapsed time: 8 seconds (0d 0h 0m 8s)

